2016-12-28T22:07:47+05:30 [24992] INFO  : MANAGE TEST 29  C:\wamp64\www\assessment\php\manageExams.php  , SQL to get JSON String of Exam with name : 'SELECT qstn_id,category,module,mark FROM `assessment`.`exam_qstn` where exam_id='1' order by category,module,qstn_id'
2016-12-28T22:07:47+05:30 [24992] INFO  : MANAGE TEST 409  C:\wamp64\www\assessment\php\manageExams.php  , SQL to get Question Count for each category : 'SELECT category , count(category) as no_of_qstns FROM `assessment`.`exam_qstn` where exam_id='1' group by category'
2016-12-28T22:07:47+05:30 [24992] INFO  : MANAGE CATEGORY 196  C:\wamp64\www\assessment\php\manageCategory.php  , SQL to get Category Id : 'SELECT category FROM `assessment`.`subject_category` where id='1''
2016-12-28T22:07:47+05:30 [24992] INFO  : MANAGE CATEGORY 219  C:\wamp64\www\assessment\php\manageCategory.php  , SQL to get Module Id : 'SELECT module FROM `assessment`.`subject_category_module` where id='1''
2016-12-28T22:07:47+05:30 [24992] INFO  : MANAGE TEST 426  C:\wamp64\www\assessment\php\manageExams.php , Get No of Qsnts for category: '1
2016-12-28T22:07:47+05:30 [24992] INFO  : MANAGE TEST 370  C:\wamp64\www\assessment\php\manageExams.php  , SQL to get Question Detail : 'SELECT * FROM `assessment`.`question` where id='230''
2016-12-28T22:07:47+05:30 [24992] INFO  : MANAGE TEST 370  C:\wamp64\www\assessment\php\manageExams.php  , SQL to get Question Detail : 'SELECT * FROM `assessment`.`question` where id='31''
2016-12-28T22:07:47+05:30 [24992] INFO  : MANAGE TEST 370  C:\wamp64\www\assessment\php\manageExams.php  , SQL to get Question Detail : 'SELECT * FROM `assessment`.`question` where id='32''
2016-12-28T22:07:47+05:30 [24992] INFO  : MANAGE TEST 370  C:\wamp64\www\assessment\php\manageExams.php  , SQL to get Question Detail : 'SELECT * FROM `assessment`.`question` where id='37''
2016-12-28T22:07:47+05:30 [24992] INFO  : MANAGE TEST 370  C:\wamp64\www\assessment\php\manageExams.php  , SQL to get Question Detail : 'SELECT * FROM `assessment`.`question` where id='39''
2016-12-28T22:07:47+05:30 [24992] INFO  : MANAGE TEST 370  C:\wamp64\www\assessment\php\manageExams.php  , SQL to get Question Detail : 'SELECT * FROM `assessment`.`question` where id='41''
2016-12-28T22:07:47+05:30 [24992] INFO  : MANAGE CATEGORY 196  C:\wamp64\www\assessment\php\manageCategory.php  , SQL to get Category Id : 'SELECT category FROM `assessment`.`subject_category` where id='2''
2016-12-28T22:07:47+05:30 [24992] INFO  : MANAGE TEST 426  C:\wamp64\www\assessment\php\manageExams.php , Get No of Qsnts for category: '2
2016-12-28T22:07:47+05:30 [24992] INFO  : MANAGE TEST 370  C:\wamp64\www\assessment\php\manageExams.php  , SQL to get Question Detail : 'SELECT * FROM `assessment`.`question` where id='46''
2016-12-28T22:07:47+05:30 [24992] INFO  : MANAGE TEST 370  C:\wamp64\www\assessment\php\manageExams.php  , SQL to get Question Detail : 'SELECT * FROM `assessment`.`question` where id='52''
2016-12-28T22:07:47+05:30 [24992] INFO  : MANAGE TEST 370  C:\wamp64\www\assessment\php\manageExams.php  , SQL to get Question Detail : 'SELECT * FROM `assessment`.`question` where id='55''
2016-12-28T22:07:47+05:30 [24992] INFO  : MANAGE CATEGORY 196  C:\wamp64\www\assessment\php\manageCategory.php  , SQL to get Category Id : 'SELECT category FROM `assessment`.`subject_category` where id='3''
2016-12-28T22:07:47+05:30 [24992] INFO  : MANAGE TEST 426  C:\wamp64\www\assessment\php\manageExams.php , Get No of Qsnts for category: '3
2016-12-28T22:07:47+05:30 [24992] INFO  : MANAGE TEST 370  C:\wamp64\www\assessment\php\manageExams.php  , SQL to get Question Detail : 'SELECT * FROM `assessment`.`question` where id='59''
2016-12-28T22:07:47+05:30 [24992] INFO  : MANAGE TEST 370  C:\wamp64\www\assessment\php\manageExams.php  , SQL to get Question Detail : 'SELECT * FROM `assessment`.`question` where id='67''
2016-12-28T22:07:47+05:30 [24992] INFO  : MANAGE TEST 370  C:\wamp64\www\assessment\php\manageExams.php  , SQL to get Question Detail : 'SELECT * FROM `assessment`.`question` where id='70''
2016-12-28T22:07:47+05:30 [24992] INFO  : MANAGE TEST 298  C:\wamp64\www\assessment\php\manageExams.php  , SQL to get Exam Details Array : 'SELECT * FROM `assessment`.`exam` where id='1''
2016-12-28T22:07:47+05:30 [24992] INFO  : DB SQL = 'SELECT job_role FROM `assessment`.`jobroles_excel_import` where qp_code='AGR/Q4804''
2016-12-28T22:07:47+05:30 [24992] INFO  : DB SQL = 'SELECT ssc FROM `assessment`.`jobroles_excel_import` where qp_code='AGR/Q4804''
2016-12-28T22:07:47+05:30 [24992] INFO  : MANAGE ATTENDENCE 16  C:\wamp64\www\assessment\php\manageAttendence.php  , SQL to get Student List : 'SELECT * FROM `assessment`.`batch_students` where batch_id='325069' and status='active' order by name asc'
2016-12-28T22:07:47+05:30 [24992] INFO  : MANAGE ATTENDENCE 41  C:\wamp64\www\assessment\php\manageAttendence.php  , SQL to get Batch Details in Array : 'SELECT * FROM `assessment`.`batch_details` where batch_id='325069' and status='active''
2016-12-28T22:07:47+05:30 [24992] INFO  : MANAGE TEST 257  C:\wamp64\www\assessment\php\manageExams.php  , SQL to get Exam Details : 'SELECT * FROM `assessment`.`exam` where id='1''
2016-12-28T22:07:47+05:30 [24992] INFO  : DB SQL = 'SELECT ssc FROM `assessment`.`jobroles_excel_import` where qp_code='AGR/Q4804''
2016-12-28T22:07:47+05:30 [24992] INFO  : DB SQL = 'SELECT job_role FROM `assessment`.`jobroles_excel_import` where qp_code='AGR/Q4804''
2016-12-28T22:09:57+05:30 [20496] INFO  : MANAGE TEST 29  C:\wamp64\www\assessment\php\manageExams.php  , SQL to get JSON String of Exam with name : 'SELECT qstn_id,category,module,mark FROM `assessment`.`exam_qstn` where exam_id='1' order by category,module,qstn_id'
2016-12-28T22:09:57+05:30 [20496] INFO  : MANAGE TEST 409  C:\wamp64\www\assessment\php\manageExams.php  , SQL to get Question Count for each category : 'SELECT category , count(category) as no_of_qstns FROM `assessment`.`exam_qstn` where exam_id='1' group by category'
2016-12-28T22:09:57+05:30 [20496] INFO  : MANAGE CATEGORY 196  C:\wamp64\www\assessment\php\manageCategory.php  , SQL to get Category Id : 'SELECT category FROM `assessment`.`subject_category` where id='1''
2016-12-28T22:09:57+05:30 [20496] INFO  : MANAGE CATEGORY 219  C:\wamp64\www\assessment\php\manageCategory.php  , SQL to get Module Id : 'SELECT module FROM `assessment`.`subject_category_module` where id='1''
2016-12-28T22:09:57+05:30 [20496] INFO  : MANAGE TEST 426  C:\wamp64\www\assessment\php\manageExams.php , Get No of Qsnts for category: '1
2016-12-28T22:09:57+05:30 [20496] INFO  : MANAGE TEST 370  C:\wamp64\www\assessment\php\manageExams.php  , SQL to get Question Detail : 'SELECT * FROM `assessment`.`question` where id='230''
2016-12-28T22:09:57+05:30 [20496] INFO  : MANAGE TEST 370  C:\wamp64\www\assessment\php\manageExams.php  , SQL to get Question Detail : 'SELECT * FROM `assessment`.`question` where id='31''
2016-12-28T22:09:57+05:30 [20496] INFO  : MANAGE TEST 370  C:\wamp64\www\assessment\php\manageExams.php  , SQL to get Question Detail : 'SELECT * FROM `assessment`.`question` where id='32''
2016-12-28T22:09:57+05:30 [20496] INFO  : MANAGE TEST 370  C:\wamp64\www\assessment\php\manageExams.php  , SQL to get Question Detail : 'SELECT * FROM `assessment`.`question` where id='37''
2016-12-28T22:09:57+05:30 [20496] INFO  : MANAGE TEST 370  C:\wamp64\www\assessment\php\manageExams.php  , SQL to get Question Detail : 'SELECT * FROM `assessment`.`question` where id='39''
2016-12-28T22:09:57+05:30 [20496] INFO  : MANAGE TEST 370  C:\wamp64\www\assessment\php\manageExams.php  , SQL to get Question Detail : 'SELECT * FROM `assessment`.`question` where id='41''
2016-12-28T22:09:57+05:30 [20496] INFO  : MANAGE CATEGORY 196  C:\wamp64\www\assessment\php\manageCategory.php  , SQL to get Category Id : 'SELECT category FROM `assessment`.`subject_category` where id='2''
2016-12-28T22:09:57+05:30 [20496] INFO  : MANAGE TEST 426  C:\wamp64\www\assessment\php\manageExams.php , Get No of Qsnts for category: '2
2016-12-28T22:09:57+05:30 [20496] INFO  : MANAGE TEST 370  C:\wamp64\www\assessment\php\manageExams.php  , SQL to get Question Detail : 'SELECT * FROM `assessment`.`question` where id='46''
2016-12-28T22:09:57+05:30 [20496] INFO  : MANAGE TEST 370  C:\wamp64\www\assessment\php\manageExams.php  , SQL to get Question Detail : 'SELECT * FROM `assessment`.`question` where id='52''
2016-12-28T22:09:57+05:30 [20496] INFO  : MANAGE TEST 370  C:\wamp64\www\assessment\php\manageExams.php  , SQL to get Question Detail : 'SELECT * FROM `assessment`.`question` where id='55''
2016-12-28T22:09:57+05:30 [20496] INFO  : MANAGE CATEGORY 196  C:\wamp64\www\assessment\php\manageCategory.php  , SQL to get Category Id : 'SELECT category FROM `assessment`.`subject_category` where id='3''
2016-12-28T22:09:57+05:30 [20496] INFO  : MANAGE TEST 426  C:\wamp64\www\assessment\php\manageExams.php , Get No of Qsnts for category: '3
2016-12-28T22:09:57+05:30 [20496] INFO  : MANAGE TEST 370  C:\wamp64\www\assessment\php\manageExams.php  , SQL to get Question Detail : 'SELECT * FROM `assessment`.`question` where id='59''
2016-12-28T22:09:57+05:30 [20496] INFO  : MANAGE TEST 370  C:\wamp64\www\assessment\php\manageExams.php  , SQL to get Question Detail : 'SELECT * FROM `assessment`.`question` where id='67''
2016-12-28T22:09:57+05:30 [20496] INFO  : MANAGE TEST 370  C:\wamp64\www\assessment\php\manageExams.php  , SQL to get Question Detail : 'SELECT * FROM `assessment`.`question` where id='70''
2016-12-28T22:09:57+05:30 [20496] INFO  : MANAGE TEST 298  C:\wamp64\www\assessment\php\manageExams.php  , SQL to get Exam Details Array : 'SELECT * FROM `assessment`.`exam` where id='1''
2016-12-28T22:09:57+05:30 [20496] INFO  : DB SQL = 'SELECT job_role FROM `assessment`.`jobroles_excel_import` where qp_code='AGR/Q4804''
2016-12-28T22:09:57+05:30 [20496] INFO  : DB SQL = 'SELECT ssc FROM `assessment`.`jobroles_excel_import` where qp_code='AGR/Q4804''
2016-12-28T22:09:57+05:30 [20496] INFO  : MANAGE ATTENDENCE 16  C:\wamp64\www\assessment\php\manageAttendence.php  , SQL to get Student List : 'SELECT * FROM `assessment`.`batch_students` where batch_id='325069' and status='active' order by name asc'
2016-12-28T22:09:57+05:30 [20496] INFO  : MANAGE ATTENDENCE 41  C:\wamp64\www\assessment\php\manageAttendence.php  , SQL to get Batch Details in Array : 'SELECT * FROM `assessment`.`batch_details` where batch_id='325069' and status='active''
2016-12-28T22:09:57+05:30 [20496] INFO  : MANAGE TEST 257  C:\wamp64\www\assessment\php\manageExams.php  , SQL to get Exam Details : 'SELECT * FROM `assessment`.`exam` where id='1''
2016-12-28T22:09:57+05:30 [20496] INFO  : DB SQL = 'SELECT ssc FROM `assessment`.`jobroles_excel_import` where qp_code='AGR/Q4804''
2016-12-28T22:09:57+05:30 [20496] INFO  : DB SQL = 'SELECT job_role FROM `assessment`.`jobroles_excel_import` where qp_code='AGR/Q4804''
2016-12-28T22:09:57+05:30 [20496] INFO  : ENCRYPTION 48  C:\wamp64\www\assessment\php\EncryptQuestionPaper.php, JSON String for Exam Encryption 'Array'
2016-12-28T22:21:14+05:30 [12696] INFO  : MANAGE TEST 29  C:\wamp64\www\assessment\php\manageExams.php  , SQL to get JSON String of Exam with name : 'SELECT qstn_id,category,module,mark FROM `assessment`.`exam_qstn` where exam_id='1' order by category,module,qstn_id'
2016-12-28T22:21:14+05:30 [12696] INFO  : MANAGE TEST 409  C:\wamp64\www\assessment\php\manageExams.php  , SQL to get Question Count for each category : 'SELECT category , count(category) as no_of_qstns FROM `assessment`.`exam_qstn` where exam_id='1' group by category'
2016-12-28T22:21:14+05:30 [12696] INFO  : MANAGE CATEGORY 196  C:\wamp64\www\assessment\php\manageCategory.php  , SQL to get Category Id : 'SELECT category FROM `assessment`.`subject_category` where id='1''
2016-12-28T22:21:14+05:30 [12696] INFO  : MANAGE CATEGORY 219  C:\wamp64\www\assessment\php\manageCategory.php  , SQL to get Module Id : 'SELECT module FROM `assessment`.`subject_category_module` where id='1''
2016-12-28T22:21:14+05:30 [12696] INFO  : MANAGE TEST 426  C:\wamp64\www\assessment\php\manageExams.php , Get No of Qsnts for category: '1
2016-12-28T22:21:14+05:30 [12696] INFO  : MANAGE TEST 370  C:\wamp64\www\assessment\php\manageExams.php  , SQL to get Question Detail : 'SELECT * FROM `assessment`.`question` where id='230''
2016-12-28T22:21:26+05:30 [12696] INFO  : MANAGE TEST 370  C:\wamp64\www\assessment\php\manageExams.php  , SQL to get Question Detail : 'SELECT * FROM `assessment`.`question` where id='31''
2016-12-28T22:21:26+05:30 [12696] INFO  : MANAGE TEST 370  C:\wamp64\www\assessment\php\manageExams.php  , SQL to get Question Detail : 'SELECT * FROM `assessment`.`question` where id='32''
2016-12-28T22:21:26+05:30 [12696] INFO  : MANAGE TEST 370  C:\wamp64\www\assessment\php\manageExams.php  , SQL to get Question Detail : 'SELECT * FROM `assessment`.`question` where id='37''
2016-12-28T22:21:26+05:30 [12696] INFO  : MANAGE TEST 370  C:\wamp64\www\assessment\php\manageExams.php  , SQL to get Question Detail : 'SELECT * FROM `assessment`.`question` where id='39''
2016-12-28T22:21:26+05:30 [12696] INFO  : MANAGE TEST 370  C:\wamp64\www\assessment\php\manageExams.php  , SQL to get Question Detail : 'SELECT * FROM `assessment`.`question` where id='41''
2016-12-28T22:21:26+05:30 [12696] INFO  : MANAGE CATEGORY 196  C:\wamp64\www\assessment\php\manageCategory.php  , SQL to get Category Id : 'SELECT category FROM `assessment`.`subject_category` where id='2''
2016-12-28T22:21:26+05:30 [12696] INFO  : MANAGE TEST 426  C:\wamp64\www\assessment\php\manageExams.php , Get No of Qsnts for category: '2
2016-12-28T22:21:26+05:30 [12696] INFO  : MANAGE TEST 370  C:\wamp64\www\assessment\php\manageExams.php  , SQL to get Question Detail : 'SELECT * FROM `assessment`.`question` where id='46''
2016-12-28T22:21:26+05:30 [12696] INFO  : MANAGE TEST 370  C:\wamp64\www\assessment\php\manageExams.php  , SQL to get Question Detail : 'SELECT * FROM `assessment`.`question` where id='52''
2016-12-28T22:21:26+05:30 [12696] INFO  : MANAGE TEST 370  C:\wamp64\www\assessment\php\manageExams.php  , SQL to get Question Detail : 'SELECT * FROM `assessment`.`question` where id='55''
2016-12-28T22:21:26+05:30 [12696] INFO  : MANAGE CATEGORY 196  C:\wamp64\www\assessment\php\manageCategory.php  , SQL to get Category Id : 'SELECT category FROM `assessment`.`subject_category` where id='3''
2016-12-28T22:21:26+05:30 [12696] INFO  : MANAGE TEST 426  C:\wamp64\www\assessment\php\manageExams.php , Get No of Qsnts for category: '3
2016-12-28T22:21:26+05:30 [12696] INFO  : MANAGE TEST 370  C:\wamp64\www\assessment\php\manageExams.php  , SQL to get Question Detail : 'SELECT * FROM `assessment`.`question` where id='59''
2016-12-28T22:21:26+05:30 [12696] INFO  : MANAGE TEST 370  C:\wamp64\www\assessment\php\manageExams.php  , SQL to get Question Detail : 'SELECT * FROM `assessment`.`question` where id='67''
2016-12-28T22:21:26+05:30 [12696] INFO  : MANAGE TEST 370  C:\wamp64\www\assessment\php\manageExams.php  , SQL to get Question Detail : 'SELECT * FROM `assessment`.`question` where id='70''
2016-12-28T22:21:26+05:30 [12696] INFO  : MANAGE TEST 298  C:\wamp64\www\assessment\php\manageExams.php  , SQL to get Exam Details Array : 'SELECT * FROM `assessment`.`exam` where id='1''
2016-12-28T22:21:26+05:30 [12696] INFO  : DB SQL = 'SELECT job_role FROM `assessment`.`jobroles_excel_import` where qp_code='AGR/Q4804''
2016-12-28T22:21:26+05:30 [12696] INFO  : DB SQL = 'SELECT ssc FROM `assessment`.`jobroles_excel_import` where qp_code='AGR/Q4804''
2016-12-28T22:21:26+05:30 [12696] INFO  : MANAGE ATTENDENCE 16  C:\wamp64\www\assessment\php\manageAttendence.php  , SQL to get Student List : 'SELECT * FROM `assessment`.`batch_students` where batch_id='325069' and status='active' order by name asc'
2016-12-28T22:21:26+05:30 [12696] INFO  : MANAGE ATTENDENCE 41  C:\wamp64\www\assessment\php\manageAttendence.php  , SQL to get Batch Details in Array : 'SELECT * FROM `assessment`.`batch_details` where batch_id='325069' and status='active''
2016-12-28T22:21:26+05:30 [12696] INFO  : MANAGE TEST 257  C:\wamp64\www\assessment\php\manageExams.php  , SQL to get Exam Details : 'SELECT * FROM `assessment`.`exam` where id='1''
2016-12-28T22:21:26+05:30 [12696] INFO  : DB SQL = 'SELECT ssc FROM `assessment`.`jobroles_excel_import` where qp_code='AGR/Q4804''
2016-12-28T22:21:26+05:30 [12696] INFO  : DB SQL = 'SELECT job_role FROM `assessment`.`jobroles_excel_import` where qp_code='AGR/Q4804''
2016-12-28T22:21:26+05:30 [12696] INFO  : ENCRYPTION 48  C:\wamp64\www\assessment\php\EncryptQuestionPaper.php, JSON String for Exam Encryption 'Array'
2016-12-28T22:28:02+05:30 [26216] INFO  : MANAGE TEST 29  C:\wamp64\www\assessment\php\manageExams.php  , SQL to get JSON String of Exam with name : 'SELECT qstn_id,category,module,mark FROM `assessment`.`exam_qstn` where exam_id='1' order by category,module,qstn_id'
2016-12-28T22:28:02+05:30 [26216] INFO  : MANAGE TEST 409  C:\wamp64\www\assessment\php\manageExams.php  , SQL to get Question Count for each category : 'SELECT category , count(category) as no_of_qstns FROM `assessment`.`exam_qstn` where exam_id='1' group by category'
2016-12-28T22:28:02+05:30 [26216] INFO  : MANAGE CATEGORY 196  C:\wamp64\www\assessment\php\manageCategory.php  , SQL to get Category Id : 'SELECT category FROM `assessment`.`subject_category` where id='1''
2016-12-28T22:28:02+05:30 [26216] INFO  : MANAGE CATEGORY 219  C:\wamp64\www\assessment\php\manageCategory.php  , SQL to get Module Id : 'SELECT module FROM `assessment`.`subject_category_module` where id='1''
2016-12-28T22:28:02+05:30 [26216] INFO  : MANAGE TEST 426  C:\wamp64\www\assessment\php\manageExams.php , Get No of Qsnts for category: '1
2016-12-28T22:28:02+05:30 [26216] INFO  : MANAGE TEST 370  C:\wamp64\www\assessment\php\manageExams.php  , SQL to get Question Detail : 'SELECT * FROM `assessment`.`question` where id='230''
2016-12-28T22:28:02+05:30 [26216] INFO  : MANAGE TEST 370  C:\wamp64\www\assessment\php\manageExams.php  , SQL to get Question Detail : 'SELECT * FROM `assessment`.`question` where id='31''
2016-12-28T22:28:02+05:30 [26216] INFO  : MANAGE TEST 370  C:\wamp64\www\assessment\php\manageExams.php  , SQL to get Question Detail : 'SELECT * FROM `assessment`.`question` where id='32''
2016-12-28T22:28:02+05:30 [26216] INFO  : MANAGE TEST 370  C:\wamp64\www\assessment\php\manageExams.php  , SQL to get Question Detail : 'SELECT * FROM `assessment`.`question` where id='37''
2016-12-28T22:28:02+05:30 [26216] INFO  : MANAGE TEST 370  C:\wamp64\www\assessment\php\manageExams.php  , SQL to get Question Detail : 'SELECT * FROM `assessment`.`question` where id='39''
2016-12-28T22:28:02+05:30 [26216] INFO  : MANAGE TEST 370  C:\wamp64\www\assessment\php\manageExams.php  , SQL to get Question Detail : 'SELECT * FROM `assessment`.`question` where id='41''
2016-12-28T22:28:02+05:30 [26216] INFO  : MANAGE CATEGORY 196  C:\wamp64\www\assessment\php\manageCategory.php  , SQL to get Category Id : 'SELECT category FROM `assessment`.`subject_category` where id='2''
2016-12-28T22:28:02+05:30 [26216] INFO  : MANAGE TEST 426  C:\wamp64\www\assessment\php\manageExams.php , Get No of Qsnts for category: '2
2016-12-28T22:28:02+05:30 [26216] INFO  : MANAGE TEST 370  C:\wamp64\www\assessment\php\manageExams.php  , SQL to get Question Detail : 'SELECT * FROM `assessment`.`question` where id='46''
2016-12-28T22:28:02+05:30 [26216] INFO  : MANAGE TEST 370  C:\wamp64\www\assessment\php\manageExams.php  , SQL to get Question Detail : 'SELECT * FROM `assessment`.`question` where id='52''
2016-12-28T22:28:02+05:30 [26216] INFO  : MANAGE TEST 370  C:\wamp64\www\assessment\php\manageExams.php  , SQL to get Question Detail : 'SELECT * FROM `assessment`.`question` where id='55''
2016-12-28T22:28:02+05:30 [26216] INFO  : MANAGE CATEGORY 196  C:\wamp64\www\assessment\php\manageCategory.php  , SQL to get Category Id : 'SELECT category FROM `assessment`.`subject_category` where id='3''
2016-12-28T22:28:02+05:30 [26216] INFO  : MANAGE TEST 426  C:\wamp64\www\assessment\php\manageExams.php , Get No of Qsnts for category: '3
2016-12-28T22:28:02+05:30 [26216] INFO  : MANAGE TEST 370  C:\wamp64\www\assessment\php\manageExams.php  , SQL to get Question Detail : 'SELECT * FROM `assessment`.`question` where id='59''
2016-12-28T22:28:02+05:30 [26216] INFO  : MANAGE TEST 370  C:\wamp64\www\assessment\php\manageExams.php  , SQL to get Question Detail : 'SELECT * FROM `assessment`.`question` where id='67''
2016-12-28T22:28:02+05:30 [26216] INFO  : MANAGE TEST 370  C:\wamp64\www\assessment\php\manageExams.php  , SQL to get Question Detail : 'SELECT * FROM `assessment`.`question` where id='70''
2016-12-28T22:28:02+05:30 [26216] INFO  : MANAGE TEST 298  C:\wamp64\www\assessment\php\manageExams.php  , SQL to get Exam Details Array : 'SELECT * FROM `assessment`.`exam` where id='1''
2016-12-28T22:28:02+05:30 [26216] INFO  : DB SQL = 'SELECT job_role FROM `assessment`.`jobroles_excel_import` where qp_code='AGR/Q4804''
2016-12-28T22:28:02+05:30 [26216] INFO  : DB SQL = 'SELECT ssc FROM `assessment`.`jobroles_excel_import` where qp_code='AGR/Q4804''
2016-12-28T22:28:02+05:30 [26216] INFO  : MANAGE ATTENDENCE 16  C:\wamp64\www\assessment\php\manageAttendence.php  , SQL to get Student List : 'SELECT * FROM `assessment`.`batch_students` where batch_id='325069' and status='active' order by name asc'
2016-12-28T22:28:02+05:30 [26216] INFO  : MANAGE ATTENDENCE 41  C:\wamp64\www\assessment\php\manageAttendence.php  , SQL to get Batch Details in Array : 'SELECT * FROM `assessment`.`batch_details` where batch_id='325069' and status='active''
2016-12-28T22:28:02+05:30 [26216] INFO  : MANAGE TEST 257  C:\wamp64\www\assessment\php\manageExams.php  , SQL to get Exam Details : 'SELECT * FROM `assessment`.`exam` where id='1''
2016-12-28T22:28:02+05:30 [26216] INFO  : DB SQL = 'SELECT ssc FROM `assessment`.`jobroles_excel_import` where qp_code='AGR/Q4804''
2016-12-28T22:28:02+05:30 [26216] INFO  : DB SQL = 'SELECT job_role FROM `assessment`.`jobroles_excel_import` where qp_code='AGR/Q4804''
2016-12-28T22:28:02+05:30 [26216] INFO  : ENCRYPTION 48  C:\wamp64\www\assessment\php\EncryptQuestionPaper.php, JSON String for Exam Encryption 'Array'
2016-12-28T22:28:36+05:30 [6712] INFO  : MANAGE TEST 29  C:\wamp64\www\assessment\php\manageExams.php  , SQL to get JSON String of Exam with name : 'SELECT qstn_id,category,module,mark FROM `assessment`.`exam_qstn` where exam_id='1' order by category,module,qstn_id'
2016-12-28T22:28:36+05:30 [6712] INFO  : MANAGE TEST 409  C:\wamp64\www\assessment\php\manageExams.php  , SQL to get Question Count for each category : 'SELECT category , count(category) as no_of_qstns FROM `assessment`.`exam_qstn` where exam_id='1' group by category'
2016-12-28T22:28:36+05:30 [6712] INFO  : MANAGE CATEGORY 196  C:\wamp64\www\assessment\php\manageCategory.php  , SQL to get Category Id : 'SELECT category FROM `assessment`.`subject_category` where id='1''
2016-12-28T22:28:36+05:30 [6712] INFO  : MANAGE CATEGORY 219  C:\wamp64\www\assessment\php\manageCategory.php  , SQL to get Module Id : 'SELECT module FROM `assessment`.`subject_category_module` where id='1''
2016-12-28T22:28:36+05:30 [6712] INFO  : MANAGE TEST 426  C:\wamp64\www\assessment\php\manageExams.php , Get No of Qsnts for category: '1
2016-12-28T22:28:36+05:30 [6712] INFO  : MANAGE TEST 370  C:\wamp64\www\assessment\php\manageExams.php  , SQL to get Question Detail : 'SELECT * FROM `assessment`.`question` where id='230''
2016-12-28T22:28:36+05:30 [6712] INFO  : MANAGE TEST 370  C:\wamp64\www\assessment\php\manageExams.php  , SQL to get Question Detail : 'SELECT * FROM `assessment`.`question` where id='31''
2016-12-28T22:28:36+05:30 [6712] INFO  : MANAGE TEST 370  C:\wamp64\www\assessment\php\manageExams.php  , SQL to get Question Detail : 'SELECT * FROM `assessment`.`question` where id='32''
2016-12-28T22:28:36+05:30 [6712] INFO  : MANAGE TEST 370  C:\wamp64\www\assessment\php\manageExams.php  , SQL to get Question Detail : 'SELECT * FROM `assessment`.`question` where id='37''
2016-12-28T22:28:36+05:30 [6712] INFO  : MANAGE TEST 370  C:\wamp64\www\assessment\php\manageExams.php  , SQL to get Question Detail : 'SELECT * FROM `assessment`.`question` where id='39''
2016-12-28T22:28:36+05:30 [6712] INFO  : MANAGE TEST 370  C:\wamp64\www\assessment\php\manageExams.php  , SQL to get Question Detail : 'SELECT * FROM `assessment`.`question` where id='41''
2016-12-28T22:28:36+05:30 [6712] INFO  : MANAGE CATEGORY 196  C:\wamp64\www\assessment\php\manageCategory.php  , SQL to get Category Id : 'SELECT category FROM `assessment`.`subject_category` where id='2''
2016-12-28T22:28:36+05:30 [6712] INFO  : MANAGE TEST 426  C:\wamp64\www\assessment\php\manageExams.php , Get No of Qsnts for category: '2
2016-12-28T22:28:36+05:30 [6712] INFO  : MANAGE TEST 370  C:\wamp64\www\assessment\php\manageExams.php  , SQL to get Question Detail : 'SELECT * FROM `assessment`.`question` where id='46''
2016-12-28T22:28:36+05:30 [6712] INFO  : MANAGE TEST 370  C:\wamp64\www\assessment\php\manageExams.php  , SQL to get Question Detail : 'SELECT * FROM `assessment`.`question` where id='52''
2016-12-28T22:28:36+05:30 [6712] INFO  : MANAGE TEST 370  C:\wamp64\www\assessment\php\manageExams.php  , SQL to get Question Detail : 'SELECT * FROM `assessment`.`question` where id='55''
2016-12-28T22:28:36+05:30 [6712] INFO  : MANAGE CATEGORY 196  C:\wamp64\www\assessment\php\manageCategory.php  , SQL to get Category Id : 'SELECT category FROM `assessment`.`subject_category` where id='3''
2016-12-28T22:28:36+05:30 [6712] INFO  : MANAGE TEST 426  C:\wamp64\www\assessment\php\manageExams.php , Get No of Qsnts for category: '3
2016-12-28T22:28:36+05:30 [6712] INFO  : MANAGE TEST 370  C:\wamp64\www\assessment\php\manageExams.php  , SQL to get Question Detail : 'SELECT * FROM `assessment`.`question` where id='59''
2016-12-28T22:28:36+05:30 [6712] INFO  : MANAGE TEST 370  C:\wamp64\www\assessment\php\manageExams.php  , SQL to get Question Detail : 'SELECT * FROM `assessment`.`question` where id='67''
2016-12-28T22:28:36+05:30 [6712] INFO  : MANAGE TEST 370  C:\wamp64\www\assessment\php\manageExams.php  , SQL to get Question Detail : 'SELECT * FROM `assessment`.`question` where id='70''
2016-12-28T22:28:36+05:30 [6712] INFO  : MANAGE TEST 298  C:\wamp64\www\assessment\php\manageExams.php  , SQL to get Exam Details Array : 'SELECT * FROM `assessment`.`exam` where id='1''
2016-12-28T22:28:36+05:30 [6712] INFO  : DB SQL = 'SELECT job_role FROM `assessment`.`jobroles_excel_import` where qp_code='AGR/Q4804''
2016-12-28T22:28:36+05:30 [6712] INFO  : DB SQL = 'SELECT ssc FROM `assessment`.`jobroles_excel_import` where qp_code='AGR/Q4804''
2016-12-28T22:28:36+05:30 [6712] INFO  : MANAGE ATTENDENCE 16  C:\wamp64\www\assessment\php\manageAttendence.php  , SQL to get Student List : 'SELECT * FROM `assessment`.`batch_students` where batch_id='325069' and status='active' order by name asc'
2016-12-28T22:28:36+05:30 [6712] INFO  : MANAGE ATTENDENCE 41  C:\wamp64\www\assessment\php\manageAttendence.php  , SQL to get Batch Details in Array : 'SELECT * FROM `assessment`.`batch_details` where batch_id='325069' and status='active''
2016-12-28T22:28:36+05:30 [6712] INFO  : MANAGE TEST 257  C:\wamp64\www\assessment\php\manageExams.php  , SQL to get Exam Details : 'SELECT * FROM `assessment`.`exam` where id='1''
2016-12-28T22:28:36+05:30 [6712] INFO  : DB SQL = 'SELECT ssc FROM `assessment`.`jobroles_excel_import` where qp_code='AGR/Q4804''
2016-12-28T22:28:36+05:30 [6712] INFO  : DB SQL = 'SELECT job_role FROM `assessment`.`jobroles_excel_import` where qp_code='AGR/Q4804''
2016-12-28T22:28:36+05:30 [6712] INFO  : ENCRYPTION 48  C:\wamp64\www\assessment\php\EncryptQuestionPaper.php, JSON String for Exam Encryption 'Array'
2016-12-28T22:36:04+05:30 [19036] INFO  : MANAGE TEST 29  C:\wamp64\www\assessment\php\manageExams.php  , SQL to get JSON String of Exam with name : 'SELECT qstn_id,category,module,mark FROM `assessment`.`exam_qstn` where exam_id='1' order by category,module,qstn_id'
2016-12-28T22:36:04+05:30 [19036] INFO  : MANAGE TEST 409  C:\wamp64\www\assessment\php\manageExams.php  , SQL to get Question Count for each category : 'SELECT category , count(category) as no_of_qstns FROM `assessment`.`exam_qstn` where exam_id='1' group by category'
2016-12-28T22:36:04+05:30 [19036] INFO  : MANAGE CATEGORY 196  C:\wamp64\www\assessment\php\manageCategory.php  , SQL to get Category Id : 'SELECT category FROM `assessment`.`subject_category` where id='1''
2016-12-28T22:36:04+05:30 [19036] INFO  : MANAGE CATEGORY 219  C:\wamp64\www\assessment\php\manageCategory.php  , SQL to get Module Id : 'SELECT module FROM `assessment`.`subject_category_module` where id='1''
2016-12-28T22:36:04+05:30 [19036] INFO  : MANAGE TEST 426  C:\wamp64\www\assessment\php\manageExams.php , Get No of Qsnts for category: '1
2016-12-28T22:36:04+05:30 [19036] INFO  : MANAGE TEST 370  C:\wamp64\www\assessment\php\manageExams.php  , SQL to get Question Detail : 'SELECT * FROM `assessment`.`question` where id='230''
2016-12-28T22:36:04+05:30 [19036] INFO  : MANAGE TEST 370  C:\wamp64\www\assessment\php\manageExams.php  , SQL to get Question Detail : 'SELECT * FROM `assessment`.`question` where id='31''
2016-12-28T22:36:04+05:30 [19036] INFO  : MANAGE TEST 370  C:\wamp64\www\assessment\php\manageExams.php  , SQL to get Question Detail : 'SELECT * FROM `assessment`.`question` where id='32''
2016-12-28T22:36:04+05:30 [19036] INFO  : MANAGE TEST 370  C:\wamp64\www\assessment\php\manageExams.php  , SQL to get Question Detail : 'SELECT * FROM `assessment`.`question` where id='37''
2016-12-28T22:36:04+05:30 [19036] INFO  : MANAGE TEST 370  C:\wamp64\www\assessment\php\manageExams.php  , SQL to get Question Detail : 'SELECT * FROM `assessment`.`question` where id='39''
2016-12-28T22:36:04+05:30 [19036] INFO  : MANAGE TEST 370  C:\wamp64\www\assessment\php\manageExams.php  , SQL to get Question Detail : 'SELECT * FROM `assessment`.`question` where id='41''
2016-12-28T22:36:04+05:30 [19036] INFO  : MANAGE CATEGORY 196  C:\wamp64\www\assessment\php\manageCategory.php  , SQL to get Category Id : 'SELECT category FROM `assessment`.`subject_category` where id='2''
2016-12-28T22:36:04+05:30 [19036] INFO  : MANAGE TEST 426  C:\wamp64\www\assessment\php\manageExams.php , Get No of Qsnts for category: '2
2016-12-28T22:36:04+05:30 [19036] INFO  : MANAGE TEST 370  C:\wamp64\www\assessment\php\manageExams.php  , SQL to get Question Detail : 'SELECT * FROM `assessment`.`question` where id='46''
2016-12-28T22:36:04+05:30 [19036] INFO  : MANAGE TEST 370  C:\wamp64\www\assessment\php\manageExams.php  , SQL to get Question Detail : 'SELECT * FROM `assessment`.`question` where id='52''
2016-12-28T22:36:04+05:30 [19036] INFO  : MANAGE TEST 370  C:\wamp64\www\assessment\php\manageExams.php  , SQL to get Question Detail : 'SELECT * FROM `assessment`.`question` where id='55''
2016-12-28T22:36:04+05:30 [19036] INFO  : MANAGE CATEGORY 196  C:\wamp64\www\assessment\php\manageCategory.php  , SQL to get Category Id : 'SELECT category FROM `assessment`.`subject_category` where id='3''
2016-12-28T22:36:04+05:30 [19036] INFO  : MANAGE TEST 426  C:\wamp64\www\assessment\php\manageExams.php , Get No of Qsnts for category: '3
2016-12-28T22:36:04+05:30 [19036] INFO  : MANAGE TEST 370  C:\wamp64\www\assessment\php\manageExams.php  , SQL to get Question Detail : 'SELECT * FROM `assessment`.`question` where id='59''
2016-12-28T22:36:04+05:30 [19036] INFO  : MANAGE TEST 370  C:\wamp64\www\assessment\php\manageExams.php  , SQL to get Question Detail : 'SELECT * FROM `assessment`.`question` where id='67''
2016-12-28T22:36:04+05:30 [19036] INFO  : MANAGE TEST 370  C:\wamp64\www\assessment\php\manageExams.php  , SQL to get Question Detail : 'SELECT * FROM `assessment`.`question` where id='70''
2016-12-28T22:36:04+05:30 [19036] INFO  : MANAGE TEST 298  C:\wamp64\www\assessment\php\manageExams.php  , SQL to get Exam Details Array : 'SELECT * FROM `assessment`.`exam` where id='1''
2016-12-28T22:36:04+05:30 [19036] INFO  : DB SQL = 'SELECT job_role FROM `assessment`.`jobroles_excel_import` where qp_code='AGR/Q4804''
2016-12-28T22:36:04+05:30 [19036] INFO  : DB SQL = 'SELECT ssc FROM `assessment`.`jobroles_excel_import` where qp_code='AGR/Q4804''
2016-12-28T22:36:04+05:30 [19036] INFO  : MANAGE ATTENDENCE 16  C:\wamp64\www\assessment\php\manageAttendence.php  , SQL to get Student List : 'SELECT * FROM `assessment`.`batch_students` where batch_id='325069' and status='active' order by name asc'
2016-12-28T22:36:04+05:30 [19036] INFO  : MANAGE ATTENDENCE 41  C:\wamp64\www\assessment\php\manageAttendence.php  , SQL to get Batch Details in Array : 'SELECT * FROM `assessment`.`batch_details` where batch_id='325069' and status='active''
2016-12-28T22:36:04+05:30 [19036] INFO  : MANAGE TEST 257  C:\wamp64\www\assessment\php\manageExams.php  , SQL to get Exam Details : 'SELECT * FROM `assessment`.`exam` where id='1''
2016-12-28T22:36:04+05:30 [19036] INFO  : DB SQL = 'SELECT ssc FROM `assessment`.`jobroles_excel_import` where qp_code='AGR/Q4804''
2016-12-28T22:36:04+05:30 [19036] INFO  : DB SQL = 'SELECT job_role FROM `assessment`.`jobroles_excel_import` where qp_code='AGR/Q4804''
2016-12-28T22:36:04+05:30 [19036] INFO  : ENCRYPTION 48  C:\wamp64\www\assessment\php\EncryptQuestionPaper.php, JSON String for Exam Encryption 'Array'
2016-12-28T22:37:23+05:30 [21344] INFO  : MANAGE TEST 29  C:\wamp64\www\assessment\php\manageExams.php  , SQL to get JSON String of Exam with name : 'SELECT qstn_id,category,module,mark FROM `assessment`.`exam_qstn` where exam_id='1' order by category,module,qstn_id'
2016-12-28T22:37:23+05:30 [21344] INFO  : MANAGE TEST 409  C:\wamp64\www\assessment\php\manageExams.php  , SQL to get Question Count for each category : 'SELECT category , count(category) as no_of_qstns FROM `assessment`.`exam_qstn` where exam_id='1' group by category'
2016-12-28T22:37:23+05:30 [21344] INFO  : MANAGE CATEGORY 196  C:\wamp64\www\assessment\php\manageCategory.php  , SQL to get Category Id : 'SELECT category FROM `assessment`.`subject_category` where id='1''
2016-12-28T22:37:23+05:30 [21344] INFO  : MANAGE CATEGORY 219  C:\wamp64\www\assessment\php\manageCategory.php  , SQL to get Module Id : 'SELECT module FROM `assessment`.`subject_category_module` where id='1''
2016-12-28T22:37:23+05:30 [21344] INFO  : MANAGE TEST 426  C:\wamp64\www\assessment\php\manageExams.php , Get No of Qsnts for category: '1
2016-12-28T22:37:23+05:30 [21344] INFO  : MANAGE TEST 370  C:\wamp64\www\assessment\php\manageExams.php  , SQL to get Question Detail : 'SELECT * FROM `assessment`.`question` where id='230''
2016-12-28T22:37:23+05:30 [21344] INFO  : MANAGE TEST 370  C:\wamp64\www\assessment\php\manageExams.php  , SQL to get Question Detail : 'SELECT * FROM `assessment`.`question` where id='31''
2016-12-28T22:37:23+05:30 [21344] INFO  : MANAGE TEST 370  C:\wamp64\www\assessment\php\manageExams.php  , SQL to get Question Detail : 'SELECT * FROM `assessment`.`question` where id='32''
2016-12-28T22:37:23+05:30 [21344] INFO  : MANAGE TEST 370  C:\wamp64\www\assessment\php\manageExams.php  , SQL to get Question Detail : 'SELECT * FROM `assessment`.`question` where id='37''
2016-12-28T22:37:23+05:30 [21344] INFO  : MANAGE TEST 370  C:\wamp64\www\assessment\php\manageExams.php  , SQL to get Question Detail : 'SELECT * FROM `assessment`.`question` where id='39''
2016-12-28T22:37:23+05:30 [21344] INFO  : MANAGE TEST 370  C:\wamp64\www\assessment\php\manageExams.php  , SQL to get Question Detail : 'SELECT * FROM `assessment`.`question` where id='41''
2016-12-28T22:37:23+05:30 [21344] INFO  : MANAGE CATEGORY 196  C:\wamp64\www\assessment\php\manageCategory.php  , SQL to get Category Id : 'SELECT category FROM `assessment`.`subject_category` where id='2''
2016-12-28T22:37:23+05:30 [21344] INFO  : MANAGE TEST 426  C:\wamp64\www\assessment\php\manageExams.php , Get No of Qsnts for category: '2
2016-12-28T22:37:23+05:30 [21344] INFO  : MANAGE TEST 370  C:\wamp64\www\assessment\php\manageExams.php  , SQL to get Question Detail : 'SELECT * FROM `assessment`.`question` where id='46''
2016-12-28T22:37:23+05:30 [21344] INFO  : MANAGE TEST 370  C:\wamp64\www\assessment\php\manageExams.php  , SQL to get Question Detail : 'SELECT * FROM `assessment`.`question` where id='52''
2016-12-28T22:37:23+05:30 [21344] INFO  : MANAGE TEST 370  C:\wamp64\www\assessment\php\manageExams.php  , SQL to get Question Detail : 'SELECT * FROM `assessment`.`question` where id='55''
2016-12-28T22:37:23+05:30 [21344] INFO  : MANAGE CATEGORY 196  C:\wamp64\www\assessment\php\manageCategory.php  , SQL to get Category Id : 'SELECT category FROM `assessment`.`subject_category` where id='3''
2016-12-28T22:37:23+05:30 [21344] INFO  : MANAGE TEST 426  C:\wamp64\www\assessment\php\manageExams.php , Get No of Qsnts for category: '3
2016-12-28T22:37:23+05:30 [21344] INFO  : MANAGE TEST 370  C:\wamp64\www\assessment\php\manageExams.php  , SQL to get Question Detail : 'SELECT * FROM `assessment`.`question` where id='59''
2016-12-28T22:37:23+05:30 [21344] INFO  : MANAGE TEST 370  C:\wamp64\www\assessment\php\manageExams.php  , SQL to get Question Detail : 'SELECT * FROM `assessment`.`question` where id='67''
2016-12-28T22:37:23+05:30 [21344] INFO  : MANAGE TEST 370  C:\wamp64\www\assessment\php\manageExams.php  , SQL to get Question Detail : 'SELECT * FROM `assessment`.`question` where id='70''
2016-12-28T22:37:23+05:30 [21344] INFO  : MANAGE TEST 298  C:\wamp64\www\assessment\php\manageExams.php  , SQL to get Exam Details Array : 'SELECT * FROM `assessment`.`exam` where id='1''
2016-12-28T22:37:23+05:30 [21344] INFO  : DB SQL = 'SELECT job_role FROM `assessment`.`jobroles_excel_import` where qp_code='AGR/Q4804''
2016-12-28T22:37:23+05:30 [21344] INFO  : DB SQL = 'SELECT ssc FROM `assessment`.`jobroles_excel_import` where qp_code='AGR/Q4804''
2016-12-28T22:37:23+05:30 [21344] INFO  : MANAGE ATTENDENCE 16  C:\wamp64\www\assessment\php\manageAttendence.php  , SQL to get Student List : 'SELECT * FROM `assessment`.`batch_students` where batch_id='325069' and status='active' order by name asc'
2016-12-28T22:37:23+05:30 [21344] INFO  : MANAGE ATTENDENCE 41  C:\wamp64\www\assessment\php\manageAttendence.php  , SQL to get Batch Details in Array : 'SELECT * FROM `assessment`.`batch_details` where batch_id='325069' and status='active''
2016-12-28T22:37:23+05:30 [21344] INFO  : MANAGE TEST 257  C:\wamp64\www\assessment\php\manageExams.php  , SQL to get Exam Details : 'SELECT * FROM `assessment`.`exam` where id='1''
2016-12-28T22:37:23+05:30 [21344] INFO  : DB SQL = 'SELECT ssc FROM `assessment`.`jobroles_excel_import` where qp_code='AGR/Q4804''
2016-12-28T22:37:23+05:30 [21344] INFO  : DB SQL = 'SELECT job_role FROM `assessment`.`jobroles_excel_import` where qp_code='AGR/Q4804''
2016-12-28T22:37:23+05:30 [21344] INFO  : ENCRYPTION 48  C:\wamp64\www\assessment\php\EncryptQuestionPaper.php, JSON String for Exam Encryption 'Array'
2016-12-28T22:37:37+05:30 [21916] INFO  : MANAGE TEST 29  C:\wamp64\www\assessment\php\manageExams.php  , SQL to get JSON String of Exam with name : 'SELECT qstn_id,category,module,mark FROM `assessment`.`exam_qstn` where exam_id='1' order by category,module,qstn_id'
2016-12-28T22:37:37+05:30 [21916] INFO  : MANAGE TEST 409  C:\wamp64\www\assessment\php\manageExams.php  , SQL to get Question Count for each category : 'SELECT category , count(category) as no_of_qstns FROM `assessment`.`exam_qstn` where exam_id='1' group by category'
2016-12-28T22:37:37+05:30 [21916] INFO  : MANAGE CATEGORY 196  C:\wamp64\www\assessment\php\manageCategory.php  , SQL to get Category Id : 'SELECT category FROM `assessment`.`subject_category` where id='1''
2016-12-28T22:37:37+05:30 [21916] INFO  : MANAGE CATEGORY 219  C:\wamp64\www\assessment\php\manageCategory.php  , SQL to get Module Id : 'SELECT module FROM `assessment`.`subject_category_module` where id='1''
2016-12-28T22:37:37+05:30 [21916] INFO  : MANAGE TEST 426  C:\wamp64\www\assessment\php\manageExams.php , Get No of Qsnts for category: '1
2016-12-28T22:37:37+05:30 [21916] INFO  : MANAGE TEST 370  C:\wamp64\www\assessment\php\manageExams.php  , SQL to get Question Detail : 'SELECT * FROM `assessment`.`question` where id='230''
2016-12-28T22:37:37+05:30 [21916] INFO  : MANAGE TEST 370  C:\wamp64\www\assessment\php\manageExams.php  , SQL to get Question Detail : 'SELECT * FROM `assessment`.`question` where id='31''
2016-12-28T22:37:37+05:30 [21916] INFO  : MANAGE TEST 370  C:\wamp64\www\assessment\php\manageExams.php  , SQL to get Question Detail : 'SELECT * FROM `assessment`.`question` where id='32''
2016-12-28T22:37:37+05:30 [21916] INFO  : MANAGE TEST 370  C:\wamp64\www\assessment\php\manageExams.php  , SQL to get Question Detail : 'SELECT * FROM `assessment`.`question` where id='37''
2016-12-28T22:37:37+05:30 [21916] INFO  : MANAGE TEST 370  C:\wamp64\www\assessment\php\manageExams.php  , SQL to get Question Detail : 'SELECT * FROM `assessment`.`question` where id='39''
2016-12-28T22:37:37+05:30 [21916] INFO  : MANAGE TEST 370  C:\wamp64\www\assessment\php\manageExams.php  , SQL to get Question Detail : 'SELECT * FROM `assessment`.`question` where id='41''
2016-12-28T22:37:37+05:30 [21916] INFO  : MANAGE CATEGORY 196  C:\wamp64\www\assessment\php\manageCategory.php  , SQL to get Category Id : 'SELECT category FROM `assessment`.`subject_category` where id='2''
2016-12-28T22:37:37+05:30 [21916] INFO  : MANAGE TEST 426  C:\wamp64\www\assessment\php\manageExams.php , Get No of Qsnts for category: '2
2016-12-28T22:37:37+05:30 [21916] INFO  : MANAGE TEST 370  C:\wamp64\www\assessment\php\manageExams.php  , SQL to get Question Detail : 'SELECT * FROM `assessment`.`question` where id='46''
2016-12-28T22:37:37+05:30 [21916] INFO  : MANAGE TEST 370  C:\wamp64\www\assessment\php\manageExams.php  , SQL to get Question Detail : 'SELECT * FROM `assessment`.`question` where id='52''
2016-12-28T22:37:37+05:30 [21916] INFO  : MANAGE TEST 370  C:\wamp64\www\assessment\php\manageExams.php  , SQL to get Question Detail : 'SELECT * FROM `assessment`.`question` where id='55''
2016-12-28T22:37:37+05:30 [21916] INFO  : MANAGE CATEGORY 196  C:\wamp64\www\assessment\php\manageCategory.php  , SQL to get Category Id : 'SELECT category FROM `assessment`.`subject_category` where id='3''
2016-12-28T22:37:37+05:30 [21916] INFO  : MANAGE TEST 426  C:\wamp64\www\assessment\php\manageExams.php , Get No of Qsnts for category: '3
2016-12-28T22:37:37+05:30 [21916] INFO  : MANAGE TEST 370  C:\wamp64\www\assessment\php\manageExams.php  , SQL to get Question Detail : 'SELECT * FROM `assessment`.`question` where id='59''
2016-12-28T22:37:37+05:30 [21916] INFO  : MANAGE TEST 370  C:\wamp64\www\assessment\php\manageExams.php  , SQL to get Question Detail : 'SELECT * FROM `assessment`.`question` where id='67''
2016-12-28T22:37:37+05:30 [21916] INFO  : MANAGE TEST 370  C:\wamp64\www\assessment\php\manageExams.php  , SQL to get Question Detail : 'SELECT * FROM `assessment`.`question` where id='70''
2016-12-28T22:37:37+05:30 [21916] INFO  : MANAGE TEST 298  C:\wamp64\www\assessment\php\manageExams.php  , SQL to get Exam Details Array : 'SELECT * FROM `assessment`.`exam` where id='1''
2016-12-28T22:37:37+05:30 [21916] INFO  : DB SQL = 'SELECT job_role FROM `assessment`.`jobroles_excel_import` where qp_code='AGR/Q4804''
2016-12-28T22:37:37+05:30 [21916] INFO  : DB SQL = 'SELECT ssc FROM `assessment`.`jobroles_excel_import` where qp_code='AGR/Q4804''
2016-12-28T22:37:37+05:30 [21916] INFO  : MANAGE ATTENDENCE 16  C:\wamp64\www\assessment\php\manageAttendence.php  , SQL to get Student List : 'SELECT * FROM `assessment`.`batch_students` where batch_id='325069' and status='active' order by name asc'
2016-12-28T22:37:37+05:30 [21916] INFO  : MANAGE ATTENDENCE 41  C:\wamp64\www\assessment\php\manageAttendence.php  , SQL to get Batch Details in Array : 'SELECT * FROM `assessment`.`batch_details` where batch_id='325069' and status='active''
2016-12-28T22:37:37+05:30 [21916] INFO  : MANAGE TEST 257  C:\wamp64\www\assessment\php\manageExams.php  , SQL to get Exam Details : 'SELECT * FROM `assessment`.`exam` where id='1''
2016-12-28T22:37:37+05:30 [21916] INFO  : DB SQL = 'SELECT ssc FROM `assessment`.`jobroles_excel_import` where qp_code='AGR/Q4804''
2016-12-28T22:37:37+05:30 [21916] INFO  : DB SQL = 'SELECT job_role FROM `assessment`.`jobroles_excel_import` where qp_code='AGR/Q4804''
2016-12-28T22:37:37+05:30 [21916] INFO  : ENCRYPTION 48  C:\wamp64\www\assessment\php\EncryptQuestionPaper.php, JSON String for Exam Encryption 'Array'
2016-12-28T22:38:01+05:30 [16820] INFO  : MANAGE TEST 29  C:\wamp64\www\assessment\php\manageExams.php  , SQL to get JSON String of Exam with name : 'SELECT qstn_id,category,module,mark FROM `assessment`.`exam_qstn` where exam_id='1' order by category,module,qstn_id'
2016-12-28T22:38:01+05:30 [16820] INFO  : MANAGE TEST 409  C:\wamp64\www\assessment\php\manageExams.php  , SQL to get Question Count for each category : 'SELECT category , count(category) as no_of_qstns FROM `assessment`.`exam_qstn` where exam_id='1' group by category'
2016-12-28T22:38:01+05:30 [16820] INFO  : MANAGE CATEGORY 196  C:\wamp64\www\assessment\php\manageCategory.php  , SQL to get Category Id : 'SELECT category FROM `assessment`.`subject_category` where id='1''
2016-12-28T22:38:01+05:30 [16820] INFO  : MANAGE CATEGORY 219  C:\wamp64\www\assessment\php\manageCategory.php  , SQL to get Module Id : 'SELECT module FROM `assessment`.`subject_category_module` where id='1''
2016-12-28T22:38:01+05:30 [16820] INFO  : MANAGE TEST 426  C:\wamp64\www\assessment\php\manageExams.php , Get No of Qsnts for category: '1
2016-12-28T22:38:01+05:30 [16820] INFO  : MANAGE TEST 370  C:\wamp64\www\assessment\php\manageExams.php  , SQL to get Question Detail : 'SELECT * FROM `assessment`.`question` where id='230''
2016-12-28T22:38:01+05:30 [16820] INFO  : MANAGE TEST 370  C:\wamp64\www\assessment\php\manageExams.php  , SQL to get Question Detail : 'SELECT * FROM `assessment`.`question` where id='31''
2016-12-28T22:38:01+05:30 [16820] INFO  : MANAGE TEST 370  C:\wamp64\www\assessment\php\manageExams.php  , SQL to get Question Detail : 'SELECT * FROM `assessment`.`question` where id='32''
2016-12-28T22:38:01+05:30 [16820] INFO  : MANAGE TEST 370  C:\wamp64\www\assessment\php\manageExams.php  , SQL to get Question Detail : 'SELECT * FROM `assessment`.`question` where id='37''
2016-12-28T22:38:01+05:30 [16820] INFO  : MANAGE TEST 370  C:\wamp64\www\assessment\php\manageExams.php  , SQL to get Question Detail : 'SELECT * FROM `assessment`.`question` where id='39''
2016-12-28T22:38:01+05:30 [16820] INFO  : MANAGE TEST 370  C:\wamp64\www\assessment\php\manageExams.php  , SQL to get Question Detail : 'SELECT * FROM `assessment`.`question` where id='41''
2016-12-28T22:38:01+05:30 [16820] INFO  : MANAGE CATEGORY 196  C:\wamp64\www\assessment\php\manageCategory.php  , SQL to get Category Id : 'SELECT category FROM `assessment`.`subject_category` where id='2''
2016-12-28T22:38:01+05:30 [16820] INFO  : MANAGE TEST 426  C:\wamp64\www\assessment\php\manageExams.php , Get No of Qsnts for category: '2
2016-12-28T22:38:01+05:30 [16820] INFO  : MANAGE TEST 370  C:\wamp64\www\assessment\php\manageExams.php  , SQL to get Question Detail : 'SELECT * FROM `assessment`.`question` where id='46''
2016-12-28T22:38:01+05:30 [16820] INFO  : MANAGE TEST 370  C:\wamp64\www\assessment\php\manageExams.php  , SQL to get Question Detail : 'SELECT * FROM `assessment`.`question` where id='52''
2016-12-28T22:38:01+05:30 [16820] INFO  : MANAGE TEST 370  C:\wamp64\www\assessment\php\manageExams.php  , SQL to get Question Detail : 'SELECT * FROM `assessment`.`question` where id='55''
2016-12-28T22:38:01+05:30 [16820] INFO  : MANAGE CATEGORY 196  C:\wamp64\www\assessment\php\manageCategory.php  , SQL to get Category Id : 'SELECT category FROM `assessment`.`subject_category` where id='3''
2016-12-28T22:38:01+05:30 [16820] INFO  : MANAGE TEST 426  C:\wamp64\www\assessment\php\manageExams.php , Get No of Qsnts for category: '3
2016-12-28T22:38:01+05:30 [16820] INFO  : MANAGE TEST 370  C:\wamp64\www\assessment\php\manageExams.php  , SQL to get Question Detail : 'SELECT * FROM `assessment`.`question` where id='59''
2016-12-28T22:38:01+05:30 [16820] INFO  : MANAGE TEST 370  C:\wamp64\www\assessment\php\manageExams.php  , SQL to get Question Detail : 'SELECT * FROM `assessment`.`question` where id='67''
2016-12-28T22:38:01+05:30 [16820] INFO  : MANAGE TEST 370  C:\wamp64\www\assessment\php\manageExams.php  , SQL to get Question Detail : 'SELECT * FROM `assessment`.`question` where id='70''
2016-12-28T22:38:01+05:30 [16820] INFO  : MANAGE TEST 298  C:\wamp64\www\assessment\php\manageExams.php  , SQL to get Exam Details Array : 'SELECT * FROM `assessment`.`exam` where id='1''
2016-12-28T22:38:01+05:30 [16820] INFO  : DB SQL = 'SELECT job_role FROM `assessment`.`jobroles_excel_import` where qp_code='AGR/Q4804''
2016-12-28T22:38:01+05:30 [16820] INFO  : DB SQL = 'SELECT ssc FROM `assessment`.`jobroles_excel_import` where qp_code='AGR/Q4804''
2016-12-28T22:38:01+05:30 [16820] INFO  : MANAGE ATTENDENCE 16  C:\wamp64\www\assessment\php\manageAttendence.php  , SQL to get Student List : 'SELECT * FROM `assessment`.`batch_students` where batch_id='325069' and status='active' order by name asc'
2016-12-28T22:38:01+05:30 [16820] INFO  : MANAGE ATTENDENCE 41  C:\wamp64\www\assessment\php\manageAttendence.php  , SQL to get Batch Details in Array : 'SELECT * FROM `assessment`.`batch_details` where batch_id='325069' and status='active''
2016-12-28T22:38:01+05:30 [16820] INFO  : MANAGE TEST 257  C:\wamp64\www\assessment\php\manageExams.php  , SQL to get Exam Details : 'SELECT * FROM `assessment`.`exam` where id='1''
2016-12-28T22:38:01+05:30 [16820] INFO  : DB SQL = 'SELECT ssc FROM `assessment`.`jobroles_excel_import` where qp_code='AGR/Q4804''
2016-12-28T22:38:01+05:30 [16820] INFO  : DB SQL = 'SELECT job_role FROM `assessment`.`jobroles_excel_import` where qp_code='AGR/Q4804''
2016-12-28T22:38:01+05:30 [16820] INFO  : ENCRYPTION 48  C:\wamp64\www\assessment\php\EncryptQuestionPaper.php, JSON String for Exam Encryption 'Array'
2016-12-28T22:41:48+05:30 [8888] INFO  : MANAGE TEST 29  C:\wamp64\www\assessment\php\manageExams.php  , SQL to get JSON String of Exam with name : 'SELECT qstn_id,category,module,mark FROM `assessment`.`exam_qstn` where exam_id='1' order by category,module,qstn_id'
2016-12-28T22:41:48+05:30 [8888] INFO  : MANAGE TEST 409  C:\wamp64\www\assessment\php\manageExams.php  , SQL to get Question Count for each category : 'SELECT category , count(category) as no_of_qstns FROM `assessment`.`exam_qstn` where exam_id='1' group by category'
2016-12-28T22:41:48+05:30 [8888] INFO  : MANAGE CATEGORY 196  C:\wamp64\www\assessment\php\manageCategory.php  , SQL to get Category Id : 'SELECT category FROM `assessment`.`subject_category` where id='1''
2016-12-28T22:41:48+05:30 [8888] INFO  : MANAGE CATEGORY 219  C:\wamp64\www\assessment\php\manageCategory.php  , SQL to get Module Id : 'SELECT module FROM `assessment`.`subject_category_module` where id='1''
2016-12-28T22:41:48+05:30 [8888] INFO  : MANAGE TEST 426  C:\wamp64\www\assessment\php\manageExams.php , Get No of Qsnts for category: '1
2016-12-28T22:41:48+05:30 [8888] INFO  : MANAGE TEST 370  C:\wamp64\www\assessment\php\manageExams.php  , SQL to get Question Detail : 'SELECT * FROM `assessment`.`question` where id='230''
2016-12-28T22:41:48+05:30 [8888] INFO  : MANAGE TEST 370  C:\wamp64\www\assessment\php\manageExams.php  , SQL to get Question Detail : 'SELECT * FROM `assessment`.`question` where id='31''
2016-12-28T22:41:48+05:30 [8888] INFO  : MANAGE TEST 370  C:\wamp64\www\assessment\php\manageExams.php  , SQL to get Question Detail : 'SELECT * FROM `assessment`.`question` where id='32''
2016-12-28T22:41:48+05:30 [8888] INFO  : MANAGE TEST 370  C:\wamp64\www\assessment\php\manageExams.php  , SQL to get Question Detail : 'SELECT * FROM `assessment`.`question` where id='37''
2016-12-28T22:41:48+05:30 [8888] INFO  : MANAGE TEST 370  C:\wamp64\www\assessment\php\manageExams.php  , SQL to get Question Detail : 'SELECT * FROM `assessment`.`question` where id='39''
2016-12-28T22:41:48+05:30 [8888] INFO  : MANAGE TEST 370  C:\wamp64\www\assessment\php\manageExams.php  , SQL to get Question Detail : 'SELECT * FROM `assessment`.`question` where id='41''
2016-12-28T22:41:48+05:30 [8888] INFO  : MANAGE CATEGORY 196  C:\wamp64\www\assessment\php\manageCategory.php  , SQL to get Category Id : 'SELECT category FROM `assessment`.`subject_category` where id='2''
2016-12-28T22:41:48+05:30 [8888] INFO  : MANAGE TEST 426  C:\wamp64\www\assessment\php\manageExams.php , Get No of Qsnts for category: '2
2016-12-28T22:41:48+05:30 [8888] INFO  : MANAGE TEST 370  C:\wamp64\www\assessment\php\manageExams.php  , SQL to get Question Detail : 'SELECT * FROM `assessment`.`question` where id='46''
2016-12-28T22:41:48+05:30 [8888] INFO  : MANAGE TEST 370  C:\wamp64\www\assessment\php\manageExams.php  , SQL to get Question Detail : 'SELECT * FROM `assessment`.`question` where id='52''
2016-12-28T22:41:48+05:30 [8888] INFO  : MANAGE TEST 370  C:\wamp64\www\assessment\php\manageExams.php  , SQL to get Question Detail : 'SELECT * FROM `assessment`.`question` where id='55''
2016-12-28T22:41:48+05:30 [8888] INFO  : MANAGE CATEGORY 196  C:\wamp64\www\assessment\php\manageCategory.php  , SQL to get Category Id : 'SELECT category FROM `assessment`.`subject_category` where id='3''
2016-12-28T22:41:48+05:30 [8888] INFO  : MANAGE TEST 426  C:\wamp64\www\assessment\php\manageExams.php , Get No of Qsnts for category: '3
2016-12-28T22:41:48+05:30 [8888] INFO  : MANAGE TEST 370  C:\wamp64\www\assessment\php\manageExams.php  , SQL to get Question Detail : 'SELECT * FROM `assessment`.`question` where id='59''
2016-12-28T22:41:48+05:30 [8888] INFO  : MANAGE TEST 370  C:\wamp64\www\assessment\php\manageExams.php  , SQL to get Question Detail : 'SELECT * FROM `assessment`.`question` where id='67''
2016-12-28T22:41:48+05:30 [8888] INFO  : MANAGE TEST 370  C:\wamp64\www\assessment\php\manageExams.php  , SQL to get Question Detail : 'SELECT * FROM `assessment`.`question` where id='70''
2016-12-28T22:41:48+05:30 [8888] INFO  : MANAGE TEST 298  C:\wamp64\www\assessment\php\manageExams.php  , SQL to get Exam Details Array : 'SELECT * FROM `assessment`.`exam` where id='1''
2016-12-28T22:41:48+05:30 [8888] INFO  : DB SQL = 'SELECT job_role FROM `assessment`.`jobroles_excel_import` where qp_code='AGR/Q4804''
2016-12-28T22:41:48+05:30 [8888] INFO  : DB SQL = 'SELECT ssc FROM `assessment`.`jobroles_excel_import` where qp_code='AGR/Q4804''
2016-12-28T22:41:48+05:30 [8888] INFO  : MANAGE ATTENDENCE 16  C:\wamp64\www\assessment\php\manageAttendence.php  , SQL to get Student List : 'SELECT * FROM `assessment`.`batch_students` where batch_id='325069' and status='active' order by name asc'
2016-12-28T22:41:48+05:30 [8888] INFO  : MANAGE ATTENDENCE 41  C:\wamp64\www\assessment\php\manageAttendence.php  , SQL to get Batch Details in Array : 'SELECT * FROM `assessment`.`batch_details` where batch_id='325069' and status='active''
2016-12-28T22:41:48+05:30 [8888] INFO  : MANAGE TEST 257  C:\wamp64\www\assessment\php\manageExams.php  , SQL to get Exam Details : 'SELECT * FROM `assessment`.`exam` where id='1''
2016-12-28T22:41:48+05:30 [8888] INFO  : DB SQL = 'SELECT ssc FROM `assessment`.`jobroles_excel_import` where qp_code='AGR/Q4804''
2016-12-28T22:41:48+05:30 [8888] INFO  : DB SQL = 'SELECT job_role FROM `assessment`.`jobroles_excel_import` where qp_code='AGR/Q4804''
2016-12-28T22:41:48+05:30 [8888] INFO  : ENCRYPTION 48  C:\wamp64\www\assessment\php\EncryptQuestionPaper.php, JSON String for Exam Encryption 'Array'
2016-12-28T22:43:38+05:30 [24360] INFO  : MANAGE TEST 29  C:\wamp64\www\assessment\php\manageExams.php  , SQL to get JSON String of Exam with name : 'SELECT qstn_id,category,module,mark FROM `assessment`.`exam_qstn` where exam_id='1' order by category,module,qstn_id'
2016-12-28T22:43:38+05:30 [24360] INFO  : MANAGE TEST 409  C:\wamp64\www\assessment\php\manageExams.php  , SQL to get Question Count for each category : 'SELECT category , count(category) as no_of_qstns FROM `assessment`.`exam_qstn` where exam_id='1' group by category'
2016-12-28T22:43:38+05:30 [24360] INFO  : MANAGE CATEGORY 196  C:\wamp64\www\assessment\php\manageCategory.php  , SQL to get Category Id : 'SELECT category FROM `assessment`.`subject_category` where id='1''
2016-12-28T22:43:38+05:30 [24360] INFO  : MANAGE CATEGORY 219  C:\wamp64\www\assessment\php\manageCategory.php  , SQL to get Module Id : 'SELECT module FROM `assessment`.`subject_category_module` where id='1''
2016-12-28T22:43:38+05:30 [24360] INFO  : MANAGE TEST 426  C:\wamp64\www\assessment\php\manageExams.php , Get No of Qsnts for category: '1
2016-12-28T22:43:38+05:30 [24360] INFO  : MANAGE TEST 370  C:\wamp64\www\assessment\php\manageExams.php  , SQL to get Question Detail : 'SELECT * FROM `assessment`.`question` where id='230''
2016-12-28T22:43:38+05:30 [24360] INFO  : MANAGE TEST 370  C:\wamp64\www\assessment\php\manageExams.php  , SQL to get Question Detail : 'SELECT * FROM `assessment`.`question` where id='31''
2016-12-28T22:43:38+05:30 [24360] INFO  : MANAGE TEST 370  C:\wamp64\www\assessment\php\manageExams.php  , SQL to get Question Detail : 'SELECT * FROM `assessment`.`question` where id='32''
2016-12-28T22:43:38+05:30 [24360] INFO  : MANAGE TEST 370  C:\wamp64\www\assessment\php\manageExams.php  , SQL to get Question Detail : 'SELECT * FROM `assessment`.`question` where id='37''
2016-12-28T22:43:38+05:30 [24360] INFO  : MANAGE TEST 370  C:\wamp64\www\assessment\php\manageExams.php  , SQL to get Question Detail : 'SELECT * FROM `assessment`.`question` where id='39''
2016-12-28T22:43:38+05:30 [24360] INFO  : MANAGE TEST 370  C:\wamp64\www\assessment\php\manageExams.php  , SQL to get Question Detail : 'SELECT * FROM `assessment`.`question` where id='41''
2016-12-28T22:43:38+05:30 [24360] INFO  : MANAGE CATEGORY 196  C:\wamp64\www\assessment\php\manageCategory.php  , SQL to get Category Id : 'SELECT category FROM `assessment`.`subject_category` where id='2''
2016-12-28T22:43:38+05:30 [24360] INFO  : MANAGE TEST 426  C:\wamp64\www\assessment\php\manageExams.php , Get No of Qsnts for category: '2
2016-12-28T22:43:38+05:30 [24360] INFO  : MANAGE TEST 370  C:\wamp64\www\assessment\php\manageExams.php  , SQL to get Question Detail : 'SELECT * FROM `assessment`.`question` where id='46''
2016-12-28T22:43:38+05:30 [24360] INFO  : MANAGE TEST 370  C:\wamp64\www\assessment\php\manageExams.php  , SQL to get Question Detail : 'SELECT * FROM `assessment`.`question` where id='52''
2016-12-28T22:43:38+05:30 [24360] INFO  : MANAGE TEST 370  C:\wamp64\www\assessment\php\manageExams.php  , SQL to get Question Detail : 'SELECT * FROM `assessment`.`question` where id='55''
2016-12-28T22:43:38+05:30 [24360] INFO  : MANAGE CATEGORY 196  C:\wamp64\www\assessment\php\manageCategory.php  , SQL to get Category Id : 'SELECT category FROM `assessment`.`subject_category` where id='3''
2016-12-28T22:43:38+05:30 [24360] INFO  : MANAGE TEST 426  C:\wamp64\www\assessment\php\manageExams.php , Get No of Qsnts for category: '3
2016-12-28T22:43:38+05:30 [24360] INFO  : MANAGE TEST 370  C:\wamp64\www\assessment\php\manageExams.php  , SQL to get Question Detail : 'SELECT * FROM `assessment`.`question` where id='59''
2016-12-28T22:43:38+05:30 [24360] INFO  : MANAGE TEST 370  C:\wamp64\www\assessment\php\manageExams.php  , SQL to get Question Detail : 'SELECT * FROM `assessment`.`question` where id='67''
2016-12-28T22:43:38+05:30 [24360] INFO  : MANAGE TEST 370  C:\wamp64\www\assessment\php\manageExams.php  , SQL to get Question Detail : 'SELECT * FROM `assessment`.`question` where id='70''
2016-12-28T22:43:38+05:30 [24360] INFO  : MANAGE TEST 298  C:\wamp64\www\assessment\php\manageExams.php  , SQL to get Exam Details Array : 'SELECT * FROM `assessment`.`exam` where id='1''
2016-12-28T22:43:38+05:30 [24360] INFO  : DB SQL = 'SELECT job_role FROM `assessment`.`jobroles_excel_import` where qp_code='AGR/Q4804''
2016-12-28T22:43:38+05:30 [24360] INFO  : DB SQL = 'SELECT ssc FROM `assessment`.`jobroles_excel_import` where qp_code='AGR/Q4804''
2016-12-28T22:43:38+05:30 [24360] INFO  : MANAGE ATTENDENCE 16  C:\wamp64\www\assessment\php\manageAttendence.php  , SQL to get Student List : 'SELECT * FROM `assessment`.`batch_students` where batch_id='325069' and status='active' order by name asc'
2016-12-28T22:43:38+05:30 [24360] INFO  : MANAGE ATTENDENCE 41  C:\wamp64\www\assessment\php\manageAttendence.php  , SQL to get Batch Details in Array : 'SELECT * FROM `assessment`.`batch_details` where batch_id='325069' and status='active''
2016-12-28T22:43:38+05:30 [24360] INFO  : MANAGE TEST 257  C:\wamp64\www\assessment\php\manageExams.php  , SQL to get Exam Details : 'SELECT * FROM `assessment`.`exam` where id='1''
2016-12-28T22:43:38+05:30 [24360] INFO  : DB SQL = 'SELECT ssc FROM `assessment`.`jobroles_excel_import` where qp_code='AGR/Q4804''
2016-12-28T22:43:38+05:30 [24360] INFO  : DB SQL = 'SELECT job_role FROM `assessment`.`jobroles_excel_import` where qp_code='AGR/Q4804''
2016-12-28T22:43:38+05:30 [24360] INFO  : ENCRYPTION 48  C:\wamp64\www\assessment\php\EncryptQuestionPaper.php, JSON String for Exam Encryption 'Array'
2016-12-28T22:44:48+05:30 [21112] INFO  : MANAGE TEST 29  C:\wamp64\www\assessment\php\manageExams.php  , SQL to get JSON String of Exam with name : 'SELECT qstn_id,category,module,mark FROM `assessment`.`exam_qstn` where exam_id='1' order by category,module,qstn_id'
2016-12-28T22:44:48+05:30 [21112] INFO  : MANAGE TEST 409  C:\wamp64\www\assessment\php\manageExams.php  , SQL to get Question Count for each category : 'SELECT category , count(category) as no_of_qstns FROM `assessment`.`exam_qstn` where exam_id='1' group by category'
2016-12-28T22:44:48+05:30 [21112] INFO  : MANAGE CATEGORY 196  C:\wamp64\www\assessment\php\manageCategory.php  , SQL to get Category Id : 'SELECT category FROM `assessment`.`subject_category` where id='1''
2016-12-28T22:44:48+05:30 [21112] INFO  : MANAGE CATEGORY 219  C:\wamp64\www\assessment\php\manageCategory.php  , SQL to get Module Id : 'SELECT module FROM `assessment`.`subject_category_module` where id='1''
2016-12-28T22:44:48+05:30 [21112] INFO  : MANAGE TEST 426  C:\wamp64\www\assessment\php\manageExams.php , Get No of Qsnts for category: '1
2016-12-28T22:44:48+05:30 [21112] INFO  : MANAGE TEST 370  C:\wamp64\www\assessment\php\manageExams.php  , SQL to get Question Detail : 'SELECT * FROM `assessment`.`question` where id='230''
2016-12-28T22:44:48+05:30 [21112] INFO  : MANAGE TEST 370  C:\wamp64\www\assessment\php\manageExams.php  , SQL to get Question Detail : 'SELECT * FROM `assessment`.`question` where id='31''
2016-12-28T22:44:48+05:30 [21112] INFO  : MANAGE TEST 370  C:\wamp64\www\assessment\php\manageExams.php  , SQL to get Question Detail : 'SELECT * FROM `assessment`.`question` where id='32''
2016-12-28T22:44:48+05:30 [21112] INFO  : MANAGE TEST 370  C:\wamp64\www\assessment\php\manageExams.php  , SQL to get Question Detail : 'SELECT * FROM `assessment`.`question` where id='37''
2016-12-28T22:44:48+05:30 [21112] INFO  : MANAGE TEST 370  C:\wamp64\www\assessment\php\manageExams.php  , SQL to get Question Detail : 'SELECT * FROM `assessment`.`question` where id='39''
2016-12-28T22:44:48+05:30 [21112] INFO  : MANAGE TEST 370  C:\wamp64\www\assessment\php\manageExams.php  , SQL to get Question Detail : 'SELECT * FROM `assessment`.`question` where id='41''
2016-12-28T22:44:48+05:30 [21112] INFO  : MANAGE CATEGORY 196  C:\wamp64\www\assessment\php\manageCategory.php  , SQL to get Category Id : 'SELECT category FROM `assessment`.`subject_category` where id='2''
2016-12-28T22:44:48+05:30 [21112] INFO  : MANAGE TEST 426  C:\wamp64\www\assessment\php\manageExams.php , Get No of Qsnts for category: '2
2016-12-28T22:44:48+05:30 [21112] INFO  : MANAGE TEST 370  C:\wamp64\www\assessment\php\manageExams.php  , SQL to get Question Detail : 'SELECT * FROM `assessment`.`question` where id='46''
2016-12-28T22:44:48+05:30 [21112] INFO  : MANAGE TEST 370  C:\wamp64\www\assessment\php\manageExams.php  , SQL to get Question Detail : 'SELECT * FROM `assessment`.`question` where id='52''
2016-12-28T22:44:48+05:30 [21112] INFO  : MANAGE TEST 370  C:\wamp64\www\assessment\php\manageExams.php  , SQL to get Question Detail : 'SELECT * FROM `assessment`.`question` where id='55''
2016-12-28T22:44:48+05:30 [21112] INFO  : MANAGE CATEGORY 196  C:\wamp64\www\assessment\php\manageCategory.php  , SQL to get Category Id : 'SELECT category FROM `assessment`.`subject_category` where id='3''
2016-12-28T22:44:48+05:30 [21112] INFO  : MANAGE TEST 426  C:\wamp64\www\assessment\php\manageExams.php , Get No of Qsnts for category: '3
2016-12-28T22:44:48+05:30 [21112] INFO  : MANAGE TEST 370  C:\wamp64\www\assessment\php\manageExams.php  , SQL to get Question Detail : 'SELECT * FROM `assessment`.`question` where id='59''
2016-12-28T22:44:48+05:30 [21112] INFO  : MANAGE TEST 370  C:\wamp64\www\assessment\php\manageExams.php  , SQL to get Question Detail : 'SELECT * FROM `assessment`.`question` where id='67''
2016-12-28T22:44:48+05:30 [21112] INFO  : MANAGE TEST 370  C:\wamp64\www\assessment\php\manageExams.php  , SQL to get Question Detail : 'SELECT * FROM `assessment`.`question` where id='70''
2016-12-28T22:44:48+05:30 [21112] INFO  : MANAGE TEST 298  C:\wamp64\www\assessment\php\manageExams.php  , SQL to get Exam Details Array : 'SELECT * FROM `assessment`.`exam` where id='1''
2016-12-28T22:44:48+05:30 [21112] INFO  : DB SQL = 'SELECT job_role FROM `assessment`.`jobroles_excel_import` where qp_code='AGR/Q4804''
2016-12-28T22:44:48+05:30 [21112] INFO  : DB SQL = 'SELECT ssc FROM `assessment`.`jobroles_excel_import` where qp_code='AGR/Q4804''
2016-12-28T22:44:48+05:30 [21112] INFO  : MANAGE ATTENDENCE 16  C:\wamp64\www\assessment\php\manageAttendence.php  , SQL to get Student List : 'SELECT * FROM `assessment`.`batch_students` where batch_id='325069' and status='active' order by name asc'
2016-12-28T22:44:48+05:30 [21112] INFO  : MANAGE ATTENDENCE 41  C:\wamp64\www\assessment\php\manageAttendence.php  , SQL to get Batch Details in Array : 'SELECT * FROM `assessment`.`batch_details` where batch_id='325069' and status='active''
2016-12-28T22:44:48+05:30 [21112] INFO  : MANAGE TEST 257  C:\wamp64\www\assessment\php\manageExams.php  , SQL to get Exam Details : 'SELECT * FROM `assessment`.`exam` where id='1''
2016-12-28T22:44:48+05:30 [21112] INFO  : DB SQL = 'SELECT ssc FROM `assessment`.`jobroles_excel_import` where qp_code='AGR/Q4804''
2016-12-28T22:44:48+05:30 [21112] INFO  : DB SQL = 'SELECT job_role FROM `assessment`.`jobroles_excel_import` where qp_code='AGR/Q4804''
2016-12-28T22:44:48+05:30 [21112] INFO  : ENCRYPTION 48  C:\wamp64\www\assessment\php\EncryptQuestionPaper.php, JSON String for Exam Encryption 'Array'
2016-12-28T22:45:21+05:30 [13676] INFO  : MANAGE TEST 29  C:\wamp64\www\assessment\php\manageExams.php  , SQL to get JSON String of Exam with name : 'SELECT qstn_id,category,module,mark FROM `assessment`.`exam_qstn` where exam_id='1' order by category,module,qstn_id'
2016-12-28T22:45:21+05:30 [13676] INFO  : MANAGE TEST 409  C:\wamp64\www\assessment\php\manageExams.php  , SQL to get Question Count for each category : 'SELECT category , count(category) as no_of_qstns FROM `assessment`.`exam_qstn` where exam_id='1' group by category'
2016-12-28T22:45:21+05:30 [13676] INFO  : MANAGE CATEGORY 196  C:\wamp64\www\assessment\php\manageCategory.php  , SQL to get Category Id : 'SELECT category FROM `assessment`.`subject_category` where id='1''
2016-12-28T22:45:21+05:30 [13676] INFO  : MANAGE CATEGORY 219  C:\wamp64\www\assessment\php\manageCategory.php  , SQL to get Module Id : 'SELECT module FROM `assessment`.`subject_category_module` where id='1''
2016-12-28T22:45:21+05:30 [13676] INFO  : MANAGE TEST 426  C:\wamp64\www\assessment\php\manageExams.php , Get No of Qsnts for category: '1
2016-12-28T22:45:21+05:30 [13676] INFO  : MANAGE TEST 370  C:\wamp64\www\assessment\php\manageExams.php  , SQL to get Question Detail : 'SELECT * FROM `assessment`.`question` where id='230''
2016-12-28T22:45:21+05:30 [13676] INFO  : MANAGE TEST 370  C:\wamp64\www\assessment\php\manageExams.php  , SQL to get Question Detail : 'SELECT * FROM `assessment`.`question` where id='31''
2016-12-28T22:45:21+05:30 [13676] INFO  : MANAGE TEST 370  C:\wamp64\www\assessment\php\manageExams.php  , SQL to get Question Detail : 'SELECT * FROM `assessment`.`question` where id='32''
2016-12-28T22:45:21+05:30 [13676] INFO  : MANAGE TEST 370  C:\wamp64\www\assessment\php\manageExams.php  , SQL to get Question Detail : 'SELECT * FROM `assessment`.`question` where id='37''
2016-12-28T22:45:21+05:30 [13676] INFO  : MANAGE TEST 370  C:\wamp64\www\assessment\php\manageExams.php  , SQL to get Question Detail : 'SELECT * FROM `assessment`.`question` where id='39''
2016-12-28T22:45:21+05:30 [13676] INFO  : MANAGE TEST 370  C:\wamp64\www\assessment\php\manageExams.php  , SQL to get Question Detail : 'SELECT * FROM `assessment`.`question` where id='41''
2016-12-28T22:45:21+05:30 [13676] INFO  : MANAGE CATEGORY 196  C:\wamp64\www\assessment\php\manageCategory.php  , SQL to get Category Id : 'SELECT category FROM `assessment`.`subject_category` where id='2''
2016-12-28T22:45:21+05:30 [13676] INFO  : MANAGE TEST 426  C:\wamp64\www\assessment\php\manageExams.php , Get No of Qsnts for category: '2
2016-12-28T22:45:21+05:30 [13676] INFO  : MANAGE TEST 370  C:\wamp64\www\assessment\php\manageExams.php  , SQL to get Question Detail : 'SELECT * FROM `assessment`.`question` where id='46''
2016-12-28T22:45:21+05:30 [13676] INFO  : MANAGE TEST 370  C:\wamp64\www\assessment\php\manageExams.php  , SQL to get Question Detail : 'SELECT * FROM `assessment`.`question` where id='52''
2016-12-28T22:45:21+05:30 [13676] INFO  : MANAGE TEST 370  C:\wamp64\www\assessment\php\manageExams.php  , SQL to get Question Detail : 'SELECT * FROM `assessment`.`question` where id='55''
2016-12-28T22:45:21+05:30 [13676] INFO  : MANAGE CATEGORY 196  C:\wamp64\www\assessment\php\manageCategory.php  , SQL to get Category Id : 'SELECT category FROM `assessment`.`subject_category` where id='3''
2016-12-28T22:45:21+05:30 [13676] INFO  : MANAGE TEST 426  C:\wamp64\www\assessment\php\manageExams.php , Get No of Qsnts for category: '3
2016-12-28T22:45:21+05:30 [13676] INFO  : MANAGE TEST 370  C:\wamp64\www\assessment\php\manageExams.php  , SQL to get Question Detail : 'SELECT * FROM `assessment`.`question` where id='59''
2016-12-28T22:45:21+05:30 [13676] INFO  : MANAGE TEST 370  C:\wamp64\www\assessment\php\manageExams.php  , SQL to get Question Detail : 'SELECT * FROM `assessment`.`question` where id='67''
2016-12-28T22:45:21+05:30 [13676] INFO  : MANAGE TEST 370  C:\wamp64\www\assessment\php\manageExams.php  , SQL to get Question Detail : 'SELECT * FROM `assessment`.`question` where id='70''
2016-12-28T22:45:21+05:30 [13676] INFO  : MANAGE TEST 298  C:\wamp64\www\assessment\php\manageExams.php  , SQL to get Exam Details Array : 'SELECT * FROM `assessment`.`exam` where id='1''
2016-12-28T22:45:21+05:30 [13676] INFO  : DB SQL = 'SELECT job_role FROM `assessment`.`jobroles_excel_import` where qp_code='AGR/Q4804''
2016-12-28T22:45:21+05:30 [13676] INFO  : DB SQL = 'SELECT ssc FROM `assessment`.`jobroles_excel_import` where qp_code='AGR/Q4804''
2016-12-28T22:45:21+05:30 [13676] INFO  : MANAGE ATTENDENCE 16  C:\wamp64\www\assessment\php\manageAttendence.php  , SQL to get Student List : 'SELECT * FROM `assessment`.`batch_students` where batch_id='325069' and status='active' order by name asc'
2016-12-28T22:45:21+05:30 [13676] INFO  : MANAGE ATTENDENCE 41  C:\wamp64\www\assessment\php\manageAttendence.php  , SQL to get Batch Details in Array : 'SELECT * FROM `assessment`.`batch_details` where batch_id='325069' and status='active''
2016-12-28T22:45:21+05:30 [13676] INFO  : MANAGE TEST 257  C:\wamp64\www\assessment\php\manageExams.php  , SQL to get Exam Details : 'SELECT * FROM `assessment`.`exam` where id='1''
2016-12-28T22:45:21+05:30 [13676] INFO  : DB SQL = 'SELECT ssc FROM `assessment`.`jobroles_excel_import` where qp_code='AGR/Q4804''
2016-12-28T22:45:21+05:30 [13676] INFO  : DB SQL = 'SELECT job_role FROM `assessment`.`jobroles_excel_import` where qp_code='AGR/Q4804''
2016-12-28T22:45:21+05:30 [13676] INFO  : ENCRYPTION 48  C:\wamp64\www\assessment\php\EncryptQuestionPaper.php, JSON String for Exam Encryption 'Array'
2016-12-28T22:46:33+05:30 [24800] INFO  : MANAGE TEST 29  C:\wamp64\www\assessment\php\manageExams.php  , SQL to get JSON String of Exam with name : 'SELECT qstn_id,category,module,mark FROM `assessment`.`exam_qstn` where exam_id='1' order by category,module,qstn_id'
2016-12-28T22:46:33+05:30 [24800] INFO  : MANAGE TEST 409  C:\wamp64\www\assessment\php\manageExams.php  , SQL to get Question Count for each category : 'SELECT category , count(category) as no_of_qstns FROM `assessment`.`exam_qstn` where exam_id='1' group by category'
2016-12-28T22:46:33+05:30 [24800] INFO  : MANAGE CATEGORY 196  C:\wamp64\www\assessment\php\manageCategory.php  , SQL to get Category Id : 'SELECT category FROM `assessment`.`subject_category` where id='1''
2016-12-28T22:46:33+05:30 [24800] INFO  : MANAGE CATEGORY 219  C:\wamp64\www\assessment\php\manageCategory.php  , SQL to get Module Id : 'SELECT module FROM `assessment`.`subject_category_module` where id='1''
2016-12-28T22:46:33+05:30 [24800] INFO  : MANAGE TEST 426  C:\wamp64\www\assessment\php\manageExams.php , Get No of Qsnts for category: '1
2016-12-28T22:46:33+05:30 [24800] INFO  : MANAGE TEST 370  C:\wamp64\www\assessment\php\manageExams.php  , SQL to get Question Detail : 'SELECT * FROM `assessment`.`question` where id='230''
2016-12-28T22:46:33+05:30 [24800] INFO  : MANAGE TEST 370  C:\wamp64\www\assessment\php\manageExams.php  , SQL to get Question Detail : 'SELECT * FROM `assessment`.`question` where id='31''
2016-12-28T22:46:33+05:30 [24800] INFO  : MANAGE TEST 370  C:\wamp64\www\assessment\php\manageExams.php  , SQL to get Question Detail : 'SELECT * FROM `assessment`.`question` where id='32''
2016-12-28T22:46:33+05:30 [24800] INFO  : MANAGE TEST 370  C:\wamp64\www\assessment\php\manageExams.php  , SQL to get Question Detail : 'SELECT * FROM `assessment`.`question` where id='37''
2016-12-28T22:46:33+05:30 [24800] INFO  : MANAGE TEST 370  C:\wamp64\www\assessment\php\manageExams.php  , SQL to get Question Detail : 'SELECT * FROM `assessment`.`question` where id='39''
2016-12-28T22:46:33+05:30 [24800] INFO  : MANAGE TEST 370  C:\wamp64\www\assessment\php\manageExams.php  , SQL to get Question Detail : 'SELECT * FROM `assessment`.`question` where id='41''
2016-12-28T22:46:33+05:30 [24800] INFO  : MANAGE CATEGORY 196  C:\wamp64\www\assessment\php\manageCategory.php  , SQL to get Category Id : 'SELECT category FROM `assessment`.`subject_category` where id='2''
2016-12-28T22:46:33+05:30 [24800] INFO  : MANAGE TEST 426  C:\wamp64\www\assessment\php\manageExams.php , Get No of Qsnts for category: '2
2016-12-28T22:46:33+05:30 [24800] INFO  : MANAGE TEST 370  C:\wamp64\www\assessment\php\manageExams.php  , SQL to get Question Detail : 'SELECT * FROM `assessment`.`question` where id='46''
2016-12-28T22:46:33+05:30 [24800] INFO  : MANAGE TEST 370  C:\wamp64\www\assessment\php\manageExams.php  , SQL to get Question Detail : 'SELECT * FROM `assessment`.`question` where id='52''
2016-12-28T22:46:33+05:30 [24800] INFO  : MANAGE TEST 370  C:\wamp64\www\assessment\php\manageExams.php  , SQL to get Question Detail : 'SELECT * FROM `assessment`.`question` where id='55''
2016-12-28T22:46:33+05:30 [24800] INFO  : MANAGE CATEGORY 196  C:\wamp64\www\assessment\php\manageCategory.php  , SQL to get Category Id : 'SELECT category FROM `assessment`.`subject_category` where id='3''
2016-12-28T22:46:33+05:30 [24800] INFO  : MANAGE TEST 426  C:\wamp64\www\assessment\php\manageExams.php , Get No of Qsnts for category: '3
2016-12-28T22:46:33+05:30 [24800] INFO  : MANAGE TEST 370  C:\wamp64\www\assessment\php\manageExams.php  , SQL to get Question Detail : 'SELECT * FROM `assessment`.`question` where id='59''
2016-12-28T22:46:33+05:30 [24800] INFO  : MANAGE TEST 370  C:\wamp64\www\assessment\php\manageExams.php  , SQL to get Question Detail : 'SELECT * FROM `assessment`.`question` where id='67''
2016-12-28T22:46:33+05:30 [24800] INFO  : MANAGE TEST 370  C:\wamp64\www\assessment\php\manageExams.php  , SQL to get Question Detail : 'SELECT * FROM `assessment`.`question` where id='70''
2016-12-28T22:46:33+05:30 [24800] INFO  : MANAGE TEST 298  C:\wamp64\www\assessment\php\manageExams.php  , SQL to get Exam Details Array : 'SELECT * FROM `assessment`.`exam` where id='1''
2016-12-28T22:46:33+05:30 [24800] INFO  : DB SQL = 'SELECT job_role FROM `assessment`.`jobroles_excel_import` where qp_code='AGR/Q4804''
2016-12-28T22:46:33+05:30 [24800] INFO  : DB SQL = 'SELECT ssc FROM `assessment`.`jobroles_excel_import` where qp_code='AGR/Q4804''
2016-12-28T22:46:33+05:30 [24800] INFO  : MANAGE ATTENDENCE 16  C:\wamp64\www\assessment\php\manageAttendence.php  , SQL to get Student List : 'SELECT * FROM `assessment`.`batch_students` where batch_id='325069' and status='active' order by name asc'
2016-12-28T22:46:33+05:30 [24800] INFO  : MANAGE ATTENDENCE 41  C:\wamp64\www\assessment\php\manageAttendence.php  , SQL to get Batch Details in Array : 'SELECT * FROM `assessment`.`batch_details` where batch_id='325069' and status='active''
2016-12-28T22:46:33+05:30 [24800] INFO  : MANAGE TEST 257  C:\wamp64\www\assessment\php\manageExams.php  , SQL to get Exam Details : 'SELECT * FROM `assessment`.`exam` where id='1''
2016-12-28T22:46:33+05:30 [24800] INFO  : DB SQL = 'SELECT ssc FROM `assessment`.`jobroles_excel_import` where qp_code='AGR/Q4804''
2016-12-28T22:46:33+05:30 [24800] INFO  : DB SQL = 'SELECT job_role FROM `assessment`.`jobroles_excel_import` where qp_code='AGR/Q4804''
2016-12-28T22:46:33+05:30 [24800] INFO  : ENCRYPTION 48  C:\wamp64\www\assessment\php\EncryptQuestionPaper.php, JSON String for Exam Encryption 'Array'
