2017-01-02T09:16:41+05:30 [12828] INFO  : DB Get Request with parameter :'ssc'
2017-01-02T09:16:41+05:30 [12828] INFO  : DB Get SSC List from database.
2017-01-02T09:16:41+05:30 [12828] INFO  : DB SQL = 'SELECT ssc FROM `assessment`.`jobroles_excel_import`'
2017-01-02T09:16:42+05:30 [12828] INFO  : MANAGE TEST Get Request with parameter :'exams'
2017-01-02T09:16:42+05:30 [12828] INFO  : MANAGE TEST Get Exam List for subject  : ''
2017-01-02T09:16:42+05:30 [12828] INFO  : MANAGE TEST 950  C:\wamp64\www\assessment\php\manageExams.php  , SQL to get Exam : 'SELECT * FROM `assessment`.`exam` where status='active''
2017-01-02T09:18:07+05:30 [12828] INFO  : DB Get Request with parameter :'ssc'
2017-01-02T09:18:07+05:30 [12828] INFO  : DB Get SSC List from database.
2017-01-02T09:18:07+05:30 [12828] INFO  : DB SQL = 'SELECT ssc FROM `assessment`.`jobroles_excel_import`'
2017-01-02T09:18:07+05:30 [12828] INFO  : MANAGE TEST Get Request with parameter :'exams'
2017-01-02T09:18:07+05:30 [12828] INFO  : MANAGE TEST Get Exam List for subject  : ''
2017-01-02T09:18:07+05:30 [12828] INFO  : MANAGE TEST 950  C:\wamp64\www\assessment\php\manageExams.php  , SQL to get Exam : 'SELECT * FROM `assessment`.`exam` where status='active''
2017-01-02T09:18:44+05:30 [12828] INFO  : MANAGE TEST Get Request with parameter :'exams'
2017-01-02T09:18:44+05:30 [12828] INFO  : MANAGE TEST Get Exam List for subject  : ''
2017-01-02T09:18:44+05:30 [12828] INFO  : MANAGE TEST 950  C:\wamp64\www\assessment\php\manageExams.php  , SQL to get Exam : 'SELECT * FROM `assessment`.`exam` where status='active''
2017-01-02T09:18:44+05:30 [12828] INFO  : DB Get Request with parameter :'ssc'
2017-01-02T09:18:44+05:30 [12828] INFO  : DB Get SSC List from database.
2017-01-02T09:18:44+05:30 [12828] INFO  : DB SQL = 'SELECT ssc FROM `assessment`.`jobroles_excel_import`'
2017-01-02T09:19:48+05:30 [12828] INFO  : DB Get Request with parameter :'ssc'
2017-01-02T09:19:48+05:30 [12828] INFO  : DB Get SSC List from database.
2017-01-02T09:19:48+05:30 [12828] INFO  : DB SQL = 'SELECT ssc FROM `assessment`.`jobroles_excel_import`'
2017-01-02T09:19:48+05:30 [12828] INFO  : MANAGE TEST Get Request with parameter :'exams'
2017-01-02T09:19:48+05:30 [12828] INFO  : MANAGE TEST Get Exam List for subject  : ''
2017-01-02T09:19:49+05:30 [12828] INFO  : MANAGE TEST 950  C:\wamp64\www\assessment\php\manageExams.php  , SQL to get Exam : 'SELECT * FROM `assessment`.`exam` where status='active''
2017-01-02T09:20:23+05:30 [12828] INFO  : DB Get Request with parameter :'ssc'
2017-01-02T09:20:23+05:30 [12828] INFO  : DB Get SSC List from database.
2017-01-02T09:20:23+05:30 [12828] INFO  : DB SQL = 'SELECT ssc FROM `assessment`.`jobroles_excel_import`'
2017-01-02T09:20:23+05:30 [12828] INFO  : MANAGE TEST Get Request with parameter :'exams'
2017-01-02T09:20:23+05:30 [12828] INFO  : MANAGE TEST Get Exam List for subject  : ''
2017-01-02T09:20:23+05:30 [12828] INFO  : MANAGE TEST 950  C:\wamp64\www\assessment\php\manageExams.php  , SQL to get Exam : 'SELECT * FROM `assessment`.`exam` where status='active''
2017-01-02T09:21:16+05:30 [12828] INFO  : DB Get Request with parameter :'ssc'
2017-01-02T09:21:16+05:30 [12828] INFO  : DB Get SSC List from database.
2017-01-02T09:21:16+05:30 [12828] INFO  : DB SQL = 'SELECT ssc FROM `assessment`.`jobroles_excel_import`'
2017-01-02T09:21:16+05:30 [12828] INFO  : MANAGE TEST Get Request with parameter :'exams'
2017-01-02T09:21:16+05:30 [12828] INFO  : MANAGE TEST Get Exam List for subject  : ''
2017-01-02T09:21:16+05:30 [12828] INFO  : MANAGE TEST 950  C:\wamp64\www\assessment\php\manageExams.php  , SQL to get Exam : 'SELECT * FROM `assessment`.`exam` where status='active''
2017-01-02T09:26:06+05:30 [12828] INFO  : DB Get Request with parameter :'ssc'
2017-01-02T09:26:06+05:30 [12828] INFO  : DB Get SSC List from database.
2017-01-02T09:26:06+05:30 [12828] INFO  : DB SQL = 'SELECT ssc FROM `assessment`.`jobroles_excel_import`'
2017-01-02T09:26:06+05:30 [12828] INFO  : MANAGE TEST Get Request with parameter :'exams'
2017-01-02T09:26:06+05:30 [12828] INFO  : MANAGE TEST Get Exam List for subject  : ''
2017-01-02T09:26:06+05:30 [12828] INFO  : MANAGE TEST 950  C:\wamp64\www\assessment\php\manageExams.php  , SQL to get Exam : 'SELECT * FROM `assessment`.`exam` where status='active''
2017-01-02T09:28:37+05:30 [12828] INFO  : DB Get Request with parameter :'ssc'
2017-01-02T09:28:37+05:30 [12828] INFO  : DB Get SSC List from database.
2017-01-02T09:28:37+05:30 [12828] INFO  : DB SQL = 'SELECT ssc FROM `assessment`.`jobroles_excel_import`'
2017-01-02T09:28:37+05:30 [12828] INFO  : MANAGE TEST Get Request with parameter :'exams'
2017-01-02T09:28:37+05:30 [12828] INFO  : MANAGE TEST Get Exam List for subject  : ''
2017-01-02T09:28:37+05:30 [12828] INFO  : MANAGE TEST 950  C:\wamp64\www\assessment\php\manageExams.php  , SQL to get Exam : 'SELECT * FROM `assessment`.`exam` where status='active''
2017-01-02T09:28:57+05:30 [12828] INFO  : DB Get Request with parameter :'ssc'
2017-01-02T09:28:57+05:30 [12828] INFO  : DB Get SSC List from database.
2017-01-02T09:28:57+05:30 [12828] INFO  : DB SQL = 'SELECT ssc FROM `assessment`.`jobroles_excel_import`'
2017-01-02T09:28:57+05:30 [12828] INFO  : MANAGE TEST Get Request with parameter :'exams'
2017-01-02T09:28:57+05:30 [12828] INFO  : MANAGE TEST Get Exam List for subject  : ''
2017-01-02T09:28:57+05:30 [12828] INFO  : MANAGE TEST 950  C:\wamp64\www\assessment\php\manageExams.php  , SQL to get Exam : 'SELECT * FROM `assessment`.`exam` where status='active''
2017-01-02T09:30:20+05:30 [12828] INFO  : DB Get Request with parameter :'ssc'
2017-01-02T09:30:20+05:30 [12828] INFO  : DB Get SSC List from database.
2017-01-02T09:30:20+05:30 [12828] INFO  : DB SQL = 'SELECT ssc FROM `assessment`.`jobroles_excel_import`'
2017-01-02T09:30:20+05:30 [12828] INFO  : MANAGE TEST Get Request with parameter :'exams'
2017-01-02T09:30:20+05:30 [12828] INFO  : MANAGE TEST Get Exam List for subject  : ''
2017-01-02T09:30:20+05:30 [12828] INFO  : MANAGE TEST 950  C:\wamp64\www\assessment\php\manageExams.php  , SQL to get Exam : 'SELECT * FROM `assessment`.`exam` where status='active''
2017-01-02T09:31:05+05:30 [12828] INFO  : DB Get Request with parameter :'ssc'
2017-01-02T09:31:05+05:30 [12828] INFO  : DB Get SSC List from database.
2017-01-02T09:31:05+05:30 [12828] INFO  : DB SQL = 'SELECT ssc FROM `assessment`.`jobroles_excel_import`'
2017-01-02T09:31:05+05:30 [12828] INFO  : MANAGE TEST Get Request with parameter :'exams'
2017-01-02T09:31:05+05:30 [12828] INFO  : MANAGE TEST Get Exam List for subject  : ''
2017-01-02T09:31:05+05:30 [12828] INFO  : MANAGE TEST 950  C:\wamp64\www\assessment\php\manageExams.php  , SQL to get Exam : 'SELECT * FROM `assessment`.`exam` where status='active''
2017-01-02T09:31:40+05:30 [12828] INFO  : DB Get Request with parameter :'ssc'
2017-01-02T09:31:40+05:30 [12828] INFO  : DB Get SSC List from database.
2017-01-02T09:31:40+05:30 [12828] INFO  : DB SQL = 'SELECT ssc FROM `assessment`.`jobroles_excel_import`'
2017-01-02T09:31:41+05:30 [12828] INFO  : MANAGE TEST Get Request with parameter :'exams'
2017-01-02T09:31:41+05:30 [12828] INFO  : MANAGE TEST Get Exam List for subject  : ''
2017-01-02T09:31:41+05:30 [12828] INFO  : MANAGE TEST 950  C:\wamp64\www\assessment\php\manageExams.php  , SQL to get Exam : 'SELECT * FROM `assessment`.`exam` where status='active''
2017-01-02T09:31:51+05:30 [12828] INFO  : DB Get Request with parameter :'ssc'
2017-01-02T09:31:51+05:30 [12828] INFO  : DB Get SSC List from database.
2017-01-02T09:31:51+05:30 [12828] INFO  : DB SQL = 'SELECT ssc FROM `assessment`.`jobroles_excel_import`'
2017-01-02T09:31:51+05:30 [12828] INFO  : MANAGE TEST Get Request with parameter :'exams'
2017-01-02T09:31:51+05:30 [12828] INFO  : MANAGE TEST Get Exam List for subject  : ''
2017-01-02T09:31:51+05:30 [12828] INFO  : MANAGE TEST 950  C:\wamp64\www\assessment\php\manageExams.php  , SQL to get Exam : 'SELECT * FROM `assessment`.`exam` where status='active''
2017-01-02T09:32:40+05:30 [12828] INFO  : DB Get Request with parameter :'ssc'
2017-01-02T09:32:40+05:30 [12828] INFO  : DB Get SSC List from database.
2017-01-02T09:32:40+05:30 [12828] INFO  : DB SQL = 'SELECT ssc FROM `assessment`.`jobroles_excel_import`'
2017-01-02T09:32:40+05:30 [12828] INFO  : MANAGE TEST Get Request with parameter :'exams'
2017-01-02T09:32:40+05:30 [12828] INFO  : MANAGE TEST Get Exam List for subject  : ''
2017-01-02T09:32:40+05:30 [12828] INFO  : MANAGE TEST 950  C:\wamp64\www\assessment\php\manageExams.php  , SQL to get Exam : 'SELECT * FROM `assessment`.`exam` where status='active''
2017-01-02T09:33:22+05:30 [12828] INFO  : DB Get Request with parameter :'ssc'
2017-01-02T09:33:22+05:30 [12828] INFO  : DB Get SSC List from database.
2017-01-02T09:33:22+05:30 [12828] INFO  : DB SQL = 'SELECT ssc FROM `assessment`.`jobroles_excel_import`'
2017-01-02T09:33:22+05:30 [12828] INFO  : MANAGE TEST Get Request with parameter :'exams'
2017-01-02T09:33:22+05:30 [12828] INFO  : MANAGE TEST Get Exam List for subject  : ''
2017-01-02T09:33:22+05:30 [12828] INFO  : MANAGE TEST 950  C:\wamp64\www\assessment\php\manageExams.php  , SQL to get Exam : 'SELECT * FROM `assessment`.`exam` where status='active''
