2016-12-29T15:00:25+05:30 [13928] INFO  : MANAGE TEST 29  C:\wamp64\www\assessment\php\manageExams.php  , SQL to get JSON String of Exam with name : 'SELECT qstn_id,category,module,mark FROM `assessment`.`exam_qstn` where exam_id='1' order by category,module,qstn_id'
2016-12-29T15:00:25+05:30 [13928] INFO  : MANAGE TEST 409  C:\wamp64\www\assessment\php\manageExams.php  , SQL to get Question Count for each category : 'SELECT category , count(category) as no_of_qstns FROM `assessment`.`exam_qstn` where exam_id='1' group by category'
2016-12-29T15:00:25+05:30 [13928] INFO  : MANAGE CATEGORY 196  C:\wamp64\www\assessment\php\manageCategory.php  , SQL to get Category Id : 'SELECT category FROM `assessment`.`subject_category` where id='1''
2016-12-29T15:00:25+05:30 [13928] INFO  : MANAGE CATEGORY 219  C:\wamp64\www\assessment\php\manageCategory.php  , SQL to get Module Id : 'SELECT module FROM `assessment`.`subject_category_module` where id='1''
2016-12-29T15:00:25+05:30 [13928] INFO  : MANAGE TEST 426  C:\wamp64\www\assessment\php\manageExams.php , Get No of Qsnts for category: '1
2016-12-29T15:00:25+05:30 [13928] INFO  : MANAGE TEST 370  C:\wamp64\www\assessment\php\manageExams.php  , SQL to get Question Detail : 'SELECT * FROM `assessment`.`question` where id='230''
2016-12-29T15:00:25+05:30 [13928] INFO  : MANAGE TEST 370  C:\wamp64\www\assessment\php\manageExams.php  , SQL to get Question Detail : 'SELECT * FROM `assessment`.`question` where id='31''
2016-12-29T15:00:25+05:30 [13928] INFO  : MANAGE TEST 370  C:\wamp64\www\assessment\php\manageExams.php  , SQL to get Question Detail : 'SELECT * FROM `assessment`.`question` where id='32''
2016-12-29T15:00:25+05:30 [13928] INFO  : MANAGE TEST 370  C:\wamp64\www\assessment\php\manageExams.php  , SQL to get Question Detail : 'SELECT * FROM `assessment`.`question` where id='37''
2016-12-29T15:00:25+05:30 [13928] INFO  : MANAGE TEST 370  C:\wamp64\www\assessment\php\manageExams.php  , SQL to get Question Detail : 'SELECT * FROM `assessment`.`question` where id='39''
2016-12-29T15:00:25+05:30 [13928] INFO  : MANAGE TEST 370  C:\wamp64\www\assessment\php\manageExams.php  , SQL to get Question Detail : 'SELECT * FROM `assessment`.`question` where id='41''
2016-12-29T15:00:25+05:30 [13928] INFO  : MANAGE CATEGORY 196  C:\wamp64\www\assessment\php\manageCategory.php  , SQL to get Category Id : 'SELECT category FROM `assessment`.`subject_category` where id='2''
2016-12-29T15:00:25+05:30 [13928] INFO  : MANAGE TEST 426  C:\wamp64\www\assessment\php\manageExams.php , Get No of Qsnts for category: '2
2016-12-29T15:00:25+05:30 [13928] INFO  : MANAGE TEST 370  C:\wamp64\www\assessment\php\manageExams.php  , SQL to get Question Detail : 'SELECT * FROM `assessment`.`question` where id='46''
2016-12-29T15:00:25+05:30 [13928] INFO  : MANAGE TEST 370  C:\wamp64\www\assessment\php\manageExams.php  , SQL to get Question Detail : 'SELECT * FROM `assessment`.`question` where id='52''
2016-12-29T15:00:25+05:30 [13928] INFO  : MANAGE TEST 370  C:\wamp64\www\assessment\php\manageExams.php  , SQL to get Question Detail : 'SELECT * FROM `assessment`.`question` where id='55''
2016-12-29T15:00:26+05:30 [13928] INFO  : MANAGE CATEGORY 196  C:\wamp64\www\assessment\php\manageCategory.php  , SQL to get Category Id : 'SELECT category FROM `assessment`.`subject_category` where id='3''
2016-12-29T15:00:26+05:30 [13928] INFO  : MANAGE TEST 426  C:\wamp64\www\assessment\php\manageExams.php , Get No of Qsnts for category: '3
2016-12-29T15:00:26+05:30 [13928] INFO  : MANAGE TEST 370  C:\wamp64\www\assessment\php\manageExams.php  , SQL to get Question Detail : 'SELECT * FROM `assessment`.`question` where id='59''
2016-12-29T15:00:26+05:30 [13928] INFO  : MANAGE TEST 370  C:\wamp64\www\assessment\php\manageExams.php  , SQL to get Question Detail : 'SELECT * FROM `assessment`.`question` where id='67''
2016-12-29T15:00:26+05:30 [13928] INFO  : MANAGE TEST 370  C:\wamp64\www\assessment\php\manageExams.php  , SQL to get Question Detail : 'SELECT * FROM `assessment`.`question` where id='70''
2016-12-29T15:00:26+05:30 [13928] INFO  : MANAGE TEST 298  C:\wamp64\www\assessment\php\manageExams.php  , SQL to get Exam Details Array : 'SELECT * FROM `assessment`.`exam` where id='1''
2016-12-29T15:00:26+05:30 [13928] INFO  : DB SQL = 'SELECT job_role FROM `assessment`.`jobroles_excel_import` where qp_code='AGR/Q4804''
2016-12-29T15:00:26+05:30 [13928] INFO  : DB SQL = 'SELECT ssc FROM `assessment`.`jobroles_excel_import` where qp_code='AGR/Q4804''
2016-12-29T15:00:26+05:30 [13928] INFO  : MANAGE ATTENDENCE 16  C:\wamp64\www\assessment\php\manageAttendence.php  , SQL to get Student List : 'SELECT * FROM `assessment`.`batch_students` where batch_id='325069' and status='active' order by name asc'
2016-12-29T15:00:26+05:30 [13928] INFO  : MANAGE ATTENDENCE 41  C:\wamp64\www\assessment\php\manageAttendence.php  , SQL to get Batch Details in Array : 'SELECT * FROM `assessment`.`batch_details` where batch_id='325069' and status='active''
2016-12-29T15:00:26+05:30 [13928] INFO  : MANAGE TEST 257  C:\wamp64\www\assessment\php\manageExams.php  , SQL to get Exam Details : 'SELECT * FROM `assessment`.`exam` where id='1''
2016-12-29T15:00:26+05:30 [13928] INFO  : DB SQL = 'SELECT ssc FROM `assessment`.`jobroles_excel_import` where qp_code='AGR/Q4804''
2016-12-29T15:00:26+05:30 [13928] INFO  : DB SQL = 'SELECT job_role FROM `assessment`.`jobroles_excel_import` where qp_code='AGR/Q4804''
