2016-11-24T03:20:27+00:00 [7036] INFO  : DB Get Request with parameter :'questions'
2016-11-24T03:20:27+00:00 [7036] INFO  : DB Get Questions List for subject  : 'questions'
2016-11-24T03:20:27+00:00 [7036] INFO  : DB 78  C:\wamp64\www\assessment\php\manageQuestions.php  , SQL to get Question : 'SELECT * FROM `assessment`.`question`'
2016-11-24T03:20:28+00:00 [7036] INFO  : DB Get Request with parameter :'categories'
2016-11-24T03:20:30+00:00 [7036] INFO  : DB Get Request with parameter :'ssc'
2016-11-24T03:20:30+00:00 [7036] INFO  : DB Get SSC List from database.
2016-11-24T03:20:30+00:00 [7036] INFO  : DB SQL = 'SELECT ssc FROM `assessment`.`jobroles_excel_import`'
2016-11-24T03:20:31+00:00 [7036] INFO  : DB Get Request with parameter :'jobroleWithQPCode'
2016-11-24T03:20:31+00:00 [7036] INFO  : DB Get Job Roles List with parameter :'jobroleWithQPCode' for SSC :'Agriculture'
2016-11-24T03:20:31+00:00 [7036] INFO  : DB SQL = 'SELECT job_role,qp_code FROM `assessment`.`jobroles_excel_import` where ssc='Agriculture''
2016-11-24T03:20:31+00:00 [7036] INFO  : DB Get Request with parameter :'questions'
2016-11-24T03:20:31+00:00 [7036] INFO  : DB Get Questions List for subject  : 'questions'
2016-11-24T03:20:31+00:00 [7036] INFO  : DB 78  C:\wamp64\www\assessment\php\manageQuestions.php  , SQL to get Question : 'SELECT * FROM `assessment`.`question`'
2016-11-24T03:20:31+00:00 [7036] INFO  : DB Get Request with parameter :'categories'
2016-11-24T03:20:34+00:00 [7036] INFO  : DB Get Request with parameter :'questions'
2016-11-24T03:20:34+00:00 [7036] INFO  : DB Get Questions List for subject  : 'questions'
2016-11-24T03:20:34+00:00 [7036] INFO  : DB 78  C:\wamp64\www\assessment\php\manageQuestions.php  , SQL to get Question : 'SELECT * FROM `assessment`.`question` where qp_code='AGR/Q4804''
2016-11-24T03:20:35+00:00 [7036] INFO  : DB Get Request with parameter :'categories'
2016-11-24T03:20:35+00:00 [7036] INFO  : DB Get Categories List for subject  : 'AGR/Q4804'
2016-11-24T03:20:35+00:00 [7036] INFO  : DB 39  C:\wamp64\www\assessment\php\manageCategory.php  , SQL to get Categories : 'SELECT category FROM `assessment`.`question_category` where subId='AGR/Q4804''
2016-11-24T03:20:37+00:00 [7036] INFO  : DB Get Request with parameter :'questions'
2016-11-24T03:20:37+00:00 [7036] INFO  : DB Get Questions List for subject  : 'questions'
2016-11-24T03:20:37+00:00 [7036] INFO  : DB 78  C:\wamp64\www\assessment\php\manageQuestions.php  , SQL to get Question : 'SELECT * FROM `assessment`.`question` where qp_code='AGR/Q4904''
2016-11-24T03:20:38+00:00 [7036] INFO  : DB Get Request with parameter :'categories'
2016-11-24T03:20:38+00:00 [7036] INFO  : DB Get Categories List for subject  : 'AGR/Q4904'
2016-11-24T03:20:38+00:00 [7036] INFO  : DB 39  C:\wamp64\www\assessment\php\manageCategory.php  , SQL to get Categories : 'SELECT category FROM `assessment`.`question_category` where subId='AGR/Q4904''
2016-11-24T03:20:39+00:00 [7036] INFO  : DB Get Request with parameter :'modules'
2016-11-24T03:20:39+00:00 [7036] INFO  : DB Get Module List for subject : 'AGR/Q4904' and category 'Theory'
2016-11-24T03:20:39+00:00 [7036] INFO  : DB 62  C:\wamp64\www\assessment\php\manageCategory.php  , SQL to get Categories : 'SELECT module FROM `assessment`.`question_category` where subId='AGR/Q4904' and category='Theory''
2016-11-24T03:21:45+00:00 [7036] INFO  : DB Get Request with parameter :'questions'
2016-11-24T03:21:45+00:00 [7036] INFO  : DB Get Questions List for subject  : 'questions'
2016-11-24T03:21:45+00:00 [7036] INFO  : DB 78  C:\wamp64\www\assessment\php\manageQuestions.php  , SQL to get Question : 'SELECT * FROM `assessment`.`question`'
2016-11-24T03:21:46+00:00 [7036] INFO  : DB Get Request with parameter :'ssc'
2016-11-24T03:21:46+00:00 [7036] INFO  : DB Get SSC List from database.
2016-11-24T03:21:46+00:00 [7036] INFO  : DB SQL = 'SELECT ssc FROM `assessment`.`jobroles_excel_import`'
2016-11-24T03:21:47+00:00 [7036] INFO  : DB Get Request with parameter :'jobroleWithQPCode'
2016-11-24T03:21:47+00:00 [7036] INFO  : DB Get Job Roles List with parameter :'jobroleWithQPCode' for SSC :'Agriculture'
2016-11-24T03:21:47+00:00 [7036] INFO  : DB SQL = 'SELECT job_role,qp_code FROM `assessment`.`jobroles_excel_import` where ssc='Agriculture''
2016-11-24T03:21:47+00:00 [7036] INFO  : DB Get Request with parameter :'questions'
2016-11-24T03:21:47+00:00 [7036] INFO  : DB Get Questions List for subject  : 'questions'
2016-11-24T03:21:47+00:00 [7036] INFO  : DB 78  C:\wamp64\www\assessment\php\manageQuestions.php  , SQL to get Question : 'SELECT * FROM `assessment`.`question`'
2016-11-24T03:21:48+00:00 [7036] INFO  : DB Get Request with parameter :'questions'
2016-11-24T03:21:48+00:00 [7036] INFO  : DB Get Questions List for subject  : 'questions'
2016-11-24T03:21:48+00:00 [7036] INFO  : DB 78  C:\wamp64\www\assessment\php\manageQuestions.php  , SQL to get Question : 'SELECT * FROM `assessment`.`question` where qp_code='AGR/Q4804''
2016-11-24T03:21:49+00:00 [7036] INFO  : DB Get Request with parameter :'categories'
2016-11-24T03:21:49+00:00 [7036] INFO  : DB Get Categories List for subject  : 'AGR/Q4804'
2016-11-24T03:21:49+00:00 [7036] INFO  : DB 39  C:\wamp64\www\assessment\php\manageCategory.php  , SQL to get Categories : 'SELECT category FROM `assessment`.`question_category` where subId='AGR/Q4804''
2016-11-24T03:21:52+00:00 [7036] INFO  : DB Get Request with parameter :'questions'
2016-11-24T03:21:52+00:00 [7036] INFO  : DB Get Questions List for subject  : 'questions'
2016-11-24T03:21:52+00:00 [7036] INFO  : DB 78  C:\wamp64\www\assessment\php\manageQuestions.php  , SQL to get Question : 'SELECT * FROM `assessment`.`question` where qp_code='AGR/Q4904''
2016-11-24T03:21:52+00:00 [7036] INFO  : DB Get Request with parameter :'categories'
2016-11-24T03:21:52+00:00 [7036] INFO  : DB Get Categories List for subject  : 'AGR/Q4904'
2016-11-24T03:21:52+00:00 [7036] INFO  : DB 39  C:\wamp64\www\assessment\php\manageCategory.php  , SQL to get Categories : 'SELECT category FROM `assessment`.`question_category` where subId='AGR/Q4904''
2016-11-24T03:21:53+00:00 [7036] INFO  : DB Get Request with parameter :'modules'
2016-11-24T03:21:53+00:00 [7036] INFO  : DB Get Module List for subject : 'AGR/Q4904' and category 'Theory'
2016-11-24T03:21:53+00:00 [7036] INFO  : DB 62  C:\wamp64\www\assessment\php\manageCategory.php  , SQL to get Categories : 'SELECT module FROM `assessment`.`question_category` where subId='AGR/Q4904' and category='Theory''
2016-11-24T03:26:02+00:00 [7036] INFO  : DB Get Request with parameter :'questions'
2016-11-24T03:26:02+00:00 [7036] INFO  : DB Get Questions List for subject  : 'questions'
2016-11-24T03:26:02+00:00 [7036] INFO  : DB 78  C:\wamp64\www\assessment\php\manageQuestions.php  , SQL to get Question : 'SELECT * FROM `assessment`.`question`'
2016-11-24T03:26:04+00:00 [7036] INFO  : DB Get Request with parameter :'ssc'
2016-11-24T03:26:04+00:00 [7036] INFO  : DB Get SSC List from database.
2016-11-24T03:26:04+00:00 [7036] INFO  : DB SQL = 'SELECT ssc FROM `assessment`.`jobroles_excel_import`'
2016-11-24T03:26:05+00:00 [7036] INFO  : DB Get Request with parameter :'jobroleWithQPCode'
2016-11-24T03:26:05+00:00 [7036] INFO  : DB Get Job Roles List with parameter :'jobroleWithQPCode' for SSC :'Agriculture'
2016-11-24T03:26:05+00:00 [7036] INFO  : DB SQL = 'SELECT job_role,qp_code FROM `assessment`.`jobroles_excel_import` where ssc='Agriculture''
2016-11-24T03:26:05+00:00 [7036] INFO  : DB Get Request with parameter :'questions'
2016-11-24T03:26:05+00:00 [7036] INFO  : DB Get Questions List for subject  : 'questions'
2016-11-24T03:26:05+00:00 [7036] INFO  : DB 78  C:\wamp64\www\assessment\php\manageQuestions.php  , SQL to get Question : 'SELECT * FROM `assessment`.`question`'
2016-11-24T03:26:06+00:00 [7036] INFO  : DB Get Request with parameter :'questions'
2016-11-24T03:26:06+00:00 [7036] INFO  : DB Get Questions List for subject  : 'questions'
2016-11-24T03:26:06+00:00 [7036] INFO  : DB 78  C:\wamp64\www\assessment\php\manageQuestions.php  , SQL to get Question : 'SELECT * FROM `assessment`.`question` where qp_code='AGR/Q4804''
2016-11-24T03:26:07+00:00 [7036] INFO  : DB Get Request with parameter :'categories'
2016-11-24T03:26:07+00:00 [7036] INFO  : DB Get Categories List for subject  : 'AGR/Q4804'
2016-11-24T03:26:07+00:00 [7036] INFO  : DB 39  C:\wamp64\www\assessment\php\manageCategory.php  , SQL to get Categories : 'SELECT category FROM `assessment`.`question_category` where subId='AGR/Q4804''
2016-11-24T03:26:07+00:00 [7036] INFO  : DB Get Request with parameter :'modules'
2016-11-24T03:26:07+00:00 [7036] INFO  : DB Get Module List for subject : 'AGR/Q4804' and category 'ada'
2016-11-24T03:26:07+00:00 [7036] INFO  : DB 62  C:\wamp64\www\assessment\php\manageCategory.php  , SQL to get Categories : 'SELECT module FROM `assessment`.`question_category` where subId='AGR/Q4804' and category='ada''
2016-11-24T03:26:52+00:00 [7036] INFO  : DB Get Request with parameter :'questions'
2016-11-24T03:26:52+00:00 [7036] INFO  : DB Get Questions List for subject  : 'questions'
2016-11-24T03:26:52+00:00 [7036] INFO  : DB 78  C:\wamp64\www\assessment\php\manageQuestions.php  , SQL to get Question : 'SELECT * FROM `assessment`.`question`'
2016-11-24T03:26:54+00:00 [7036] INFO  : DB Get Request with parameter :'ssc'
2016-11-24T03:26:54+00:00 [7036] INFO  : DB Get SSC List from database.
2016-11-24T03:26:54+00:00 [7036] INFO  : DB SQL = 'SELECT ssc FROM `assessment`.`jobroles_excel_import`'
2016-11-24T03:26:54+00:00 [7036] INFO  : DB Get Request with parameter :'jobroleWithQPCode'
2016-11-24T03:26:54+00:00 [7036] INFO  : DB Get Job Roles List with parameter :'jobroleWithQPCode' for SSC :'Agriculture'
2016-11-24T03:26:54+00:00 [7036] INFO  : DB SQL = 'SELECT job_role,qp_code FROM `assessment`.`jobroles_excel_import` where ssc='Agriculture''
2016-11-24T03:26:54+00:00 [7036] INFO  : DB Get Request with parameter :'questions'
2016-11-24T03:26:54+00:00 [7036] INFO  : DB Get Questions List for subject  : 'questions'
2016-11-24T03:26:54+00:00 [7036] INFO  : DB 78  C:\wamp64\www\assessment\php\manageQuestions.php  , SQL to get Question : 'SELECT * FROM `assessment`.`question`'
2016-11-24T03:26:56+00:00 [7036] INFO  : DB Get Request with parameter :'questions'
2016-11-24T03:26:56+00:00 [7036] INFO  : DB Get Questions List for subject  : 'questions'
2016-11-24T03:26:56+00:00 [7036] INFO  : DB 78  C:\wamp64\www\assessment\php\manageQuestions.php  , SQL to get Question : 'SELECT * FROM `assessment`.`question` where qp_code='AGR/Q4904''
2016-11-24T03:26:56+00:00 [7036] INFO  : DB Get Request with parameter :'categories'
2016-11-24T03:26:56+00:00 [7036] INFO  : DB Get Categories List for subject  : 'AGR/Q4904'
2016-11-24T03:26:56+00:00 [7036] INFO  : DB 39  C:\wamp64\www\assessment\php\manageCategory.php  , SQL to get Categories : 'SELECT category FROM `assessment`.`question_category` where subId='AGR/Q4904''
2016-11-24T03:26:57+00:00 [7036] INFO  : DB Get Request with parameter :'modules'
2016-11-24T03:26:57+00:00 [7036] INFO  : DB Get Module List for subject : 'AGR/Q4904' and category 'Theory'
2016-11-24T03:26:57+00:00 [7036] INFO  : DB 62  C:\wamp64\www\assessment\php\manageCategory.php  , SQL to get Categories : 'SELECT module FROM `assessment`.`question_category` where subId='AGR/Q4904' and category='Theory''
2016-11-24T03:27:22+00:00 [7036] INFO  : DB Get Request with parameter :'questions'
2016-11-24T03:27:22+00:00 [7036] INFO  : DB Get Questions List for subject  : 'questions'
2016-11-24T03:27:22+00:00 [7036] INFO  : DB 78  C:\wamp64\www\assessment\php\manageQuestions.php  , SQL to get Question : 'SELECT * FROM `assessment`.`question`'
2016-11-24T03:27:24+00:00 [7036] INFO  : DB Get Request with parameter :'ssc'
2016-11-24T03:27:24+00:00 [7036] INFO  : DB Get SSC List from database.
2016-11-24T03:27:24+00:00 [7036] INFO  : DB SQL = 'SELECT ssc FROM `assessment`.`jobroles_excel_import`'
2016-11-24T03:27:25+00:00 [7036] INFO  : DB Get Request with parameter :'jobroleWithQPCode'
2016-11-24T03:27:25+00:00 [7036] INFO  : DB Get Job Roles List with parameter :'jobroleWithQPCode' for SSC :'Agriculture'
2016-11-24T03:27:25+00:00 [7036] INFO  : DB SQL = 'SELECT job_role,qp_code FROM `assessment`.`jobroles_excel_import` where ssc='Agriculture''
2016-11-24T03:27:25+00:00 [7036] INFO  : DB Get Request with parameter :'questions'
2016-11-24T03:27:25+00:00 [7036] INFO  : DB Get Questions List for subject  : 'questions'
2016-11-24T03:27:25+00:00 [7036] INFO  : DB 78  C:\wamp64\www\assessment\php\manageQuestions.php  , SQL to get Question : 'SELECT * FROM `assessment`.`question`'
2016-11-24T03:27:26+00:00 [7036] INFO  : DB Get Request with parameter :'questions'
2016-11-24T03:27:26+00:00 [7036] INFO  : DB Get Questions List for subject  : 'questions'
2016-11-24T03:27:26+00:00 [7036] INFO  : DB 78  C:\wamp64\www\assessment\php\manageQuestions.php  , SQL to get Question : 'SELECT * FROM `assessment`.`question` where qp_code='AGR/Q4804''
2016-11-24T03:27:27+00:00 [7036] INFO  : DB Get Request with parameter :'categories'
2016-11-24T03:27:27+00:00 [7036] INFO  : DB Get Categories List for subject  : 'AGR/Q4804'
2016-11-24T03:27:27+00:00 [7036] INFO  : DB 39  C:\wamp64\www\assessment\php\manageCategory.php  , SQL to get Categories : 'SELECT category FROM `assessment`.`question_category` where subId='AGR/Q4804''
2016-11-24T03:27:28+00:00 [7036] INFO  : DB Get Request with parameter :'modules'
2016-11-24T03:27:28+00:00 [7036] INFO  : DB Get Module List for subject : 'AGR/Q4804' and category 'ada'
2016-11-24T03:27:28+00:00 [7036] INFO  : DB 62  C:\wamp64\www\assessment\php\manageCategory.php  , SQL to get Categories : 'SELECT module FROM `assessment`.`question_category` where subId='AGR/Q4804' and category='ada''
2016-11-24T03:28:17+00:00 [7036] INFO  : DB Get Request with parameter :'questions'
2016-11-24T03:28:17+00:00 [7036] INFO  : DB Get Questions List for subject  : 'questions'
2016-11-24T03:28:17+00:00 [7036] INFO  : DB 78  C:\wamp64\www\assessment\php\manageQuestions.php  , SQL to get Question : 'SELECT * FROM `assessment`.`question`'
2016-11-24T03:28:18+00:00 [7036] INFO  : DB Get Request with parameter :'ssc'
2016-11-24T03:28:18+00:00 [7036] INFO  : DB Get SSC List from database.
2016-11-24T03:28:18+00:00 [7036] INFO  : DB SQL = 'SELECT ssc FROM `assessment`.`jobroles_excel_import`'
2016-11-24T03:28:19+00:00 [7036] INFO  : DB Get Request with parameter :'jobroleWithQPCode'
2016-11-24T03:28:19+00:00 [7036] INFO  : DB Get Job Roles List with parameter :'jobroleWithQPCode' for SSC :'Agriculture'
2016-11-24T03:28:19+00:00 [7036] INFO  : DB SQL = 'SELECT job_role,qp_code FROM `assessment`.`jobroles_excel_import` where ssc='Agriculture''
2016-11-24T03:28:19+00:00 [7036] INFO  : DB Get Request with parameter :'questions'
2016-11-24T03:28:19+00:00 [7036] INFO  : DB Get Questions List for subject  : 'questions'
2016-11-24T03:28:19+00:00 [7036] INFO  : DB 78  C:\wamp64\www\assessment\php\manageQuestions.php  , SQL to get Question : 'SELECT * FROM `assessment`.`question`'
2016-11-24T03:28:21+00:00 [7036] INFO  : DB Get Request with parameter :'questions'
2016-11-24T03:28:21+00:00 [7036] INFO  : DB Get Questions List for subject  : 'questions'
2016-11-24T03:28:21+00:00 [7036] INFO  : DB 78  C:\wamp64\www\assessment\php\manageQuestions.php  , SQL to get Question : 'SELECT * FROM `assessment`.`question` where qp_code='AGR/Q4804''
2016-11-24T03:28:22+00:00 [7036] INFO  : DB Get Request with parameter :'categories'
2016-11-24T03:28:22+00:00 [7036] INFO  : DB Get Categories List for subject  : 'AGR/Q4804'
2016-11-24T03:28:22+00:00 [7036] INFO  : DB 39  C:\wamp64\www\assessment\php\manageCategory.php  , SQL to get Categories : 'SELECT category FROM `assessment`.`question_category` where subId='AGR/Q4804''
2016-11-24T03:28:24+00:00 [7036] INFO  : DB Get Request with parameter :'modules'
2016-11-24T03:28:24+00:00 [7036] INFO  : DB Get Module List for subject : 'AGR/Q4804' and category 'ada'
2016-11-24T03:28:24+00:00 [7036] INFO  : DB 62  C:\wamp64\www\assessment\php\manageCategory.php  , SQL to get Categories : 'SELECT module FROM `assessment`.`question_category` where subId='AGR/Q4804' and category='ada''
2016-11-24T03:29:11+00:00 [7036] INFO  : DB Get Request with parameter :'questions'
2016-11-24T03:29:11+00:00 [7036] INFO  : DB Get Questions List for subject  : 'questions'
2016-11-24T03:29:11+00:00 [7036] INFO  : DB 78  C:\wamp64\www\assessment\php\manageQuestions.php  , SQL to get Question : 'SELECT * FROM `assessment`.`question`'
2016-11-24T03:29:12+00:00 [7036] INFO  : DB Get Request with parameter :'ssc'
2016-11-24T03:29:12+00:00 [7036] INFO  : DB Get SSC List from database.
2016-11-24T03:29:12+00:00 [7036] INFO  : DB SQL = 'SELECT ssc FROM `assessment`.`jobroles_excel_import`'
2016-11-24T03:29:13+00:00 [7036] INFO  : DB Get Request with parameter :'jobroleWithQPCode'
2016-11-24T03:29:13+00:00 [7036] INFO  : DB Get Job Roles List with parameter :'jobroleWithQPCode' for SSC :'Agriculture'
2016-11-24T03:29:13+00:00 [7036] INFO  : DB SQL = 'SELECT job_role,qp_code FROM `assessment`.`jobroles_excel_import` where ssc='Agriculture''
2016-11-24T03:29:13+00:00 [7036] INFO  : DB Get Request with parameter :'questions'
2016-11-24T03:29:13+00:00 [7036] INFO  : DB Get Questions List for subject  : 'questions'
2016-11-24T03:29:13+00:00 [7036] INFO  : DB 78  C:\wamp64\www\assessment\php\manageQuestions.php  , SQL to get Question : 'SELECT * FROM `assessment`.`question`'
2016-11-24T03:29:14+00:00 [7036] INFO  : DB Get Request with parameter :'questions'
2016-11-24T03:29:14+00:00 [7036] INFO  : DB Get Questions List for subject  : 'questions'
2016-11-24T03:29:14+00:00 [7036] INFO  : DB 78  C:\wamp64\www\assessment\php\manageQuestions.php  , SQL to get Question : 'SELECT * FROM `assessment`.`question` where qp_code='AGR/Q4804''
2016-11-24T03:29:15+00:00 [7036] INFO  : DB Get Request with parameter :'categories'
2016-11-24T03:29:15+00:00 [7036] INFO  : DB Get Categories List for subject  : 'AGR/Q4804'
2016-11-24T03:29:15+00:00 [7036] INFO  : DB 39  C:\wamp64\www\assessment\php\manageCategory.php  , SQL to get Categories : 'SELECT category FROM `assessment`.`question_category` where subId='AGR/Q4804''
2016-11-24T03:29:18+00:00 [7036] INFO  : DB Get Request with parameter :'questions'
2016-11-24T03:29:18+00:00 [7036] INFO  : DB Get Questions List for subject  : 'questions'
2016-11-24T03:29:18+00:00 [7036] INFO  : DB 78  C:\wamp64\www\assessment\php\manageQuestions.php  , SQL to get Question : 'SELECT * FROM `assessment`.`question` where qp_code='AGR/Q4904''
2016-11-24T03:29:18+00:00 [7036] INFO  : DB Get Request with parameter :'categories'
2016-11-24T03:29:18+00:00 [7036] INFO  : DB Get Categories List for subject  : 'AGR/Q4904'
2016-11-24T03:29:18+00:00 [7036] INFO  : DB 39  C:\wamp64\www\assessment\php\manageCategory.php  , SQL to get Categories : 'SELECT category FROM `assessment`.`question_category` where subId='AGR/Q4904''
2016-11-24T03:29:19+00:00 [7036] INFO  : DB Get Request with parameter :'modules'
2016-11-24T03:29:19+00:00 [7036] INFO  : DB Get Module List for subject : 'AGR/Q4904' and category 'Theory'
2016-11-24T03:29:19+00:00 [7036] INFO  : DB 62  C:\wamp64\www\assessment\php\manageCategory.php  , SQL to get Categories : 'SELECT module FROM `assessment`.`question_category` where subId='AGR/Q4904' and category='Theory''
2016-11-24T03:29:46+00:00 [7036] INFO  : DB Get Request to create category or module.
2016-11-24T03:29:46+00:00 [7036] INFO  : DB Get Request to create Category.
2016-11-24T03:29:46+00:00 [7036] INFO  : DB 16  C:\wamp64\www\assessment\php\manageCategory.php  , SQL to insert cateogory and module : 'INSERT INTO `assessment`.`question_category`
				   (`subId`,`category`,`module`)
					 VALUES('AGR/Q4904','Practical','');'
2016-11-24T03:29:46+00:00 [7036] INFO  : DB 24  C:\wamp64\www\assessment\php\manageCategory.php  , Success !  Category inserted successfully in Database : ''
2016-11-24T03:29:46+00:00 [7036] INFO  : DB 234  C:\wamp64\www\assessment\php\manageCategory.php Category created successfully.
2016-11-24T03:29:59+00:00 [7036] INFO  : DB Get Request with parameter :'questions'
2016-11-24T03:29:59+00:00 [7036] INFO  : DB Get Questions List for subject  : 'questions'
2016-11-24T03:29:59+00:00 [7036] INFO  : DB 78  C:\wamp64\www\assessment\php\manageQuestions.php  , SQL to get Question : 'SELECT * FROM `assessment`.`question` where qp_code='AGR/Q4804''
2016-11-24T03:30:01+00:00 [7036] INFO  : DB Get Request with parameter :'questions'
2016-11-24T03:30:01+00:00 [7036] INFO  : DB Get Questions List for subject  : 'questions'
2016-11-24T03:30:01+00:00 [7036] INFO  : DB 78  C:\wamp64\www\assessment\php\manageQuestions.php  , SQL to get Question : 'SELECT * FROM `assessment`.`question` where qp_code='AGR/Q4904''
2016-11-24T03:30:01+00:00 [7036] INFO  : DB Get Request with parameter :'categories'
2016-11-24T03:30:01+00:00 [7036] INFO  : DB Get Categories List for subject  : 'AGR/Q4904'
2016-11-24T03:30:01+00:00 [7036] INFO  : DB 39  C:\wamp64\www\assessment\php\manageCategory.php  , SQL to get Categories : 'SELECT category FROM `assessment`.`question_category` where subId='AGR/Q4904''
2016-11-24T03:30:03+00:00 [7036] INFO  : DB Get Request with parameter :'modules'
2016-11-24T03:30:03+00:00 [7036] INFO  : DB Get Module List for subject : 'AGR/Q4904' and category 'Practical'
2016-11-24T03:30:03+00:00 [7036] INFO  : DB 62  C:\wamp64\www\assessment\php\manageCategory.php  , SQL to get Categories : 'SELECT module FROM `assessment`.`question_category` where subId='AGR/Q4904' and category='Practical''
2016-11-24T03:30:07+00:00 [7036] INFO  : DB Get Request with parameter :'categories'
2016-11-24T03:30:07+00:00 [7036] INFO  : DB Get Categories List for subject  : 'AGR/Q4904'
2016-11-24T03:30:07+00:00 [7036] INFO  : DB 39  C:\wamp64\www\assessment\php\manageCategory.php  , SQL to get Categories : 'SELECT category FROM `assessment`.`question_category` where subId='AGR/Q4904''
2016-11-24T03:30:08+00:00 [7036] INFO  : DB Get Request with parameter :'modules'
2016-11-24T03:30:08+00:00 [7036] INFO  : DB Get Module List for subject : 'AGR/Q4904' and category 'Theory'
2016-11-24T03:30:08+00:00 [7036] INFO  : DB 62  C:\wamp64\www\assessment\php\manageCategory.php  , SQL to get Categories : 'SELECT module FROM `assessment`.`question_category` where subId='AGR/Q4904' and category='Theory''
2016-11-24T03:30:09+00:00 [7036] INFO  : DB Get Request with parameter :'categories'
2016-11-24T03:30:09+00:00 [7036] INFO  : DB Get Categories List for subject  : 'AGR/Q4904'
2016-11-24T03:30:09+00:00 [7036] INFO  : DB 39  C:\wamp64\www\assessment\php\manageCategory.php  , SQL to get Categories : 'SELECT category FROM `assessment`.`question_category` where subId='AGR/Q4904''
2016-11-24T03:30:18+00:00 [7036] INFO  : DB Get Request with parameter :'categories'
2016-11-24T03:30:18+00:00 [7036] INFO  : DB Get Categories List for subject  : 'AGR/Q4904'
2016-11-24T03:30:18+00:00 [7036] INFO  : DB 39  C:\wamp64\www\assessment\php\manageCategory.php  , SQL to get Categories : 'SELECT category FROM `assessment`.`question_category` where subId='AGR/Q4904''
2016-11-24T03:30:19+00:00 [7036] INFO  : DB Get Request with parameter :'modules'
2016-11-24T03:30:19+00:00 [7036] INFO  : DB Get Module List for subject : 'AGR/Q4904' and category 'Practical'
2016-11-24T03:30:19+00:00 [7036] INFO  : DB 62  C:\wamp64\www\assessment\php\manageCategory.php  , SQL to get Categories : 'SELECT module FROM `assessment`.`question_category` where subId='AGR/Q4904' and category='Practical''
2016-11-24T03:30:19+00:00 [7036] INFO  : DB Get Request with parameter :'categories'
2016-11-24T03:30:19+00:00 [7036] INFO  : DB Get Categories List for subject  : 'AGR/Q4904'
2016-11-24T03:30:19+00:00 [7036] INFO  : DB 39  C:\wamp64\www\assessment\php\manageCategory.php  , SQL to get Categories : 'SELECT category FROM `assessment`.`question_category` where subId='AGR/Q4904''
2016-11-24T03:30:20+00:00 [7036] INFO  : DB Get Request with parameter :'modules'
2016-11-24T03:30:20+00:00 [7036] INFO  : DB Get Module List for subject : 'AGR/Q4904' and category 'Theory'
2016-11-24T03:30:20+00:00 [7036] INFO  : DB 62  C:\wamp64\www\assessment\php\manageCategory.php  , SQL to get Categories : 'SELECT module FROM `assessment`.`question_category` where subId='AGR/Q4904' and category='Theory''
2016-11-24T03:30:22+00:00 [7036] INFO  : DB Get Request with parameter :'categories'
2016-11-24T03:30:22+00:00 [7036] INFO  : DB Get Categories List for subject  : 'AGR/Q4904'
2016-11-24T03:30:22+00:00 [7036] INFO  : DB 39  C:\wamp64\www\assessment\php\manageCategory.php  , SQL to get Categories : 'SELECT category FROM `assessment`.`question_category` where subId='AGR/Q4904''
2016-11-24T03:30:26+00:00 [7036] INFO  : DB Get Request with parameter :'modules'
2016-11-24T03:30:26+00:00 [7036] INFO  : DB Get Module List for subject : 'AGR/Q4904' and category 'Theory'
2016-11-24T03:30:26+00:00 [7036] INFO  : DB 62  C:\wamp64\www\assessment\php\manageCategory.php  , SQL to get Categories : 'SELECT module FROM `assessment`.`question_category` where subId='AGR/Q4904' and category='Theory''
2016-11-24T03:33:15+00:00 [7036] INFO  : DB Get Request with parameter :'questions'
2016-11-24T03:33:15+00:00 [7036] INFO  : DB Get Questions List for subject  : 'questions'
2016-11-24T03:33:15+00:00 [7036] INFO  : DB 78  C:\wamp64\www\assessment\php\manageQuestions.php  , SQL to get Question : 'SELECT * FROM `assessment`.`question`'
2016-11-24T03:33:16+00:00 [7036] INFO  : DB Get Request with parameter :'ssc'
2016-11-24T03:33:16+00:00 [7036] INFO  : DB Get SSC List from database.
2016-11-24T03:33:16+00:00 [7036] INFO  : DB SQL = 'SELECT ssc FROM `assessment`.`jobroles_excel_import`'
2016-11-24T03:33:16+00:00 [7036] INFO  : DB Get Request with parameter :'jobroleWithQPCode'
2016-11-24T03:33:16+00:00 [7036] INFO  : DB Get Job Roles List with parameter :'jobroleWithQPCode' for SSC :'Agriculture'
2016-11-24T03:33:16+00:00 [7036] INFO  : DB SQL = 'SELECT job_role,qp_code FROM `assessment`.`jobroles_excel_import` where ssc='Agriculture''
2016-11-24T03:33:17+00:00 [7036] INFO  : DB Get Request with parameter :'questions'
2016-11-24T03:33:17+00:00 [7036] INFO  : DB Get Questions List for subject  : 'questions'
2016-11-24T03:33:17+00:00 [7036] INFO  : DB 78  C:\wamp64\www\assessment\php\manageQuestions.php  , SQL to get Question : 'SELECT * FROM `assessment`.`question`'
2016-11-24T03:33:18+00:00 [7036] INFO  : DB Get Request with parameter :'questions'
2016-11-24T03:33:18+00:00 [7036] INFO  : DB Get Questions List for subject  : 'questions'
2016-11-24T03:33:18+00:00 [7036] INFO  : DB 78  C:\wamp64\www\assessment\php\manageQuestions.php  , SQL to get Question : 'SELECT * FROM `assessment`.`question` where qp_code='AGR/Q4804''
2016-11-24T03:33:19+00:00 [7036] INFO  : DB Get Request with parameter :'categories'
2016-11-24T03:33:19+00:00 [7036] INFO  : DB Get Categories List for subject  : 'AGR/Q4804'
2016-11-24T03:33:19+00:00 [7036] INFO  : DB 39  C:\wamp64\www\assessment\php\manageCategory.php  , SQL to get Categories : 'SELECT category FROM `assessment`.`question_category` where subId='AGR/Q4804''
2016-11-24T03:33:28+00:00 [7036] INFO  : DB Get Request to create category or module.
2016-11-24T03:33:28+00:00 [7036] INFO  : DB Get Request to create Category.
2016-11-24T03:33:28+00:00 [7036] INFO  : DB 16  C:\wamp64\www\assessment\php\manageCategory.php  , SQL to insert cateogory and module : 'INSERT INTO `assessment`.`question_category`
				   (`subId`,`category`,`module`)
					 VALUES('AGR/Q4804','Theory','');'
2016-11-24T03:33:28+00:00 [7036] INFO  : DB 24  C:\wamp64\www\assessment\php\manageCategory.php  , Success !  Category inserted successfully in Database : ''
2016-11-24T03:33:28+00:00 [7036] INFO  : DB 234  C:\wamp64\www\assessment\php\manageCategory.php Category created successfully.
2016-11-24T03:33:29+00:00 [7036] INFO  : DB Get Request with parameter :'categories'
2016-11-24T03:33:29+00:00 [7036] INFO  : DB Get Categories List for subject  : 'AGR/Q4804'
2016-11-24T03:33:29+00:00 [7036] INFO  : DB 39  C:\wamp64\www\assessment\php\manageCategory.php  , SQL to get Categories : 'SELECT category FROM `assessment`.`question_category` where subId='AGR/Q4804''
2016-11-24T03:33:32+00:00 [7036] INFO  : DB Get Request with parameter :'categories'
2016-11-24T03:33:32+00:00 [7036] INFO  : DB Get Categories List for subject  : 'AGR/Q4804'
2016-11-24T03:33:32+00:00 [7036] INFO  : DB 39  C:\wamp64\www\assessment\php\manageCategory.php  , SQL to get Categories : 'SELECT category FROM `assessment`.`question_category` where subId='AGR/Q4804''
2016-11-24T03:33:33+00:00 [7036] INFO  : DB Get Request with parameter :'modules'
2016-11-24T03:33:33+00:00 [7036] INFO  : DB Get Module List for subject : 'AGR/Q4804' and category 'Theory'
2016-11-24T03:33:33+00:00 [7036] INFO  : DB 62  C:\wamp64\www\assessment\php\manageCategory.php  , SQL to get Categories : 'SELECT module FROM `assessment`.`question_category` where subId='AGR/Q4804' and category='Theory''
2016-11-24T03:36:40+00:00 [7036] INFO  : DB Get Request with parameter :'questions'
2016-11-24T03:36:40+00:00 [7036] INFO  : DB Get Questions List for subject  : 'questions'
2016-11-24T03:36:40+00:00 [7036] INFO  : DB 78  C:\wamp64\www\assessment\php\manageQuestions.php  , SQL to get Question : 'SELECT * FROM `assessment`.`question`'
2016-11-24T03:36:41+00:00 [7036] INFO  : DB Get Request with parameter :'ssc'
2016-11-24T03:36:41+00:00 [7036] INFO  : DB Get SSC List from database.
2016-11-24T03:36:41+00:00 [7036] INFO  : DB SQL = 'SELECT ssc FROM `assessment`.`jobroles_excel_import`'
2016-11-24T03:36:41+00:00 [7036] INFO  : DB Get Request with parameter :'jobroleWithQPCode'
2016-11-24T03:36:41+00:00 [7036] INFO  : DB Get Job Roles List with parameter :'jobroleWithQPCode' for SSC :'Agriculture'
2016-11-24T03:36:41+00:00 [7036] INFO  : DB SQL = 'SELECT job_role,qp_code FROM `assessment`.`jobroles_excel_import` where ssc='Agriculture''
2016-11-24T03:36:42+00:00 [7036] INFO  : DB Get Request with parameter :'questions'
2016-11-24T03:36:42+00:00 [7036] INFO  : DB Get Questions List for subject  : 'questions'
2016-11-24T03:36:42+00:00 [7036] INFO  : DB 78  C:\wamp64\www\assessment\php\manageQuestions.php  , SQL to get Question : 'SELECT * FROM `assessment`.`question`'
2016-11-24T03:36:43+00:00 [7036] INFO  : DB Get Request with parameter :'questions'
2016-11-24T03:36:43+00:00 [7036] INFO  : DB Get Questions List for subject  : 'questions'
2016-11-24T03:36:43+00:00 [7036] INFO  : DB 78  C:\wamp64\www\assessment\php\manageQuestions.php  , SQL to get Question : 'SELECT * FROM `assessment`.`question` where qp_code='AGR/Q4904''
2016-11-24T03:36:44+00:00 [7036] INFO  : DB Get Request with parameter :'categories'
2016-11-24T03:36:44+00:00 [7036] INFO  : DB Get Categories List for subject  : 'AGR/Q4904'
2016-11-24T03:36:44+00:00 [7036] INFO  : DB 39  C:\wamp64\www\assessment\php\manageCategory.php  , SQL to get Categories : 'SELECT category FROM `assessment`.`question_category` where subId='AGR/Q4904''
2016-11-24T03:36:46+00:00 [7036] INFO  : DB Get Request with parameter :'modules'
2016-11-24T03:36:46+00:00 [7036] INFO  : DB Get Module List for subject : 'AGR/Q4904' and category 'Practical'
2016-11-24T03:36:46+00:00 [7036] INFO  : DB 62  C:\wamp64\www\assessment\php\manageCategory.php  , SQL to get Categories : 'SELECT module FROM `assessment`.`question_category` where subId='AGR/Q4904' and category='Practical''
2016-11-24T03:36:49+00:00 [7036] INFO  : DB Get Request with parameter :'categories'
2016-11-24T03:36:49+00:00 [7036] INFO  : DB Get Categories List for subject  : 'AGR/Q4904'
2016-11-24T03:36:49+00:00 [7036] INFO  : DB 39  C:\wamp64\www\assessment\php\manageCategory.php  , SQL to get Categories : 'SELECT category FROM `assessment`.`question_category` where subId='AGR/Q4904''
2016-11-24T03:36:50+00:00 [7036] INFO  : DB Get Request with parameter :'modules'
2016-11-24T03:36:50+00:00 [7036] INFO  : DB Get Module List for subject : 'AGR/Q4904' and category 'Theory'
2016-11-24T03:36:50+00:00 [7036] INFO  : DB 62  C:\wamp64\www\assessment\php\manageCategory.php  , SQL to get Categories : 'SELECT module FROM `assessment`.`question_category` where subId='AGR/Q4904' and category='Theory''
2016-11-24T03:37:46+00:00 [7036] INFO  : DB Get Request with parameter :'questions'
2016-11-24T03:37:46+00:00 [7036] INFO  : DB Get Questions List for subject  : 'questions'
2016-11-24T03:37:46+00:00 [7036] INFO  : DB 78  C:\wamp64\www\assessment\php\manageQuestions.php  , SQL to get Question : 'SELECT * FROM `assessment`.`question`'
2016-11-24T03:37:47+00:00 [7036] INFO  : DB Get Request with parameter :'ssc'
2016-11-24T03:37:47+00:00 [7036] INFO  : DB Get SSC List from database.
2016-11-24T03:37:47+00:00 [7036] INFO  : DB SQL = 'SELECT ssc FROM `assessment`.`jobroles_excel_import`'
2016-11-24T03:37:47+00:00 [7036] INFO  : DB Get Request with parameter :'jobroleWithQPCode'
2016-11-24T03:37:47+00:00 [7036] INFO  : DB Get Job Roles List with parameter :'jobroleWithQPCode' for SSC :'Agriculture'
2016-11-24T03:37:47+00:00 [7036] INFO  : DB SQL = 'SELECT job_role,qp_code FROM `assessment`.`jobroles_excel_import` where ssc='Agriculture''
2016-11-24T03:37:48+00:00 [7036] INFO  : DB Get Request with parameter :'questions'
2016-11-24T03:37:48+00:00 [7036] INFO  : DB Get Questions List for subject  : 'questions'
2016-11-24T03:37:48+00:00 [7036] INFO  : DB 78  C:\wamp64\www\assessment\php\manageQuestions.php  , SQL to get Question : 'SELECT * FROM `assessment`.`question`'
2016-11-24T03:37:49+00:00 [7036] INFO  : DB Get Request with parameter :'questions'
2016-11-24T03:37:49+00:00 [7036] INFO  : DB Get Questions List for subject  : 'questions'
2016-11-24T03:37:49+00:00 [7036] INFO  : DB 78  C:\wamp64\www\assessment\php\manageQuestions.php  , SQL to get Question : 'SELECT * FROM `assessment`.`question` where qp_code='AGR/Q4904''
2016-11-24T03:37:50+00:00 [7036] INFO  : DB Get Request with parameter :'categories'
2016-11-24T03:37:50+00:00 [7036] INFO  : DB Get Categories List for subject  : 'AGR/Q4904'
2016-11-24T03:37:50+00:00 [7036] INFO  : DB 39  C:\wamp64\www\assessment\php\manageCategory.php  , SQL to get Categories : 'SELECT category FROM `assessment`.`question_category` where subId='AGR/Q4904''
2016-11-24T03:37:50+00:00 [7036] INFO  : DB Get Request with parameter :'modules'
2016-11-24T03:37:50+00:00 [7036] INFO  : DB Get Module List for subject : 'AGR/Q4904' and category 'Theory'
2016-11-24T03:37:50+00:00 [7036] INFO  : DB 62  C:\wamp64\www\assessment\php\manageCategory.php  , SQL to get Categories : 'SELECT module FROM `assessment`.`question_category` where subId='AGR/Q4904' and category='Theory''
2016-11-24T03:38:30+00:00 [7036] INFO  : DB Get Request with parameter :'categories'
2016-11-24T03:38:30+00:00 [7036] INFO  : DB Get Categories List for subject  : 'AGR/Q4904'
2016-11-24T03:38:30+00:00 [7036] INFO  : DB 39  C:\wamp64\www\assessment\php\manageCategory.php  , SQL to get Categories : 'SELECT category FROM `assessment`.`question_category` where subId='AGR/Q4904''
2016-11-24T03:38:34+00:00 [7036] INFO  : DB Get Request with parameter :'categories'
2016-11-24T03:38:34+00:00 [7036] INFO  : DB Get Categories List for subject  : 'AGR/Q4904'
2016-11-24T03:38:34+00:00 [7036] INFO  : DB 39  C:\wamp64\www\assessment\php\manageCategory.php  , SQL to get Categories : 'SELECT category FROM `assessment`.`question_category` where subId='AGR/Q4904''
2016-11-24T03:39:07+00:00 [7036] INFO  : DB Get Request with parameter :'questions'
2016-11-24T03:39:07+00:00 [7036] INFO  : DB Get Questions List for subject  : 'questions'
2016-11-24T03:39:07+00:00 [7036] INFO  : DB 78  C:\wamp64\www\assessment\php\manageQuestions.php  , SQL to get Question : 'SELECT * FROM `assessment`.`question`'
2016-11-24T03:39:19+00:00 [7036] INFO  : DB Get Request with parameter :'questions'
2016-11-24T03:39:19+00:00 [7036] INFO  : DB Get Questions List for subject  : 'questions'
2016-11-24T03:39:19+00:00 [7036] INFO  : DB 78  C:\wamp64\www\assessment\php\manageQuestions.php  , SQL to get Question : 'SELECT * FROM `assessment`.`question`'
2016-11-24T03:39:32+00:00 [7036] INFO  : DB Get Request with parameter :'categories'
2016-11-24T03:39:36+00:00 [7036] INFO  : DB Get Request with parameter :'ssc'
2016-11-24T03:39:36+00:00 [7036] INFO  : DB Get SSC List from database.
2016-11-24T03:39:36+00:00 [7036] INFO  : DB SQL = 'SELECT ssc FROM `assessment`.`jobroles_excel_import`'
2016-11-24T03:39:37+00:00 [7036] INFO  : DB Get Request with parameter :'jobroleWithQPCode'
2016-11-24T03:39:37+00:00 [7036] INFO  : DB Get Job Roles List with parameter :'jobroleWithQPCode' for SSC :'Agriculture'
2016-11-24T03:39:37+00:00 [7036] INFO  : DB SQL = 'SELECT job_role,qp_code FROM `assessment`.`jobroles_excel_import` where ssc='Agriculture''
2016-11-24T03:39:37+00:00 [7036] INFO  : DB Get Request with parameter :'questions'
2016-11-24T03:39:37+00:00 [7036] INFO  : DB Get Questions List for subject  : 'questions'
2016-11-24T03:39:37+00:00 [7036] INFO  : DB 78  C:\wamp64\www\assessment\php\manageQuestions.php  , SQL to get Question : 'SELECT * FROM `assessment`.`question`'
2016-11-24T03:39:38+00:00 [7036] INFO  : DB Get Request with parameter :'questions'
2016-11-24T03:39:38+00:00 [7036] INFO  : DB Get Questions List for subject  : 'questions'
2016-11-24T03:39:38+00:00 [7036] INFO  : DB 78  C:\wamp64\www\assessment\php\manageQuestions.php  , SQL to get Question : 'SELECT * FROM `assessment`.`question` where qp_code='AGR/Q4804''
2016-11-24T03:39:39+00:00 [7036] INFO  : DB Get Request with parameter :'categories'
2016-11-24T03:39:39+00:00 [7036] INFO  : DB Get Categories List for subject  : 'AGR/Q4804'
2016-11-24T03:39:39+00:00 [7036] INFO  : DB 39  C:\wamp64\www\assessment\php\manageCategory.php  , SQL to get Categories : 'SELECT category FROM `assessment`.`question_category` where subId='AGR/Q4804''
2016-11-24T03:39:44+00:00 [7036] INFO  : DB Get Request with parameter :'categories'
2016-11-24T03:39:44+00:00 [7036] INFO  : DB Get Categories List for subject  : 'AGR/Q4804'
2016-11-24T03:39:44+00:00 [7036] INFO  : DB 39  C:\wamp64\www\assessment\php\manageCategory.php  , SQL to get Categories : 'SELECT category FROM `assessment`.`question_category` where subId='AGR/Q4804''
2016-11-24T03:39:49+00:00 [7036] INFO  : DB Get Request with parameter :'categories'
2016-11-24T03:39:49+00:00 [7036] INFO  : DB Get Categories List for subject  : 'AGR/Q4804'
2016-11-24T03:39:49+00:00 [7036] INFO  : DB 39  C:\wamp64\www\assessment\php\manageCategory.php  , SQL to get Categories : 'SELECT category FROM `assessment`.`question_category` where subId='AGR/Q4804''
2016-11-24T03:39:51+00:00 [7036] INFO  : DB Get Request with parameter :'categories'
2016-11-24T03:39:51+00:00 [7036] INFO  : DB Get Categories List for subject  : 'AGR/Q4804'
2016-11-24T03:39:51+00:00 [7036] INFO  : DB 39  C:\wamp64\www\assessment\php\manageCategory.php  , SQL to get Categories : 'SELECT category FROM `assessment`.`question_category` where subId='AGR/Q4804''
2016-11-24T03:39:52+00:00 [7036] INFO  : DB Get Request with parameter :'modules'
2016-11-24T03:39:52+00:00 [7036] INFO  : DB Get Module List for subject : 'AGR/Q4804' and category 'Theory'
2016-11-24T03:39:52+00:00 [7036] INFO  : DB 62  C:\wamp64\www\assessment\php\manageCategory.php  , SQL to get Categories : 'SELECT module FROM `assessment`.`question_category` where subId='AGR/Q4804' and category='Theory''
2016-11-24T03:39:54+00:00 [7036] INFO  : DB Get Request with parameter :'categories'
2016-11-24T03:39:54+00:00 [7036] INFO  : DB Get Categories List for subject  : 'AGR/Q4804'
2016-11-24T03:39:54+00:00 [7036] INFO  : DB 39  C:\wamp64\www\assessment\php\manageCategory.php  , SQL to get Categories : 'SELECT category FROM `assessment`.`question_category` where subId='AGR/Q4804''
2016-11-24T03:39:55+00:00 [7036] INFO  : DB Get Request with parameter :'modules'
2016-11-24T03:39:55+00:00 [7036] INFO  : DB Get Module List for subject : 'AGR/Q4804' and category 'ada'
2016-11-24T03:39:55+00:00 [7036] INFO  : DB 62  C:\wamp64\www\assessment\php\manageCategory.php  , SQL to get Categories : 'SELECT module FROM `assessment`.`question_category` where subId='AGR/Q4804' and category='ada''
2016-11-24T03:39:57+00:00 [7036] INFO  : DB Get Request with parameter :'categories'
2016-11-24T03:39:57+00:00 [7036] INFO  : DB Get Categories List for subject  : 'AGR/Q4804'
2016-11-24T03:39:57+00:00 [7036] INFO  : DB 39  C:\wamp64\www\assessment\php\manageCategory.php  , SQL to get Categories : 'SELECT category FROM `assessment`.`question_category` where subId='AGR/Q4804''
2016-11-24T03:39:58+00:00 [7036] INFO  : DB Get Request with parameter :'modules'
2016-11-24T03:39:58+00:00 [7036] INFO  : DB Get Module List for subject : 'AGR/Q4804' and category 'Theory'
2016-11-24T03:39:58+00:00 [7036] INFO  : DB 62  C:\wamp64\www\assessment\php\manageCategory.php  , SQL to get Categories : 'SELECT module FROM `assessment`.`question_category` where subId='AGR/Q4804' and category='Theory''
2016-11-24T03:40:01+00:00 [7036] INFO  : DB Get Request with parameter :'categories'
2016-11-24T03:40:01+00:00 [7036] INFO  : DB Get Categories List for subject  : 'AGR/Q4804'
2016-11-24T03:40:01+00:00 [7036] INFO  : DB 39  C:\wamp64\www\assessment\php\manageCategory.php  , SQL to get Categories : 'SELECT category FROM `assessment`.`question_category` where subId='AGR/Q4804''
2016-11-24T03:40:02+00:00 [7036] INFO  : DB Get Request with parameter :'categories'
2016-11-24T03:40:02+00:00 [7036] INFO  : DB Get Categories List for subject  : 'AGR/Q4804'
2016-11-24T03:40:02+00:00 [7036] INFO  : DB 39  C:\wamp64\www\assessment\php\manageCategory.php  , SQL to get Categories : 'SELECT category FROM `assessment`.`question_category` where subId='AGR/Q4804''
2016-11-24T03:40:04+00:00 [7036] INFO  : DB Get Request with parameter :'categories'
2016-11-24T03:40:04+00:00 [7036] INFO  : DB Get Categories List for subject  : 'AGR/Q4804'
2016-11-24T03:40:04+00:00 [7036] INFO  : DB 39  C:\wamp64\www\assessment\php\manageCategory.php  , SQL to get Categories : 'SELECT category FROM `assessment`.`question_category` where subId='AGR/Q4804''
2016-11-24T03:40:05+00:00 [7036] INFO  : DB Get Request with parameter :'modules'
2016-11-24T03:40:05+00:00 [7036] INFO  : DB Get Module List for subject : 'AGR/Q4804' and category 'Theory'
2016-11-24T03:40:05+00:00 [7036] INFO  : DB 62  C:\wamp64\www\assessment\php\manageCategory.php  , SQL to get Categories : 'SELECT module FROM `assessment`.`question_category` where subId='AGR/Q4804' and category='Theory''
2016-11-24T03:40:07+00:00 [7036] INFO  : DB Get Request with parameter :'categories'
2016-11-24T03:40:07+00:00 [7036] INFO  : DB Get Categories List for subject  : 'AGR/Q4804'
2016-11-24T03:40:07+00:00 [7036] INFO  : DB 39  C:\wamp64\www\assessment\php\manageCategory.php  , SQL to get Categories : 'SELECT category FROM `assessment`.`question_category` where subId='AGR/Q4804''
2016-11-24T03:40:07+00:00 [7036] INFO  : DB Get Request with parameter :'modules'
2016-11-24T03:40:07+00:00 [7036] INFO  : DB Get Module List for subject : 'AGR/Q4804' and category 'ada'
2016-11-24T03:40:07+00:00 [7036] INFO  : DB 62  C:\wamp64\www\assessment\php\manageCategory.php  , SQL to get Categories : 'SELECT module FROM `assessment`.`question_category` where subId='AGR/Q4804' and category='ada''
