2016-11-17T16:27:14+00:00 [1344] INFO  : DB  Get Request with action parameter.
2016-11-17T16:27:14+00:00 [1344] INFO  : DB  Get Request to get question details.
2016-11-17T16:27:14+00:00 [1344] INFO  : DB 108  C:\wamp64\www\assessment\php\manageQuestions.php  , SQL to get Question for editing : 'SELECT * FROM `assessment`.`question` where subid='AGR/Q4804' and qnid='7316_AGR/Q4804''
2016-11-17T16:27:57+00:00 [1344] INFO  : DB  Get Request with action parameter.
2016-11-17T16:27:57+00:00 [1344] INFO  : DB  Get Request to update question.
2016-11-17T16:27:57+00:00 [1344] INFO  : DB 62  C:\wamp64\www\assessment\php\manageQuestions.php  , SQL to update Question : 'update `assessment`.`question` set
				`question`='AGR/Q4804',`optiona`='AGR/Q4804',`optionb`='AGR/Q4804',`optionc`='AGR/Q4804',`optiond`='AGR/Q4804',`correctanswer`='AGR/Q4804',`marks`='AGR/Q4804',`language`='AGR/Q4804',`no_of_options`='AGR/Q4804' where qnid='AGR/Q4804' and subId='7316_AGR/Q4804''
2016-11-17T16:28:34+00:00 [1344] INFO  : DB  Get Request with action parameter.
2016-11-17T16:28:34+00:00 [1344] INFO  : DB  Get Request to get question details.
2016-11-17T16:28:34+00:00 [1344] INFO  : DB 108  C:\wamp64\www\assessment\php\manageQuestions.php  , SQL to get Question for editing : 'SELECT * FROM `assessment`.`question` where subid='AGR/Q4804' and qnid='7316_AGR/Q4804''
2016-11-17T16:29:03+00:00 [1344] INFO  : DB  Get Request with action parameter.
2016-11-17T16:29:03+00:00 [1344] INFO  : DB  Get Request to update question.
2016-11-17T16:29:03+00:00 [1344] INFO  : DB 62  C:\wamp64\www\assessment\php\manageQuestions.php  , SQL to update Question : 'update `assessment`.`question` set
				`question`='AGR/Q4804',`optiona`='AGR/Q4804',`optionb`='AGR/Q4804',`optionc`='AGR/Q4804',`optiond`='AGR/Q4804',`correctanswer`='AGR/Q4804',`marks`='AGR/Q4804',`language`='AGR/Q4804',`no_of_options`='AGR/Q4804' where qnid='AGR/Q4804' and subId='7316_AGR/Q4804''
2016-11-17T16:29:03+00:00 [1344] INFO  : DB 24  C:\wamp64\www\assessment\php\manageQuestions.php  , Success !  Question save successfully in Database : ''
2016-11-17T16:29:03+00:00 [1344] INFO  : DB 247  C:\wamp64\www\assessment\php\manageQuestions.php Question saved successfully.
2016-11-17T16:29:15+00:00 [1344] INFO  : DB  Get Request with action parameter.
2016-11-17T16:29:15+00:00 [1344] INFO  : DB  Get Request to get question details.
2016-11-17T16:29:15+00:00 [1344] INFO  : DB 108  C:\wamp64\www\assessment\php\manageQuestions.php  , SQL to get Question for editing : 'SELECT * FROM `assessment`.`question` where subid='AGR/Q4804' and qnid='7316_AGR/Q4804''
2016-11-17T16:30:27+00:00 [1344] INFO  : DB  Get Request with action parameter.
2016-11-17T16:30:27+00:00 [1344] INFO  : DB  Get Request to update question.
2016-11-17T16:30:27+00:00 [1344] INFO  : DB 62  C:\wamp64\www\assessment\php\manageQuestions.php  , SQL to update Question : 'update `assessment`.`question` set
				`question`='AGR/Q4804',`optiona`='AGR/Q4804',`optionb`='AGR/Q4804',`optionc`='AGR/Q4804',`optiond`='AGR/Q4804',`correctanswer`='AGR/Q4804',`marks`='AGR/Q4804',`language`='AGR/Q4804',`no_of_options`='AGR/Q4804' where qnid='AGR/Q4804' and subId='7316_AGR/Q4804''
2016-11-17T16:30:27+00:00 [1344] INFO  : DB 24  C:\wamp64\www\assessment\php\manageQuestions.php  , Success !  Question save successfully in Database : ''
2016-11-17T16:30:27+00:00 [1344] INFO  : DB 247  C:\wamp64\www\assessment\php\manageQuestions.php Question saved successfully.
2016-11-17T16:33:59+00:00 [1344] INFO  : DB  Get Request with action parameter.
2016-11-17T16:33:59+00:00 [1344] INFO  : DB  Get Request to get question details.
2016-11-17T16:33:59+00:00 [1344] INFO  : DB 108  C:\wamp64\www\assessment\php\manageQuestions.php  , SQL to get Question for editing : 'SELECT * FROM `assessment`.`question` where subid='AGR/Q4804' and qnid='7316_AGR/Q4804''
2016-11-17T16:34:12+00:00 [1344] INFO  : DB  Get Request with action parameter.
2016-11-17T16:34:12+00:00 [1344] INFO  : DB  Get Request to update question.
2016-11-17T16:34:12+00:00 [1344] INFO  : DB 62  C:\wamp64\www\assessment\php\manageQuestions.php  , SQL to update Question : 'update `assessment`.`question` set
				`question`='अप',`optiona`='अप',`optionb`='अप',`optionc`='अप',`optiond`='अप',`correctanswer`='optionc',`marks`='122',`language`='hindi',`no_of_options`='4' where qnid='AGR/Q4804' and subId='7316_AGR/Q4804''
2016-11-17T16:34:12+00:00 [1344] INFO  : DB 24  C:\wamp64\www\assessment\php\manageQuestions.php  , Success !  Question save successfully in Database : ''
2016-11-17T16:34:12+00:00 [1344] INFO  : DB 247  C:\wamp64\www\assessment\php\manageQuestions.php Question saved successfully.
2016-11-17T16:45:11+00:00 [1344] INFO  : DB  Get Request with action parameter.
2016-11-17T16:45:11+00:00 [1344] INFO  : DB  Get Request to get question details.
2016-11-17T16:45:11+00:00 [1344] INFO  : DB 113  C:\wamp64\www\assessment\php\manageQuestions.php  , SQL to get Question for editing : 'SELECT * FROM `assessment`.`question` where subid='AGR/Q4804' and qnid='7316_AGR/Q4804''
2016-11-17T16:45:25+00:00 [1344] INFO  : DB  Get Request with action parameter.
2016-11-17T16:45:25+00:00 [1344] INFO  : DB  Get Request to update question.
2016-11-17T16:45:25+00:00 [1344] INFO  : DB 67  C:\wamp64\www\assessment\php\manageQuestions.php  , SQL to update Question : 'update `assessment`.`question` set
				`question`='अप',`optiona`='अप',`optionb`='अप',`optionc`='अप',`optiond`='अप',`correctanswer`='optiond',`marks`='12',`language`='hindi',`no_of_options`='4' where qnid='AGR/Q4804' and subId='7316_AGR/Q4804''
2016-11-17T16:45:25+00:00 [1344] INFO  : DB 28  C:\wamp64\www\assessment\php\manageQuestions.php  , ERROR #! N records found to update 
2016-11-17T16:45:25+00:00 [1344] INFO  : DB 247  C:\wamp64\www\assessment\php\manageQuestions.php Error while inserting Question in DB.{"error":"Error while updating Question in DB."}
2016-11-17T16:46:34+00:00 [1344] INFO  : DB  Get Request with action parameter.
2016-11-17T16:46:34+00:00 [1344] INFO  : DB  Get Request to update question.
2016-11-17T16:46:34+00:00 [1344] INFO  : DB 67  C:\wamp64\www\assessment\php\manageQuestions.php  , SQL to update Question : 'update `assessment`.`question` set
				`question`='अपअ',`optiona`='अपअ',`optionb`='अपअ',`optionc`='अपअ',`optiond`='अपअ',`correctanswer`='optiond',`marks`='122',`language`='hindi',`no_of_options`='4' where qnid='7316_AGR/Q4804' and subId='AGR/Q4804''
2016-11-17T16:46:34+00:00 [1344] INFO  : DB 28  C:\wamp64\www\assessment\php\manageQuestions.php  , ERROR #! No records found to update 
2016-11-17T16:46:34+00:00 [1344] INFO  : DB 247  C:\wamp64\www\assessment\php\manageQuestions.php Error while inserting Question in DB.{"error":"Error while updating Question in DB."}
2016-11-17T16:50:20+00:00 [1344] INFO  : DB  Get Request with action parameter.
2016-11-17T16:50:20+00:00 [1344] INFO  : DB  Get Request to update question.
2016-11-17T16:50:20+00:00 [1344] INFO  : DB 67  C:\wamp64\www\assessment\php\manageQuestions.php  , SQL to update Question : 'update `assessment`.`question` set
				`question`='अपअ',`optiona`='अपअ',`optionb`='अपअ',`optionc`='अपअ',`optiond`='अपअ',`correctanswer`='optiond',`marks`='122',`language`='hindi',`no_of_options`='4' where qnid='7316_AGR/Q4804' and subId='AGR/Q4804' and id='
2016-11-17T16:50:20+00:00 [1344] INFO  : DB 32  C:\wamp64\www\assessment\php\manageQuestions.php  ,ERROR #You have an error in your SQL syntax; check the manual that corresponds to your MySQL server version for the right syntax to use near '' at line 2
2016-11-17T16:50:20+00:00 [1344] INFO  : DB 248  C:\wamp64\www\assessment\php\manageQuestions.php Error while inserting Question in DB.{"error":"Error while updating Question in DB."}
2016-11-17T16:51:08+00:00 [1344] INFO  : DB  Get Request with action parameter.
2016-11-17T16:51:08+00:00 [1344] INFO  : DB  Get Request to get question details.
2016-11-17T16:51:08+00:00 [1344] INFO  : DB 113  C:\wamp64\www\assessment\php\manageQuestions.php  , SQL to get Question for editing : 'SELECT * FROM `assessment`.`question` where subid='AGR/Q4804' and qnid='7316_AGR/Q4804''
2016-11-17T16:51:11+00:00 [1344] INFO  : DB  Get Request with action parameter.
2016-11-17T16:51:11+00:00 [1344] INFO  : DB  Get Request to get question details.
2016-11-17T16:51:11+00:00 [1344] INFO  : DB 113  C:\wamp64\www\assessment\php\manageQuestions.php  , SQL to get Question for editing : 'SELECT * FROM `assessment`.`question` where subid='AGR/Q4804' and qnid='7316_AGR/Q4804''
2016-11-17T16:51:19+00:00 [1344] INFO  : DB  Get Request with action parameter.
2016-11-17T16:51:19+00:00 [1344] INFO  : DB  Get Request to update question.
2016-11-17T16:51:19+00:00 [1344] INFO  : DB 67  C:\wamp64\www\assessment\php\manageQuestions.php  , SQL to update Question : 'update `assessment`.`question` set
				`question`='अपअव',`optiona`='अपअ',`optionb`='अपअ',`optionc`='अपअ',`optiond`='अपअ',`correctanswer`='optiond',`marks`='122',`language`='hindi',`no_of_options`='4' where qnid='7316_AGR/Q4804' and subId='AGR/Q4804' and id='
2016-11-17T16:51:19+00:00 [1344] INFO  : DB 32  C:\wamp64\www\assessment\php\manageQuestions.php  ,ERROR #You have an error in your SQL syntax; check the manual that corresponds to your MySQL server version for the right syntax to use near '' at line 2
2016-11-17T16:51:19+00:00 [1344] INFO  : DB 248  C:\wamp64\www\assessment\php\manageQuestions.php Error while inserting Question in DB.{"error":"Error while updating Question in DB."}
2016-11-17T16:51:53+00:00 [1344] INFO  : DB  Get Request with action parameter.
2016-11-17T16:51:53+00:00 [1344] INFO  : DB  Get Request to update question.
2016-11-17T16:51:53+00:00 [1344] INFO  : DB 67  C:\wamp64\www\assessment\php\manageQuestions.php  , SQL to update Question : 'update `assessment`.`question` set
				`question`='अपअव',`optiona`='अपअ',`optionb`='अपअ',`optionc`='अपअ',`optiond`='अपअ',`correctanswer`='optiond',`marks`='122',`language`='hindi',`no_of_options`='4' where qnid='7316_AGR/Q4804' and subId='AGR/Q4804' and id='
2016-11-17T16:51:53+00:00 [1344] INFO  : DB 32  C:\wamp64\www\assessment\php\manageQuestions.php  ,ERROR #You have an error in your SQL syntax; check the manual that corresponds to your MySQL server version for the right syntax to use near '' at line 2
2016-11-17T16:51:53+00:00 [1344] INFO  : DB 248  C:\wamp64\www\assessment\php\manageQuestions.php Error while inserting Question in DB.{"error":"Error while updating Question in DB."}
2016-11-17T16:52:52+00:00 [1344] INFO  : DB  Get Request with action parameter.
2016-11-17T16:52:52+00:00 [1344] INFO  : DB  Get Request to get question details.
2016-11-17T16:52:52+00:00 [1344] INFO  : DB 113  C:\wamp64\www\assessment\php\manageQuestions.php  , SQL to get Question for editing : 'SELECT * FROM `assessment`.`question` where subid='AGR/Q4804' and qnid='7316_AGR/Q4804''
2016-11-17T16:53:00+00:00 [1344] INFO  : DB  Get Request with action parameter.
2016-11-17T16:53:00+00:00 [1344] INFO  : DB  Get Request to update question.
2016-11-17T16:53:00+00:00 [1344] INFO  : DB 67  C:\wamp64\www\assessment\php\manageQuestions.php  , SQL to update Question : 'update `assessment`.`question` set
				`question`='अपअ',`optiona`='अपअ',`optionb`='अपअ',`optionc`='अपअ',`optiond`='अपअ',`correctanswer`='optionb',`marks`='122',`language`='hindi',`no_of_options`='4' where qnid='7316_AGR/Q4804' and subId='AGR/Q4804' and id=7'
2016-11-17T16:53:01+00:00 [1344] INFO  : DB 28  C:\wamp64\www\assessment\php\manageQuestions.php  , ERROR #! No records found to update 
2016-11-17T16:53:01+00:00 [1344] INFO  : DB 248  C:\wamp64\www\assessment\php\manageQuestions.php Error while inserting Question in DB.{"error":"Error while updating Question in DB."}
2016-11-17T16:55:00+00:00 [1344] INFO  : DB  Get Request with action parameter.
2016-11-17T16:55:00+00:00 [1344] INFO  : DB  Get Request to get question details.
2016-11-17T16:55:00+00:00 [1344] INFO  : DB 113  C:\wamp64\www\assessment\php\manageQuestions.php  , SQL to get Question for editing : 'SELECT * FROM `assessment`.`question` where subid='AGR/Q4804' and qnid='7316_AGR/Q4804''
2016-11-17T16:55:08+00:00 [1344] INFO  : DB  Get Request with action parameter.
2016-11-17T16:55:08+00:00 [1344] INFO  : DB  Get Request to update question.
2016-11-17T16:55:08+00:00 [1344] INFO  : DB 67  C:\wamp64\www\assessment\php\manageQuestions.php  , SQL to update Question : 'update `assessment`.`question` set
				`question`='अपअ',`optiona`='अपअ',`optionb`='अपअ',`optionc`='अपअ',`optiond`='अपअ',`correctanswer`='optiond',`marks`='122',`language`='hindi',`no_of_options`='4' where qnid='7316_AGR/Q4804' and subId='AGR/Q4804' and id=7'
2016-11-17T16:55:08+00:00 [1344] INFO  : DB 28  C:\wamp64\www\assessment\php\manageQuestions.php  , ERROR #! No records found to update 
2016-11-17T16:55:08+00:00 [1344] INFO  : DB 248  C:\wamp64\www\assessment\php\manageQuestions.php Error while inserting Question in DB.{"error":"Error while updating Question in DB."}
2016-11-17T16:55:54+00:00 [1344] INFO  : DB  Get Request with action parameter.
2016-11-17T16:55:54+00:00 [1344] INFO  : DB  Get Request to update question.
2016-11-17T16:55:54+00:00 [1344] INFO  : DB 67  C:\wamp64\www\assessment\php\manageQuestions.php  , SQL to update Question : 'update `assessment`.`question` set
				`question`='अपअ',`optiona`='अपअ',`optionb`='अपअ',`optionc`='अपअ',`optiond`='अपअ',`correctanswer`='optionc',`marks`='122',`language`='hindi',`no_of_options`='4' where qnid='7316_AGR/Q4804' and subId='AGR/Q4804' and id=7'
2016-11-17T16:55:54+00:00 [1344] INFO  : DB 28  C:\wamp64\www\assessment\php\manageQuestions.php  , ERROR #! No records found to update 
2016-11-17T16:55:54+00:00 [1344] INFO  : DB 248  C:\wamp64\www\assessment\php\manageQuestions.php Error while inserting Question in DB.{"error":"Error while updating Question in DB."}
2016-11-17T16:56:08+00:00 [1344] INFO  : DB  Get Request with action parameter.
2016-11-17T16:56:08+00:00 [1344] INFO  : DB  Get Request to update question.
2016-11-17T16:56:08+00:00 [1344] INFO  : DB 67  C:\wamp64\www\assessment\php\manageQuestions.php  , SQL to update Question : 'update `assessment`.`question` set
				`question`='अपअ',`optiona`='अपअ',`optionb`='अपअ',`optionc`='अपअ',`optiond`='अपअ',`correctanswer`='optionc',`marks`='12244',`language`='hindi',`no_of_options`='4' where qnid='7316_AGR/Q4804' and subId='AGR/Q4804' and id=7'
2016-11-17T16:56:08+00:00 [1344] INFO  : DB 28  C:\wamp64\www\assessment\php\manageQuestions.php  , ERROR #! No records found to update 
2016-11-17T16:56:08+00:00 [1344] INFO  : DB 248  C:\wamp64\www\assessment\php\manageQuestions.php Error while inserting Question in DB.{"error":"Error while updating Question in DB."}
2016-11-17T16:57:18+00:00 [1344] INFO  : DB  Get Request with action parameter.
2016-11-17T16:57:18+00:00 [1344] INFO  : DB  Get Request to update question.
2016-11-17T16:57:18+00:00 [1344] INFO  : DB 67  C:\wamp64\www\assessment\php\manageQuestions.php  , SQL to update Question : 'update `assessment`.`question` set
				`question`='अपअ',`optiona`='अपअ',`optionb`='अपअ',`optionc`='अपअ',`optiond`='अपअ',`correctanswer`='optionc',`marks`='122446',`language`='hindi',`no_of_options`='4' where qnid='7316_AGR/Q4804' and subId='AGR/Q4804' and id=7'
2016-11-17T16:57:18+00:00 [1344] INFO  : DB 25  C:\wamp64\www\assessment\php\manageQuestions.php  , Success !  Question save successfully in Database : ''
2016-11-17T16:57:18+00:00 [1344] INFO  : DB 251  C:\wamp64\www\assessment\php\manageQuestions.php Question saved successfully.
2016-11-17T16:57:25+00:00 [1344] INFO  : DB Get Request with parameter :'questions'
2016-11-17T16:57:25+00:00 [1344] INFO  : DB Get Questions List for subject  : 'questions'
2016-11-17T16:57:25+00:00 [1344] INFO  : DB 78  C:\wamp64\www\assessment\php\manageQuestions.php  , SQL to get Question : 'SELECT * FROM `assessment`.`question`'
