2016-11-21T03:12:56+00:00 [5652] INFO  : DB Get Request with parameter :'jobrole'
2016-11-21T03:12:56+00:00 [5652] INFO  : DB Get Job Roles List with parameter :'jobrole' for SSC :''
2016-11-21T03:12:56+00:00 [5652] INFO  : DB SQL = 'SELECT job_role FROM `assessment`.`jobroles_excel_import`'
2016-11-21T03:12:57+00:00 [5652] INFO  : DB Get Request with parameter :'jobrole'
2016-11-21T03:12:57+00:00 [5652] INFO  : DB Get Job Roles List with parameter :'jobrole' for SSC :''
2016-11-21T03:12:57+00:00 [5652] INFO  : DB SQL = 'SELECT job_role FROM `assessment`.`jobroles_excel_import`'
2016-11-21T04:54:11+00:00 [5652] INFO  : DB Get Request with parameter :'jobrole'
2016-11-21T04:54:12+00:00 [5652] INFO  : DB Get Job Roles List with parameter :'jobrole' for SSC :''
2016-11-21T04:54:12+00:00 [5652] INFO  : DB SQL = 'SELECT job_role FROM `assessment`.`jobroles_excel_import`'
2016-11-21T04:54:13+00:00 [5652] INFO  : DB Get Request with parameter :'qpcode'
2016-11-21T04:54:13+00:00 [5652] INFO  : DB Get QP Code with parameter :'qpcode' for Job Role :'Green House Operator'
2016-11-21T04:54:13+00:00 [5652] INFO  : DB SQL = 'SELECT qp_code FROM `assessment`.`jobroles_excel_import` where job_role='Green House Operator''
2016-11-21T04:54:30+00:00 [5652] INFO  : DB Get Request with parameter :'questions'
2016-11-21T04:54:30+00:00 [5652] INFO  : DB Get Questions List for subject  : 'questions'
2016-11-21T04:54:30+00:00 [5652] INFO  : DB 78  C:\wamp64\www\assessment\php\manageQuestions.php  , SQL to get Question : 'SELECT * FROM `assessment`.`question`'
2016-11-21T04:54:30+00:00 [5652] INFO  : DB Get Request with parameter :'exams'
2016-11-21T04:54:30+00:00 [5652] INFO  : DB Get Exam List for subject  : ''
2016-11-21T04:54:31+00:00 [5652] INFO  : DB 14  C:\wamp64\www\assessment\php\manageExams.php  , SQL to get Exam : 'SELECT * FROM `assessment`.`exam`'
2016-11-21T04:54:34+00:00 [5652] INFO  : DB Get Request with parameter :'questions'
2016-11-21T04:54:34+00:00 [5652] INFO  : DB Get Questions List for subject  : 'questions'
2016-11-21T04:54:34+00:00 [5652] INFO  : DB 78  C:\wamp64\www\assessment\php\manageQuestions.php  , SQL to get Question : 'SELECT * FROM `assessment`.`question`'
2016-11-21T04:54:55+00:00 [5652] INFO  : DB Get Request with parameter :'questions'
2016-11-21T04:54:55+00:00 [5652] INFO  : DB Get Questions List for subject  : 'questions'
2016-11-21T04:54:55+00:00 [5652] INFO  : DB 78  C:\wamp64\www\assessment\php\manageQuestions.php  , SQL to get Question : 'SELECT * FROM `assessment`.`question`'
2016-11-21T04:54:58+00:00 [5652] INFO  : DB Get Request with parameter :'exams'
2016-11-21T04:54:58+00:00 [5652] INFO  : DB Get Exam List for subject  : ''
2016-11-21T04:54:58+00:00 [5652] INFO  : DB 14  C:\wamp64\www\assessment\php\manageExams.php  , SQL to get Exam : 'SELECT * FROM `assessment`.`exam`'
2016-11-21T04:59:13+00:00 [5652] INFO  : DB Get Request with parameter :'questions'
2016-11-21T04:59:13+00:00 [5652] INFO  : DB Get Questions List for subject  : 'questions'
2016-11-21T04:59:13+00:00 [5652] INFO  : DB 78  C:\wamp64\www\assessment\php\manageQuestions.php  , SQL to get Question : 'SELECT * FROM `assessment`.`question`'
2016-11-21T04:59:21+00:00 [5652] INFO  : DB Get Request with parameter :'exams'
2016-11-21T04:59:21+00:00 [5652] INFO  : DB Get Exam List for subject  : ''
2016-11-21T04:59:21+00:00 [5652] INFO  : DB 14  C:\wamp64\www\assessment\php\manageExams.php  , SQL to get Exam : 'SELECT * FROM `assessment`.`exam`'
2016-11-21T04:59:38+00:00 [5652] INFO  : DB Get Request with parameter :'exams'
2016-11-21T04:59:38+00:00 [5652] INFO  : DB Get Exam List for subject  : ''
2016-11-21T04:59:38+00:00 [5652] INFO  : DB 14  C:\wamp64\www\assessment\php\manageExams.php  , SQL to get Exam : 'SELECT * FROM `assessment`.`exam`'
2016-11-21T04:59:44+00:00 [5652] INFO  : DB Get Request with parameter :'exams'
2016-11-21T04:59:44+00:00 [5652] INFO  : DB Get Exam List for subject  : ''
2016-11-21T04:59:44+00:00 [5652] INFO  : DB 14  C:\wamp64\www\assessment\php\manageExams.php  , SQL to get Exam : 'SELECT * FROM `assessment`.`exam`'
2016-11-21T04:59:45+00:00 [5652] INFO  : DB Get Request with parameter :'questions'
2016-11-21T04:59:45+00:00 [5652] INFO  : DB Get Questions List for subject  : 'questions'
2016-11-21T04:59:45+00:00 [5652] INFO  : DB 78  C:\wamp64\www\assessment\php\manageQuestions.php  , SQL to get Question : 'SELECT * FROM `assessment`.`question`'
2016-11-21T05:03:24+00:00 [5652] INFO  : DB Get Request with parameter :'questions'
2016-11-21T05:03:24+00:00 [5652] INFO  : DB Get Questions List for subject  : 'questions'
2016-11-21T05:03:24+00:00 [5652] INFO  : DB 78  C:\wamp64\www\assessment\php\manageQuestions.php  , SQL to get Question : 'SELECT * FROM `assessment`.`question`'
2016-11-21T05:03:58+00:00 [5652] INFO  : DB Get Request with parameter :'questions'
2016-11-21T05:03:58+00:00 [5652] INFO  : DB Get Questions List for subject  : 'questions'
2016-11-21T05:03:58+00:00 [5652] INFO  : DB 78  C:\wamp64\www\assessment\php\manageQuestions.php  , SQL to get Question : 'SELECT * FROM `assessment`.`question`'
2016-11-21T05:04:41+00:00 [5652] INFO  : DB Get Request with parameter :'questions'
2016-11-21T05:04:41+00:00 [5652] INFO  : DB Get Questions List for subject  : 'questions'
2016-11-21T05:04:41+00:00 [5652] INFO  : DB 78  C:\wamp64\www\assessment\php\manageQuestions.php  , SQL to get Question : 'SELECT * FROM `assessment`.`question`'
2016-11-21T05:05:20+00:00 [5652] INFO  : DB Get Request with parameter :'exams'
2016-11-21T05:05:20+00:00 [5652] INFO  : DB Get Exam List for subject  : ''
2016-11-21T05:05:20+00:00 [5652] INFO  : DB 14  C:\wamp64\www\assessment\php\manageExams.php  , SQL to get Exam : 'SELECT * FROM `assessment`.`exam`'
2016-11-21T05:05:32+00:00 [5652] INFO  : DB Get Request with parameter :'questions'
2016-11-21T05:05:32+00:00 [5652] INFO  : DB Get Questions List for subject  : 'questions'
2016-11-21T05:05:32+00:00 [5652] INFO  : DB 78  C:\wamp64\www\assessment\php\manageQuestions.php  , SQL to get Question : 'SELECT * FROM `assessment`.`question`'
2016-11-21T05:09:37+00:00 [5652] INFO  : DB Get Request with parameter :'questions'
2016-11-21T05:09:37+00:00 [5652] INFO  : DB Get Questions List for subject  : 'questions'
2016-11-21T05:09:37+00:00 [5652] INFO  : DB 78  C:\wamp64\www\assessment\php\manageQuestions.php  , SQL to get Question : 'SELECT * FROM `assessment`.`question`'
2016-11-21T05:09:48+00:00 [5652] INFO  : DB Get Request with parameter :'exams'
2016-11-21T05:09:48+00:00 [5652] INFO  : DB Get Exam List for subject  : ''
2016-11-21T05:09:48+00:00 [5652] INFO  : DB 14  C:\wamp64\www\assessment\php\manageExams.php  , SQL to get Exam : 'SELECT * FROM `assessment`.`exam`'
