2016-11-25T03:36:58+00:00 [7036] INFO  : DB Get Request with parameter :'ssc'
2016-11-25T03:36:58+00:00 [7036] INFO  : DB Get SSC List from database.
2016-11-25T03:36:58+00:00 [7036] INFO  : DB SQL = 'SELECT ssc FROM `assessment`.`jobroles_excel_import`'
2016-11-25T03:36:59+00:00 [7036] INFO  : DB Get Request with parameter :'jobroleWithQPCode'
2016-11-25T03:36:59+00:00 [7036] INFO  : DB Get Job Roles List with parameter :'jobroleWithQPCode' for SSC :'Automotive '
2016-11-25T03:36:59+00:00 [7036] INFO  : DB SQL = 'SELECT job_role,qp_code FROM `assessment`.`jobroles_excel_import` where ssc='Automotive ''
2016-11-25T03:37:59+00:00 [7036] INFO  : DB Get Request with parameter :'ssc'
2016-11-25T03:37:59+00:00 [7036] INFO  : DB Get SSC List from database.
2016-11-25T03:37:59+00:00 [7036] INFO  : DB SQL = 'SELECT ssc FROM `assessment`.`jobroles_excel_import`'
2016-11-25T03:37:59+00:00 [7036] INFO  : DB Get Request with parameter :'jobroleWithQPCode'
2016-11-25T03:37:59+00:00 [7036] INFO  : DB Get Job Roles List with parameter :'jobroleWithQPCode' for SSC :'Apparel, Madeups & Home Furnishing'
2016-11-25T03:37:59+00:00 [7036] INFO  : DB SQL = 'SELECT job_role,qp_code FROM `assessment`.`jobroles_excel_import` where ssc='Apparel, Madeups & Home Furnishing''
2016-11-25T03:38:27+00:00 [7036] INFO  : DB Get Request with parameter :'ssc'
2016-11-25T03:38:27+00:00 [7036] INFO  : DB Get SSC List from database.
2016-11-25T03:38:27+00:00 [7036] INFO  : DB SQL = 'SELECT ssc FROM `assessment`.`jobroles_excel_import`'
2016-11-25T03:38:28+00:00 [7036] INFO  : DB Get Request with parameter :'jobroleWithQPCode'
2016-11-25T03:38:28+00:00 [7036] INFO  : DB Get Job Roles List with parameter :'jobroleWithQPCode' for SSC :'Beauty and Wellness'
2016-11-25T03:38:28+00:00 [7036] INFO  : DB SQL = 'SELECT job_role,qp_code FROM `assessment`.`jobroles_excel_import` where ssc='Beauty and Wellness''
2016-11-25T03:38:39+00:00 [7036] INFO  : DB Get Request with parameter :'ssc'
2016-11-25T03:38:39+00:00 [7036] INFO  : DB Get SSC List from database.
2016-11-25T03:38:39+00:00 [7036] INFO  : DB SQL = 'SELECT ssc FROM `assessment`.`jobroles_excel_import`'
2016-11-25T03:38:39+00:00 [7036] INFO  : DB Get Request with parameter :'jobroleWithQPCode'
2016-11-25T03:38:39+00:00 [7036] INFO  : DB Get Job Roles List with parameter :'jobroleWithQPCode' for SSC :'Beauty and Wellness'
2016-11-25T03:38:39+00:00 [7036] INFO  : DB SQL = 'SELECT job_role,qp_code FROM `assessment`.`jobroles_excel_import` where ssc='Beauty and Wellness''
2016-11-25T03:44:20+00:00 [7036] INFO  : DB Get Request with parameter :'ssc'
2016-11-25T03:44:20+00:00 [7036] INFO  : DB Get SSC List from database.
2016-11-25T03:44:20+00:00 [7036] INFO  : DB SQL = 'SELECT ssc FROM `assessment`.`jobroles_excel_import`'
2016-11-25T03:44:20+00:00 [7036] INFO  : DB Get Request with parameter :'jobroleWithQPCode'
2016-11-25T03:44:20+00:00 [7036] INFO  : DB Get Job Roles List with parameter :'jobroleWithQPCode' for SSC :'Apparel, Madeups & Home Furnishing'
2016-11-25T03:44:20+00:00 [7036] INFO  : DB SQL = 'SELECT job_role,qp_code FROM `assessment`.`jobroles_excel_import` where ssc='Apparel, Madeups & Home Furnishing''
2016-11-25T04:34:25+00:00 [7036] INFO  : DB Get Request with parameter :'ssc'
2016-11-25T04:34:25+00:00 [7036] INFO  : DB Get SSC List from database.
2016-11-25T04:34:25+00:00 [7036] INFO  : DB SQL = 'SELECT ssc FROM `assessment`.`jobroles_excel_import`'
2016-11-25T04:34:27+00:00 [7036] INFO  : DB Get Request with parameter :'jobroleWithQPCode'
2016-11-25T04:34:27+00:00 [7036] INFO  : DB Get Job Roles List with parameter :'jobroleWithQPCode' for SSC :'Apparel, Madeups & Home Furnishing'
2016-11-25T04:34:27+00:00 [7036] INFO  : DB SQL = 'SELECT job_role,qp_code FROM `assessment`.`jobroles_excel_import` where ssc='Apparel, Madeups & Home Furnishing''
2016-11-25T04:34:33+00:00 [7036] INFO  : DB Get Request with parameter :'ssc'
2016-11-25T04:34:33+00:00 [7036] INFO  : DB Get SSC List from database.
2016-11-25T04:34:33+00:00 [7036] INFO  : DB SQL = 'SELECT ssc FROM `assessment`.`jobroles_excel_import`'
2016-11-25T04:34:34+00:00 [7036] INFO  : DB Get Request with parameter :'jobroleWithQPCode'
2016-11-25T04:34:34+00:00 [7036] INFO  : DB Get Job Roles List with parameter :'jobroleWithQPCode' for SSC :'Automotive '
2016-11-25T04:34:34+00:00 [7036] INFO  : DB SQL = 'SELECT job_role,qp_code FROM `assessment`.`jobroles_excel_import` where ssc='Automotive ''
2016-11-25T04:37:12+00:00 [7036] INFO  : DB Get Request with parameter :'ssc'
2016-11-25T04:37:12+00:00 [7036] INFO  : DB Get SSC List from database.
2016-11-25T04:37:12+00:00 [7036] INFO  : DB SQL = 'SELECT ssc FROM `assessment`.`jobroles_excel_import`'
2016-11-25T04:37:12+00:00 [7036] INFO  : DB Get Request with parameter :'jobroleWithQPCode'
2016-11-25T04:37:12+00:00 [7036] INFO  : DB Get Job Roles List with parameter :'jobroleWithQPCode' for SSC :'BFSI'
2016-11-25T04:37:12+00:00 [7036] INFO  : DB SQL = 'SELECT job_role,qp_code FROM `assessment`.`jobroles_excel_import` where ssc='BFSI''
2016-11-25T04:38:57+00:00 [7036] INFO  : DB Get Request with parameter :'ssc'
2016-11-25T04:38:57+00:00 [7036] INFO  : DB Get SSC List from database.
2016-11-25T04:38:57+00:00 [7036] INFO  : DB SQL = 'SELECT ssc FROM `assessment`.`jobroles_excel_import`'
2016-11-25T04:38:57+00:00 [7036] INFO  : DB Get Request with parameter :'jobroleWithQPCode'
2016-11-25T04:38:57+00:00 [7036] INFO  : DB Get Job Roles List with parameter :'jobroleWithQPCode' for SSC :'Beauty and Wellness'
2016-11-25T04:38:57+00:00 [7036] INFO  : DB SQL = 'SELECT job_role,qp_code FROM `assessment`.`jobroles_excel_import` where ssc='Beauty and Wellness''
2016-11-25T04:39:10+00:00 [7036] INFO  : DB Get Request with parameter :'ssc'
2016-11-25T04:39:10+00:00 [7036] INFO  : DB Get SSC List from database.
2016-11-25T04:39:10+00:00 [7036] INFO  : DB SQL = 'SELECT ssc FROM `assessment`.`jobroles_excel_import`'
2016-11-25T04:39:10+00:00 [7036] INFO  : DB Get Request with parameter :'jobroleWithQPCode'
2016-11-25T04:39:10+00:00 [7036] INFO  : DB Get Job Roles List with parameter :'jobroleWithQPCode' for SSC :'Automotive '
2016-11-25T04:39:10+00:00 [7036] INFO  : DB SQL = 'SELECT job_role,qp_code FROM `assessment`.`jobroles_excel_import` where ssc='Automotive ''
2016-11-25T04:39:56+00:00 [7036] INFO  : DB Get Request with parameter :'ssc'
2016-11-25T04:39:56+00:00 [7036] INFO  : DB Get SSC List from database.
2016-11-25T04:39:56+00:00 [7036] INFO  : DB SQL = 'SELECT ssc FROM `assessment`.`jobroles_excel_import`'
2016-11-25T04:39:56+00:00 [7036] INFO  : DB Get Request with parameter :'jobroleWithQPCode'
2016-11-25T04:39:56+00:00 [7036] INFO  : DB Get Job Roles List with parameter :'jobroleWithQPCode' for SSC :'Beauty and Wellness'
2016-11-25T04:39:56+00:00 [7036] INFO  : DB SQL = 'SELECT job_role,qp_code FROM `assessment`.`jobroles_excel_import` where ssc='Beauty and Wellness''
2016-11-25T04:40:03+00:00 [7036] INFO  : DB Get Request with parameter :'ssc'
2016-11-25T04:40:03+00:00 [7036] INFO  : DB Get SSC List from database.
2016-11-25T04:40:03+00:00 [7036] INFO  : DB SQL = 'SELECT ssc FROM `assessment`.`jobroles_excel_import`'
2016-11-25T04:40:04+00:00 [7036] INFO  : DB Get Request with parameter :'jobroleWithQPCode'
2016-11-25T04:40:04+00:00 [7036] INFO  : DB Get Job Roles List with parameter :'jobroleWithQPCode' for SSC :'BFSI'
2016-11-25T04:40:04+00:00 [7036] INFO  : DB SQL = 'SELECT job_role,qp_code FROM `assessment`.`jobroles_excel_import` where ssc='BFSI''
2016-11-25T04:40:30+00:00 [7036] INFO  : DB Get Request with parameter :'ssc'
2016-11-25T04:40:30+00:00 [7036] INFO  : DB Get SSC List from database.
2016-11-25T04:40:30+00:00 [7036] INFO  : DB SQL = 'SELECT ssc FROM `assessment`.`jobroles_excel_import`'
2016-11-25T04:40:31+00:00 [7036] INFO  : DB Get Request with parameter :'jobroleWithQPCode'
2016-11-25T04:40:31+00:00 [7036] INFO  : DB Get Job Roles List with parameter :'jobroleWithQPCode' for SSC :'Automotive '
2016-11-25T04:40:31+00:00 [7036] INFO  : DB SQL = 'SELECT job_role,qp_code FROM `assessment`.`jobroles_excel_import` where ssc='Automotive ''
2016-11-25T04:48:14+00:00 [7036] INFO  : DB Get Request with parameter :'ssc'
2016-11-25T04:48:14+00:00 [7036] INFO  : DB Get SSC List from database.
2016-11-25T04:48:14+00:00 [7036] INFO  : DB SQL = 'SELECT ssc FROM `assessment`.`jobroles_excel_import`'
2016-11-25T04:48:15+00:00 [7036] INFO  : DB Get Request with parameter :'jobroleWithQPCode'
2016-11-25T04:48:15+00:00 [7036] INFO  : DB Get Job Roles List with parameter :'jobroleWithQPCode' for SSC :'Automotive '
2016-11-25T04:48:15+00:00 [7036] INFO  : DB SQL = 'SELECT job_role,qp_code FROM `assessment`.`jobroles_excel_import` where ssc='Automotive ''
2016-11-25T04:48:45+00:00 [7036] INFO  : DB Get Request with parameter :'ssc'
2016-11-25T04:48:45+00:00 [7036] INFO  : DB Get SSC List from database.
2016-11-25T04:48:45+00:00 [7036] INFO  : DB SQL = 'SELECT ssc FROM `assessment`.`jobroles_excel_import`'
2016-11-25T04:48:46+00:00 [7036] INFO  : DB Get Request with parameter :'jobroleWithQPCode'
2016-11-25T04:48:46+00:00 [7036] INFO  : DB Get Job Roles List with parameter :'jobroleWithQPCode' for SSC :'Apparel, Madeups & Home Furnishing'
2016-11-25T04:48:46+00:00 [7036] INFO  : DB SQL = 'SELECT job_role,qp_code FROM `assessment`.`jobroles_excel_import` where ssc='Apparel, Madeups & Home Furnishing''
2016-11-25T04:49:30+00:00 [7036] INFO  : DB Get Request with parameter :'ssc'
2016-11-25T04:49:30+00:00 [7036] INFO  : DB Get SSC List from database.
2016-11-25T04:49:30+00:00 [7036] INFO  : DB SQL = 'SELECT ssc FROM `assessment`.`jobroles_excel_import`'
2016-11-25T04:49:30+00:00 [7036] INFO  : DB Get Request with parameter :'jobroleWithQPCode'
2016-11-25T04:49:30+00:00 [7036] INFO  : DB Get Job Roles List with parameter :'jobroleWithQPCode' for SSC :'Apparel, Madeups & Home Furnishing'
2016-11-25T04:49:30+00:00 [7036] INFO  : DB SQL = 'SELECT job_role,qp_code FROM `assessment`.`jobroles_excel_import` where ssc='Apparel, Madeups & Home Furnishing''
2016-11-25T07:06:49+00:00 [13652] INFO  : DB 104  C:\wamp64\www\assessment\php\manageCategory.php  , SQL to get Categories  and Modules : 'SELECT distinct(category) FROM `assessment`.`question_category` where subId='AGR/Q4904' and status='active''
2016-11-25T07:07:34+00:00 [10548] INFO  : DB 104  C:\wamp64\www\assessment\php\manageCategory.php  , SQL to get Categories  and Modules : 'SELECT distinct(category) FROM `assessment`.`question_category` where subId='AGR/Q4904' and status='active''
2016-11-25T07:07:34+00:00 [10548] INFO  : DB 85  C:\wamp64\www\assessment\php\manageCategory.php  , SQL to get Categories : 'SELECT module FROM `assessment`.`question_category` where module!='' and subId='AGR/Q4904' and category='Theory''
2016-11-25T07:07:34+00:00 [10548] INFO  : DB 85  C:\wamp64\www\assessment\php\manageCategory.php  , SQL to get Categories : 'SELECT module FROM `assessment`.`question_category` where module!='' and subId='AGR/Q4904' and category='Practical''
2016-11-25T07:09:29+00:00 [3136] INFO  : DB 104  C:\wamp64\www\assessment\php\manageCategory.php  , SQL to get Categories  and Modules : 'SELECT distinct(category) FROM `assessment`.`question_category` where subId='AGR/Q4904' and status='active''
2016-11-25T07:09:29+00:00 [3136] INFO  : DB 85  C:\wamp64\www\assessment\php\manageCategory.php  , SQL to get Categories : 'SELECT module FROM `assessment`.`question_category` where module!='' and subId='AGR/Q4904' and category='Theory''
2016-11-25T07:09:30+00:00 [3136] INFO  : DB 85  C:\wamp64\www\assessment\php\manageCategory.php  , SQL to get Categories : 'SELECT module FROM `assessment`.`question_category` where module!='' and subId='AGR/Q4904' and category='Practical''
2016-11-25T07:19:42+00:00 [7036] INFO  : DB Get Request with parameter : 'catNModules'
2016-11-25T07:19:42+00:00 [7036] INFO  : DB Get Category and Module List for subject : 'AGR/Q4904' and category ''
2016-11-25T07:19:42+00:00 [7036] INFO  : DB 104  C:\wamp64\www\assessment\php\manageCategory.php  , SQL to get Categories  and Modules : 'SELECT distinct(category) FROM `assessment`.`question_category` where subId='AGR/Q4904' and status='active''
2016-11-25T07:19:42+00:00 [7036] INFO  : DB 85  C:\wamp64\www\assessment\php\manageCategory.php  , SQL to get Categories : 'SELECT module FROM `assessment`.`question_category` where module!='' and subId='AGR/Q4904' and category='Theory''
2016-11-25T07:19:42+00:00 [7036] INFO  : DB 85  C:\wamp64\www\assessment\php\manageCategory.php  , SQL to get Categories : 'SELECT module FROM `assessment`.`question_category` where module!='' and subId='AGR/Q4904' and category='Practical''
2016-11-25T07:20:57+00:00 [7036] INFO  : DB Get Request with parameter : 'catNModules'
2016-11-25T07:20:57+00:00 [7036] INFO  : DB Get Category and Module List for subject : 'AGR/Q4904' and category ''
2016-11-25T07:20:57+00:00 [7036] INFO  : DB 104  C:\wamp64\www\assessment\php\manageCategory.php  , SQL to get Categories  and Modules : 'SELECT distinct(category) FROM `assessment`.`question_category` where subId='AGR/Q4904' and status='active''
2016-11-25T07:20:57+00:00 [7036] INFO  : DB 85  C:\wamp64\www\assessment\php\manageCategory.php  , SQL to get Categories : 'SELECT module FROM `assessment`.`question_category` where module!='' and subId='AGR/Q4904' and category='Theory''
2016-11-25T07:20:57+00:00 [7036] INFO  : DB 85  C:\wamp64\www\assessment\php\manageCategory.php  , SQL to get Categories : 'SELECT module FROM `assessment`.`question_category` where module!='' and subId='AGR/Q4904' and category='Practical''
2016-11-25T07:22:02+00:00 [7036] INFO  : DB Get Request with parameter : 'catNModules'
2016-11-25T07:22:02+00:00 [7036] INFO  : DB Get Category and Module List for subject : 'AGR/Q4904' and category ''
2016-11-25T07:22:02+00:00 [7036] INFO  : DB 104  C:\wamp64\www\assessment\php\manageCategory.php  , SQL to get Categories  and Modules : 'SELECT distinct(category) FROM `assessment`.`question_category` where subId='AGR/Q4904' and status='active''
2016-11-25T07:22:02+00:00 [7036] INFO  : DB 85  C:\wamp64\www\assessment\php\manageCategory.php  , SQL to get Categories : 'SELECT module FROM `assessment`.`question_category` where module!='' and subId='AGR/Q4904' and category='Theory''
2016-11-25T07:22:02+00:00 [7036] INFO  : DB 85  C:\wamp64\www\assessment\php\manageCategory.php  , SQL to get Categories : 'SELECT module FROM `assessment`.`question_category` where module!='' and subId='AGR/Q4904' and category='Practical''
2016-11-25T07:22:47+00:00 [7036] INFO  : DB Get Request with parameter : 'catNModules'
2016-11-25T07:22:47+00:00 [7036] INFO  : DB Get Category and Module List for subject : 'AGR/Q4904' and category ''
2016-11-25T07:22:47+00:00 [7036] INFO  : DB 104  C:\wamp64\www\assessment\php\manageCategory.php  , SQL to get Categories  and Modules : 'SELECT distinct(category) FROM `assessment`.`question_category` where subId='AGR/Q4904' and status='active''
2016-11-25T07:22:47+00:00 [7036] INFO  : DB 85  C:\wamp64\www\assessment\php\manageCategory.php  , SQL to get Categories : 'SELECT module FROM `assessment`.`question_category` where module!='' and subId='AGR/Q4904' and category='Theory''
2016-11-25T07:22:47+00:00 [7036] INFO  : DB 85  C:\wamp64\www\assessment\php\manageCategory.php  , SQL to get Categories : 'SELECT module FROM `assessment`.`question_category` where module!='' and subId='AGR/Q4904' and category='Practical''
2016-11-25T07:24:19+00:00 [7036] INFO  : DB Get Request with parameter : 'catNModules'
2016-11-25T07:24:19+00:00 [7036] INFO  : DB Get Category and Module List for subject : 'AGR/Q4904' and category ''
2016-11-25T07:24:19+00:00 [7036] INFO  : DB 104  C:\wamp64\www\assessment\php\manageCategory.php  , SQL to get Categories  and Modules : 'SELECT distinct(category) FROM `assessment`.`question_category` where subId='AGR/Q4904' and status='active''
2016-11-25T07:24:19+00:00 [7036] INFO  : DB 85  C:\wamp64\www\assessment\php\manageCategory.php  , SQL to get Categories : 'SELECT module FROM `assessment`.`question_category` where module!='' and subId='AGR/Q4904' and category='Theory''
2016-11-25T07:24:19+00:00 [7036] INFO  : DB 85  C:\wamp64\www\assessment\php\manageCategory.php  , SQL to get Categories : 'SELECT module FROM `assessment`.`question_category` where module!='' and subId='AGR/Q4904' and category='Practical''
2016-11-25T07:25:46+00:00 [7036] INFO  : DB Get Request with parameter : 'catNModules'
2016-11-25T07:25:46+00:00 [7036] INFO  : DB Get Category and Module List for subject : 'AGR/Q4904' and category ''
2016-11-25T07:25:46+00:00 [7036] INFO  : DB 104  C:\wamp64\www\assessment\php\manageCategory.php  , SQL to get Categories  and Modules : 'SELECT distinct(category) FROM `assessment`.`question_category` where subId='AGR/Q4904' and status='active''
2016-11-25T07:25:46+00:00 [7036] INFO  : DB 85  C:\wamp64\www\assessment\php\manageCategory.php  , SQL to get Categories : 'SELECT module FROM `assessment`.`question_category` where module!='' and subId='AGR/Q4904' and category='Theory''
2016-11-25T07:25:46+00:00 [7036] INFO  : DB 85  C:\wamp64\www\assessment\php\manageCategory.php  , SQL to get Categories : 'SELECT module FROM `assessment`.`question_category` where module!='' and subId='AGR/Q4904' and category='Practical''
2016-11-25T07:26:17+00:00 [7036] INFO  : DB Get Request with parameter : 'catNModules'
2016-11-25T07:26:17+00:00 [7036] INFO  : DB Get Category and Module List for subject : 'AGR/Q4904' and category ''
2016-11-25T07:26:17+00:00 [7036] INFO  : DB 104  C:\wamp64\www\assessment\php\manageCategory.php  , SQL to get Categories  and Modules : 'SELECT distinct(category) FROM `assessment`.`question_category` where subId='AGR/Q4904' and status='active''
2016-11-25T07:26:17+00:00 [7036] INFO  : DB 85  C:\wamp64\www\assessment\php\manageCategory.php  , SQL to get Categories : 'SELECT module FROM `assessment`.`question_category` where module!='' and subId='AGR/Q4904' and category='Theory''
2016-11-25T07:26:17+00:00 [7036] INFO  : DB 85  C:\wamp64\www\assessment\php\manageCategory.php  , SQL to get Categories : 'SELECT module FROM `assessment`.`question_category` where module!='' and subId='AGR/Q4904' and category='Practical''
2016-11-25T07:48:45+00:00 [7036] INFO  : DB Get Request with parameter : 'catNModules'
2016-11-25T07:48:45+00:00 [7036] INFO  : DB Get Category and Module List for subject : 'AGR/Q4904' and category ''
2016-11-25T07:48:45+00:00 [7036] INFO  : DB 104  C:\wamp64\www\assessment\php\manageCategory.php  , SQL to get Categories  and Modules : 'SELECT distinct(category) FROM `assessment`.`question_category` where subId='AGR/Q4904' and status='active''
2016-11-25T07:48:45+00:00 [7036] INFO  : DB 85  C:\wamp64\www\assessment\php\manageCategory.php  , SQL to get Categories : 'SELECT module FROM `assessment`.`question_category` where module!='' and subId='AGR/Q4904' and category='Theory''
2016-11-25T07:48:45+00:00 [7036] INFO  : DB 85  C:\wamp64\www\assessment\php\manageCategory.php  , SQL to get Categories : 'SELECT module FROM `assessment`.`question_category` where module!='' and subId='AGR/Q4904' and category='Practical''
2016-11-25T09:09:50+00:00 [7036] INFO  : DB Get Request with parameter : 'catNModules'
2016-11-25T09:09:50+00:00 [7036] INFO  : DB Get Category and Module List for subject : 'AGR/Q4904' and category ''
2016-11-25T09:09:50+00:00 [7036] INFO  : DB 104  C:\wamp64\www\assessment\php\manageCategory.php  , SQL to get Categories  and Modules : 'SELECT distinct(category) FROM `assessment`.`question_category` where subId='AGR/Q4904' and status='active''
2016-11-25T09:09:50+00:00 [7036] INFO  : DB 85  C:\wamp64\www\assessment\php\manageCategory.php  , SQL to get Categories : 'SELECT module FROM `assessment`.`question_category` where module!='' and subId='AGR/Q4904' and category='Theory''
2016-11-25T09:09:50+00:00 [7036] INFO  : DB 85  C:\wamp64\www\assessment\php\manageCategory.php  , SQL to get Categories : 'SELECT module FROM `assessment`.`question_category` where module!='' and subId='AGR/Q4904' and category='Practical''
2016-11-25T09:09:57+00:00 [7036] INFO  : DB Get Request with parameter : 'catNModules'
2016-11-25T09:09:57+00:00 [7036] INFO  : DB Get Category and Module List for subject : 'AGR/Q4904' and category ''
2016-11-25T09:09:57+00:00 [7036] INFO  : DB 104  C:\wamp64\www\assessment\php\manageCategory.php  , SQL to get Categories  and Modules : 'SELECT distinct(category) FROM `assessment`.`question_category` where subId='AGR/Q4904' and status='active''
2016-11-25T09:09:57+00:00 [7036] INFO  : DB 85  C:\wamp64\www\assessment\php\manageCategory.php  , SQL to get Categories : 'SELECT module FROM `assessment`.`question_category` where module!='' and subId='AGR/Q4904' and category='Theory''
2016-11-25T09:09:57+00:00 [7036] INFO  : DB 85  C:\wamp64\www\assessment\php\manageCategory.php  , SQL to get Categories : 'SELECT module FROM `assessment`.`question_category` where module!='' and subId='AGR/Q4904' and category='Practical''
2016-11-25T09:10:01+00:00 [7036] INFO  : DB Get Request with parameter : 'catNModules'
2016-11-25T09:10:01+00:00 [7036] INFO  : DB Get Category and Module List for subject : 'AGR/Q4904' and category ''
2016-11-25T09:10:01+00:00 [7036] INFO  : DB 104  C:\wamp64\www\assessment\php\manageCategory.php  , SQL to get Categories  and Modules : 'SELECT distinct(category) FROM `assessment`.`question_category` where subId='AGR/Q4904' and status='active''
2016-11-25T09:10:01+00:00 [7036] INFO  : DB 85  C:\wamp64\www\assessment\php\manageCategory.php  , SQL to get Categories : 'SELECT module FROM `assessment`.`question_category` where module!='' and subId='AGR/Q4904' and category='Theory''
2016-11-25T09:10:01+00:00 [7036] INFO  : DB 85  C:\wamp64\www\assessment\php\manageCategory.php  , SQL to get Categories : 'SELECT module FROM `assessment`.`question_category` where module!='' and subId='AGR/Q4904' and category='Practical''
2016-11-25T09:11:37+00:00 [7036] INFO  : DB Get Request with parameter : 'catNModules'
2016-11-25T09:11:37+00:00 [7036] INFO  : DB Get Category and Module List for subject : 'AGR/Q4904' and category ''
2016-11-25T09:11:37+00:00 [7036] INFO  : DB 104  C:\wamp64\www\assessment\php\manageCategory.php  , SQL to get Categories  and Modules : 'SELECT distinct(category) FROM `assessment`.`question_category` where subId='AGR/Q4904' and status='active''
2016-11-25T09:11:37+00:00 [7036] INFO  : DB 85  C:\wamp64\www\assessment\php\manageCategory.php  , SQL to get Categories : 'SELECT module FROM `assessment`.`question_category` where module!='' and subId='AGR/Q4904' and category='Theory''
2016-11-25T09:11:37+00:00 [7036] INFO  : DB 85  C:\wamp64\www\assessment\php\manageCategory.php  , SQL to get Categories : 'SELECT module FROM `assessment`.`question_category` where module!='' and subId='AGR/Q4904' and category='Practical''
2016-11-25T09:12:01+00:00 [7036] INFO  : DB Get Request with parameter : 'catNModules'
2016-11-25T09:12:01+00:00 [7036] INFO  : DB Get Category and Module List for subject : 'AGR/Q4904' and category ''
2016-11-25T09:12:01+00:00 [7036] INFO  : DB 104  C:\wamp64\www\assessment\php\manageCategory.php  , SQL to get Categories  and Modules : 'SELECT distinct(category) FROM `assessment`.`question_category` where subId='AGR/Q4904' and status='active''
2016-11-25T09:12:01+00:00 [7036] INFO  : DB 85  C:\wamp64\www\assessment\php\manageCategory.php  , SQL to get Categories : 'SELECT module FROM `assessment`.`question_category` where module!='' and subId='AGR/Q4904' and category='Theory''
2016-11-25T09:12:01+00:00 [7036] INFO  : DB 85  C:\wamp64\www\assessment\php\manageCategory.php  , SQL to get Categories : 'SELECT module FROM `assessment`.`question_category` where module!='' and subId='AGR/Q4904' and category='Practical''
2016-11-25T09:15:01+00:00 [7036] INFO  : DB Get Request with parameter : 'catNModules'
2016-11-25T09:15:01+00:00 [7036] INFO  : DB Get Category and Module List for subject : 'AGR/Q4904' and category ''
2016-11-25T09:15:01+00:00 [7036] INFO  : DB 104  C:\wamp64\www\assessment\php\manageCategory.php  , SQL to get Categories  and Modules : 'SELECT distinct(category) FROM `assessment`.`question_category` where subId='AGR/Q4904' and status='active''
2016-11-25T09:15:02+00:00 [7036] INFO  : DB 85  C:\wamp64\www\assessment\php\manageCategory.php  , SQL to get Categories : 'SELECT module FROM `assessment`.`question_category` where module!='' and subId='AGR/Q4904' and category='Theory''
2016-11-25T09:15:02+00:00 [7036] INFO  : DB 85  C:\wamp64\www\assessment\php\manageCategory.php  , SQL to get Categories : 'SELECT module FROM `assessment`.`question_category` where module!='' and subId='AGR/Q4904' and category='Practical''
2016-11-25T09:16:26+00:00 [7036] INFO  : DB Get Request with parameter : 'catNModules'
2016-11-25T09:16:26+00:00 [7036] INFO  : DB Get Category and Module List for subject : 'AGR/Q4904' and category ''
2016-11-25T09:16:26+00:00 [7036] INFO  : DB 104  C:\wamp64\www\assessment\php\manageCategory.php  , SQL to get Categories  and Modules : 'SELECT distinct(category) FROM `assessment`.`question_category` where subId='AGR/Q4904' and status='active''
2016-11-25T09:16:26+00:00 [7036] INFO  : DB 85  C:\wamp64\www\assessment\php\manageCategory.php  , SQL to get Categories : 'SELECT module FROM `assessment`.`question_category` where module!='' and subId='AGR/Q4904' and category='Theory''
2016-11-25T09:16:26+00:00 [7036] INFO  : DB 85  C:\wamp64\www\assessment\php\manageCategory.php  , SQL to get Categories : 'SELECT module FROM `assessment`.`question_category` where module!='' and subId='AGR/Q4904' and category='Practical''
2016-11-25T09:20:07+00:00 [7036] INFO  : DB Get Request with parameter : 'catNModules'
2016-11-25T09:20:07+00:00 [7036] INFO  : DB Get Category and Module List for subject : 'AGR/Q4904' and category ''
2016-11-25T09:20:07+00:00 [7036] INFO  : DB 104  C:\wamp64\www\assessment\php\manageCategory.php  , SQL to get Categories  and Modules : 'SELECT distinct(category) FROM `assessment`.`question_category` where subId='AGR/Q4904' and status='active''
2016-11-25T09:20:07+00:00 [7036] INFO  : DB 85  C:\wamp64\www\assessment\php\manageCategory.php  , SQL to get Categories : 'SELECT module FROM `assessment`.`question_category` where module!='' and subId='AGR/Q4904' and category='Theory''
2016-11-25T09:20:07+00:00 [7036] INFO  : DB 85  C:\wamp64\www\assessment\php\manageCategory.php  , SQL to get Categories : 'SELECT module FROM `assessment`.`question_category` where module!='' and subId='AGR/Q4904' and category='Practical''
2016-11-25T09:20:41+00:00 [7036] INFO  : DB Get Request with parameter : 'catNModules'
2016-11-25T09:20:41+00:00 [7036] INFO  : DB Get Category and Module List for subject : 'AGR/Q4904' and category ''
2016-11-25T09:20:41+00:00 [7036] INFO  : DB 104  C:\wamp64\www\assessment\php\manageCategory.php  , SQL to get Categories  and Modules : 'SELECT distinct(category) FROM `assessment`.`question_category` where subId='AGR/Q4904' and status='active''
2016-11-25T09:20:41+00:00 [7036] INFO  : DB 85  C:\wamp64\www\assessment\php\manageCategory.php  , SQL to get Categories : 'SELECT module FROM `assessment`.`question_category` where module!='' and subId='AGR/Q4904' and category='Theory''
2016-11-25T09:20:41+00:00 [7036] INFO  : DB 85  C:\wamp64\www\assessment\php\manageCategory.php  , SQL to get Categories : 'SELECT module FROM `assessment`.`question_category` where module!='' and subId='AGR/Q4904' and category='Practical''
2016-11-25T09:21:56+00:00 [7036] INFO  : DB Get Request with parameter : 'catNModules'
2016-11-25T09:21:56+00:00 [7036] INFO  : DB Get Category and Module List for subject : 'AGR/Q4904' and category ''
2016-11-25T09:21:56+00:00 [7036] INFO  : DB 104  C:\wamp64\www\assessment\php\manageCategory.php  , SQL to get Categories  and Modules : 'SELECT distinct(category) FROM `assessment`.`question_category` where subId='AGR/Q4904' and status='active''
2016-11-25T09:21:56+00:00 [7036] INFO  : DB 85  C:\wamp64\www\assessment\php\manageCategory.php  , SQL to get Categories : 'SELECT module FROM `assessment`.`question_category` where module!='' and subId='AGR/Q4904' and category='Theory''
2016-11-25T09:21:56+00:00 [7036] INFO  : DB 85  C:\wamp64\www\assessment\php\manageCategory.php  , SQL to get Categories : 'SELECT module FROM `assessment`.`question_category` where module!='' and subId='AGR/Q4904' and category='Practical''
2016-11-25T09:26:24+00:00 [7036] INFO  : DB Get Request with parameter : 'catNModules'
2016-11-25T09:26:24+00:00 [7036] INFO  : DB Get Category and Module List for subject : 'AGR/Q4904' and category ''
2016-11-25T09:26:24+00:00 [7036] INFO  : DB 104  C:\wamp64\www\assessment\php\manageCategory.php  , SQL to get Categories  and Modules : 'SELECT distinct(category) FROM `assessment`.`question_category` where subId='AGR/Q4904' and status='active''
2016-11-25T09:26:24+00:00 [7036] INFO  : DB 85  C:\wamp64\www\assessment\php\manageCategory.php  , SQL to get Categories : 'SELECT module FROM `assessment`.`question_category` where module!='' and subId='AGR/Q4904' and category='Theory''
2016-11-25T09:26:24+00:00 [7036] INFO  : DB 85  C:\wamp64\www\assessment\php\manageCategory.php  , SQL to get Categories : 'SELECT module FROM `assessment`.`question_category` where module!='' and subId='AGR/Q4904' and category='Practical''
2016-11-25T09:27:07+00:00 [7036] INFO  : DB Get Request with parameter : 'catNModules'
2016-11-25T09:27:07+00:00 [7036] INFO  : DB Get Category and Module List for subject : 'AGR/Q4904' and category ''
2016-11-25T09:27:07+00:00 [7036] INFO  : DB 104  C:\wamp64\www\assessment\php\manageCategory.php  , SQL to get Categories  and Modules : 'SELECT distinct(category) FROM `assessment`.`question_category` where subId='AGR/Q4904' and status='active''
2016-11-25T09:27:07+00:00 [7036] INFO  : DB 85  C:\wamp64\www\assessment\php\manageCategory.php  , SQL to get Categories : 'SELECT module FROM `assessment`.`question_category` where module!='' and subId='AGR/Q4904' and category='Theory''
2016-11-25T09:27:07+00:00 [7036] INFO  : DB 85  C:\wamp64\www\assessment\php\manageCategory.php  , SQL to get Categories : 'SELECT module FROM `assessment`.`question_category` where module!='' and subId='AGR/Q4904' and category='Practical''
2016-11-25T09:27:11+00:00 [7036] INFO  : DB Get Request with parameter : 'catNModules'
2016-11-25T09:27:11+00:00 [7036] INFO  : DB Get Category and Module List for subject : 'AGR/Q4904' and category ''
2016-11-25T09:27:12+00:00 [7036] INFO  : DB 104  C:\wamp64\www\assessment\php\manageCategory.php  , SQL to get Categories  and Modules : 'SELECT distinct(category) FROM `assessment`.`question_category` where subId='AGR/Q4904' and status='active''
2016-11-25T09:27:12+00:00 [7036] INFO  : DB 85  C:\wamp64\www\assessment\php\manageCategory.php  , SQL to get Categories : 'SELECT module FROM `assessment`.`question_category` where module!='' and subId='AGR/Q4904' and category='Theory''
2016-11-25T09:27:12+00:00 [7036] INFO  : DB 85  C:\wamp64\www\assessment\php\manageCategory.php  , SQL to get Categories : 'SELECT module FROM `assessment`.`question_category` where module!='' and subId='AGR/Q4904' and category='Practical''
2016-11-25T09:32:21+00:00 [7036] INFO  : DB Get Request with parameter : 'catNModules'
2016-11-25T09:32:21+00:00 [7036] INFO  : DB Get Category and Module List for subject : 'AGR/Q4904' and category ''
2016-11-25T09:32:21+00:00 [7036] INFO  : DB 104  C:\wamp64\www\assessment\php\manageCategory.php  , SQL to get Categories  and Modules : 'SELECT distinct(category) FROM `assessment`.`question_category` where subId='AGR/Q4904' and status='active''
2016-11-25T09:32:21+00:00 [7036] INFO  : DB 85  C:\wamp64\www\assessment\php\manageCategory.php  , SQL to get Categories : 'SELECT module FROM `assessment`.`question_category` where module!='' and subId='AGR/Q4904' and category='Theory''
2016-11-25T09:32:22+00:00 [7036] INFO  : DB 85  C:\wamp64\www\assessment\php\manageCategory.php  , SQL to get Categories : 'SELECT module FROM `assessment`.`question_category` where module!='' and subId='AGR/Q4904' and category='Practical''
2016-11-25T09:32:57+00:00 [7036] INFO  : DB Get Request with parameter : 'catNModules'
2016-11-25T09:32:57+00:00 [7036] INFO  : DB Get Category and Module List for subject : 'AGR/Q4904' and category ''
2016-11-25T09:32:57+00:00 [7036] INFO  : DB 104  C:\wamp64\www\assessment\php\manageCategory.php  , SQL to get Categories  and Modules : 'SELECT distinct(category) FROM `assessment`.`question_category` where subId='AGR/Q4904' and status='active''
2016-11-25T09:32:57+00:00 [7036] INFO  : DB 85  C:\wamp64\www\assessment\php\manageCategory.php  , SQL to get Categories : 'SELECT module FROM `assessment`.`question_category` where module!='' and subId='AGR/Q4904' and category='Theory''
2016-11-25T09:32:57+00:00 [7036] INFO  : DB 85  C:\wamp64\www\assessment\php\manageCategory.php  , SQL to get Categories : 'SELECT module FROM `assessment`.`question_category` where module!='' and subId='AGR/Q4904' and category='Practical''
2016-11-25T09:33:15+00:00 [7036] INFO  : DB Get Request with parameter : 'catNModules'
2016-11-25T09:33:15+00:00 [7036] INFO  : DB Get Category and Module List for subject : 'AGR/Q4904' and category ''
2016-11-25T09:33:15+00:00 [7036] INFO  : DB 104  C:\wamp64\www\assessment\php\manageCategory.php  , SQL to get Categories  and Modules : 'SELECT distinct(category) FROM `assessment`.`question_category` where subId='AGR/Q4904' and status='active''
2016-11-25T09:33:15+00:00 [7036] INFO  : DB 85  C:\wamp64\www\assessment\php\manageCategory.php  , SQL to get Categories : 'SELECT module FROM `assessment`.`question_category` where module!='' and subId='AGR/Q4904' and category='Theory''
2016-11-25T09:33:15+00:00 [7036] INFO  : DB 85  C:\wamp64\www\assessment\php\manageCategory.php  , SQL to get Categories : 'SELECT module FROM `assessment`.`question_category` where module!='' and subId='AGR/Q4904' and category='Practical''
