2016-11-18T03:11:44+00:00 [1344] INFO  : DB  Get Request with action parameter.
2016-11-18T03:11:44+00:00 [1344] INFO  : DB  Get Request to get question details.
2016-11-18T03:11:44+00:00 [1344] INFO  : DB 113  C:\wamp64\www\assessment\php\manageQuestions.php  , SQL to get Question for editing : 'SELECT * FROM `assessment`.`question`'
2016-11-18T03:18:36+00:00 [1344] INFO  : DB Get Request with parameter :'questions'
2016-11-18T03:18:36+00:00 [1344] INFO  : DB Get Questions List for subject  : 'questions'
2016-11-18T03:18:36+00:00 [1344] INFO  : DB 78  C:\wamp64\www\assessment\php\manageQuestions.php  , SQL to get Question : 'SELECT * FROM `assessment`.`question`'
2016-11-18T03:19:06+00:00 [1344] INFO  : DB Get Request with parameter :'questions'
2016-11-18T03:19:06+00:00 [1344] INFO  : DB Get Questions List for subject  : 'questions'
2016-11-18T03:19:06+00:00 [1344] INFO  : DB 78  C:\wamp64\www\assessment\php\manageQuestions.php  , SQL to get Question : 'SELECT * FROM `assessment`.`question`'
2016-11-18T03:21:34+00:00 [1344] INFO  : DB Get Request with parameter :'questions'
2016-11-18T03:21:34+00:00 [1344] INFO  : DB Get Questions List for subject  : 'questions'
2016-11-18T03:21:34+00:00 [1344] INFO  : DB 78  C:\wamp64\www\assessment\php\manageQuestions.php  , SQL to get Question : 'SELECT * FROM `assessment`.`question`'
2016-11-18T03:21:36+00:00 [1344] INFO  : DB Get Request with parameter :'questions'
2016-11-18T03:21:36+00:00 [1344] INFO  : DB Get Questions List for subject  : 'questions'
2016-11-18T03:21:36+00:00 [1344] INFO  : DB 78  C:\wamp64\www\assessment\php\manageQuestions.php  , SQL to get Question : 'SELECT * FROM `assessment`.`question`'
2016-11-18T03:27:06+00:00 [1344] INFO  : DB Get Request with parameter :'questions'
2016-11-18T03:27:06+00:00 [1344] INFO  : DB Get Questions List for subject  : 'questions'
2016-11-18T03:27:06+00:00 [1344] INFO  : DB 78  C:\wamp64\www\assessment\php\manageQuestions.php  , SQL to get Question : 'SELECT * FROM `assessment`.`question`'
2016-11-18T03:28:56+00:00 [1344] INFO  : DB Get Request with parameter :'questions'
2016-11-18T03:28:56+00:00 [1344] INFO  : DB Get Questions List for subject  : 'questions'
2016-11-18T03:28:56+00:00 [1344] INFO  : DB 78  C:\wamp64\www\assessment\php\manageQuestions.php  , SQL to get Question : 'SELECT * FROM `assessment`.`question`'
2016-11-18T03:29:15+00:00 [1344] INFO  : DB Get Request with parameter :'questions'
2016-11-18T03:29:15+00:00 [1344] INFO  : DB Get Questions List for subject  : 'questions'
2016-11-18T03:29:15+00:00 [1344] INFO  : DB 78  C:\wamp64\www\assessment\php\manageQuestions.php  , SQL to get Question : 'SELECT * FROM `assessment`.`question`'
2016-11-18T03:29:54+00:00 [1344] INFO  : DB Get Request with parameter :'questions'
2016-11-18T03:29:54+00:00 [1344] INFO  : DB Get Questions List for subject  : 'questions'
2016-11-18T03:29:54+00:00 [1344] INFO  : DB 78  C:\wamp64\www\assessment\php\manageQuestions.php  , SQL to get Question : 'SELECT * FROM `assessment`.`question`'
2016-11-18T03:30:05+00:00 [1344] INFO  : DB Get Request with parameter :'questions'
2016-11-18T03:30:05+00:00 [1344] INFO  : DB Get Questions List for subject  : 'questions'
2016-11-18T03:30:05+00:00 [1344] INFO  : DB 78  C:\wamp64\www\assessment\php\manageQuestions.php  , SQL to get Question : 'SELECT * FROM `assessment`.`question`'
2016-11-18T03:31:50+00:00 [1344] INFO  : DB Get Request with parameter :'questions'
2016-11-18T03:31:50+00:00 [1344] INFO  : DB Get Questions List for subject  : 'questions'
2016-11-18T03:31:50+00:00 [1344] INFO  : DB 78  C:\wamp64\www\assessment\php\manageQuestions.php  , SQL to get Question : 'SELECT * FROM `assessment`.`question`'
2016-11-18T03:33:27+00:00 [1344] INFO  : DB Get Request with parameter :'questions'
2016-11-18T03:33:27+00:00 [1344] INFO  : DB Get Questions List for subject  : 'questions'
2016-11-18T03:33:27+00:00 [1344] INFO  : DB 78  C:\wamp64\www\assessment\php\manageQuestions.php  , SQL to get Question : 'SELECT * FROM `assessment`.`question`'
2016-11-18T03:33:30+00:00 [1344] INFO  : DB Get Request with parameter :'questions'
2016-11-18T03:33:30+00:00 [1344] INFO  : DB Get Questions List for subject  : 'questions'
2016-11-18T03:33:30+00:00 [1344] INFO  : DB 78  C:\wamp64\www\assessment\php\manageQuestions.php  , SQL to get Question : 'SELECT * FROM `assessment`.`question`'
2016-11-18T03:33:31+00:00 [1344] INFO  : DB Get Request with parameter :'questions'
2016-11-18T03:33:31+00:00 [1344] INFO  : DB Get Questions List for subject  : 'questions'
2016-11-18T03:33:31+00:00 [1344] INFO  : DB 78  C:\wamp64\www\assessment\php\manageQuestions.php  , SQL to get Question : 'SELECT * FROM `assessment`.`question`'
2016-11-18T03:33:32+00:00 [1344] INFO  : DB Get Request with parameter :'questions'
2016-11-18T03:33:32+00:00 [1344] INFO  : DB Get Questions List for subject  : 'questions'
2016-11-18T03:33:32+00:00 [1344] INFO  : DB 78  C:\wamp64\www\assessment\php\manageQuestions.php  , SQL to get Question : 'SELECT * FROM `assessment`.`question`'
2016-11-18T03:33:33+00:00 [1344] INFO  : DB Get Request with parameter :'questions'
2016-11-18T03:33:33+00:00 [1344] INFO  : DB Get Questions List for subject  : 'questions'
2016-11-18T03:33:33+00:00 [1344] INFO  : DB 78  C:\wamp64\www\assessment\php\manageQuestions.php  , SQL to get Question : 'SELECT * FROM `assessment`.`question`'
2016-11-18T03:33:34+00:00 [1344] INFO  : DB Get Request with parameter :'questions'
2016-11-18T03:33:34+00:00 [1344] INFO  : DB Get Questions List for subject  : 'questions'
2016-11-18T03:33:34+00:00 [1344] INFO  : DB 78  C:\wamp64\www\assessment\php\manageQuestions.php  , SQL to get Question : 'SELECT * FROM `assessment`.`question`'
2016-11-18T03:33:35+00:00 [1344] INFO  : DB Get Request with parameter :'questions'
2016-11-18T03:33:35+00:00 [1344] INFO  : DB Get Questions List for subject  : 'questions'
2016-11-18T03:33:35+00:00 [1344] INFO  : DB 78  C:\wamp64\www\assessment\php\manageQuestions.php  , SQL to get Question : 'SELECT * FROM `assessment`.`question`'
2016-11-18T03:33:35+00:00 [1344] INFO  : DB Get Request with parameter :'questions'
2016-11-18T03:33:35+00:00 [1344] INFO  : DB Get Questions List for subject  : 'questions'
2016-11-18T03:33:35+00:00 [1344] INFO  : DB 78  C:\wamp64\www\assessment\php\manageQuestions.php  , SQL to get Question : 'SELECT * FROM `assessment`.`question`'
2016-11-18T03:33:36+00:00 [1344] INFO  : DB Get Request with parameter :'questions'
2016-11-18T03:33:36+00:00 [1344] INFO  : DB Get Questions List for subject  : 'questions'
2016-11-18T03:33:36+00:00 [1344] INFO  : DB 78  C:\wamp64\www\assessment\php\manageQuestions.php  , SQL to get Question : 'SELECT * FROM `assessment`.`question`'
2016-11-18T03:34:11+00:00 [1344] INFO  : DB Get Request with parameter :'questions'
2016-11-18T03:34:11+00:00 [1344] INFO  : DB Get Questions List for subject  : 'questions'
2016-11-18T03:34:11+00:00 [1344] INFO  : DB 78  C:\wamp64\www\assessment\php\manageQuestions.php  , SQL to get Question : 'SELECT * FROM `assessment`.`question`'
2016-11-18T03:34:45+00:00 [1344] INFO  : DB Get Request with parameter :'questions'
2016-11-18T03:34:45+00:00 [1344] INFO  : DB Get Questions List for subject  : 'questions'
2016-11-18T03:34:45+00:00 [1344] INFO  : DB 78  C:\wamp64\www\assessment\php\manageQuestions.php  , SQL to get Question : 'SELECT * FROM `assessment`.`question`'
2016-11-18T03:35:02+00:00 [1344] INFO  : DB Get Request with parameter :'questions'
2016-11-18T03:35:02+00:00 [1344] INFO  : DB Get Questions List for subject  : 'questions'
2016-11-18T03:35:02+00:00 [1344] INFO  : DB 78  C:\wamp64\www\assessment\php\manageQuestions.php  , SQL to get Question : 'SELECT * FROM `assessment`.`question`'
2016-11-18T03:36:10+00:00 [1344] INFO  : DB Get Request with parameter :'questions'
2016-11-18T03:36:10+00:00 [1344] INFO  : DB Get Questions List for subject  : 'questions'
2016-11-18T03:36:10+00:00 [1344] INFO  : DB 78  C:\wamp64\www\assessment\php\manageQuestions.php  , SQL to get Question : 'SELECT * FROM `assessment`.`question`'
2016-11-18T03:37:28+00:00 [1344] INFO  : DB Get Request with parameter :'questions'
2016-11-18T03:37:28+00:00 [1344] INFO  : DB Get Questions List for subject  : 'questions'
2016-11-18T03:37:28+00:00 [1344] INFO  : DB 78  C:\wamp64\www\assessment\php\manageQuestions.php  , SQL to get Question : 'SELECT * FROM `assessment`.`question`'
2016-11-18T03:37:35+00:00 [1344] INFO  : DB Get Request with parameter :'questions'
2016-11-18T03:37:35+00:00 [1344] INFO  : DB Get Questions List for subject  : 'questions'
2016-11-18T03:37:35+00:00 [1344] INFO  : DB 78  C:\wamp64\www\assessment\php\manageQuestions.php  , SQL to get Question : 'SELECT * FROM `assessment`.`question`'
2016-11-18T03:38:17+00:00 [1344] INFO  : DB Get Request with parameter :'questions'
2016-11-18T03:38:17+00:00 [1344] INFO  : DB Get Questions List for subject  : 'questions'
2016-11-18T03:38:17+00:00 [1344] INFO  : DB 78  C:\wamp64\www\assessment\php\manageQuestions.php  , SQL to get Question : 'SELECT * FROM `assessment`.`question`'
2016-11-18T03:38:18+00:00 [1344] INFO  : DB Get Request with parameter :'questions'
2016-11-18T03:38:18+00:00 [1344] INFO  : DB Get Questions List for subject  : 'questions'
2016-11-18T03:38:18+00:00 [1344] INFO  : DB 78  C:\wamp64\www\assessment\php\manageQuestions.php  , SQL to get Question : 'SELECT * FROM `assessment`.`question`'
2016-11-18T03:38:19+00:00 [1344] INFO  : DB Get Request with parameter :'questions'
2016-11-18T03:38:19+00:00 [1344] INFO  : DB Get Questions List for subject  : 'questions'
2016-11-18T03:38:19+00:00 [1344] INFO  : DB 78  C:\wamp64\www\assessment\php\manageQuestions.php  , SQL to get Question : 'SELECT * FROM `assessment`.`question`'
2016-11-18T03:38:20+00:00 [1344] INFO  : DB Get Request with parameter :'questions'
2016-11-18T03:38:20+00:00 [1344] INFO  : DB Get Questions List for subject  : 'questions'
2016-11-18T03:38:20+00:00 [1344] INFO  : DB 78  C:\wamp64\www\assessment\php\manageQuestions.php  , SQL to get Question : 'SELECT * FROM `assessment`.`question`'
2016-11-18T03:38:21+00:00 [1344] INFO  : DB Get Request with parameter :'questions'
2016-11-18T03:38:21+00:00 [1344] INFO  : DB Get Questions List for subject  : 'questions'
2016-11-18T03:38:21+00:00 [1344] INFO  : DB 78  C:\wamp64\www\assessment\php\manageQuestions.php  , SQL to get Question : 'SELECT * FROM `assessment`.`question`'
2016-11-18T03:38:21+00:00 [1344] INFO  : DB Get Request with parameter :'questions'
2016-11-18T03:38:21+00:00 [1344] INFO  : DB Get Questions List for subject  : 'questions'
2016-11-18T03:38:21+00:00 [1344] INFO  : DB 78  C:\wamp64\www\assessment\php\manageQuestions.php  , SQL to get Question : 'SELECT * FROM `assessment`.`question`'
2016-11-18T03:38:27+00:00 [1344] INFO  : DB Get Request with parameter :'questions'
2016-11-18T03:38:27+00:00 [1344] INFO  : DB Get Questions List for subject  : 'questions'
2016-11-18T03:38:27+00:00 [1344] INFO  : DB 78  C:\wamp64\www\assessment\php\manageQuestions.php  , SQL to get Question : 'SELECT * FROM `assessment`.`question`'
2016-11-18T03:38:28+00:00 [1344] INFO  : DB Get Request with parameter :'questions'
2016-11-18T03:38:28+00:00 [1344] INFO  : DB Get Questions List for subject  : 'questions'
2016-11-18T03:38:28+00:00 [1344] INFO  : DB 78  C:\wamp64\www\assessment\php\manageQuestions.php  , SQL to get Question : 'SELECT * FROM `assessment`.`question`'
2016-11-18T03:39:14+00:00 [1344] INFO  : DB Get Request with parameter :'questions'
2016-11-18T03:39:15+00:00 [1344] INFO  : DB Get Questions List for subject  : 'questions'
2016-11-18T03:39:15+00:00 [1344] INFO  : DB 78  C:\wamp64\www\assessment\php\manageQuestions.php  , SQL to get Question : 'SELECT * FROM `assessment`.`question`'
2016-11-18T03:43:31+00:00 [1344] INFO  : DB Get Request with parameter :'questions'
2016-11-18T03:43:31+00:00 [1344] INFO  : DB Get Questions List for subject  : 'questions'
2016-11-18T03:43:31+00:00 [1344] INFO  : DB 78  C:\wamp64\www\assessment\php\manageQuestions.php  , SQL to get Question : 'SELECT * FROM `assessment`.`question`'
2016-11-18T03:43:41+00:00 [1344] INFO  : DB  Get Request with action parameter.
2016-11-18T03:43:41+00:00 [1344] INFO  : DB  Get Request to get question details.
2016-11-18T03:43:41+00:00 [1344] INFO  : DB 115  C:\wamp64\www\assessment\php\manageQuestions.php  , SQL to get Question for editing : 'SELECT * FROM `assessment`.`question`'
2016-11-18T03:45:49+00:00 [1344] INFO  : DB Get Request with parameter :'questions'
2016-11-18T03:45:49+00:00 [1344] INFO  : DB Get Questions List for subject  : 'questions'
2016-11-18T03:45:49+00:00 [1344] INFO  : DB 78  C:\wamp64\www\assessment\php\manageQuestions.php  , SQL to get Question : 'SELECT * FROM `assessment`.`question`'
2016-11-18T03:45:52+00:00 [1344] INFO  : DB  Get Request with action parameter.
2016-11-18T03:45:52+00:00 [1344] INFO  : DB  Get Request to get question details.
2016-11-18T03:45:52+00:00 [1344] INFO  : DB 115  C:\wamp64\www\assessment\php\manageQuestions.php  , SQL to get Question for editing : 'SELECT * FROM `assessment`.`question`'
2016-11-18T03:46:17+00:00 [1344] INFO  : DB  Get Request with action parameter.
2016-11-18T03:46:17+00:00 [1344] INFO  : DB  Get Request to get question details.
2016-11-18T03:46:17+00:00 [1344] INFO  : DB 115  C:\wamp64\www\assessment\php\manageQuestions.php  , SQL to get Question for editing : 'SELECT * FROM `assessment`.`question`'
2016-11-18T03:49:22+00:00 [1344] INFO  : DB  Get Request with action parameter.
2016-11-18T03:49:22+00:00 [1344] INFO  : DB  Get Request to get question details.
2016-11-18T03:49:22+00:00 [1344] INFO  : DB 115  C:\wamp64\www\assessment\php\manageQuestions.php  , SQL to get Question for editing : 'SELECT * FROM `assessment`.`question`'
2016-11-18T03:52:16+00:00 [1344] INFO  : DB  Get Request with action parameter.
2016-11-18T03:52:16+00:00 [1344] INFO  : DB  Get Request to get question details.
2016-11-18T03:52:16+00:00 [1344] INFO  : DB 115  C:\wamp64\www\assessment\php\manageQuestions.php  , SQL to get Question for editing : 'SELECT * FROM `assessment`.`question`'
2016-11-18T03:52:47+00:00 [1344] INFO  : DB Get Request with parameter :'questions'
2016-11-18T03:52:47+00:00 [1344] INFO  : DB Get Questions List for subject  : 'questions'
2016-11-18T03:52:47+00:00 [1344] INFO  : DB 78  C:\wamp64\www\assessment\php\manageQuestions.php  , SQL to get Question : 'SELECT * FROM `assessment`.`question`'
2016-11-18T03:52:48+00:00 [1344] INFO  : DB Get Request with parameter :'questions'
2016-11-18T03:52:48+00:00 [1344] INFO  : DB Get Questions List for subject  : 'questions'
2016-11-18T03:52:48+00:00 [1344] INFO  : DB 78  C:\wamp64\www\assessment\php\manageQuestions.php  , SQL to get Question : 'SELECT * FROM `assessment`.`question`'
2016-11-18T03:52:50+00:00 [1344] INFO  : DB  Get Request with action parameter.
2016-11-18T03:52:50+00:00 [1344] INFO  : DB  Get Request to get question details.
2016-11-18T03:52:50+00:00 [1344] INFO  : DB 115  C:\wamp64\www\assessment\php\manageQuestions.php  , SQL to get Question for editing : 'SELECT * FROM `assessment`.`question` where subid='AGR/Q4804' and qnid='123''
2016-11-18T03:53:00+00:00 [1344] INFO  : DB  Get Request with action parameter.
2016-11-18T03:53:00+00:00 [1344] INFO  : DB  Get Request to get question details.
2016-11-18T03:53:00+00:00 [1344] INFO  : DB 115  C:\wamp64\www\assessment\php\manageQuestions.php  , SQL to get Question for editing : 'SELECT * FROM `assessment`.`question` where subid='AGR/Q4804' and qnid='358_AGR/Q4804''
2016-11-18T03:53:08+00:00 [1344] INFO  : DB  Get Request with action parameter.
2016-11-18T03:53:08+00:00 [1344] INFO  : DB  Get Request to update question.
2016-11-18T03:53:08+00:00 [1344] INFO  : DB 67  C:\wamp64\www\assessment\php\manageQuestions.php  , SQL to update Question : 'update `assessment`.`question` set
				`question`='test123',`optiona`='a',`optionb`='b',`optionc`='c',`optiond`='d',`correctanswer`='optiona',`marks`='12',`language`='eng',`no_of_options`='4' where qnid='358_AGR/Q4804' and subId='AGR/Q4804' and id=4'
2016-11-18T03:53:08+00:00 [1344] INFO  : DB 25  C:\wamp64\www\assessment\php\manageQuestions.php  , Success !  Question save successfully in Database : ''
2016-11-18T03:53:08+00:00 [1344] INFO  : DB 253  C:\wamp64\www\assessment\php\manageQuestions.php Question saved successfully.
2016-11-18T03:53:11+00:00 [1344] INFO  : DB  Get Request with action parameter.
2016-11-18T03:53:11+00:00 [1344] INFO  : DB  Get Request to get question details.
2016-11-18T03:53:11+00:00 [1344] INFO  : DB 115  C:\wamp64\www\assessment\php\manageQuestions.php  , SQL to get Question for editing : 'SELECT * FROM `assessment`.`question` where subid='AGR/Q4804' and qnid='358_AGR/Q4804''
2016-11-18T03:56:12+00:00 [1344] INFO  : DB Get Request with parameter :'ssc'
2016-11-18T03:56:12+00:00 [1344] INFO  : DB Get SSC List from database.
2016-11-18T03:56:13+00:00 [1344] INFO  : DB SQL = 'SELECT ssc FROM `assessment`.`jobroles_excel_import`'
2016-11-18T03:56:14+00:00 [1344] INFO  : DB Get Request with parameter :'jobrole'
2016-11-18T03:56:14+00:00 [1344] INFO  : DB Get Job Roles List with parameter :'jobrole' for SSC :'Automotive '
2016-11-18T03:56:14+00:00 [1344] INFO  : DB SQL = 'SELECT job_role FROM `assessment`.`jobroles_excel_import` where ssc='Automotive ''
2016-11-18T03:56:14+00:00 [1344] INFO  : DB Get Request with parameter :'questions'
2016-11-18T03:56:14+00:00 [1344] INFO  : DB Get Questions List for subject  : 'questions'
2016-11-18T03:56:14+00:00 [1344] INFO  : DB 78  C:\wamp64\www\assessment\php\manageQuestions.php  , SQL to get Question : 'SELECT * FROM `assessment`.`question`'
2016-11-18T03:56:15+00:00 [1344] INFO  : DB Get Request with parameter :'qpcode'
2016-11-18T03:56:15+00:00 [1344] INFO  : DB Get QP Code with parameter :'qpcode' for Job Role :'Dealership Telecaller Sales Executive'
2016-11-18T03:56:15+00:00 [1344] INFO  : DB SQL = 'SELECT qp_code FROM `assessment`.`jobroles_excel_import` where job_role='Dealership Telecaller Sales Executive''
2016-11-18T03:56:16+00:00 [1344] INFO  : DB Get Request with parameter :'questions'
2016-11-18T03:56:16+00:00 [1344] INFO  : DB Get Questions List for subject  : 'questions'
2016-11-18T03:56:16+00:00 [1344] INFO  : DB 78  C:\wamp64\www\assessment\php\manageQuestions.php  , SQL to get Question : 'SELECT * FROM `assessment`.`question` where subid='ASC/Q1011''
2016-11-18T06:46:01+00:00 [1344] INFO  : DB Get Request with parameter :'questions'
2016-11-18T06:46:01+00:00 [1344] INFO  : DB Get Questions List for subject  : 'questions'
2016-11-18T06:46:01+00:00 [1344] INFO  : DB 78  C:\wamp64\www\assessment\php\manageQuestions.php  , SQL to get Question : 'SELECT * FROM `assessment`.`question`'
2016-11-18T06:46:05+00:00 [1344] INFO  : DB  Get Request with action parameter.
2016-11-18T06:46:05+00:00 [1344] INFO  : DB  Get Request to get question details.
2016-11-18T06:46:05+00:00 [1344] INFO  : DB 115  C:\wamp64\www\assessment\php\manageQuestions.php  , SQL to get Question for editing : 'SELECT * FROM `assessment`.`question`'
2016-11-18T07:14:24+00:00 [1344] INFO  : DB Get Request with parameter :'questions'
2016-11-18T07:14:24+00:00 [1344] INFO  : DB Get Questions List for subject  : 'questions'
2016-11-18T07:14:24+00:00 [1344] INFO  : DB 78  C:\wamp64\www\assessment\php\manageQuestions.php  , SQL to get Question : 'SELECT * FROM `assessment`.`question`'
2016-11-18T07:14:26+00:00 [1344] INFO  : DB Get Request with parameter :'ssc'
2016-11-18T07:14:26+00:00 [1344] INFO  : DB Get SSC List from database.
2016-11-18T07:14:26+00:00 [1344] INFO  : DB SQL = 'SELECT ssc FROM `assessment`.`jobroles_excel_import`'
2016-11-18T07:14:29+00:00 [1344] INFO  : DB Get Request with parameter :'ssc'
2016-11-18T07:14:29+00:00 [1344] INFO  : DB Get SSC List from database.
2016-11-18T07:14:29+00:00 [1344] INFO  : DB SQL = 'SELECT ssc FROM `assessment`.`jobroles_excel_import`'
2016-11-18T07:14:30+00:00 [1344] INFO  : DB Get Request with parameter :'jobrole'
2016-11-18T07:14:30+00:00 [1344] INFO  : DB Get Job Roles List with parameter :'jobrole' for SSC :'Automotive '
2016-11-18T07:14:30+00:00 [1344] INFO  : DB SQL = 'SELECT job_role FROM `assessment`.`jobroles_excel_import` where ssc='Automotive ''
2016-11-18T07:14:30+00:00 [1344] INFO  : DB Get Request with parameter :'questions'
2016-11-18T07:14:30+00:00 [1344] INFO  : DB Get Questions List for subject  : 'questions'
2016-11-18T07:14:30+00:00 [1344] INFO  : DB 78  C:\wamp64\www\assessment\php\manageQuestions.php  , SQL to get Question : 'SELECT * FROM `assessment`.`question`'
2016-11-18T07:14:57+00:00 [1344] INFO  : DB Get Request with parameter :'questions'
2016-11-18T07:14:57+00:00 [1344] INFO  : DB Get Questions List for subject  : 'questions'
2016-11-18T07:14:58+00:00 [1344] INFO  : DB 78  C:\wamp64\www\assessment\php\manageQuestions.php  , SQL to get Question : 'SELECT * FROM `assessment`.`question`'
2016-11-18T07:14:58+00:00 [1344] INFO  : DB Get Request with parameter :'ssc'
2016-11-18T07:14:58+00:00 [1344] INFO  : DB Get SSC List from database.
2016-11-18T07:14:58+00:00 [1344] INFO  : DB SQL = 'SELECT ssc FROM `assessment`.`jobroles_excel_import`'
2016-11-18T07:15:01+00:00 [1344] INFO  : DB Get Request with parameter :'ssc'
2016-11-18T07:15:01+00:00 [1344] INFO  : DB Get SSC List from database.
2016-11-18T07:15:01+00:00 [1344] INFO  : DB SQL = 'SELECT ssc FROM `assessment`.`jobroles_excel_import`'
2016-11-18T07:15:48+00:00 [1344] INFO  : DB Get Request with parameter :'questions'
2016-11-18T07:15:48+00:00 [1344] INFO  : DB Get Questions List for subject  : 'questions'
2016-11-18T07:15:48+00:00 [1344] INFO  : DB 78  C:\wamp64\www\assessment\php\manageQuestions.php  , SQL to get Question : 'SELECT * FROM `assessment`.`question`'
2016-11-18T07:15:50+00:00 [1344] INFO  : DB Get Request with parameter :'ssc'
2016-11-18T07:15:50+00:00 [1344] INFO  : DB Get SSC List from database.
2016-11-18T07:15:50+00:00 [1344] INFO  : DB SQL = 'SELECT ssc FROM `assessment`.`jobroles_excel_import`'
2016-11-18T07:15:50+00:00 [1344] INFO  : DB Get Request with parameter :'jobrole'
2016-11-18T07:15:50+00:00 [1344] INFO  : DB Get Job Roles List with parameter :'jobrole' for SSC :'Apparel, Madeups & Home Furnishing'
2016-11-18T07:15:50+00:00 [1344] INFO  : DB SQL = 'SELECT job_role FROM `assessment`.`jobroles_excel_import` where ssc='Apparel, Madeups & Home Furnishing''
2016-11-18T07:15:51+00:00 [1344] INFO  : DB Get Request with parameter :'questions'
2016-11-18T07:15:51+00:00 [1344] INFO  : DB Get Questions List for subject  : 'questions'
2016-11-18T07:15:51+00:00 [1344] INFO  : DB 78  C:\wamp64\www\assessment\php\manageQuestions.php  , SQL to get Question : 'SELECT * FROM `assessment`.`question`'
2016-11-18T07:16:35+00:00 [1344] INFO  : DB Get Request with parameter :'questions'
2016-11-18T07:16:35+00:00 [1344] INFO  : DB Get Questions List for subject  : 'questions'
2016-11-18T07:16:35+00:00 [1344] INFO  : DB 78  C:\wamp64\www\assessment\php\manageQuestions.php  , SQL to get Question : 'SELECT * FROM `assessment`.`question`'
2016-11-18T07:16:36+00:00 [1344] INFO  : DB Get Request with parameter :'ssc'
2016-11-18T07:16:36+00:00 [1344] INFO  : DB Get SSC List from database.
2016-11-18T07:16:36+00:00 [1344] INFO  : DB SQL = 'SELECT ssc FROM `assessment`.`jobroles_excel_import`'
2016-11-18T07:16:43+00:00 [1344] INFO  : DB Get Request with parameter :'ssc'
2016-11-18T07:16:43+00:00 [1344] INFO  : DB Get SSC List from database.
2016-11-18T07:16:43+00:00 [1344] INFO  : DB SQL = 'SELECT ssc FROM `assessment`.`jobroles_excel_import`'
2016-11-18T07:16:43+00:00 [1344] INFO  : DB Get Request with parameter :'jobrole'
2016-11-18T07:16:43+00:00 [1344] INFO  : DB Get Job Roles List with parameter :'jobrole' for SSC :'Apparel, Madeups & Home Furnishing'
2016-11-18T07:16:43+00:00 [1344] INFO  : DB SQL = 'SELECT job_role FROM `assessment`.`jobroles_excel_import` where ssc='Apparel, Madeups & Home Furnishing''
2016-11-18T07:16:43+00:00 [1344] INFO  : DB Get Request with parameter :'questions'
2016-11-18T07:16:43+00:00 [1344] INFO  : DB Get Questions List for subject  : 'questions'
2016-11-18T07:16:43+00:00 [1344] INFO  : DB 78  C:\wamp64\www\assessment\php\manageQuestions.php  , SQL to get Question : 'SELECT * FROM `assessment`.`question`'
2016-11-18T07:16:58+00:00 [1344] INFO  : DB Get Request with parameter :'questions'
2016-11-18T07:16:58+00:00 [1344] INFO  : DB Get Questions List for subject  : 'questions'
2016-11-18T07:16:58+00:00 [1344] INFO  : DB 78  C:\wamp64\www\assessment\php\manageQuestions.php  , SQL to get Question : 'SELECT * FROM `assessment`.`question`'
2016-11-18T07:16:59+00:00 [1344] INFO  : DB Get Request with parameter :'ssc'
2016-11-18T07:16:59+00:00 [1344] INFO  : DB Get SSC List from database.
2016-11-18T07:16:59+00:00 [1344] INFO  : DB SQL = 'SELECT ssc FROM `assessment`.`jobroles_excel_import`'
2016-11-18T07:16:59+00:00 [1344] INFO  : DB Get Request with parameter :'jobrole'
2016-11-18T07:16:59+00:00 [1344] INFO  : DB Get Job Roles List with parameter :'jobrole' for SSC :'Apparel, Madeups & Home Furnishing'
2016-11-18T07:16:59+00:00 [1344] INFO  : DB SQL = 'SELECT job_role FROM `assessment`.`jobroles_excel_import` where ssc='Apparel, Madeups & Home Furnishing''
2016-11-18T07:16:59+00:00 [1344] INFO  : DB Get Request with parameter :'questions'
2016-11-18T07:16:59+00:00 [1344] INFO  : DB Get Questions List for subject  : 'questions'
2016-11-18T07:16:59+00:00 [1344] INFO  : DB 78  C:\wamp64\www\assessment\php\manageQuestions.php  , SQL to get Question : 'SELECT * FROM `assessment`.`question`'
2016-11-18T07:17:06+00:00 [1344] INFO  : DB Get Request with parameter :'qpcode'
2016-11-18T07:17:06+00:00 [1344] INFO  : DB Get QP Code with parameter :'qpcode' for Job Role :'Pressman'
2016-11-18T07:17:06+00:00 [1344] INFO  : DB SQL = 'SELECT qp_code FROM `assessment`.`jobroles_excel_import` where job_role='Pressman''
2016-11-18T07:17:06+00:00 [1344] INFO  : DB Get Request with parameter :'questions'
2016-11-18T07:17:06+00:00 [1344] INFO  : DB Get Questions List for subject  : 'questions'
2016-11-18T07:17:06+00:00 [1344] INFO  : DB 78  C:\wamp64\www\assessment\php\manageQuestions.php  , SQL to get Question : 'SELECT * FROM `assessment`.`question` where subid='AMH/Q0401''
2016-11-18T14:24:22+00:00 [1344] INFO  : DB Get Request with parameter :'questions'
2016-11-18T14:24:22+00:00 [1344] INFO  : DB Get Questions List for subject  : 'questions'
2016-11-18T14:24:22+00:00 [1344] INFO  : DB 78  C:\wamp64\www\assessment\php\manageQuestions.php  , SQL to get Question : 'SELECT * FROM `assessment`.`question`'
2016-11-18T14:24:24+00:00 [1344] INFO  : DB Get Request with parameter :'ssc'
2016-11-18T14:24:24+00:00 [1344] INFO  : DB Get SSC List from database.
2016-11-18T14:24:24+00:00 [1344] INFO  : DB SQL = 'SELECT ssc FROM `assessment`.`jobroles_excel_import`'
2016-11-18T14:26:05+00:00 [1344] INFO  : DB Get Request with parameter :'questions'
2016-11-18T14:26:05+00:00 [1344] INFO  : DB Get Questions List for subject  : 'questions'
2016-11-18T14:26:05+00:00 [1344] INFO  : DB 78  C:\wamp64\www\assessment\php\manageQuestions.php  , SQL to get Question : 'SELECT * FROM `assessment`.`question`'
2016-11-18T14:26:06+00:00 [1344] INFO  : DB Get Request with parameter :'ssc'
2016-11-18T14:26:06+00:00 [1344] INFO  : DB Get SSC List from database.
2016-11-18T14:26:06+00:00 [1344] INFO  : DB SQL = 'SELECT ssc FROM `assessment`.`jobroles_excel_import`'
2016-11-18T14:26:13+00:00 [1344] INFO  : DB Get Request with parameter :'questions'
2016-11-18T14:26:13+00:00 [1344] INFO  : DB Get Questions List for subject  : 'questions'
2016-11-18T14:26:14+00:00 [1344] INFO  : DB 78  C:\wamp64\www\assessment\php\manageQuestions.php  , SQL to get Question : 'SELECT * FROM `assessment`.`question`'
2016-11-18T14:26:15+00:00 [1344] INFO  : DB Get Request with parameter :'ssc'
2016-11-18T14:26:15+00:00 [1344] INFO  : DB Get SSC List from database.
2016-11-18T14:26:15+00:00 [1344] INFO  : DB SQL = 'SELECT ssc FROM `assessment`.`jobroles_excel_import`'
2016-11-18T14:26:22+00:00 [1344] INFO  : DB Get Request with parameter :'questions'
2016-11-18T14:26:22+00:00 [1344] INFO  : DB Get Questions List for subject  : 'questions'
2016-11-18T14:26:22+00:00 [1344] INFO  : DB 78  C:\wamp64\www\assessment\php\manageQuestions.php  , SQL to get Question : 'SELECT * FROM `assessment`.`question`'
2016-11-18T14:26:23+00:00 [1344] INFO  : DB Get Request with parameter :'ssc'
2016-11-18T14:26:23+00:00 [1344] INFO  : DB Get SSC List from database.
2016-11-18T14:26:23+00:00 [1344] INFO  : DB SQL = 'SELECT ssc FROM `assessment`.`jobroles_excel_import`'
2016-11-18T14:26:39+00:00 [1344] INFO  : DB Get Request with parameter :'questions'
2016-11-18T14:26:39+00:00 [1344] INFO  : DB Get Questions List for subject  : 'questions'
2016-11-18T14:26:39+00:00 [1344] INFO  : DB 78  C:\wamp64\www\assessment\php\manageQuestions.php  , SQL to get Question : 'SELECT * FROM `assessment`.`question`'
2016-11-18T14:26:40+00:00 [1344] INFO  : DB Get Request with parameter :'ssc'
2016-11-18T14:26:40+00:00 [1344] INFO  : DB Get SSC List from database.
2016-11-18T14:26:40+00:00 [1344] INFO  : DB SQL = 'SELECT ssc FROM `assessment`.`jobroles_excel_import`'
2016-11-18T14:26:52+00:00 [1344] INFO  : DB Get Request with parameter :'questions'
2016-11-18T14:26:52+00:00 [1344] INFO  : DB Get Questions List for subject  : 'questions'
2016-11-18T14:26:52+00:00 [1344] INFO  : DB 78  C:\wamp64\www\assessment\php\manageQuestions.php  , SQL to get Question : 'SELECT * FROM `assessment`.`question`'
2016-11-18T14:26:53+00:00 [1344] INFO  : DB Get Request with parameter :'ssc'
2016-11-18T14:26:53+00:00 [1344] INFO  : DB Get SSC List from database.
2016-11-18T14:26:53+00:00 [1344] INFO  : DB SQL = 'SELECT ssc FROM `assessment`.`jobroles_excel_import`'
2016-11-18T14:27:12+00:00 [1344] INFO  : DB Get Request with parameter :'questions'
2016-11-18T14:27:12+00:00 [1344] INFO  : DB Get Questions List for subject  : 'questions'
2016-11-18T14:27:12+00:00 [1344] INFO  : DB 78  C:\wamp64\www\assessment\php\manageQuestions.php  , SQL to get Question : 'SELECT * FROM `assessment`.`question`'
2016-11-18T14:27:13+00:00 [1344] INFO  : DB Get Request with parameter :'ssc'
2016-11-18T14:27:13+00:00 [1344] INFO  : DB Get SSC List from database.
2016-11-18T14:27:13+00:00 [1344] INFO  : DB SQL = 'SELECT ssc FROM `assessment`.`jobroles_excel_import`'
2016-11-18T15:02:37+00:00 [1344] INFO  : DB Get Request with parameter :'ssc'
2016-11-18T15:02:37+00:00 [1344] INFO  : DB Get SSC List from database.
2016-11-18T15:02:37+00:00 [1344] INFO  : DB SQL = 'SELECT ssc FROM `assessment`.`jobroles_excel_import`'
2016-11-18T15:02:38+00:00 [1344] INFO  : DB Get Request with parameter :'jobrole'
2016-11-18T15:02:38+00:00 [1344] INFO  : DB Get Job Roles List with parameter :'jobrole' for SSC :'Agriculture'
2016-11-18T15:02:38+00:00 [1344] INFO  : DB SQL = 'SELECT job_role FROM `assessment`.`jobroles_excel_import` where ssc='Agriculture''
2016-11-18T15:02:38+00:00 [1344] INFO  : DB Get Request with parameter :'questions'
2016-11-18T15:02:38+00:00 [1344] INFO  : DB Get Questions List for subject  : 'questions'
2016-11-18T15:02:38+00:00 [1344] INFO  : DB 78  C:\wamp64\www\assessment\php\manageQuestions.php  , SQL to get Question : 'SELECT * FROM `assessment`.`question`'
2016-11-18T15:02:45+00:00 [1344] INFO  : DB Get Request with parameter :'questions'
2016-11-18T15:02:45+00:00 [1344] INFO  : DB Get Questions List for subject  : 'questions'
2016-11-18T15:02:45+00:00 [1344] INFO  : DB 78  C:\wamp64\www\assessment\php\manageQuestions.php  , SQL to get Question : 'SELECT * FROM `assessment`.`question`'
2016-11-18T15:02:52+00:00 [1344] INFO  : DB  Get Request with action parameter.
2016-11-18T15:02:52+00:00 [1344] INFO  : DB  Get Request to get question details.
2016-11-18T15:02:52+00:00 [1344] INFO  : DB 115  C:\wamp64\www\assessment\php\manageQuestions.php  , SQL to get Question for editing : 'SELECT * FROM `assessment`.`question`'
2016-11-18T15:02:56+00:00 [1344] INFO  : DB Get Request with parameter :'questions'
2016-11-18T15:02:56+00:00 [1344] INFO  : DB Get Questions List for subject  : 'questions'
2016-11-18T15:02:56+00:00 [1344] INFO  : DB 78  C:\wamp64\www\assessment\php\manageQuestions.php  , SQL to get Question : 'SELECT * FROM `assessment`.`question`'
2016-11-18T15:02:58+00:00 [1344] INFO  : DB Get Request with parameter :'questions'
2016-11-18T15:02:58+00:00 [1344] INFO  : DB Get Questions List for subject  : 'questions'
2016-11-18T15:02:58+00:00 [1344] INFO  : DB 78  C:\wamp64\www\assessment\php\manageQuestions.php  , SQL to get Question : 'SELECT * FROM `assessment`.`question`'
2016-11-18T15:22:40+00:00 [1344] INFO  : DB Get Request with parameter :'questions'
2016-11-18T15:22:40+00:00 [1344] INFO  : DB Get Questions List for subject  : 'questions'
2016-11-18T15:22:40+00:00 [1344] INFO  : DB 78  C:\wamp64\www\assessment\php\manageQuestions.php  , SQL to get Question : 'SELECT * FROM `assessment`.`question`'
2016-11-18T15:22:41+00:00 [1344] INFO  : DB Get Request with parameter :'ssc'
2016-11-18T15:22:41+00:00 [1344] INFO  : DB Get SSC List from database.
2016-11-18T15:22:41+00:00 [1344] INFO  : DB SQL = 'SELECT ssc FROM `assessment`.`jobroles_excel_import`'
2016-11-18T15:22:46+00:00 [1344] INFO  : DB Get Request with parameter :'ssc'
2016-11-18T15:22:46+00:00 [1344] INFO  : DB Get SSC List from database.
2016-11-18T15:22:46+00:00 [1344] INFO  : DB SQL = 'SELECT ssc FROM `assessment`.`jobroles_excel_import`'
2016-11-18T15:22:46+00:00 [1344] INFO  : DB Get Request with parameter :'ssc'
2016-11-18T15:22:46+00:00 [1344] INFO  : DB Get SSC List from database.
2016-11-18T15:22:46+00:00 [1344] INFO  : DB SQL = 'SELECT ssc FROM `assessment`.`jobroles_excel_import`'
2016-11-18T15:22:54+00:00 [1344] INFO  : DB Get Request with parameter :'ssc'
2016-11-18T15:22:54+00:00 [1344] INFO  : DB Get SSC List from database.
2016-11-18T15:22:54+00:00 [1344] INFO  : DB SQL = 'SELECT ssc FROM `assessment`.`jobroles_excel_import`'
2016-11-18T15:22:55+00:00 [1344] INFO  : DB Get Request with parameter :'ssc'
2016-11-18T15:22:55+00:00 [1344] INFO  : DB Get SSC List from database.
2016-11-18T15:22:55+00:00 [1344] INFO  : DB SQL = 'SELECT ssc FROM `assessment`.`jobroles_excel_import`'
2016-11-18T15:22:56+00:00 [1344] INFO  : DB Get Request with parameter :'ssc'
2016-11-18T15:22:56+00:00 [1344] INFO  : DB Get SSC List from database.
2016-11-18T15:22:56+00:00 [1344] INFO  : DB SQL = 'SELECT ssc FROM `assessment`.`jobroles_excel_import`'
2016-11-18T15:22:56+00:00 [1344] INFO  : DB Get Request with parameter :'ssc'
2016-11-18T15:22:56+00:00 [1344] INFO  : DB Get SSC List from database.
2016-11-18T15:22:56+00:00 [1344] INFO  : DB SQL = 'SELECT ssc FROM `assessment`.`jobroles_excel_import`'
2016-11-18T16:19:59+00:00 [1344] INFO  : DB Get Request with parameter :'questions'
2016-11-18T16:19:59+00:00 [1344] INFO  : DB Get Questions List for subject  : 'questions'
2016-11-18T16:19:59+00:00 [1344] INFO  : DB 78  C:\wamp64\www\assessment\php\manageQuestions.php  , SQL to get Question : 'SELECT * FROM `assessment`.`question`'
2016-11-18T16:20:01+00:00 [1344] INFO  : DB Get Request with parameter :'ssc'
2016-11-18T16:20:01+00:00 [1344] INFO  : DB Get SSC List from database.
2016-11-18T16:20:01+00:00 [1344] INFO  : DB SQL = 'SELECT ssc FROM `assessment`.`jobroles_excel_import`'
2016-11-18T16:20:02+00:00 [1344] INFO  : DB Get Request with parameter :'jobrole'
2016-11-18T16:20:02+00:00 [1344] INFO  : DB Get Job Roles List with parameter :'jobrole' for SSC :'Automotive '
2016-11-18T16:20:02+00:00 [1344] INFO  : DB SQL = 'SELECT job_role FROM `assessment`.`jobroles_excel_import` where ssc='Automotive ''
2016-11-18T16:20:02+00:00 [1344] INFO  : DB Get Request with parameter :'questions'
2016-11-18T16:20:02+00:00 [1344] INFO  : DB Get Questions List for subject  : 'questions'
2016-11-18T16:20:02+00:00 [1344] INFO  : DB 78  C:\wamp64\www\assessment\php\manageQuestions.php  , SQL to get Question : 'SELECT * FROM `assessment`.`question`'
2016-11-18T16:38:57+00:00 [1344] INFO  : DB Get Request with parameter :'questions'
2016-11-18T16:38:57+00:00 [1344] INFO  : DB Get Questions List for subject  : 'questions'
2016-11-18T16:38:57+00:00 [1344] INFO  : DB 78  C:\wamp64\www\assessment\php\manageQuestions.php  , SQL to get Question : 'SELECT * FROM `assessment`.`question`'
2016-11-18T16:39:01+00:00 [1344] INFO  : DB  Get Request with action parameter.
2016-11-18T16:39:01+00:00 [1344] INFO  : DB  Get Request to get question details.
2016-11-18T16:39:01+00:00 [1344] INFO  : DB 115  C:\wamp64\www\assessment\php\manageQuestions.php  , SQL to get Question for editing : 'SELECT * FROM `assessment`.`question`'
2016-11-18T16:39:14+00:00 [1344] INFO  : DB  Get Request with action parameter.
2016-11-18T16:39:14+00:00 [1344] INFO  : DB  Get Request to get question details.
2016-11-18T16:39:14+00:00 [1344] INFO  : DB 115  C:\wamp64\www\assessment\php\manageQuestions.php  , SQL to get Question for editing : 'SELECT * FROM `assessment`.`question`'
2016-11-18T17:00:03+00:00 [1344] INFO  : DB Get Request with parameter :'questions'
2016-11-18T17:00:03+00:00 [1344] INFO  : DB Get Questions List for subject  : 'questions'
2016-11-18T17:00:03+00:00 [1344] INFO  : DB 78  C:\wamp64\www\assessment\php\manageQuestions.php  , SQL to get Question : 'SELECT * FROM `assessment`.`question`'
2016-11-18T17:02:22+00:00 [1344] INFO  : DB Get Request with parameter :'questions'
2016-11-18T17:02:22+00:00 [1344] INFO  : DB Get Questions List for subject  : 'questions'
2016-11-18T17:02:22+00:00 [1344] INFO  : DB 78  C:\wamp64\www\assessment\php\manageQuestions.php  , SQL to get Question : 'SELECT * FROM `assessment`.`question`'
2016-11-18T17:02:38+00:00 [1344] INFO  : DB Get Request with parameter :'questions'
2016-11-18T17:02:38+00:00 [1344] INFO  : DB Get Questions List for subject  : 'questions'
2016-11-18T17:02:38+00:00 [1344] INFO  : DB 78  C:\wamp64\www\assessment\php\manageQuestions.php  , SQL to get Question : 'SELECT * FROM `assessment`.`question`'
2016-11-18T17:04:33+00:00 [1344] INFO  : DB Get Request with parameter :'questions'
2016-11-18T17:04:33+00:00 [1344] INFO  : DB Get Questions List for subject  : 'questions'
2016-11-18T17:04:33+00:00 [1344] INFO  : DB 78  C:\wamp64\www\assessment\php\manageQuestions.php  , SQL to get Question : 'SELECT * FROM `assessment`.`question`'
2016-11-18T17:04:35+00:00 [1344] INFO  : DB Get Request with parameter :'questions'
2016-11-18T17:04:35+00:00 [1344] INFO  : DB Get Questions List for subject  : 'questions'
2016-11-18T17:04:35+00:00 [1344] INFO  : DB 78  C:\wamp64\www\assessment\php\manageQuestions.php  , SQL to get Question : 'SELECT * FROM `assessment`.`question`'
2016-11-18T17:04:39+00:00 [1344] INFO  : DB Get Request with parameter :'questions'
2016-11-18T17:04:39+00:00 [1344] INFO  : DB Get Questions List for subject  : 'questions'
2016-11-18T17:04:39+00:00 [1344] INFO  : DB 78  C:\wamp64\www\assessment\php\manageQuestions.php  , SQL to get Question : 'SELECT * FROM `assessment`.`question`'
2016-11-18T17:04:52+00:00 [1344] INFO  : DB Get Request with parameter :'questions'
2016-11-18T17:04:52+00:00 [1344] INFO  : DB Get Questions List for subject  : 'questions'
2016-11-18T17:04:52+00:00 [1344] INFO  : DB 78  C:\wamp64\www\assessment\php\manageQuestions.php  , SQL to get Question : 'SELECT * FROM `assessment`.`question`'
2016-11-18T17:04:54+00:00 [1344] INFO  : DB Get Request with parameter :'questions'
2016-11-18T17:04:54+00:00 [1344] INFO  : DB Get Questions List for subject  : 'questions'
2016-11-18T17:04:54+00:00 [1344] INFO  : DB 78  C:\wamp64\www\assessment\php\manageQuestions.php  , SQL to get Question : 'SELECT * FROM `assessment`.`question`'
2016-11-18T17:05:16+00:00 [1344] INFO  : DB  Get Request with action parameter.
2016-11-18T17:05:16+00:00 [1344] INFO  : DB  Get Request to get question details.
2016-11-18T17:05:16+00:00 [1344] INFO  : DB 115  C:\wamp64\www\assessment\php\manageQuestions.php  , SQL to get Question for editing : 'SELECT * FROM `assessment`.`question`'
2016-11-18T17:05:22+00:00 [1344] INFO  : DB Get Request with parameter :'questions'
2016-11-18T17:05:22+00:00 [1344] INFO  : DB Get Questions List for subject  : 'questions'
2016-11-18T17:05:22+00:00 [1344] INFO  : DB 78  C:\wamp64\www\assessment\php\manageQuestions.php  , SQL to get Question : 'SELECT * FROM `assessment`.`question`'
2016-11-18T17:05:26+00:00 [1344] INFO  : DB  Get Request with action parameter.
2016-11-18T17:05:26+00:00 [1344] INFO  : DB  Get Request to get question details.
2016-11-18T17:05:26+00:00 [1344] INFO  : DB 115  C:\wamp64\www\assessment\php\manageQuestions.php  , SQL to get Question for editing : 'SELECT * FROM `assessment`.`question`'
2016-11-18T17:05:42+00:00 [1344] INFO  : DB Get Request with parameter :'questions'
2016-11-18T17:05:42+00:00 [1344] INFO  : DB Get Questions List for subject  : 'questions'
2016-11-18T17:05:42+00:00 [1344] INFO  : DB 78  C:\wamp64\www\assessment\php\manageQuestions.php  , SQL to get Question : 'SELECT * FROM `assessment`.`question`'
2016-11-18T17:06:27+00:00 [1344] INFO  : DB Get Request with parameter :'questions'
2016-11-18T17:06:27+00:00 [1344] INFO  : DB Get Questions List for subject  : 'questions'
2016-11-18T17:06:27+00:00 [1344] INFO  : DB 78  C:\wamp64\www\assessment\php\manageQuestions.php  , SQL to get Question : 'SELECT * FROM `assessment`.`question`'
2016-11-18T17:06:29+00:00 [1344] INFO  : DB Get Request with parameter :'ssc'
2016-11-18T17:06:29+00:00 [1344] INFO  : DB Get SSC List from database.
2016-11-18T17:06:29+00:00 [1344] INFO  : DB SQL = 'SELECT ssc FROM `assessment`.`jobroles_excel_import`'
2016-11-18T17:08:21+00:00 [1344] INFO  : DB Get Request with parameter :'questions'
2016-11-18T17:08:21+00:00 [1344] INFO  : DB Get Questions List for subject  : 'questions'
2016-11-18T17:08:21+00:00 [1344] INFO  : DB 78  C:\wamp64\www\assessment\php\manageQuestions.php  , SQL to get Question : 'SELECT * FROM `assessment`.`question`'
2016-11-18T17:08:31+00:00 [1344] INFO  : DB Get Request with parameter :'ssc'
2016-11-18T17:08:31+00:00 [1344] INFO  : DB Get SSC List from database.
2016-11-18T17:08:31+00:00 [1344] INFO  : DB SQL = 'SELECT ssc FROM `assessment`.`jobroles_excel_import`'
2016-11-18T17:08:32+00:00 [1344] INFO  : DB Get Request with parameter :'jobrole'
2016-11-18T17:08:32+00:00 [1344] INFO  : DB Get Job Roles List with parameter :'jobrole' for SSC :'Apparel, Madeups & Home Furnishing'
2016-11-18T17:08:32+00:00 [1344] INFO  : DB SQL = 'SELECT job_role FROM `assessment`.`jobroles_excel_import` where ssc='Apparel, Madeups & Home Furnishing''
2016-11-18T17:08:32+00:00 [1344] INFO  : DB Get Request with parameter :'questions'
2016-11-18T17:08:32+00:00 [1344] INFO  : DB Get Questions List for subject  : 'questions'
2016-11-18T17:08:32+00:00 [1344] INFO  : DB 78  C:\wamp64\www\assessment\php\manageQuestions.php  , SQL to get Question : 'SELECT * FROM `assessment`.`question`'
2016-11-18T17:08:36+00:00 [1344] INFO  : DB Get Request with parameter :'ssc'
2016-11-18T17:08:36+00:00 [1344] INFO  : DB Get SSC List from database.
2016-11-18T17:08:36+00:00 [1344] INFO  : DB SQL = 'SELECT ssc FROM `assessment`.`jobroles_excel_import`'
2016-11-18T17:08:37+00:00 [1344] INFO  : DB Get Request with parameter :'jobrole'
2016-11-18T17:08:37+00:00 [1344] INFO  : DB Get Job Roles List with parameter :'jobrole' for SSC :'Agriculture'
2016-11-18T17:08:37+00:00 [1344] INFO  : DB SQL = 'SELECT job_role FROM `assessment`.`jobroles_excel_import` where ssc='Agriculture''
2016-11-18T17:08:37+00:00 [1344] INFO  : DB Get Request with parameter :'questions'
2016-11-18T17:08:37+00:00 [1344] INFO  : DB Get Questions List for subject  : 'questions'
2016-11-18T17:08:37+00:00 [1344] INFO  : DB 78  C:\wamp64\www\assessment\php\manageQuestions.php  , SQL to get Question : 'SELECT * FROM `assessment`.`question`'
2016-11-18T17:08:42+00:00 [1344] INFO  : DB Get Request with parameter :'qpcode'
2016-11-18T17:08:42+00:00 [1344] INFO  : DB Get QP Code with parameter :'qpcode' for Job Role :'Animal Health Worker'
2016-11-18T17:08:42+00:00 [1344] INFO  : DB SQL = 'SELECT qp_code FROM `assessment`.`jobroles_excel_import` where job_role='Animal Health Worker''
2016-11-18T17:08:42+00:00 [1344] INFO  : DB Get Request with parameter :'questions'
2016-11-18T17:08:42+00:00 [1344] INFO  : DB Get Questions List for subject  : 'questions'
2016-11-18T17:08:42+00:00 [1344] INFO  : DB 78  C:\wamp64\www\assessment\php\manageQuestions.php  , SQL to get Question : 'SELECT * FROM `assessment`.`question` where subid='AGR/Q4804''
2016-11-18T17:11:34+00:00 [1344] INFO  : DB Get Request with parameter :'jobrole'
2016-11-18T17:11:34+00:00 [1344] INFO  : DB Get Job Roles List with parameter :'jobrole' for SSC :''
2016-11-18T17:11:34+00:00 [1344] INFO  : DB SQL = 'SELECT job_role FROM `assessment`.`jobroles_excel_import`'
2016-11-18T17:12:22+00:00 [1344] INFO  : DB Get Request with parameter :'jobrole'
2016-11-18T17:12:22+00:00 [1344] INFO  : DB Get Job Roles List with parameter :'jobrole' for SSC :''
2016-11-18T17:12:22+00:00 [1344] INFO  : DB SQL = 'SELECT job_role FROM `assessment`.`jobroles_excel_import`'
2016-11-18T17:12:30+00:00 [1344] INFO  : DB Get Request with parameter :'jobrole'
2016-11-18T17:12:30+00:00 [1344] INFO  : DB Get Job Roles List with parameter :'jobrole' for SSC :''
2016-11-18T17:12:30+00:00 [1344] INFO  : DB SQL = 'SELECT job_role FROM `assessment`.`jobroles_excel_import`'
2016-11-18T17:12:33+00:00 [1344] INFO  : DB Get Request with parameter :'jobrole'
2016-11-18T17:12:33+00:00 [1344] INFO  : DB Get Job Roles List with parameter :'jobrole' for SSC :''
2016-11-18T17:12:33+00:00 [1344] INFO  : DB SQL = 'SELECT job_role FROM `assessment`.`jobroles_excel_import`'
2016-11-18T17:12:39+00:00 [1344] INFO  : DB Get Request with parameter :'jobrole'
2016-11-18T17:12:39+00:00 [1344] INFO  : DB Get Job Roles List with parameter :'jobrole' for SSC :''
2016-11-18T17:12:39+00:00 [1344] INFO  : DB SQL = 'SELECT job_role FROM `assessment`.`jobroles_excel_import`'
2016-11-18T17:12:41+00:00 [1344] INFO  : DB Get Request with parameter :'jobrole'
2016-11-18T17:12:41+00:00 [1344] INFO  : DB Get Job Roles List with parameter :'jobrole' for SSC :''
2016-11-18T17:12:41+00:00 [1344] INFO  : DB SQL = 'SELECT job_role FROM `assessment`.`jobroles_excel_import`'
2016-11-18T17:12:43+00:00 [1344] INFO  : DB Get Request with parameter :'jobrole'
2016-11-18T17:12:43+00:00 [1344] INFO  : DB Get Job Roles List with parameter :'jobrole' for SSC :''
2016-11-18T17:12:43+00:00 [1344] INFO  : DB SQL = 'SELECT job_role FROM `assessment`.`jobroles_excel_import`'
2016-11-18T17:12:43+00:00 [1344] INFO  : DB Get Request with parameter :'jobrole'
2016-11-18T17:12:43+00:00 [1344] INFO  : DB Get Job Roles List with parameter :'jobrole' for SSC :''
2016-11-18T17:12:43+00:00 [1344] INFO  : DB SQL = 'SELECT job_role FROM `assessment`.`jobroles_excel_import`'
2016-11-18T17:12:44+00:00 [1344] INFO  : DB Get Request with parameter :'jobrole'
2016-11-18T17:12:44+00:00 [1344] INFO  : DB Get Job Roles List with parameter :'jobrole' for SSC :''
2016-11-18T17:12:44+00:00 [1344] INFO  : DB SQL = 'SELECT job_role FROM `assessment`.`jobroles_excel_import`'
2016-11-18T17:13:41+00:00 [1344] INFO  : DB Get Request with parameter :'jobrole'
2016-11-18T17:13:41+00:00 [1344] INFO  : DB Get Job Roles List with parameter :'jobrole' for SSC :''
2016-11-18T17:13:41+00:00 [1344] INFO  : DB SQL = 'SELECT job_role FROM `assessment`.`jobroles_excel_import`'
2016-11-18T17:14:20+00:00 [1344] INFO  : DB Get Request with parameter :'jobrole'
2016-11-18T17:14:20+00:00 [1344] INFO  : DB Get Job Roles List with parameter :'jobrole' for SSC :''
2016-11-18T17:14:20+00:00 [1344] INFO  : DB SQL = 'SELECT job_role FROM `assessment`.`jobroles_excel_import`'
2016-11-18T17:15:25+00:00 [1344] INFO  : DB Get Request with parameter :'jobrole'
2016-11-18T17:15:25+00:00 [1344] INFO  : DB Get Job Roles List with parameter :'jobrole' for SSC :''
2016-11-18T17:15:25+00:00 [1344] INFO  : DB SQL = 'SELECT job_role FROM `assessment`.`jobroles_excel_import`'
2016-11-18T17:15:34+00:00 [1344] INFO  : DB Get Request with parameter :'jobrole'
2016-11-18T17:15:34+00:00 [1344] INFO  : DB Get Job Roles List with parameter :'jobrole' for SSC :''
2016-11-18T17:15:34+00:00 [1344] INFO  : DB SQL = 'SELECT job_role FROM `assessment`.`jobroles_excel_import`'
2016-11-18T17:15:37+00:00 [1344] INFO  : DB Get Request with parameter :'jobrole'
2016-11-18T17:15:37+00:00 [1344] INFO  : DB Get Job Roles List with parameter :'jobrole' for SSC :''
2016-11-18T17:15:37+00:00 [1344] INFO  : DB SQL = 'SELECT job_role FROM `assessment`.`jobroles_excel_import`'
2016-11-18T17:15:39+00:00 [1344] INFO  : DB Get Request with parameter :'jobrole'
2016-11-18T17:15:39+00:00 [1344] INFO  : DB Get Job Roles List with parameter :'jobrole' for SSC :''
2016-11-18T17:15:39+00:00 [1344] INFO  : DB SQL = 'SELECT job_role FROM `assessment`.`jobroles_excel_import`'
2016-11-18T17:15:47+00:00 [1344] INFO  : DB Get Request with parameter :'jobrole'
2016-11-18T17:15:47+00:00 [1344] INFO  : DB Get Job Roles List with parameter :'jobrole' for SSC :''
2016-11-18T17:15:47+00:00 [1344] INFO  : DB SQL = 'SELECT job_role FROM `assessment`.`jobroles_excel_import`'
2016-11-18T17:16:10+00:00 [1344] INFO  : DB Get Request with parameter :'jobrole'
2016-11-18T17:16:10+00:00 [1344] INFO  : DB Get Job Roles List with parameter :'jobrole' for SSC :''
2016-11-18T17:16:10+00:00 [1344] INFO  : DB SQL = 'SELECT job_role FROM `assessment`.`jobroles_excel_import`'
2016-11-18T17:16:12+00:00 [1344] INFO  : DB Get Request with parameter :'jobrole'
2016-11-18T17:16:12+00:00 [1344] INFO  : DB Get Job Roles List with parameter :'jobrole' for SSC :''
2016-11-18T17:16:12+00:00 [1344] INFO  : DB SQL = 'SELECT job_role FROM `assessment`.`jobroles_excel_import`'
2016-11-18T17:16:32+00:00 [1344] INFO  : DB Get Request with parameter :'jobrole'
2016-11-18T17:16:32+00:00 [1344] INFO  : DB Get Job Roles List with parameter :'jobrole' for SSC :''
2016-11-18T17:16:32+00:00 [1344] INFO  : DB SQL = 'SELECT job_role FROM `assessment`.`jobroles_excel_import`'
2016-11-18T17:16:34+00:00 [1344] INFO  : DB Get Request with parameter :'jobrole'
2016-11-18T17:16:34+00:00 [1344] INFO  : DB Get Job Roles List with parameter :'jobrole' for SSC :''
2016-11-18T17:16:34+00:00 [1344] INFO  : DB SQL = 'SELECT job_role FROM `assessment`.`jobroles_excel_import`'
2016-11-18T17:16:39+00:00 [1344] INFO  : DB Get Request with parameter :'jobrole'
2016-11-18T17:16:39+00:00 [1344] INFO  : DB Get Job Roles List with parameter :'jobrole' for SSC :''
2016-11-18T17:16:39+00:00 [1344] INFO  : DB SQL = 'SELECT job_role FROM `assessment`.`jobroles_excel_import`'
2016-11-18T17:16:42+00:00 [1344] INFO  : DB Get Request with parameter :'jobrole'
2016-11-18T17:16:42+00:00 [1344] INFO  : DB Get Job Roles List with parameter :'jobrole' for SSC :''
2016-11-18T17:16:42+00:00 [1344] INFO  : DB SQL = 'SELECT job_role FROM `assessment`.`jobroles_excel_import`'
2016-11-18T17:16:57+00:00 [1344] INFO  : DB Get Request with parameter :'jobrole'
2016-11-18T17:16:57+00:00 [1344] INFO  : DB Get Job Roles List with parameter :'jobrole' for SSC :''
2016-11-18T17:16:57+00:00 [1344] INFO  : DB SQL = 'SELECT job_role FROM `assessment`.`jobroles_excel_import`'
2016-11-18T17:19:16+00:00 [1344] INFO  : DB Get Request with parameter :'jobrole'
2016-11-18T17:19:16+00:00 [1344] INFO  : DB Get Job Roles List with parameter :'jobrole' for SSC :''
2016-11-18T17:19:16+00:00 [1344] INFO  : DB SQL = 'SELECT job_role FROM `assessment`.`jobroles_excel_import`'
2016-11-18T17:21:24+00:00 [1344] INFO  : DB Get Request with parameter :'jobrole'
2016-11-18T17:21:24+00:00 [1344] INFO  : DB Get Job Roles List with parameter :'jobrole' for SSC :''
2016-11-18T17:21:24+00:00 [1344] INFO  : DB SQL = 'SELECT job_role FROM `assessment`.`jobroles_excel_import`'
2016-11-18T17:21:24+00:00 [1344] INFO  : DB Get Request with parameter :'qpcode'
2016-11-18T17:21:24+00:00 [1344] INFO  : DB Get QP Code with parameter :'qpcode' for Job Role :'Animal Health Worker'
2016-11-18T17:21:24+00:00 [1344] INFO  : DB SQL = 'SELECT qp_code FROM `assessment`.`jobroles_excel_import` where job_role='Animal Health Worker''
2016-11-18T17:22:02+00:00 [1344] INFO  : DB Get Request with parameter :'jobrole'
2016-11-18T17:22:02+00:00 [1344] INFO  : DB Get Job Roles List with parameter :'jobrole' for SSC :''
2016-11-18T17:22:02+00:00 [1344] INFO  : DB SQL = 'SELECT job_role FROM `assessment`.`jobroles_excel_import`'
2016-11-18T17:22:03+00:00 [1344] INFO  : DB Get Request with parameter :'qpcode'
2016-11-18T17:22:03+00:00 [1344] INFO  : DB Get QP Code with parameter :'qpcode' for Job Role :'Aquaculture worker'
2016-11-18T17:22:03+00:00 [1344] INFO  : DB SQL = 'SELECT qp_code FROM `assessment`.`jobroles_excel_import` where job_role='Aquaculture worker''
