2016-12-02T04:30:09+00:00 [12924] INFO  : DB 306  C:\wamp64\www\assessment\php\manageExams.php  , SQL to get Exam  Id : 'SELECT id FROM `assessment`.`exam` where testname='rohit_123''
2016-12-02T04:30:09+00:00 [12924] INFO  : DB 18  C:\wamp64\www\assessment\php\manageExams.php  , SQL to get all Questions of Exam with name : 'SELECT qstn_id FROM `assessment`.`exam_qstn` where exam_id='3''
2016-12-02T04:30:09+00:00 [12924] INFO  : DB 87  C:\wamp64\www\assessment\php\manageExams.php  , SQL to get Question Detail : 'SELECT * FROM `assessment`.`question` where id='8''
2016-12-02T04:30:09+00:00 [12924] INFO  : DB 87  C:\wamp64\www\assessment\php\manageExams.php  , SQL to get Question Detail : 'SELECT * FROM `assessment`.`question` where id='1''
2016-12-02T04:30:09+00:00 [12924] INFO  : DB 87  C:\wamp64\www\assessment\php\manageExams.php  , SQL to get Question Detail : 'SELECT * FROM `assessment`.`question` where id='48''
2016-12-02T04:30:09+00:00 [12924] INFO  : DB 87  C:\wamp64\www\assessment\php\manageExams.php  , SQL to get Question Detail : 'SELECT * FROM `assessment`.`question` where id='4''
2016-12-02T04:30:58+00:00 [12472] INFO  : DB 306  C:\wamp64\www\assessment\php\manageExams.php  , SQL to get Exam  Id : 'SELECT id FROM `assessment`.`exam` where testname='rohit_123''
2016-12-02T04:30:58+00:00 [12472] INFO  : DB 18  C:\wamp64\www\assessment\php\manageExams.php  , SQL to get all Questions of Exam with name : 'SELECT qstn_id FROM `assessment`.`exam_qstn` where exam_id='3''
2016-12-02T04:30:58+00:00 [12472] INFO  : DB 87  C:\wamp64\www\assessment\php\manageExams.php  , SQL to get Question Detail : 'SELECT * FROM `assessment`.`question` where id='8''
2016-12-02T04:30:58+00:00 [12472] INFO  : DB 87  C:\wamp64\www\assessment\php\manageExams.php  , SQL to get Question Detail : 'SELECT * FROM `assessment`.`question` where id='1''
2016-12-02T04:30:58+00:00 [12472] INFO  : DB 87  C:\wamp64\www\assessment\php\manageExams.php  , SQL to get Question Detail : 'SELECT * FROM `assessment`.`question` where id='48''
2016-12-02T04:30:58+00:00 [12472] INFO  : DB 87  C:\wamp64\www\assessment\php\manageExams.php  , SQL to get Question Detail : 'SELECT * FROM `assessment`.`question` where id='4''
2016-12-02T04:30:58+00:00 [12472] INFO  : DB 53  C:\wamp64\www\assessment\php\manageExams.php  , SQL to get Exam Details : 'SELECT * FROM `assessment`.`exam`'
2016-12-02T04:32:29+00:00 [4244] INFO  : DB 306  C:\wamp64\www\assessment\php\manageExams.php  , SQL to get Exam  Id : 'SELECT id FROM `assessment`.`exam` where testname='rohit_123''
2016-12-02T04:32:29+00:00 [4244] INFO  : DB 18  C:\wamp64\www\assessment\php\manageExams.php  , SQL to get all Questions of Exam with name : 'SELECT qstn_id FROM `assessment`.`exam_qstn` where exam_id='3''
2016-12-02T04:32:29+00:00 [4244] INFO  : DB 87  C:\wamp64\www\assessment\php\manageExams.php  , SQL to get Question Detail : 'SELECT * FROM `assessment`.`question` where id='8''
2016-12-02T04:32:29+00:00 [4244] INFO  : DB 87  C:\wamp64\www\assessment\php\manageExams.php  , SQL to get Question Detail : 'SELECT * FROM `assessment`.`question` where id='1''
2016-12-02T04:32:29+00:00 [4244] INFO  : DB 87  C:\wamp64\www\assessment\php\manageExams.php  , SQL to get Question Detail : 'SELECT * FROM `assessment`.`question` where id='48''
2016-12-02T04:32:29+00:00 [4244] INFO  : DB 87  C:\wamp64\www\assessment\php\manageExams.php  , SQL to get Question Detail : 'SELECT * FROM `assessment`.`question` where id='4''
2016-12-02T04:32:29+00:00 [4244] INFO  : DB 53  C:\wamp64\www\assessment\php\manageExams.php  , SQL to get Exam Details : 'SELECT * FROM `assessment`.`exam` where id='3''
2016-12-02T04:33:46+00:00 [14568] INFO  : DB 306  C:\wamp64\www\assessment\php\manageExams.php  , SQL to get Exam  Id : 'SELECT id FROM `assessment`.`exam` where testname='rohit_123''
2016-12-02T04:33:46+00:00 [14568] INFO  : DB 18  C:\wamp64\www\assessment\php\manageExams.php  , SQL to get all Questions of Exam with name : 'SELECT qstn_id FROM `assessment`.`exam_qstn` where exam_id='3''
2016-12-02T04:33:46+00:00 [14568] INFO  : DB 87  C:\wamp64\www\assessment\php\manageExams.php  , SQL to get Question Detail : 'SELECT * FROM `assessment`.`question` where id='8''
2016-12-02T04:33:46+00:00 [14568] INFO  : DB 87  C:\wamp64\www\assessment\php\manageExams.php  , SQL to get Question Detail : 'SELECT * FROM `assessment`.`question` where id='1''
2016-12-02T04:33:46+00:00 [14568] INFO  : DB 87  C:\wamp64\www\assessment\php\manageExams.php  , SQL to get Question Detail : 'SELECT * FROM `assessment`.`question` where id='48''
2016-12-02T04:33:46+00:00 [14568] INFO  : DB 87  C:\wamp64\www\assessment\php\manageExams.php  , SQL to get Question Detail : 'SELECT * FROM `assessment`.`question` where id='4''
2016-12-02T04:33:46+00:00 [14568] INFO  : DB 53  C:\wamp64\www\assessment\php\manageExams.php  , SQL to get Exam Details : 'SELECT * FROM `assessment`.`exam` where id='3''
2016-12-02T04:34:44+00:00 [10552] INFO  : DB 307  C:\wamp64\www\assessment\php\manageExams.php  , SQL to get Exam  Id : 'SELECT id FROM `assessment`.`exam` where testname='rohit_123''
2016-12-02T04:34:44+00:00 [10552] INFO  : DB 18  C:\wamp64\www\assessment\php\manageExams.php  , SQL to get all Questions of Exam with name : 'SELECT qstn_id FROM `assessment`.`exam_qstn` where exam_id='3''
2016-12-02T04:34:44+00:00 [10552] INFO  : DB 88  C:\wamp64\www\assessment\php\manageExams.php  , SQL to get Question Detail : 'SELECT * FROM `assessment`.`question` where id='8''
2016-12-02T04:34:44+00:00 [10552] INFO  : DB 88  C:\wamp64\www\assessment\php\manageExams.php  , SQL to get Question Detail : 'SELECT * FROM `assessment`.`question` where id='1''
2016-12-02T04:34:44+00:00 [10552] INFO  : DB 88  C:\wamp64\www\assessment\php\manageExams.php  , SQL to get Question Detail : 'SELECT * FROM `assessment`.`question` where id='48''
2016-12-02T04:34:44+00:00 [10552] INFO  : DB 88  C:\wamp64\www\assessment\php\manageExams.php  , SQL to get Question Detail : 'SELECT * FROM `assessment`.`question` where id='4''
2016-12-02T04:34:44+00:00 [10552] INFO  : DB 53  C:\wamp64\www\assessment\php\manageExams.php  , SQL to get Exam Details : 'SELECT * FROM `assessment`.`exam` where id='3''
2016-12-02T04:36:37+00:00 [8580] INFO  : DB 307  C:\wamp64\www\assessment\php\manageExams.php  , SQL to get Exam  Id : 'SELECT id FROM `assessment`.`exam` where testname='rohit_123''
2016-12-02T04:36:37+00:00 [8580] INFO  : DB 18  C:\wamp64\www\assessment\php\manageExams.php  , SQL to get all Questions of Exam with name : 'SELECT qstn_id FROM `assessment`.`exam_qstn` where exam_id='3''
2016-12-02T04:36:37+00:00 [8580] INFO  : DB 88  C:\wamp64\www\assessment\php\manageExams.php  , SQL to get Question Detail : 'SELECT * FROM `assessment`.`question` where id='8''
2016-12-02T04:36:37+00:00 [8580] INFO  : DB 88  C:\wamp64\www\assessment\php\manageExams.php  , SQL to get Question Detail : 'SELECT * FROM `assessment`.`question` where id='1''
2016-12-02T04:36:37+00:00 [8580] INFO  : DB 88  C:\wamp64\www\assessment\php\manageExams.php  , SQL to get Question Detail : 'SELECT * FROM `assessment`.`question` where id='48''
2016-12-02T04:36:37+00:00 [8580] INFO  : DB 88  C:\wamp64\www\assessment\php\manageExams.php  , SQL to get Question Detail : 'SELECT * FROM `assessment`.`question` where id='4''
2016-12-02T04:36:37+00:00 [8580] INFO  : DB 53  C:\wamp64\www\assessment\php\manageExams.php  , SQL to get Exam Details : 'SELECT * FROM `assessment`.`exam` where id='3''
