2016-12-05T16:41:24+00:00 [5944] INFO  : DB Get Request with parameter :'ssc'
2016-12-05T16:41:24+00:00 [5944] INFO  : DB Get SSC List from database.
2016-12-05T16:41:24+00:00 [5944] INFO  : DB SQL = 'SELECT ssc FROM `assessment`.`jobroles_excel_import`'
2016-12-05T16:41:24+00:00 [5944] INFO  : MANAGE TEST Get Request with parameter :'exams'
2016-12-05T16:41:24+00:00 [5944] INFO  : MANAGE TEST Get Exam List for subject  : ''
2016-12-05T16:41:24+00:00 [5944] INFO  : MANAGE TEST 306  C:\wamp64\www\assessment\php\manageExams.php  , SQL to get Exam : 'SELECT * FROM `assessment`.`exam`'
2016-12-05T16:41:26+00:00 [5944] INFO  : MANAGE TEST Get Request with parameter :'examDetailsForInfo'
2016-12-05T16:41:26+00:00 [5944] INFO  : MANAGE TEST Get Exam Information for exam  : 'rohit_1'
2016-12-05T16:41:26+00:00 [5944] INFO  : MANAGE TEST 89  C:\wamp64\www\assessment\php\manageExams.php  , SQL to get Exam Details : 'SELECT * FROM `assessment`.`exam` where testname='rohit_1''
2016-12-05T16:41:41+00:00 [5944] INFO  : MANAGE TEST Get Request with parameter :'examDetailsForInfo'
2016-12-05T16:41:41+00:00 [5944] INFO  : MANAGE TEST Get Exam Information for exam  : 'rohit_12345'
2016-12-05T16:41:41+00:00 [5944] INFO  : MANAGE TEST 89  C:\wamp64\www\assessment\php\manageExams.php  , SQL to get Exam Details : 'SELECT * FROM `assessment`.`exam` where testname='rohit_12345''
2016-12-05T16:42:09+00:00 [5944] INFO  : DB Get Request with parameter :'ssc'
2016-12-05T16:42:09+00:00 [5944] INFO  : DB Get SSC List from database.
2016-12-05T16:42:09+00:00 [5944] INFO  : DB SQL = 'SELECT ssc FROM `assessment`.`jobroles_excel_import`'
2016-12-05T16:42:09+00:00 [5944] INFO  : MANAGE TEST Get Request with parameter :'exams'
2016-12-05T16:42:09+00:00 [5944] INFO  : MANAGE TEST Get Exam List for subject  : ''
2016-12-05T16:42:09+00:00 [5944] INFO  : MANAGE TEST 306  C:\wamp64\www\assessment\php\manageExams.php  , SQL to get Exam : 'SELECT * FROM `assessment`.`exam`'
2016-12-05T16:42:11+00:00 [5944] INFO  : MANAGE TEST Get Request with parameter :'examDetailsForInfo'
2016-12-05T16:42:11+00:00 [5944] INFO  : MANAGE TEST Get Exam Information for exam  : 'rohit_12'
2016-12-05T16:42:11+00:00 [5944] INFO  : MANAGE TEST 89  C:\wamp64\www\assessment\php\manageExams.php  , SQL to get Exam Details : 'SELECT * FROM `assessment`.`exam` where testname='rohit_12''
