2016-11-16T15:12:10+00:00 [1344] INFO  : DB Get Request with parameter :'qpcode'
2016-11-16T15:12:10+00:00 [1344] INFO  : DB Get QP Code with parameter :'qpcode' for Job Role :'Pressman'
2016-11-16T15:12:10+00:00 [1344] INFO  : DB SQL = 'SELECT qp_code FROM `assessment`.`jobroles_excel_import` where job_role='Pressman''
2016-11-16T15:12:13+00:00 [1344] INFO  : DB Get Request with parameter :'questions'
2016-11-16T15:12:13+00:00 [1344] INFO  : DB Get Questions List for subject  : 'questions'
2016-11-16T15:12:13+00:00 [1344] INFO  : DB 40  C:\wamp64\www\assessment\php\manageQuestions.php  , SQL to get Question : 'SELECT * FROM `assessment`.`question`'
2016-11-16T15:12:46+00:00 [1344] INFO  : DB Get Request with parameter :'qpcode'
2016-11-16T15:12:46+00:00 [1344] INFO  : DB Get QP Code with parameter :'qpcode' for Job Role :'Sewing Machine Operator - knits'
2016-11-16T15:12:46+00:00 [1344] INFO  : DB SQL = 'SELECT qp_code FROM `assessment`.`jobroles_excel_import` where job_role='Sewing Machine Operator - knits''
2016-11-16T15:12:49+00:00 [1344] INFO  : DB Get Request with parameter :'questions'
2016-11-16T15:12:49+00:00 [1344] INFO  : DB Get Questions List for subject  : 'questions'
2016-11-16T15:12:49+00:00 [1344] INFO  : DB 40  C:\wamp64\www\assessment\php\manageQuestions.php  , SQL to get Question : 'SELECT * FROM `assessment`.`question`'
2016-11-16T15:15:18+00:00 [1344] INFO  : DB Get Request with parameter :'questions'
2016-11-16T15:15:18+00:00 [1344] INFO  : DB Get Questions List for subject  : 'questions'
2016-11-16T15:15:18+00:00 [1344] INFO  : DB 40  C:\wamp64\www\assessment\php\manageQuestions.php  , SQL to get Question : 'SELECT * FROM `assessment`.`question`'
2016-11-16T15:15:19+00:00 [1344] INFO  : DB Get Request with parameter :'questions'
2016-11-16T15:15:19+00:00 [1344] INFO  : DB Get Questions List for subject  : 'questions'
2016-11-16T15:15:19+00:00 [1344] INFO  : DB 40  C:\wamp64\www\assessment\php\manageQuestions.php  , SQL to get Question : 'SELECT * FROM `assessment`.`question`'
2016-11-16T15:15:24+00:00 [1344] INFO  : DB Get Request with parameter :'ssc'
2016-11-16T15:15:24+00:00 [1344] INFO  : DB Get SSC List from database.
2016-11-16T15:15:24+00:00 [1344] INFO  : DB SQL = 'SELECT ssc FROM `assessment`.`jobroles_excel_import`'
2016-11-16T15:15:24+00:00 [1344] INFO  : DB Get Request with parameter :'jobrole'
2016-11-16T15:15:24+00:00 [1344] INFO  : DB Get Job Roles List with parameter :'jobrole' for SSC :'Automotive '
2016-11-16T15:15:24+00:00 [1344] INFO  : DB SQL = 'SELECT job_role FROM `assessment`.`jobroles_excel_import` where ssc='Automotive ''
2016-11-16T15:15:26+00:00 [1344] INFO  : DB Get Request with parameter :'qpcode'
2016-11-16T15:15:26+00:00 [1344] INFO  : DB Get QP Code with parameter :'qpcode' for Job Role :'Dealership Sales and Value Aadded Services Executive'
2016-11-16T15:15:26+00:00 [1344] INFO  : DB SQL = 'SELECT qp_code FROM `assessment`.`jobroles_excel_import` where job_role='Dealership Sales and Value Aadded Services Executive''
2016-11-16T15:16:40+00:00 [1344] INFO  : DB Get Request with parameter :'questions'
2016-11-16T15:16:40+00:00 [1344] INFO  : DB Get Questions List for subject  : 'questions'
2016-11-16T15:16:40+00:00 [1344] INFO  : DB 40  C:\wamp64\www\assessment\php\manageQuestions.php  , SQL to get Question : 'SELECT * FROM `assessment`.`question`'
2016-11-16T15:16:44+00:00 [1344] INFO  : DB Get Request with parameter :'ssc'
2016-11-16T15:16:44+00:00 [1344] INFO  : DB Get SSC List from database.
2016-11-16T15:16:44+00:00 [1344] INFO  : DB SQL = 'SELECT ssc FROM `assessment`.`jobroles_excel_import`'
2016-11-16T15:16:44+00:00 [1344] INFO  : DB Get Request with parameter :'ssc'
2016-11-16T15:16:44+00:00 [1344] INFO  : DB Get SSC List from database.
2016-11-16T15:16:44+00:00 [1344] INFO  : DB SQL = 'SELECT ssc FROM `assessment`.`jobroles_excel_import`'
2016-11-16T15:16:46+00:00 [1344] INFO  : DB Get Request with parameter :'ssc'
2016-11-16T15:16:46+00:00 [1344] INFO  : DB Get SSC List from database.
2016-11-16T15:16:46+00:00 [1344] INFO  : DB SQL = 'SELECT ssc FROM `assessment`.`jobroles_excel_import`'
2016-11-16T15:16:46+00:00 [1344] INFO  : DB Get Request with parameter :'jobrole'
2016-11-16T15:16:46+00:00 [1344] INFO  : DB Get Job Roles List with parameter :'jobrole' for SSC :'BFSI'
2016-11-16T15:16:46+00:00 [1344] INFO  : DB SQL = 'SELECT job_role FROM `assessment`.`jobroles_excel_import` where ssc='BFSI''
2016-11-16T15:16:48+00:00 [1344] INFO  : DB Get Request with parameter :'qpcode'
2016-11-16T15:16:48+00:00 [1344] INFO  : DB Get QP Code with parameter :'qpcode' for Job Role :'Mutual Fund Agent '
2016-11-16T15:16:48+00:00 [1344] INFO  : DB SQL = 'SELECT qp_code FROM `assessment`.`jobroles_excel_import` where job_role='Mutual Fund Agent ''
2016-11-16T15:16:50+00:00 [1344] INFO  : DB Get Request with parameter :'questions'
2016-11-16T15:16:50+00:00 [1344] INFO  : DB Get Questions List for subject  : 'questions'
2016-11-16T15:16:50+00:00 [1344] INFO  : DB 40  C:\wamp64\www\assessment\php\manageQuestions.php  , SQL to get Question : 'SELECT * FROM `assessment`.`question`'
2016-11-16T15:17:20+00:00 [1344] INFO  : DB Get Request with parameter :'questions'
2016-11-16T15:17:20+00:00 [1344] INFO  : DB Get Questions List for subject  : 'questions'
2016-11-16T15:17:20+00:00 [1344] INFO  : DB 40  C:\wamp64\www\assessment\php\manageQuestions.php  , SQL to get Question : 'SELECT * FROM `assessment`.`question`'
2016-11-16T15:17:21+00:00 [1344] INFO  : DB Get Request with parameter :'ssc'
2016-11-16T15:17:21+00:00 [1344] INFO  : DB Get SSC List from database.
2016-11-16T15:17:21+00:00 [1344] INFO  : DB SQL = 'SELECT ssc FROM `assessment`.`jobroles_excel_import`'
2016-11-16T15:17:22+00:00 [1344] INFO  : DB Get Request with parameter :'jobrole'
2016-11-16T15:17:22+00:00 [1344] INFO  : DB Get Job Roles List with parameter :'jobrole' for SSC :'Beauty and Wellness'
2016-11-16T15:17:22+00:00 [1344] INFO  : DB SQL = 'SELECT job_role FROM `assessment`.`jobroles_excel_import` where ssc='Beauty and Wellness''
2016-11-16T15:17:23+00:00 [1344] INFO  : DB Get Request with parameter :'qpcode'
2016-11-16T15:17:23+00:00 [1344] INFO  : DB Get QP Code with parameter :'qpcode' for Job Role :'Assistant Hair Stylist'
2016-11-16T15:17:23+00:00 [1344] INFO  : DB SQL = 'SELECT qp_code FROM `assessment`.`jobroles_excel_import` where job_role='Assistant Hair Stylist''
2016-11-16T15:17:23+00:00 [1344] INFO  : DB Get Request with parameter :'questions'
2016-11-16T15:17:23+00:00 [1344] INFO  : DB Get Questions List for subject  : 'questions'
2016-11-16T15:17:23+00:00 [1344] INFO  : DB 40  C:\wamp64\www\assessment\php\manageQuestions.php  , SQL to get Question : 'SELECT * FROM `assessment`.`question`'
2016-11-16T15:26:19+00:00 [1344] INFO  : DB Get Request with parameter :'questions'
2016-11-16T15:26:19+00:00 [1344] INFO  : DB Get Questions List for subject  : 'questions'
2016-11-16T15:26:19+00:00 [1344] INFO  : DB 40  C:\wamp64\www\assessment\php\manageQuestions.php  , SQL to get Question : 'SELECT * FROM `assessment`.`question`'
2016-11-16T15:26:20+00:00 [1344] INFO  : DB Get Request with parameter :'questions'
2016-11-16T15:26:20+00:00 [1344] INFO  : DB Get Questions List for subject  : 'questions'
2016-11-16T15:26:20+00:00 [1344] INFO  : DB 40  C:\wamp64\www\assessment\php\manageQuestions.php  , SQL to get Question : 'SELECT * FROM `assessment`.`question`'
2016-11-16T15:26:21+00:00 [1344] INFO  : DB Get Request with parameter :'questions'
2016-11-16T15:26:21+00:00 [1344] INFO  : DB Get Questions List for subject  : 'questions'
2016-11-16T15:26:21+00:00 [1344] INFO  : DB 40  C:\wamp64\www\assessment\php\manageQuestions.php  , SQL to get Question : 'SELECT * FROM `assessment`.`question`'
2016-11-16T15:26:25+00:00 [1344] INFO  : DB Get Request with parameter :'questions'
2016-11-16T15:26:25+00:00 [1344] INFO  : DB Get Questions List for subject  : 'questions'
2016-11-16T15:26:25+00:00 [1344] INFO  : DB 40  C:\wamp64\www\assessment\php\manageQuestions.php  , SQL to get Question : 'SELECT * FROM `assessment`.`question`'
2016-11-16T15:26:27+00:00 [1344] INFO  : DB Get Request with parameter :'ssc'
2016-11-16T15:26:27+00:00 [1344] INFO  : DB Get SSC List from database.
2016-11-16T15:26:27+00:00 [1344] INFO  : DB SQL = 'SELECT ssc FROM `assessment`.`jobroles_excel_import`'
2016-11-16T15:26:27+00:00 [1344] INFO  : DB Get Request with parameter :'jobrole'
2016-11-16T15:26:27+00:00 [1344] INFO  : DB Get Job Roles List with parameter :'jobrole' for SSC :'Agriculture'
2016-11-16T15:26:27+00:00 [1344] INFO  : DB SQL = 'SELECT job_role FROM `assessment`.`jobroles_excel_import` where ssc='Agriculture''
2016-11-16T15:26:30+00:00 [1344] INFO  : DB Get Request with parameter :'qpcode'
2016-11-16T15:26:30+00:00 [1344] INFO  : DB Get QP Code with parameter :'qpcode' for Job Role :'Dairy Farmer/ Entrepreneur'
2016-11-16T15:26:30+00:00 [1344] INFO  : DB SQL = 'SELECT qp_code FROM `assessment`.`jobroles_excel_import` where job_role='Dairy Farmer/ Entrepreneur''
2016-11-16T15:26:30+00:00 [1344] INFO  : DB Get Request with parameter :'questions'
2016-11-16T15:26:30+00:00 [1344] INFO  : DB Get Questions List for subject  : 'questions'
2016-11-16T15:26:30+00:00 [1344] INFO  : DB 40  C:\wamp64\www\assessment\php\manageQuestions.php  , SQL to get Question : 'SELECT * FROM `assessment`.`question`'
2016-11-16T15:26:33+00:00 [1344] INFO  : DB Get Request with parameter :'qpcode'
2016-11-16T15:26:33+00:00 [1344] INFO  : DB Get QP Code with parameter :'qpcode' for Job Role :'Gardener'
2016-11-16T15:26:33+00:00 [1344] INFO  : DB SQL = 'SELECT qp_code FROM `assessment`.`jobroles_excel_import` where job_role='Gardener''
2016-11-16T15:26:33+00:00 [1344] INFO  : DB Get Request with parameter :'questions'
2016-11-16T15:26:33+00:00 [1344] INFO  : DB Get Questions List for subject  : 'questions'
2016-11-16T15:26:33+00:00 [1344] INFO  : DB 40  C:\wamp64\www\assessment\php\manageQuestions.php  , SQL to get Question : 'SELECT * FROM `assessment`.`question`'
2016-11-16T15:26:41+00:00 [1344] INFO  : DB Get Request with parameter :'qpcode'
2016-11-16T15:26:41+00:00 [1344] INFO  : DB Get QP Code with parameter :'qpcode' for Job Role :'Animal Health Worker'
2016-11-16T15:26:41+00:00 [1344] INFO  : DB SQL = 'SELECT qp_code FROM `assessment`.`jobroles_excel_import` where job_role='Animal Health Worker''
2016-11-16T15:26:52+00:00 [1344] INFO  : DB Get Request with parameter :'questions'
2016-11-16T15:26:52+00:00 [1344] INFO  : DB Get Questions List for subject  : 'questions'
2016-11-16T15:26:52+00:00 [1344] INFO  : DB 40  C:\wamp64\www\assessment\php\manageQuestions.php  , SQL to get Question : 'SELECT * FROM `assessment`.`question`'
2016-11-16T15:28:45+00:00 [1344] INFO  : DB Get Request with parameter :'questions'
2016-11-16T15:28:45+00:00 [1344] INFO  : DB Get Questions List for subject  : 'questions'
2016-11-16T15:28:45+00:00 [1344] INFO  : DB 40  C:\wamp64\www\assessment\php\manageQuestions.php  , SQL to get Question : 'SELECT * FROM `assessment`.`question`'
2016-11-16T15:28:46+00:00 [1344] INFO  : DB Get Request with parameter :'ssc'
2016-11-16T15:28:46+00:00 [1344] INFO  : DB Get SSC List from database.
2016-11-16T15:28:46+00:00 [1344] INFO  : DB SQL = 'SELECT ssc FROM `assessment`.`jobroles_excel_import`'
2016-11-16T15:28:47+00:00 [1344] INFO  : DB Get Request with parameter :'jobrole'
2016-11-16T15:28:47+00:00 [1344] INFO  : DB Get Job Roles List with parameter :'jobrole' for SSC :'Automotive '
2016-11-16T15:28:47+00:00 [1344] INFO  : DB SQL = 'SELECT job_role FROM `assessment`.`jobroles_excel_import` where ssc='Automotive ''
2016-11-16T15:28:48+00:00 [1344] INFO  : DB Get Request with parameter :'qpcode'
2016-11-16T15:28:48+00:00 [1344] INFO  : DB Get QP Code with parameter :'qpcode' for Job Role :'Dealership Telecaller Sales Executive'
2016-11-16T15:28:48+00:00 [1344] INFO  : DB SQL = 'SELECT qp_code FROM `assessment`.`jobroles_excel_import` where job_role='Dealership Telecaller Sales Executive''
2016-11-16T15:28:48+00:00 [1344] INFO  : DB Get Request with parameter :'questions'
2016-11-16T15:28:48+00:00 [1344] INFO  : DB Get Questions List for subject  : 'questions'
2016-11-16T15:28:48+00:00 [1344] INFO  : DB 40  C:\wamp64\www\assessment\php\manageQuestions.php  , SQL to get Question : 'SELECT * FROM `assessment`.`question`'
2016-11-16T15:29:04+00:00 [1344] INFO  : DB Get Request with parameter :'qpcode'
2016-11-16T15:29:04+00:00 [1344] INFO  : DB Get QP Code with parameter :'qpcode' for Job Role :'Machining and Quality Technician'
2016-11-16T15:29:04+00:00 [1344] INFO  : DB SQL = 'SELECT qp_code FROM `assessment`.`jobroles_excel_import` where job_role='Machining and Quality Technician''
2016-11-16T15:29:34+00:00 [1344] INFO  : DB Get Request with parameter :'questions'
2016-11-16T15:29:34+00:00 [1344] INFO  : DB Get Questions List for subject  : 'questions'
2016-11-16T15:29:34+00:00 [1344] INFO  : DB 40  C:\wamp64\www\assessment\php\manageQuestions.php  , SQL to get Question : 'SELECT * FROM `assessment`.`question`'
2016-11-16T15:31:09+00:00 [1344] INFO  : DB Get Request with parameter :'questions'
2016-11-16T15:31:09+00:00 [1344] INFO  : DB Get Questions List for subject  : 'questions'
2016-11-16T15:31:09+00:00 [1344] INFO  : DB 40  C:\wamp64\www\assessment\php\manageQuestions.php  , SQL to get Question : 'SELECT * FROM `assessment`.`question`'
2016-11-16T15:31:18+00:00 [1344] INFO  : DB Get Request with parameter :'ssc'
2016-11-16T15:31:18+00:00 [1344] INFO  : DB Get SSC List from database.
2016-11-16T15:31:18+00:00 [1344] INFO  : DB SQL = 'SELECT ssc FROM `assessment`.`jobroles_excel_import`'
2016-11-16T15:31:19+00:00 [1344] INFO  : DB Get Request with parameter :'jobrole'
2016-11-16T15:31:19+00:00 [1344] INFO  : DB Get Job Roles List with parameter :'jobrole' for SSC :'Beauty and Wellness'
2016-11-16T15:31:19+00:00 [1344] INFO  : DB SQL = 'SELECT job_role FROM `assessment`.`jobroles_excel_import` where ssc='Beauty and Wellness''
2016-11-16T15:31:21+00:00 [1344] INFO  : DB Get Request with parameter :'qpcode'
2016-11-16T15:31:21+00:00 [1344] INFO  : DB Get QP Code with parameter :'qpcode' for Job Role :'Assistant Hair Stylist'
2016-11-16T15:31:21+00:00 [1344] INFO  : DB SQL = 'SELECT qp_code FROM `assessment`.`jobroles_excel_import` where job_role='Assistant Hair Stylist''
2016-11-16T15:31:26+00:00 [1344] INFO  : DB Get Request with parameter :'questions'
2016-11-16T15:31:26+00:00 [1344] INFO  : DB Get Questions List for subject  : 'questions'
2016-11-16T15:31:26+00:00 [1344] INFO  : DB 40  C:\wamp64\www\assessment\php\manageQuestions.php  , SQL to get Question : 'SELECT * FROM `assessment`.`question`'
2016-11-16T15:32:26+00:00 [1344] INFO  : DB Get Request with parameter :'questions'
2016-11-16T15:32:26+00:00 [1344] INFO  : DB Get Questions List for subject  : 'questions'
2016-11-16T15:32:26+00:00 [1344] INFO  : DB 40  C:\wamp64\www\assessment\php\manageQuestions.php  , SQL to get Question : 'SELECT * FROM `assessment`.`question`'
2016-11-16T15:32:27+00:00 [1344] INFO  : DB Get Request with parameter :'ssc'
2016-11-16T15:32:27+00:00 [1344] INFO  : DB Get SSC List from database.
2016-11-16T15:32:27+00:00 [1344] INFO  : DB SQL = 'SELECT ssc FROM `assessment`.`jobroles_excel_import`'
2016-11-16T15:32:28+00:00 [1344] INFO  : DB Get Request with parameter :'jobrole'
2016-11-16T15:32:28+00:00 [1344] INFO  : DB Get Job Roles List with parameter :'jobrole' for SSC :'Automotive '
2016-11-16T15:32:28+00:00 [1344] INFO  : DB SQL = 'SELECT job_role FROM `assessment`.`jobroles_excel_import` where ssc='Automotive ''
2016-11-16T15:32:29+00:00 [1344] INFO  : DB Get Request with parameter :'qpcode'
2016-11-16T15:32:29+00:00 [1344] INFO  : DB Get QP Code with parameter :'qpcode' for Job Role :'Dealership Telecaller Sales Executive'
2016-11-16T15:32:29+00:00 [1344] INFO  : DB SQL = 'SELECT qp_code FROM `assessment`.`jobroles_excel_import` where job_role='Dealership Telecaller Sales Executive''
2016-11-16T15:32:29+00:00 [1344] INFO  : DB Get Request with parameter :'questions'
2016-11-16T15:32:29+00:00 [1344] INFO  : DB Get Questions List for subject  : 'questions'
2016-11-16T15:32:29+00:00 [1344] INFO  : DB 40  C:\wamp64\www\assessment\php\manageQuestions.php  , SQL to get Question : 'SELECT * FROM `assessment`.`question`'
2016-11-16T15:32:41+00:00 [1344] INFO  : DB Get Request with parameter :'qpcode'
2016-11-16T15:32:41+00:00 [1344] INFO  : DB Get QP Code with parameter :'qpcode' for Job Role :'Showroom Hostess - Customer Relationship Executive'
2016-11-16T15:32:41+00:00 [1344] INFO  : DB SQL = 'SELECT qp_code FROM `assessment`.`jobroles_excel_import` where job_role='Showroom Hostess - Customer Relationship Executive''
2016-11-16T15:32:55+00:00 [1344] INFO  : DB Get Request with parameter :'questions'
2016-11-16T15:32:55+00:00 [1344] INFO  : DB Get Questions List for subject  : 'questions'
2016-11-16T15:32:55+00:00 [1344] INFO  : DB 40  C:\wamp64\www\assessment\php\manageQuestions.php  , SQL to get Question : 'SELECT * FROM `assessment`.`question`'
2016-11-16T15:33:27+00:00 [1344] INFO  : DB Get Request with parameter :'questions'
2016-11-16T15:33:27+00:00 [1344] INFO  : DB Get Questions List for subject  : 'questions'
2016-11-16T15:33:27+00:00 [1344] INFO  : DB 40  C:\wamp64\www\assessment\php\manageQuestions.php  , SQL to get Question : 'SELECT * FROM `assessment`.`question`'
2016-11-16T15:33:33+00:00 [1344] INFO  : DB Get Request with parameter :'ssc'
2016-11-16T15:33:33+00:00 [1344] INFO  : DB Get SSC List from database.
2016-11-16T15:33:33+00:00 [1344] INFO  : DB SQL = 'SELECT ssc FROM `assessment`.`jobroles_excel_import`'
2016-11-16T15:33:33+00:00 [1344] INFO  : DB Get Request with parameter :'jobrole'
2016-11-16T15:33:33+00:00 [1344] INFO  : DB Get Job Roles List with parameter :'jobrole' for SSC :'Automotive '
2016-11-16T15:33:33+00:00 [1344] INFO  : DB SQL = 'SELECT job_role FROM `assessment`.`jobroles_excel_import` where ssc='Automotive ''
2016-11-16T15:33:38+00:00 [1344] INFO  : DB Get Request with parameter :'qpcode'
2016-11-16T15:33:38+00:00 [1344] INFO  : DB Get QP Code with parameter :'qpcode' for Job Role :'Welding and Quality Technician'
2016-11-16T15:33:38+00:00 [1344] INFO  : DB SQL = 'SELECT qp_code FROM `assessment`.`jobroles_excel_import` where job_role='Welding and Quality Technician''
2016-11-16T15:33:42+00:00 [1344] INFO  : DB Get Request with parameter :'questions'
2016-11-16T15:33:42+00:00 [1344] INFO  : DB Get Questions List for subject  : 'questions'
2016-11-16T15:33:42+00:00 [1344] INFO  : DB 40  C:\wamp64\www\assessment\php\manageQuestions.php  , SQL to get Question : 'SELECT * FROM `assessment`.`question`'
2016-11-16T15:35:12+00:00 [1344] INFO  : DB Get Request with parameter :'questions'
2016-11-16T15:35:12+00:00 [1344] INFO  : DB Get Questions List for subject  : 'questions'
2016-11-16T15:35:12+00:00 [1344] INFO  : DB 40  C:\wamp64\www\assessment\php\manageQuestions.php  , SQL to get Question : 'SELECT * FROM `assessment`.`question` where subid='test''
2016-11-16T15:35:23+00:00 [1344] INFO  : DB Get Request with parameter :'ssc'
2016-11-16T15:35:23+00:00 [1344] INFO  : DB Get SSC List from database.
2016-11-16T15:35:23+00:00 [1344] INFO  : DB SQL = 'SELECT ssc FROM `assessment`.`jobroles_excel_import`'
2016-11-16T15:35:24+00:00 [1344] INFO  : DB Get Request with parameter :'jobrole'
2016-11-16T15:35:24+00:00 [1344] INFO  : DB Get Job Roles List with parameter :'jobrole' for SSC :'Automotive '
2016-11-16T15:35:24+00:00 [1344] INFO  : DB SQL = 'SELECT job_role FROM `assessment`.`jobroles_excel_import` where ssc='Automotive ''
2016-11-16T15:35:26+00:00 [1344] INFO  : DB Get Request with parameter :'qpcode'
2016-11-16T15:35:26+00:00 [1344] INFO  : DB Get QP Code with parameter :'qpcode' for Job Role :'Showroom Hostess - Customer Relationship Executive'
2016-11-16T15:35:26+00:00 [1344] INFO  : DB SQL = 'SELECT qp_code FROM `assessment`.`jobroles_excel_import` where job_role='Showroom Hostess - Customer Relationship Executive''
2016-11-16T15:35:26+00:00 [1344] INFO  : DB Get Request with parameter :'questions'
2016-11-16T15:35:26+00:00 [1344] INFO  : DB Get Questions List for subject  : 'questions'
2016-11-16T15:35:26+00:00 [1344] INFO  : DB 40  C:\wamp64\www\assessment\php\manageQuestions.php  , SQL to get Question : 'SELECT * FROM `assessment`.`question` where subid='test''
2016-11-16T15:35:52+00:00 [1344] INFO  : DB Get Request with parameter :'qpcode'
2016-11-16T15:35:52+00:00 [1344] INFO  : DB Get QP Code with parameter :'qpcode' for Job Role :'Welding and Quality Technician'
2016-11-16T15:35:52+00:00 [1344] INFO  : DB SQL = 'SELECT qp_code FROM `assessment`.`jobroles_excel_import` where job_role='Welding and Quality Technician''
2016-11-16T15:35:56+00:00 [1344] INFO  : DB Get Request with parameter :'questions'
2016-11-16T15:35:56+00:00 [1344] INFO  : DB Get Questions List for subject  : 'questions'
2016-11-16T15:35:56+00:00 [1344] INFO  : DB 40  C:\wamp64\www\assessment\php\manageQuestions.php  , SQL to get Question : 'SELECT * FROM `assessment`.`question` where subid='test''
2016-11-16T15:37:40+00:00 [1344] INFO  : DB Get Request with parameter :'questions'
2016-11-16T15:37:40+00:00 [1344] INFO  : DB Get Questions List for subject  : 'questions'
2016-11-16T15:37:40+00:00 [1344] INFO  : DB 40  C:\wamp64\www\assessment\php\manageQuestions.php  , SQL to get Question : 'SELECT * FROM `assessment`.`question` where subid='test123''
2016-11-16T15:37:49+00:00 [1344] INFO  : DB Get Request with parameter :'questions'
2016-11-16T15:37:49+00:00 [1344] INFO  : DB Get Questions List for subject  : 'questions'
2016-11-16T15:37:49+00:00 [1344] INFO  : DB 40  C:\wamp64\www\assessment\php\manageQuestions.php  , SQL to get Question : 'SELECT * FROM `assessment`.`question` where subid='test123''
2016-11-16T15:37:56+00:00 [1344] INFO  : DB Get Request with parameter :'ssc'
2016-11-16T15:37:56+00:00 [1344] INFO  : DB Get SSC List from database.
2016-11-16T15:37:56+00:00 [1344] INFO  : DB SQL = 'SELECT ssc FROM `assessment`.`jobroles_excel_import`'
2016-11-16T15:37:56+00:00 [1344] INFO  : DB Get Request with parameter :'jobrole'
2016-11-16T15:37:56+00:00 [1344] INFO  : DB Get Job Roles List with parameter :'jobrole' for SSC :'Apparel, Madeups & Home Furnishing'
2016-11-16T15:37:56+00:00 [1344] INFO  : DB SQL = 'SELECT job_role FROM `assessment`.`jobroles_excel_import` where ssc='Apparel, Madeups & Home Furnishing''
2016-11-16T15:37:58+00:00 [1344] INFO  : DB Get Request with parameter :'qpcode'
2016-11-16T15:37:58+00:00 [1344] INFO  : DB Get QP Code with parameter :'qpcode' for Job Role :'In-line Checker'
2016-11-16T15:37:58+00:00 [1344] INFO  : DB SQL = 'SELECT qp_code FROM `assessment`.`jobroles_excel_import` where job_role='In-line Checker''
2016-11-16T15:38:04+00:00 [1344] INFO  : DB Get Request with parameter :'questions'
2016-11-16T15:38:04+00:00 [1344] INFO  : DB Get Questions List for subject  : 'questions'
2016-11-16T15:38:04+00:00 [1344] INFO  : DB 40  C:\wamp64\www\assessment\php\manageQuestions.php  , SQL to get Question : 'SELECT * FROM `assessment`.`question` where subid='test123''
2016-11-16T15:43:05+00:00 [1344] INFO  : DB Get Request with parameter :'questions'
2016-11-16T15:43:05+00:00 [1344] INFO  : DB Get Questions List for subject  : 'questions'
2016-11-16T15:43:05+00:00 [1344] INFO  : DB 40  C:\wamp64\www\assessment\php\manageQuestions.php  , SQL to get Question : 'SELECT * FROM `assessment`.`question`'
2016-11-16T15:43:14+00:00 [1344] INFO  : DB Get Request with parameter :'ssc'
2016-11-16T15:43:14+00:00 [1344] INFO  : DB Get SSC List from database.
2016-11-16T15:43:14+00:00 [1344] INFO  : DB SQL = 'SELECT ssc FROM `assessment`.`jobroles_excel_import`'
2016-11-16T15:43:15+00:00 [1344] INFO  : DB Get Request with parameter :'jobrole'
2016-11-16T15:43:15+00:00 [1344] INFO  : DB Get Job Roles List with parameter :'jobrole' for SSC :'Automotive '
2016-11-16T15:43:15+00:00 [1344] INFO  : DB SQL = 'SELECT job_role FROM `assessment`.`jobroles_excel_import` where ssc='Automotive ''
2016-11-16T15:43:17+00:00 [1344] INFO  : DB Get Request with parameter :'qpcode'
2016-11-16T15:43:17+00:00 [1344] INFO  : DB Get QP Code with parameter :'qpcode' for Job Role :'Dealership Telecaller Sales Executive'
2016-11-16T15:43:17+00:00 [1344] INFO  : DB SQL = 'SELECT qp_code FROM `assessment`.`jobroles_excel_import` where job_role='Dealership Telecaller Sales Executive''
2016-11-16T15:43:17+00:00 [1344] INFO  : DB Get Request with parameter :'questions'
2016-11-16T15:43:17+00:00 [1344] INFO  : DB Get Questions List for subject  : 'questions'
2016-11-16T15:43:17+00:00 [1344] INFO  : DB 40  C:\wamp64\www\assessment\php\manageQuestions.php  , SQL to get Question : 'SELECT * FROM `assessment`.`question`'
2016-11-16T15:43:34+00:00 [1344] INFO  : DB Get Request with parameter :'qpcode'
2016-11-16T15:43:34+00:00 [1344] INFO  : DB Get QP Code with parameter :'qpcode' for Job Role :'Machining and Quality Technician'
2016-11-16T15:43:35+00:00 [1344] INFO  : DB SQL = 'SELECT qp_code FROM `assessment`.`jobroles_excel_import` where job_role='Machining and Quality Technician''
2016-11-16T15:43:49+00:00 [1344] INFO  : DB Get Request with parameter :'questions'
2016-11-16T15:43:49+00:00 [1344] INFO  : DB Get Questions List for subject  : 'questions'
2016-11-16T15:43:49+00:00 [1344] INFO  : DB 40  C:\wamp64\www\assessment\php\manageQuestions.php  , SQL to get Question : 'SELECT * FROM `assessment`.`question`'
2016-11-16T15:44:03+00:00 [1344] INFO  : DB Get Request with parameter :'ssc'
2016-11-16T15:44:03+00:00 [1344] INFO  : DB Get SSC List from database.
2016-11-16T15:44:03+00:00 [1344] INFO  : DB SQL = 'SELECT ssc FROM `assessment`.`jobroles_excel_import`'
2016-11-16T15:44:03+00:00 [1344] INFO  : DB Get Request with parameter :'ssc'
2016-11-16T15:44:03+00:00 [1344] INFO  : DB Get SSC List from database.
2016-11-16T15:44:03+00:00 [1344] INFO  : DB SQL = 'SELECT ssc FROM `assessment`.`jobroles_excel_import`'
2016-11-16T15:44:04+00:00 [1344] INFO  : DB Get Request with parameter :'ssc'
2016-11-16T15:44:04+00:00 [1344] INFO  : DB Get SSC List from database.
2016-11-16T15:44:04+00:00 [1344] INFO  : DB SQL = 'SELECT ssc FROM `assessment`.`jobroles_excel_import`'
2016-11-16T15:44:06+00:00 [1344] INFO  : DB Get Request with parameter :'jobrole'
2016-11-16T15:44:06+00:00 [1344] INFO  : DB Get Job Roles List with parameter :'jobrole' for SSC :'Automotive '
2016-11-16T15:44:06+00:00 [1344] INFO  : DB SQL = 'SELECT job_role FROM `assessment`.`jobroles_excel_import` where ssc='Automotive ''
2016-11-16T15:44:14+00:00 [1344] INFO  : DB Get Request with parameter :'qpcode'
2016-11-16T15:44:14+00:00 [1344] INFO  : DB Get QP Code with parameter :'qpcode' for Job Role :'Welding and Quality Technician'
2016-11-16T15:44:14+00:00 [1344] INFO  : DB SQL = 'SELECT qp_code FROM `assessment`.`jobroles_excel_import` where job_role='Welding and Quality Technician''
2016-11-16T15:44:19+00:00 [1344] INFO  : DB Get Request with parameter :'questions'
2016-11-16T15:44:19+00:00 [1344] INFO  : DB Get Questions List for subject  : 'questions'
2016-11-16T15:44:19+00:00 [1344] INFO  : DB 40  C:\wamp64\www\assessment\php\manageQuestions.php  , SQL to get Question : 'SELECT * FROM `assessment`.`question`'
2016-11-16T16:01:31+00:00 [1344] INFO  : DB Get Request with parameter :'questions'
2016-11-16T16:01:31+00:00 [1344] INFO  : DB Get Questions List for subject  : 'questions'
2016-11-16T16:01:31+00:00 [1344] INFO  : DB 40  C:\wamp64\www\assessment\php\manageQuestions.php  , SQL to get Question : 'SELECT * FROM `assessment`.`question`'
2016-11-16T16:01:36+00:00 [1344] INFO  : DB Get Request with parameter :'questions'
2016-11-16T16:01:36+00:00 [1344] INFO  : DB Get Questions List for subject  : 'questions'
2016-11-16T16:01:36+00:00 [1344] INFO  : DB 40  C:\wamp64\www\assessment\php\manageQuestions.php  , SQL to get Question : 'SELECT * FROM `assessment`.`question`'
2016-11-16T16:01:41+00:00 [1344] INFO  : DB Get Request with parameter :'ssc'
2016-11-16T16:01:41+00:00 [1344] INFO  : DB Get SSC List from database.
2016-11-16T16:01:41+00:00 [1344] INFO  : DB SQL = 'SELECT ssc FROM `assessment`.`jobroles_excel_import`'
2016-11-16T16:01:42+00:00 [1344] INFO  : DB Get Request with parameter :'jobrole'
2016-11-16T16:01:42+00:00 [1344] INFO  : DB Get Job Roles List with parameter :'jobrole' for SSC :'Beauty and Wellness'
2016-11-16T16:01:42+00:00 [1344] INFO  : DB SQL = 'SELECT job_role FROM `assessment`.`jobroles_excel_import` where ssc='Beauty and Wellness''
2016-11-16T16:01:44+00:00 [1344] INFO  : DB Get Request with parameter :'qpcode'
2016-11-16T16:01:44+00:00 [1344] INFO  : DB Get QP Code with parameter :'qpcode' for Job Role :'Assistant Hair Stylist'
2016-11-16T16:01:44+00:00 [1344] INFO  : DB SQL = 'SELECT qp_code FROM `assessment`.`jobroles_excel_import` where job_role='Assistant Hair Stylist''
2016-11-16T16:01:44+00:00 [1344] INFO  : DB Get Request with parameter :'questions'
2016-11-16T16:01:44+00:00 [1344] INFO  : DB Get Questions List for subject  : 'questions'
2016-11-16T16:01:44+00:00 [1344] INFO  : DB 40  C:\wamp64\www\assessment\php\manageQuestions.php  , SQL to get Question : 'SELECT * FROM `assessment`.`question`'
2016-11-16T16:03:22+00:00 [1344] INFO  : DB Get Request with parameter :'questions'
2016-11-16T16:03:22+00:00 [1344] INFO  : DB Get Questions List for subject  : 'questions'
2016-11-16T16:03:22+00:00 [1344] INFO  : DB 40  C:\wamp64\www\assessment\php\manageQuestions.php  , SQL to get Question : 'SELECT * FROM `assessment`.`question`'
2016-11-16T16:03:22+00:00 [1344] INFO  : DB Get Request with parameter :'questions'
2016-11-16T16:03:22+00:00 [1344] INFO  : DB Get Questions List for subject  : 'questions'
2016-11-16T16:03:22+00:00 [1344] INFO  : DB 40  C:\wamp64\www\assessment\php\manageQuestions.php  , SQL to get Question : 'SELECT * FROM `assessment`.`question`'
2016-11-16T16:03:28+00:00 [1344] INFO  : DB Get Request with parameter :'questions'
2016-11-16T16:03:28+00:00 [1344] INFO  : DB Get Questions List for subject  : 'questions'
2016-11-16T16:03:28+00:00 [1344] INFO  : DB 40  C:\wamp64\www\assessment\php\manageQuestions.php  , SQL to get Question : 'SELECT * FROM `assessment`.`question`'
2016-11-16T16:03:28+00:00 [1344] INFO  : DB Get Request with parameter :'questions'
2016-11-16T16:03:28+00:00 [1344] INFO  : DB Get Questions List for subject  : 'questions'
2016-11-16T16:03:28+00:00 [1344] INFO  : DB 40  C:\wamp64\www\assessment\php\manageQuestions.php  , SQL to get Question : 'SELECT * FROM `assessment`.`question`'
2016-11-16T16:04:24+00:00 [1344] INFO  : DB Get Request with parameter :'questions'
2016-11-16T16:04:24+00:00 [1344] INFO  : DB Get Questions List for subject  : 'questions'
2016-11-16T16:04:24+00:00 [1344] INFO  : DB 40  C:\wamp64\www\assessment\php\manageQuestions.php  , SQL to get Question : 'SELECT * FROM `assessment`.`question`'
2016-11-16T16:04:24+00:00 [1344] INFO  : DB Get Request with parameter :'questions'
2016-11-16T16:04:24+00:00 [1344] INFO  : DB Get Questions List for subject  : 'questions'
2016-11-16T16:04:24+00:00 [1344] INFO  : DB 40  C:\wamp64\www\assessment\php\manageQuestions.php  , SQL to get Question : 'SELECT * FROM `assessment`.`question`'
2016-11-16T16:04:59+00:00 [1344] INFO  : DB Get Request with parameter :'questions'
2016-11-16T16:04:59+00:00 [1344] INFO  : DB Get Questions List for subject  : 'questions'
2016-11-16T16:04:59+00:00 [1344] INFO  : DB 40  C:\wamp64\www\assessment\php\manageQuestions.php  , SQL to get Question : 'SELECT * FROM `assessment`.`question`'
2016-11-16T16:05:10+00:00 [1344] INFO  : DB Get Request with parameter :'ssc'
2016-11-16T16:05:10+00:00 [1344] INFO  : DB Get SSC List from database.
2016-11-16T16:05:10+00:00 [1344] INFO  : DB SQL = 'SELECT ssc FROM `assessment`.`jobroles_excel_import`'
2016-11-16T16:05:11+00:00 [1344] INFO  : DB Get Request with parameter :'jobrole'
2016-11-16T16:05:11+00:00 [1344] INFO  : DB Get Job Roles List with parameter :'jobrole' for SSC :'Automotive '
2016-11-16T16:05:11+00:00 [1344] INFO  : DB SQL = 'SELECT job_role FROM `assessment`.`jobroles_excel_import` where ssc='Automotive ''
2016-11-16T16:05:15+00:00 [1344] INFO  : DB Get Request with parameter :'qpcode'
2016-11-16T16:05:15+00:00 [1344] INFO  : DB Get QP Code with parameter :'qpcode' for Job Role :'Welding and Quality Technician'
2016-11-16T16:05:15+00:00 [1344] INFO  : DB SQL = 'SELECT qp_code FROM `assessment`.`jobroles_excel_import` where job_role='Welding and Quality Technician''
2016-11-16T16:05:15+00:00 [1344] INFO  : DB Get Request with parameter :'questions'
2016-11-16T16:05:15+00:00 [1344] INFO  : DB Get Questions List for subject  : 'questions'
2016-11-16T16:05:15+00:00 [1344] INFO  : DB 40  C:\wamp64\www\assessment\php\manageQuestions.php  , SQL to get Question : 'SELECT * FROM `assessment`.`question` where subid='ASC/Q3109''
2016-11-16T16:05:49+00:00 [1344] INFO  : DB Get Request with parameter :'qpcode'
2016-11-16T16:05:49+00:00 [1344] INFO  : DB Get QP Code with parameter :'qpcode' for Job Role :'Welding and Quality Technician'
2016-11-16T16:05:49+00:00 [1344] INFO  : DB SQL = 'SELECT qp_code FROM `assessment`.`jobroles_excel_import` where job_role='Welding and Quality Technician''
2016-11-16T16:05:49+00:00 [1344] INFO  : DB Get Request with parameter :'questions'
2016-11-16T16:05:49+00:00 [1344] INFO  : DB Get Questions List for subject  : 'questions'
2016-11-16T16:05:49+00:00 [1344] INFO  : DB 40  C:\wamp64\www\assessment\php\manageQuestions.php  , SQL to get Question : 'SELECT * FROM `assessment`.`question` where subid='ASC/Q3109''
2016-11-16T16:05:51+00:00 [1344] INFO  : DB Get Request with parameter :'ssc'
2016-11-16T16:05:51+00:00 [1344] INFO  : DB Get SSC List from database.
2016-11-16T16:05:51+00:00 [1344] INFO  : DB SQL = 'SELECT ssc FROM `assessment`.`jobroles_excel_import`'
2016-11-16T16:05:52+00:00 [1344] INFO  : DB Get Request with parameter :'jobrole'
2016-11-16T16:05:52+00:00 [1344] INFO  : DB Get Job Roles List with parameter :'jobrole' for SSC :'Agriculture'
2016-11-16T16:05:52+00:00 [1344] INFO  : DB SQL = 'SELECT job_role FROM `assessment`.`jobroles_excel_import` where ssc='Agriculture''
2016-11-16T16:05:55+00:00 [1344] INFO  : DB Get Request with parameter :'qpcode'
2016-11-16T16:05:55+00:00 [1344] INFO  : DB Get QP Code with parameter :'qpcode' for Job Role :'Green House Operator'
2016-11-16T16:05:55+00:00 [1344] INFO  : DB SQL = 'SELECT qp_code FROM `assessment`.`jobroles_excel_import` where job_role='Green House Operator''
2016-11-16T16:05:55+00:00 [1344] INFO  : DB Get Request with parameter :'questions'
2016-11-16T16:05:55+00:00 [1344] INFO  : DB Get Questions List for subject  : 'questions'
2016-11-16T16:05:55+00:00 [1344] INFO  : DB 40  C:\wamp64\www\assessment\php\manageQuestions.php  , SQL to get Question : 'SELECT * FROM `assessment`.`question` where subid='AGR/Q1003''
2016-11-16T16:06:07+00:00 [1344] INFO  : DB Get Request with parameter :'qpcode'
2016-11-16T16:06:07+00:00 [1344] INFO  : DB Get QP Code with parameter :'qpcode' for Job Role :'Tractor operator '
2016-11-16T16:06:07+00:00 [1344] INFO  : DB SQL = 'SELECT qp_code FROM `assessment`.`jobroles_excel_import` where job_role='Tractor operator ''
2016-11-16T16:06:07+00:00 [1344] INFO  : DB Get Request with parameter :'questions'
2016-11-16T16:06:07+00:00 [1344] INFO  : DB Get Questions List for subject  : 'questions'
2016-11-16T16:06:07+00:00 [1344] INFO  : DB 40  C:\wamp64\www\assessment\php\manageQuestions.php  , SQL to get Question : 'SELECT * FROM `assessment`.`question` where subid='AGR/Q1101''
2016-11-16T16:06:56+00:00 [1344] INFO  : DB Get Request with parameter :'questions'
2016-11-16T16:06:56+00:00 [1344] INFO  : DB Get Questions List for subject  : 'questions'
2016-11-16T16:06:56+00:00 [1344] INFO  : DB 40  C:\wamp64\www\assessment\php\manageQuestions.php  , SQL to get Question : 'SELECT * FROM `assessment`.`question`'
2016-11-16T16:06:57+00:00 [1344] INFO  : DB Get Request with parameter :'ssc'
2016-11-16T16:06:57+00:00 [1344] INFO  : DB Get SSC List from database.
2016-11-16T16:06:57+00:00 [1344] INFO  : DB SQL = 'SELECT ssc FROM `assessment`.`jobroles_excel_import`'
2016-11-16T16:06:58+00:00 [1344] INFO  : DB Get Request with parameter :'jobrole'
2016-11-16T16:06:58+00:00 [1344] INFO  : DB Get Job Roles List with parameter :'jobrole' for SSC :'Automotive '
2016-11-16T16:06:58+00:00 [1344] INFO  : DB SQL = 'SELECT job_role FROM `assessment`.`jobroles_excel_import` where ssc='Automotive ''
2016-11-16T16:06:58+00:00 [1344] INFO  : DB Get Request with parameter :'questions'
2016-11-16T16:06:58+00:00 [1344] INFO  : DB Get Questions List for subject  : 'questions'
2016-11-16T16:06:58+00:00 [1344] INFO  : DB 40  C:\wamp64\www\assessment\php\manageQuestions.php  , SQL to get Question : 'SELECT * FROM `assessment`.`question`'
2016-11-16T16:07:00+00:00 [1344] INFO  : DB Get Request with parameter :'qpcode'
2016-11-16T16:07:00+00:00 [1344] INFO  : DB Get QP Code with parameter :'qpcode' for Job Role :'Welding and Quality Technician'
2016-11-16T16:07:00+00:00 [1344] INFO  : DB SQL = 'SELECT qp_code FROM `assessment`.`jobroles_excel_import` where job_role='Welding and Quality Technician''
2016-11-16T16:07:00+00:00 [1344] INFO  : DB Get Request with parameter :'questions'
2016-11-16T16:07:00+00:00 [1344] INFO  : DB Get Questions List for subject  : 'questions'
2016-11-16T16:07:00+00:00 [1344] INFO  : DB 40  C:\wamp64\www\assessment\php\manageQuestions.php  , SQL to get Question : 'SELECT * FROM `assessment`.`question` where subid='ASC/Q3109''
2016-11-16T16:07:34+00:00 [1344] INFO  : DB Get Request with parameter :'questions'
2016-11-16T16:07:34+00:00 [1344] INFO  : DB Get Questions List for subject  : 'questions'
2016-11-16T16:07:34+00:00 [1344] INFO  : DB 40  C:\wamp64\www\assessment\php\manageQuestions.php  , SQL to get Question : 'SELECT * FROM `assessment`.`question`'
2016-11-16T16:07:37+00:00 [1344] INFO  : DB Get Request with parameter :'ssc'
2016-11-16T16:07:37+00:00 [1344] INFO  : DB Get SSC List from database.
2016-11-16T16:07:37+00:00 [1344] INFO  : DB SQL = 'SELECT ssc FROM `assessment`.`jobroles_excel_import`'
2016-11-16T16:07:37+00:00 [1344] INFO  : DB Get Request with parameter :'jobrole'
2016-11-16T16:07:37+00:00 [1344] INFO  : DB Get Job Roles List with parameter :'jobrole' for SSC :'Agriculture'
2016-11-16T16:07:37+00:00 [1344] INFO  : DB SQL = 'SELECT job_role FROM `assessment`.`jobroles_excel_import` where ssc='Agriculture''
2016-11-16T16:07:37+00:00 [1344] INFO  : DB Get Request with parameter :'questions'
2016-11-16T16:07:37+00:00 [1344] INFO  : DB Get Questions List for subject  : 'questions'
2016-11-16T16:07:37+00:00 [1344] INFO  : DB 40  C:\wamp64\www\assessment\php\manageQuestions.php  , SQL to get Question : 'SELECT * FROM `assessment`.`question`'
2016-11-16T16:07:43+00:00 [1344] INFO  : DB Get Request with parameter :'qpcode'
2016-11-16T16:07:43+00:00 [1344] INFO  : DB Get QP Code with parameter :'qpcode' for Job Role :'Animal Health Worker'
2016-11-16T16:07:43+00:00 [1344] INFO  : DB SQL = 'SELECT qp_code FROM `assessment`.`jobroles_excel_import` where job_role='Animal Health Worker''
2016-11-16T16:07:43+00:00 [1344] INFO  : DB Get Request with parameter :'questions'
2016-11-16T16:07:43+00:00 [1344] INFO  : DB Get Questions List for subject  : 'questions'
2016-11-16T16:07:43+00:00 [1344] INFO  : DB 40  C:\wamp64\www\assessment\php\manageQuestions.php  , SQL to get Question : 'SELECT * FROM `assessment`.`question` where subid='AGR/Q4804''
2016-11-16T16:07:48+00:00 [1344] INFO  : DB Get Request with parameter :'qpcode'
2016-11-16T16:07:48+00:00 [1344] INFO  : DB Get QP Code with parameter :'qpcode' for Job Role :'Aquaculture worker'
2016-11-16T16:07:48+00:00 [1344] INFO  : DB SQL = 'SELECT qp_code FROM `assessment`.`jobroles_excel_import` where job_role='Aquaculture worker''
2016-11-16T16:07:48+00:00 [1344] INFO  : DB Get Request with parameter :'questions'
2016-11-16T16:07:48+00:00 [1344] INFO  : DB Get Questions List for subject  : 'questions'
2016-11-16T16:07:48+00:00 [1344] INFO  : DB 40  C:\wamp64\www\assessment\php\manageQuestions.php  , SQL to get Question : 'SELECT * FROM `assessment`.`question` where subid='AGR/Q4904''
2016-11-16T16:08:11+00:00 [1344] INFO  : DB Get Request with parameter :'qpcode'
2016-11-16T16:08:11+00:00 [1344] INFO  : DB Get QP Code with parameter :'qpcode' for Job Role :'Animal Health Worker'
2016-11-16T16:08:11+00:00 [1344] INFO  : DB SQL = 'SELECT qp_code FROM `assessment`.`jobroles_excel_import` where job_role='Animal Health Worker''
2016-11-16T16:08:18+00:00 [1344] INFO  : DB Get Request with parameter :'questions'
2016-11-16T16:08:18+00:00 [1344] INFO  : DB Get Questions List for subject  : 'questions'
2016-11-16T16:08:18+00:00 [1344] INFO  : DB 40  C:\wamp64\www\assessment\php\manageQuestions.php  , SQL to get Question : 'SELECT * FROM `assessment`.`question` where subid='AGR/Q4804''
2016-11-16T16:09:02+00:00 [1344] INFO  : DB Get Request with parameter :'qpcode'
2016-11-16T16:09:02+00:00 [1344] INFO  : DB Get QP Code with parameter :'qpcode' for Job Role :'Animal Health Worker'
2016-11-16T16:09:02+00:00 [1344] INFO  : DB SQL = 'SELECT qp_code FROM `assessment`.`jobroles_excel_import` where job_role='Animal Health Worker''
2016-11-16T16:09:04+00:00 [1344] INFO  : DB Get Request with parameter :'questions'
2016-11-16T16:09:04+00:00 [1344] INFO  : DB Get Questions List for subject  : 'questions'
2016-11-16T16:09:04+00:00 [1344] INFO  : DB 40  C:\wamp64\www\assessment\php\manageQuestions.php  , SQL to get Question : 'SELECT * FROM `assessment`.`question` where subid='AGR/Q4804''
2016-11-16T16:09:10+00:00 [1344] INFO  : DB Get Request with parameter :'qpcode'
2016-11-16T16:09:10+00:00 [1344] INFO  : DB Get QP Code with parameter :'qpcode' for Job Role :'Aquaculture worker'
2016-11-16T16:09:10+00:00 [1344] INFO  : DB SQL = 'SELECT qp_code FROM `assessment`.`jobroles_excel_import` where job_role='Aquaculture worker''
2016-11-16T16:09:13+00:00 [1344] INFO  : DB Get Request with parameter :'questions'
2016-11-16T16:09:13+00:00 [1344] INFO  : DB Get Questions List for subject  : 'questions'
2016-11-16T16:09:13+00:00 [1344] INFO  : DB 40  C:\wamp64\www\assessment\php\manageQuestions.php  , SQL to get Question : 'SELECT * FROM `assessment`.`question` where subid='AGR/Q4904''
2016-11-16T16:11:19+00:00 [1344] INFO  : DB Get Request with parameter :'questions'
2016-11-16T16:11:19+00:00 [1344] INFO  : DB Get Questions List for subject  : 'questions'
2016-11-16T16:11:19+00:00 [1344] INFO  : DB 40  C:\wamp64\www\assessment\php\manageQuestions.php  , SQL to get Question : 'SELECT * FROM `assessment`.`question`'
2016-11-16T16:12:45+00:00 [1344] INFO  : DB Get Request with parameter :'questions'
2016-11-16T16:12:45+00:00 [1344] INFO  : DB Get Questions List for subject  : 'questions'
2016-11-16T16:12:45+00:00 [1344] INFO  : DB 40  C:\wamp64\www\assessment\php\manageQuestions.php  , SQL to get Question : 'SELECT * FROM `assessment`.`question`'
2016-11-16T16:14:35+00:00 [1344] INFO  : DB Get Request with parameter :'questions'
2016-11-16T16:14:35+00:00 [1344] INFO  : DB Get Questions List for subject  : 'questions'
2016-11-16T16:14:35+00:00 [1344] INFO  : DB 40  C:\wamp64\www\assessment\php\manageQuestions.php  , SQL to get Question : 'SELECT * FROM `assessment`.`question`'
2016-11-16T16:14:35+00:00 [1344] INFO  : DB Get Request with parameter :'questions'
2016-11-16T16:14:35+00:00 [1344] INFO  : DB Get Questions List for subject  : 'questions'
2016-11-16T16:14:35+00:00 [1344] INFO  : DB 40  C:\wamp64\www\assessment\php\manageQuestions.php  , SQL to get Question : 'SELECT * FROM `assessment`.`question`'
2016-11-16T16:14:43+00:00 [1344] INFO  : DB Get Request with parameter :'ssc'
2016-11-16T16:14:43+00:00 [1344] INFO  : DB Get SSC List from database.
2016-11-16T16:14:43+00:00 [1344] INFO  : DB SQL = 'SELECT ssc FROM `assessment`.`jobroles_excel_import`'
2016-11-16T16:14:44+00:00 [1344] INFO  : DB Get Request with parameter :'jobrole'
2016-11-16T16:14:44+00:00 [1344] INFO  : DB Get Job Roles List with parameter :'jobrole' for SSC :'Automotive '
2016-11-16T16:14:44+00:00 [1344] INFO  : DB SQL = 'SELECT job_role FROM `assessment`.`jobroles_excel_import` where ssc='Automotive ''
2016-11-16T16:14:44+00:00 [1344] INFO  : DB Get Request with parameter :'questions'
2016-11-16T16:14:44+00:00 [1344] INFO  : DB Get Questions List for subject  : 'questions'
2016-11-16T16:14:44+00:00 [1344] INFO  : DB 40  C:\wamp64\www\assessment\php\manageQuestions.php  , SQL to get Question : 'SELECT * FROM `assessment`.`question`'
2016-11-16T16:14:46+00:00 [1344] INFO  : DB Get Request with parameter :'qpcode'
2016-11-16T16:14:46+00:00 [1344] INFO  : DB Get QP Code with parameter :'qpcode' for Job Role :'Machining and Quality Technician'
2016-11-16T16:14:46+00:00 [1344] INFO  : DB SQL = 'SELECT qp_code FROM `assessment`.`jobroles_excel_import` where job_role='Machining and Quality Technician''
2016-11-16T16:14:46+00:00 [1344] INFO  : DB Get Request with parameter :'questions'
2016-11-16T16:14:46+00:00 [1344] INFO  : DB Get Questions List for subject  : 'questions'
2016-11-16T16:14:46+00:00 [1344] INFO  : DB 40  C:\wamp64\www\assessment\php\manageQuestions.php  , SQL to get Question : 'SELECT * FROM `assessment`.`question` where subid='ASC/Q3509''
2016-11-16T16:16:05+00:00 [1344] INFO  : DB Get Request with parameter :'qpcode'
2016-11-16T16:16:05+00:00 [1344] INFO  : DB Get QP Code with parameter :'qpcode' for Job Role :'Machining and Quality Technician'
2016-11-16T16:16:05+00:00 [1344] INFO  : DB SQL = 'SELECT qp_code FROM `assessment`.`jobroles_excel_import` where job_role='Machining and Quality Technician''
2016-11-16T16:16:11+00:00 [1344] INFO  : DB Get Request with parameter :'questions'
2016-11-16T16:16:11+00:00 [1344] INFO  : DB Get Questions List for subject  : 'questions'
2016-11-16T16:16:11+00:00 [1344] INFO  : DB 40  C:\wamp64\www\assessment\php\manageQuestions.php  , SQL to get Question : 'SELECT * FROM `assessment`.`question` where subid='ASC/Q3509''
2016-11-16T16:16:54+00:00 [1344] INFO  : DB Get Request with parameter :'questions'
2016-11-16T16:16:54+00:00 [1344] INFO  : DB Get Questions List for subject  : 'questions'
2016-11-16T16:16:54+00:00 [1344] INFO  : DB 40  C:\wamp64\www\assessment\php\manageQuestions.php  , SQL to get Question : 'SELECT * FROM `assessment`.`question`'
2016-11-16T16:19:03+00:00 [1344] INFO  : DB Get Request with parameter :'questions'
2016-11-16T16:19:03+00:00 [1344] INFO  : DB Get Questions List for subject  : 'questions'
2016-11-16T16:19:03+00:00 [1344] INFO  : DB 40  C:\wamp64\www\assessment\php\manageQuestions.php  , SQL to get Question : 'SELECT * FROM `assessment`.`question`'
2016-11-16T16:19:50+00:00 [1344] INFO  : DB Get Request with parameter :'questions'
2016-11-16T16:19:50+00:00 [1344] INFO  : DB Get Questions List for subject  : 'questions'
2016-11-16T16:19:50+00:00 [1344] INFO  : DB 40  C:\wamp64\www\assessment\php\manageQuestions.php  , SQL to get Question : 'SELECT * FROM `assessment`.`question`'
2016-11-16T16:21:18+00:00 [1344] INFO  : DB Get Request with parameter :'questions'
2016-11-16T16:21:18+00:00 [1344] INFO  : DB Get Questions List for subject  : 'questions'
2016-11-16T16:21:18+00:00 [1344] INFO  : DB 40  C:\wamp64\www\assessment\php\manageQuestions.php  , SQL to get Question : 'SELECT * FROM `assessment`.`question`'
2016-11-16T16:21:20+00:00 [1344] INFO  : DB Get Request with parameter :'questions'
2016-11-16T16:21:20+00:00 [1344] INFO  : DB Get Questions List for subject  : 'questions'
2016-11-16T16:21:20+00:00 [1344] INFO  : DB 40  C:\wamp64\www\assessment\php\manageQuestions.php  , SQL to get Question : 'SELECT * FROM `assessment`.`question`'
2016-11-16T16:21:39+00:00 [1344] INFO  : DB Get Request with parameter :'questions'
2016-11-16T16:21:39+00:00 [1344] INFO  : DB Get Questions List for subject  : 'questions'
2016-11-16T16:21:39+00:00 [1344] INFO  : DB 40  C:\wamp64\www\assessment\php\manageQuestions.php  , SQL to get Question : 'SELECT * FROM `assessment`.`question`'
2016-11-16T16:21:53+00:00 [1344] INFO  : DB Get Request with parameter :'questions'
2016-11-16T16:21:53+00:00 [1344] INFO  : DB Get Questions List for subject  : 'questions'
2016-11-16T16:21:53+00:00 [1344] INFO  : DB 40  C:\wamp64\www\assessment\php\manageQuestions.php  , SQL to get Question : 'SELECT * FROM `assessment`.`question`'
2016-11-16T16:24:32+00:00 [1344] INFO  : DB Get Request with parameter :'questions'
2016-11-16T16:24:32+00:00 [1344] INFO  : DB Get Questions List for subject  : 'questions'
2016-11-16T16:24:32+00:00 [1344] INFO  : DB 40  C:\wamp64\www\assessment\php\manageQuestions.php  , SQL to get Question : 'SELECT * FROM `assessment`.`question`'
2016-11-16T16:25:11+00:00 [1344] INFO  : DB Get Request with parameter :'questions'
2016-11-16T16:25:11+00:00 [1344] INFO  : DB Get Questions List for subject  : 'questions'
2016-11-16T16:25:11+00:00 [1344] INFO  : DB 40  C:\wamp64\www\assessment\php\manageQuestions.php  , SQL to get Question : 'SELECT * FROM `assessment`.`question`'
2016-11-16T16:25:57+00:00 [1344] INFO  : DB Get Request with parameter :'ssc'
2016-11-16T16:25:57+00:00 [1344] INFO  : DB Get SSC List from database.
2016-11-16T16:25:57+00:00 [1344] INFO  : DB SQL = 'SELECT ssc FROM `assessment`.`jobroles_excel_import`'
2016-11-16T16:25:58+00:00 [1344] INFO  : DB Get Request with parameter :'jobrole'
2016-11-16T16:25:58+00:00 [1344] INFO  : DB Get Job Roles List with parameter :'jobrole' for SSC :'Apparel, Madeups & Home Furnishing'
2016-11-16T16:25:58+00:00 [1344] INFO  : DB SQL = 'SELECT job_role FROM `assessment`.`jobroles_excel_import` where ssc='Apparel, Madeups & Home Furnishing''
2016-11-16T16:25:58+00:00 [1344] INFO  : DB Get Request with parameter :'questions'
2016-11-16T16:25:58+00:00 [1344] INFO  : DB Get Questions List for subject  : 'questions'
2016-11-16T16:25:58+00:00 [1344] INFO  : DB 40  C:\wamp64\www\assessment\php\manageQuestions.php  , SQL to get Question : 'SELECT * FROM `assessment`.`question`'
2016-11-16T16:25:59+00:00 [1344] INFO  : DB Get Request with parameter :'qpcode'
2016-11-16T16:25:59+00:00 [1344] INFO  : DB Get QP Code with parameter :'qpcode' for Job Role :'Packer'
2016-11-16T16:25:59+00:00 [1344] INFO  : DB SQL = 'SELECT qp_code FROM `assessment`.`jobroles_excel_import` where job_role='Packer''
2016-11-16T16:25:59+00:00 [1344] INFO  : DB Get Request with parameter :'questions'
2016-11-16T16:25:59+00:00 [1344] INFO  : DB Get Questions List for subject  : 'questions'
2016-11-16T16:25:59+00:00 [1344] INFO  : DB 40  C:\wamp64\www\assessment\php\manageQuestions.php  , SQL to get Question : 'SELECT * FROM `assessment`.`question` where subid='AMH/Q1407''
2016-11-16T16:26:04+00:00 [1344] INFO  : DB Get Request with parameter :'qpcode'
2016-11-16T16:26:04+00:00 [1344] INFO  : DB Get QP Code with parameter :'qpcode' for Job Role :'In-line Checker'
2016-11-16T16:26:04+00:00 [1344] INFO  : DB SQL = 'SELECT qp_code FROM `assessment`.`jobroles_excel_import` where job_role='In-line Checker''
2016-11-16T16:26:04+00:00 [1344] INFO  : DB Get Request with parameter :'questions'
2016-11-16T16:26:04+00:00 [1344] INFO  : DB Get Questions List for subject  : 'questions'
2016-11-16T16:26:04+00:00 [1344] INFO  : DB 40  C:\wamp64\www\assessment\php\manageQuestions.php  , SQL to get Question : 'SELECT * FROM `assessment`.`question` where subid='AMH/Q0102''
2016-11-16T16:26:05+00:00 [1344] INFO  : DB Get Request with parameter :'ssc'
2016-11-16T16:26:05+00:00 [1344] INFO  : DB Get SSC List from database.
2016-11-16T16:26:05+00:00 [1344] INFO  : DB SQL = 'SELECT ssc FROM `assessment`.`jobroles_excel_import`'
2016-11-16T16:26:06+00:00 [1344] INFO  : DB Get Request with parameter :'jobrole'
2016-11-16T16:26:06+00:00 [1344] INFO  : DB Get Job Roles List with parameter :'jobrole' for SSC :'Agriculture'
2016-11-16T16:26:06+00:00 [1344] INFO  : DB SQL = 'SELECT job_role FROM `assessment`.`jobroles_excel_import` where ssc='Agriculture''
2016-11-16T16:26:06+00:00 [1344] INFO  : DB Get Request with parameter :'questions'
2016-11-16T16:26:06+00:00 [1344] INFO  : DB Get Questions List for subject  : 'questions'
2016-11-16T16:26:06+00:00 [1344] INFO  : DB 40  C:\wamp64\www\assessment\php\manageQuestions.php  , SQL to get Question : 'SELECT * FROM `assessment`.`question` where subid='AMH/Q0102''
2016-11-16T16:26:08+00:00 [1344] INFO  : DB Get Request with parameter :'qpcode'
2016-11-16T16:26:08+00:00 [1344] INFO  : DB Get QP Code with parameter :'qpcode' for Job Role :'Animal Health Worker'
2016-11-16T16:26:08+00:00 [1344] INFO  : DB SQL = 'SELECT qp_code FROM `assessment`.`jobroles_excel_import` where job_role='Animal Health Worker''
2016-11-16T16:26:08+00:00 [1344] INFO  : DB Get Request with parameter :'questions'
2016-11-16T16:26:08+00:00 [1344] INFO  : DB Get Questions List for subject  : 'questions'
2016-11-16T16:26:08+00:00 [1344] INFO  : DB 40  C:\wamp64\www\assessment\php\manageQuestions.php  , SQL to get Question : 'SELECT * FROM `assessment`.`question` where subid='AGR/Q4804''
2016-11-16T16:28:51+00:00 [1344] INFO  : DB Get Request with parameter :'questions'
2016-11-16T16:28:51+00:00 [1344] INFO  : DB Get Questions List for subject  : 'questions'
2016-11-16T16:28:51+00:00 [1344] INFO  : DB 40  C:\wamp64\www\assessment\php\manageQuestions.php  , SQL to get Question : 'SELECT * FROM `assessment`.`question`'
2016-11-16T16:29:26+00:00 [1344] INFO  : DB Get Request with parameter :'questions'
2016-11-16T16:29:26+00:00 [1344] INFO  : DB Get Questions List for subject  : 'questions'
2016-11-16T16:29:26+00:00 [1344] INFO  : DB 40  C:\wamp64\www\assessment\php\manageQuestions.php  , SQL to get Question : 'SELECT * FROM `assessment`.`question`'
2016-11-16T16:29:59+00:00 [1344] INFO  : DB Get Request with parameter :'questions'
2016-11-16T16:29:59+00:00 [1344] INFO  : DB Get Questions List for subject  : 'questions'
2016-11-16T16:29:59+00:00 [1344] INFO  : DB 40  C:\wamp64\www\assessment\php\manageQuestions.php  , SQL to get Question : 'SELECT * FROM `assessment`.`question`'
2016-11-16T16:30:05+00:00 [1344] INFO  : DB Get Request with parameter :'questions'
2016-11-16T16:30:05+00:00 [1344] INFO  : DB Get Questions List for subject  : 'questions'
2016-11-16T16:30:05+00:00 [1344] INFO  : DB 40  C:\wamp64\www\assessment\php\manageQuestions.php  , SQL to get Question : 'SELECT * FROM `assessment`.`question`'
2016-11-16T16:30:31+00:00 [1344] INFO  : DB Get Request with parameter :'questions'
2016-11-16T16:30:31+00:00 [1344] INFO  : DB Get Questions List for subject  : 'questions'
2016-11-16T16:30:31+00:00 [1344] INFO  : DB 40  C:\wamp64\www\assessment\php\manageQuestions.php  , SQL to get Question : 'SELECT * FROM `assessment`.`question`'
2016-11-16T16:30:34+00:00 [1344] INFO  : DB Get Request with parameter :'questions'
2016-11-16T16:30:34+00:00 [1344] INFO  : DB Get Questions List for subject  : 'questions'
2016-11-16T16:30:34+00:00 [1344] INFO  : DB 40  C:\wamp64\www\assessment\php\manageQuestions.php  , SQL to get Question : 'SELECT * FROM `assessment`.`question`'
2016-11-16T16:30:50+00:00 [1344] INFO  : DB Get Request with parameter :'questions'
2016-11-16T16:30:50+00:00 [1344] INFO  : DB Get Questions List for subject  : 'questions'
2016-11-16T16:30:50+00:00 [1344] INFO  : DB 40  C:\wamp64\www\assessment\php\manageQuestions.php  , SQL to get Question : 'SELECT * FROM `assessment`.`question`'
2016-11-16T16:31:47+00:00 [1344] INFO  : DB Get Request with parameter :'questions'
2016-11-16T16:31:47+00:00 [1344] INFO  : DB Get Questions List for subject  : 'questions'
2016-11-16T16:31:47+00:00 [1344] INFO  : DB 40  C:\wamp64\www\assessment\php\manageQuestions.php  , SQL to get Question : 'SELECT * FROM `assessment`.`question`'
2016-11-16T16:33:07+00:00 [1344] INFO  : DB Get Request with parameter :'questions'
2016-11-16T16:33:07+00:00 [1344] INFO  : DB Get Questions List for subject  : 'questions'
2016-11-16T16:33:07+00:00 [1344] INFO  : DB 40  C:\wamp64\www\assessment\php\manageQuestions.php  , SQL to get Question : 'SELECT * FROM `assessment`.`question`'
2016-11-16T16:33:51+00:00 [1344] INFO  : DB Get Request with parameter :'questions'
2016-11-16T16:33:51+00:00 [1344] INFO  : DB Get Questions List for subject  : 'questions'
2016-11-16T16:33:51+00:00 [1344] INFO  : DB 40  C:\wamp64\www\assessment\php\manageQuestions.php  , SQL to get Question : 'SELECT * FROM `assessment`.`question`'
2016-11-16T16:36:07+00:00 [1344] INFO  : DB Get Request with parameter :'questions'
2016-11-16T16:36:07+00:00 [1344] INFO  : DB Get Questions List for subject  : 'questions'
2016-11-16T16:36:07+00:00 [1344] INFO  : DB 40  C:\wamp64\www\assessment\php\manageQuestions.php  , SQL to get Question : 'SELECT * FROM `assessment`.`question`'
2016-11-16T16:36:37+00:00 [1344] INFO  : DB Get Request with parameter :'questions'
2016-11-16T16:36:37+00:00 [1344] INFO  : DB Get Questions List for subject  : 'questions'
2016-11-16T16:36:37+00:00 [1344] INFO  : DB 40  C:\wamp64\www\assessment\php\manageQuestions.php  , SQL to get Question : 'SELECT * FROM `assessment`.`question`'
2016-11-16T16:37:21+00:00 [1344] INFO  : DB Get Request with parameter :'questions'
2016-11-16T16:37:21+00:00 [1344] INFO  : DB Get Questions List for subject  : 'questions'
2016-11-16T16:37:22+00:00 [1344] INFO  : DB 40  C:\wamp64\www\assessment\php\manageQuestions.php  , SQL to get Question : 'SELECT * FROM `assessment`.`question`'
