2016-12-14T15:14:46+00:00 [7356] INFO  : DB  Get Request with action parameter  :'getAllAttendence'
2016-12-14T15:14:47+00:00 [7356] INFO  : MANAGE ATTENDENCE 187  C:\wamp64\www\assessment\php\manageAttendence.php  Get All attendence .
2016-12-14T15:14:49+00:00 [7356] INFO  : DB Get Request with parameter :'ssc'
2016-12-14T15:14:49+00:00 [7356] INFO  : DB Get SSC List from database.
2016-12-14T15:14:49+00:00 [7356] INFO  : MANAGE TEST Get Request with parameter :'exams'
2016-12-14T15:14:49+00:00 [7356] INFO  : MANAGE TEST Get Exam List for subject  : ''
2016-12-14T15:14:49+00:00 [7356] INFO  : MANAGE TEST 308  C:\wamp64\www\assessment\php\manageExams.php  , SQL to get Exam : 'SELECT * FROM `assessment`.`exam` where status='active''
2016-12-14T15:14:49+00:00 [7356] INFO  : DB SQL = 'SELECT ssc FROM `assessment`.`jobroles_excel_import`'
2016-12-14T15:14:49+00:00 [7356] INFO  : MANAGE ATTENDENCE 13  C:\wamp64\www\assessment\php\manageAttendence.php  , SQL to get Attendence List : 'SELECT * FROM `assessment`.`batch_students`'
2016-12-14T15:14:53+00:00 [7356] INFO  : MANAGE TEST Get Request with parameter :'examDetailsForInfo'
2016-12-14T15:14:53+00:00 [7356] INFO  : MANAGE TEST Get Exam Information for exam  : 'rohit_123'
2016-12-14T15:14:53+00:00 [7356] INFO  : MANAGE TEST 91  C:\wamp64\www\assessment\php\manageExams.php  , SQL to get Exam Details : 'SELECT * FROM `assessment`.`exam` where testname='rohit_123''
2016-12-14T15:15:00+00:00 [7356] INFO  : MANAGE TEST  Get Request in ManageExams Page.
2016-12-14T15:15:00+00:00 [7356] INFO  : MANAGE TEST Get Request to get Exam Details to edit Questions.
2016-12-14T15:15:00+00:00 [7356] INFO  : MANAGE TEST  Get Request in ManageExams Page.
2016-12-14T15:15:00+00:00 [7356] INFO  : MANAGE TEST Get Request to get Exam Questions to edit Questions.
2016-12-14T15:15:00+00:00 [7356] INFO  : MANAGE TEST 343  C:\wamp64\www\assessment\php\manageExams.php  , SQL to get Exam  Id : 'SELECT id FROM `assessment`.`exam` where testname='rohit_123''
2016-12-14T15:15:00+00:00 [7356] INFO  : MANAGE TEST 584  C:\wamp64\www\assessment\php\manageExams.php  , SQL to get Exam Details : 'SELECT * FROM `assessment`.`exam` where testname='rohit_123''
2016-12-14T15:15:00+00:00 [7356] INFO  : MANAGE QUESTION 619  C:\wamp64\www\assessment\php\manageExams.php  , SQL to get Exam Questions List: 'SELECT qstn_id,category,module,mark FROM `assessment`.`exam_qstn` where exam_id = '3''
2016-12-14T15:15:01+00:00 [7356] INFO  : DB SQL = 'SELECT job_role FROM `assessment`.`jobroles_excel_import` where qp_code='AGR/Q4804''
2016-12-14T15:15:01+00:00 [7356] INFO  : DB SQL = 'SELECT ssc FROM `assessment`.`jobroles_excel_import` where qp_code='AGR/Q4804''
2016-12-14T15:15:01+00:00 [7356] INFO  : DB 239  C:\wamp64\www\assessment\php\manageQuestions.php  , SQL to get Question for editing : 'SELECT * FROM `assessment`.`question` where id='8''
2016-12-14T15:15:02+00:00 [7356] INFO  : DB 239  C:\wamp64\www\assessment\php\manageQuestions.php  , SQL to get Question for editing : 'SELECT * FROM `assessment`.`question` where id='1''
2016-12-14T15:15:02+00:00 [7356] INFO  : DB 239  C:\wamp64\www\assessment\php\manageQuestions.php  , SQL to get Question for editing : 'SELECT * FROM `assessment`.`question` where id='48''
2016-12-14T15:15:02+00:00 [7356] INFO  : DB 239  C:\wamp64\www\assessment\php\manageQuestions.php  , SQL to get Question for editing : 'SELECT * FROM `assessment`.`question` where id='4''
2016-12-14T15:15:06+00:00 [7356] INFO  : MANAGE TEST  Get Request in ManageExams Page.
2016-12-14T15:15:06+00:00 [7356] INFO  : MANAGE TEST Get Request to get Exam Questions to edit Questions.
2016-12-14T15:15:06+00:00 [7356] INFO  : MANAGE TEST  Get Request in ManageExams Page.
2016-12-14T15:15:06+00:00 [7356] INFO  : MANAGE TEST Get Request to get Exam Details to edit Questions.
2016-12-14T15:15:06+00:00 [7356] INFO  : MANAGE TEST 343  C:\wamp64\www\assessment\php\manageExams.php  , SQL to get Exam  Id : 'SELECT id FROM `assessment`.`exam` where testname='rohit_123''
2016-12-14T15:15:06+00:00 [7356] INFO  : MANAGE TEST 584  C:\wamp64\www\assessment\php\manageExams.php  , SQL to get Exam Details : 'SELECT * FROM `assessment`.`exam` where testname='rohit_123''
2016-12-14T15:15:06+00:00 [7356] INFO  : DB SQL = 'SELECT job_role FROM `assessment`.`jobroles_excel_import` where qp_code='AGR/Q4804''
2016-12-14T15:15:06+00:00 [7356] INFO  : MANAGE QUESTION 619  C:\wamp64\www\assessment\php\manageExams.php  , SQL to get Exam Questions List: 'SELECT qstn_id,category,module,mark FROM `assessment`.`exam_qstn` where exam_id = '3''
2016-12-14T15:15:06+00:00 [7356] INFO  : DB SQL = 'SELECT ssc FROM `assessment`.`jobroles_excel_import` where qp_code='AGR/Q4804''
2016-12-14T15:15:06+00:00 [7356] INFO  : DB 239  C:\wamp64\www\assessment\php\manageQuestions.php  , SQL to get Question for editing : 'SELECT * FROM `assessment`.`question` where id='8''
2016-12-14T15:15:06+00:00 [7356] INFO  : DB 239  C:\wamp64\www\assessment\php\manageQuestions.php  , SQL to get Question for editing : 'SELECT * FROM `assessment`.`question` where id='1''
2016-12-14T15:15:06+00:00 [7356] INFO  : DB 239  C:\wamp64\www\assessment\php\manageQuestions.php  , SQL to get Question for editing : 'SELECT * FROM `assessment`.`question` where id='48''
2016-12-14T15:15:06+00:00 [7356] INFO  : DB 239  C:\wamp64\www\assessment\php\manageQuestions.php  , SQL to get Question for editing : 'SELECT * FROM `assessment`.`question` where id='4''
2016-12-14T15:15:18+00:00 [7356] INFO  : DB Get Request with parameter :'ssc'
2016-12-14T15:15:18+00:00 [7356] INFO  : DB Get SSC List from database.
2016-12-14T15:15:19+00:00 [7356] INFO  : DB  Get Request with action parameter.
2016-12-14T15:15:19+00:00 [7356] INFO  : DB  Request to get question details for editing.
2016-12-14T15:15:19+00:00 [7356] INFO  : DB SQL = 'SELECT ssc FROM `assessment`.`jobroles_excel_import`'
2016-12-14T15:15:19+00:00 [7356] INFO  : DB 204  C:\wamp64\www\assessment\php\manageQuestions.php  , SQL to get Question for editing : 'SELECT * FROM `assessment`.`question` where id='1''
2016-12-14T15:15:34+00:00 [7356] INFO  : DB  Get Request with action parameter.
2016-12-14T15:15:34+00:00 [7356] INFO  : DB  Get Request to update question.
2016-12-14T15:15:34+00:00 [7356] INFO  : DB 78  C:\wamp64\www\assessment\php\manageQuestions.php  , SQL to update Question : 'update `assessment`.`question` set
				`question`='test Question A',`optiona`='answer a',`optionb`='b',`optionc`='c',`optiond`='d',`correctanswer`='optionc',`marks`='9',`language`='eng',`no_of_options`='4',`last_modified_on`='2016-12-14 15:15:34'where id=1'
2016-12-14T15:15:36+00:00 [7356] INFO  : DB 25  C:\wamp64\www\assessment\php\manageQuestions.php  , Success !  Question save successfully in Database : ''
2016-12-14T15:15:36+00:00 [7356] INFO  : DB 387  C:\wamp64\www\assessment\php\manageQuestions.php Question saved successfully.
2016-12-14T15:15:43+00:00 [7356] INFO  : MANAGE TEST  Get Request in ManageExams Page.
2016-12-14T15:15:43+00:00 [7356] INFO  : MANAGE TEST Get Request to get Exam Questions to edit Questions.
2016-12-14T15:15:43+00:00 [7356] INFO  : MANAGE TEST  Get Request in ManageExams Page.
2016-12-14T15:15:43+00:00 [7356] INFO  : MANAGE TEST Get Request to get Exam Details to edit Questions.
2016-12-14T15:15:43+00:00 [7356] INFO  : MANAGE TEST 343  C:\wamp64\www\assessment\php\manageExams.php  , SQL to get Exam  Id : 'SELECT id FROM `assessment`.`exam` where testname='rohit_123''
2016-12-14T15:15:43+00:00 [7356] INFO  : MANAGE TEST 584  C:\wamp64\www\assessment\php\manageExams.php  , SQL to get Exam Details : 'SELECT * FROM `assessment`.`exam` where testname='rohit_123''
2016-12-14T15:15:43+00:00 [7356] INFO  : MANAGE QUESTION 619  C:\wamp64\www\assessment\php\manageExams.php  , SQL to get Exam Questions List: 'SELECT qstn_id,category,module,mark FROM `assessment`.`exam_qstn` where exam_id = '3''
2016-12-14T15:15:43+00:00 [7356] INFO  : DB SQL = 'SELECT job_role FROM `assessment`.`jobroles_excel_import` where qp_code='AGR/Q4804''
2016-12-14T15:15:43+00:00 [7356] INFO  : DB 239  C:\wamp64\www\assessment\php\manageQuestions.php  , SQL to get Question for editing : 'SELECT * FROM `assessment`.`question` where id='8''
2016-12-14T15:15:43+00:00 [7356] INFO  : DB SQL = 'SELECT ssc FROM `assessment`.`jobroles_excel_import` where qp_code='AGR/Q4804''
2016-12-14T15:15:43+00:00 [7356] INFO  : DB 239  C:\wamp64\www\assessment\php\manageQuestions.php  , SQL to get Question for editing : 'SELECT * FROM `assessment`.`question` where id='1''
2016-12-14T15:15:43+00:00 [7356] INFO  : DB 239  C:\wamp64\www\assessment\php\manageQuestions.php  , SQL to get Question for editing : 'SELECT * FROM `assessment`.`question` where id='48''
2016-12-14T15:15:43+00:00 [7356] INFO  : DB 239  C:\wamp64\www\assessment\php\manageQuestions.php  , SQL to get Question for editing : 'SELECT * FROM `assessment`.`question` where id='4''
2016-12-14T15:39:06+00:00 [7356] INFO  : DB Get Request with parameter :'jobroleWithQPCode'
2016-12-14T15:39:06+00:00 [7356] INFO  : DB Get Job Roles List with parameter :'jobroleWithQPCode' for SSC :'Automotive '
2016-12-14T15:39:06+00:00 [7356] INFO  : DB SQL = 'SELECT job_role,qp_code FROM `assessment`.`jobroles_excel_import` where ssc='Automotive ''
2016-12-14T15:39:10+00:00 [7356] INFO  : MANAGE TEST Get Request with parameter :'exams'
2016-12-14T15:39:10+00:00 [7356] INFO  : MANAGE TEST Get Exam List for subject  : ''
2016-12-14T15:39:10+00:00 [7356] INFO  : MANAGE TEST 308  C:\wamp64\www\assessment\php\manageExams.php  , SQL to get Exam : 'SELECT * FROM `assessment`.`exam` where status='active' and subid='ASC/Q1111''
2016-12-14T15:39:13+00:00 [7356] INFO  : MANAGE TEST Get Request with parameter :'exams'
2016-12-14T15:39:13+00:00 [7356] INFO  : MANAGE TEST Get Exam List for subject  : ''
2016-12-14T15:39:13+00:00 [7356] INFO  : MANAGE TEST 308  C:\wamp64\www\assessment\php\manageExams.php  , SQL to get Exam : 'SELECT * FROM `assessment`.`exam` where status='active' and subid='ASC/Q1411''
2016-12-14T15:39:16+00:00 [7356] INFO  : MANAGE TEST Get Request with parameter :'exams'
2016-12-14T15:39:16+00:00 [7356] INFO  : MANAGE TEST Get Exam List for subject  : ''
2016-12-14T15:39:16+00:00 [7356] INFO  : MANAGE TEST 308  C:\wamp64\www\assessment\php\manageExams.php  , SQL to get Exam : 'SELECT * FROM `assessment`.`exam` where status='active' and subid='ASC/Q3509''
2016-12-14T15:39:20+00:00 [7356] INFO  : DB Get Request with parameter :'jobroleWithQPCode'
2016-12-14T15:39:20+00:00 [7356] INFO  : DB Get Job Roles List with parameter :'jobroleWithQPCode' for SSC :'Agriculture'
2016-12-14T15:39:20+00:00 [7356] INFO  : DB SQL = 'SELECT job_role,qp_code FROM `assessment`.`jobroles_excel_import` where ssc='Agriculture''
2016-12-14T15:39:23+00:00 [7356] INFO  : MANAGE TEST Get Request with parameter :'exams'
2016-12-14T15:39:23+00:00 [7356] INFO  : MANAGE TEST Get Exam List for subject  : ''
2016-12-14T15:39:23+00:00 [7356] INFO  : MANAGE TEST 308  C:\wamp64\www\assessment\php\manageExams.php  , SQL to get Exam : 'SELECT * FROM `assessment`.`exam` where status='active' and subid='AGR/Q4804''
2016-12-14T15:55:53+00:00 [7356] INFO  : DB Get Request with parameter :'ssc'
2016-12-14T15:55:53+00:00 [7356] INFO  : DB Get SSC List from database.
2016-12-14T15:55:53+00:00 [7356] INFO  : DB SQL = 'SELECT ssc FROM `assessment`.`jobroles_excel_import`'
2016-12-14T15:55:53+00:00 [7356] INFO  : MANAGE TEST Get Request with parameter :'exams'
2016-12-14T15:55:53+00:00 [7356] INFO  : MANAGE TEST Get Exam List for subject  : ''
2016-12-14T15:55:53+00:00 [7356] INFO  : MANAGE TEST 308  C:\wamp64\www\assessment\php\manageExams.php  , SQL to get Exam : 'SELECT * FROM `assessment`.`exam` where status='active''
2016-12-14T15:56:04+00:00 [7356] INFO  : DB Get Request with parameter :'qsntsList'
2016-12-14T15:56:04+00:00 [7356] INFO  : DB 296  C:\wamp64\www\assessment\php\manageQuestions.php Get Questions List for import Page
2016-12-14T15:56:04+00:00 [7356] INFO  : DB 169  C:\wamp64\www\assessment\php\manageQuestions.php  , SQL to get Question : 'SELECT * FROM `assessment`.`question`'
2016-12-14T15:56:10+00:00 [7356] INFO  : DB Get Request with parameter :'qsntsList'
2016-12-14T15:56:10+00:00 [7356] INFO  : DB 296  C:\wamp64\www\assessment\php\manageQuestions.php Get Questions List for import Page
2016-12-14T15:56:10+00:00 [7356] INFO  : DB 169  C:\wamp64\www\assessment\php\manageQuestions.php  , SQL to get Question : 'SELECT * FROM `assessment`.`question`'
2016-12-14T15:56:32+00:00 [7356] INFO  : DB Get Request with parameter :'qsntsList'
2016-12-14T15:56:32+00:00 [7356] INFO  : DB 296  C:\wamp64\www\assessment\php\manageQuestions.php Get Questions List for import Page
2016-12-14T15:56:32+00:00 [7356] INFO  : DB 169  C:\wamp64\www\assessment\php\manageQuestions.php  , SQL to get Question : 'SELECT * FROM `assessment`.`question`'
2016-12-14T15:56:34+00:00 [7356] INFO  : DB Get Request with parameter :'batchList'
2016-12-14T15:56:34+00:00 [7356] INFO  : DB 174  C:\wamp64\www\assessment\php\manageBatch.phpGet Batch List
2016-12-14T15:56:34+00:00 [7356] INFO  : DB 100  C:\wamp64\www\assessment\php\manageBatch.php  , SQL to get Batch List : 'SELECT * FROM `assessment`.`batch`'
2016-12-14T15:56:37+00:00 [7356] INFO  : DB  Get Request with action parameter  :'getAllAttendence'
2016-12-14T15:56:37+00:00 [7356] INFO  : MANAGE ATTENDENCE 187  C:\wamp64\www\assessment\php\manageAttendence.php  Get All attendence .
2016-12-14T15:56:37+00:00 [7356] INFO  : MANAGE ATTENDENCE 13  C:\wamp64\www\assessment\php\manageAttendence.php  , SQL to get Attendence List : 'SELECT * FROM `assessment`.`batch_students`'
2016-12-14T15:56:53+00:00 [7356] INFO  : DB  Get Request with action parameter  :'getBatchDetails'
2016-12-14T15:56:53+00:00 [7356] INFO  : MANAGE ATTENDENCE  Get Request to get batch details.
2016-12-14T15:56:53+00:00 [7356] INFO  : MANAGE ATTENDENCE 51  C:\wamp64\www\assessment\php\manageAttendence.php  , SQL to get Batch Details List : 'SELECT * FROM `assessment`.`batch_details`'
2016-12-14T15:56:56+00:00 [7356] INFO  : DB Get Request with parameter :'ssc'
2016-12-14T15:56:56+00:00 [7356] INFO  : DB Get SSC List from database.
2016-12-14T15:56:56+00:00 [7356] INFO  : DB SQL = 'SELECT ssc FROM `assessment`.`jobroles_excel_import`'
2016-12-14T15:56:56+00:00 [7356] INFO  : DB Get Request with parameter :'ssc'
2016-12-14T15:56:56+00:00 [7356] INFO  : DB Get SSC List from database.
2016-12-14T15:56:56+00:00 [7356] INFO  : DB SQL = 'SELECT ssc FROM `assessment`.`jobroles_excel_import`'
2016-12-14T15:56:57+00:00 [7356] INFO  : DB Get Request with parameter :'ssc'
2016-12-14T15:56:57+00:00 [7356] INFO  : DB Get SSC List from database.
2016-12-14T15:56:58+00:00 [7356] INFO  : DB SQL = 'SELECT ssc FROM `assessment`.`jobroles_excel_import`'
2016-12-14T15:56:58+00:00 [7356] INFO  : DB  Get Request with action parameter  :'getBatchDetails'
2016-12-14T15:56:58+00:00 [7356] INFO  : MANAGE ATTENDENCE  Get Request to get batch details.
2016-12-14T15:56:58+00:00 [7356] INFO  : MANAGE ATTENDENCE 51  C:\wamp64\www\assessment\php\manageAttendence.php  , SQL to get Batch Details List : 'SELECT * FROM `assessment`.`batch_details`'
2016-12-14T15:56:58+00:00 [7356] INFO  : DB Get Request with parameter :'jobroleWithQPCode'
2016-12-14T15:56:58+00:00 [7356] INFO  : DB Get Job Roles List with parameter :'jobroleWithQPCode' for SSC :'Agriculture'
2016-12-14T15:56:58+00:00 [7356] INFO  : DB SQL = 'SELECT job_role,qp_code FROM `assessment`.`jobroles_excel_import` where ssc='Agriculture''
2016-12-14T15:57:01+00:00 [7356] INFO  : DB Get Request with parameter :'categories'
2016-12-14T15:57:01+00:00 [7356] INFO  : DB Get Request with parameter : 'categories'
2016-12-14T15:57:01+00:00 [7356] INFO  : DB Get Categories List for subject  : 'AGR/Q4904'
2016-12-14T15:57:01+00:00 [7356] INFO  : DB 103  C:\wamp64\www\assessment\php\manageCategory.php  , SQL to get Categories : 'SELECT category FROM `assessment`.`question_category` where subId='AGR/Q4904''
2016-12-14T15:57:01+00:00 [7356] INFO  : DB  Get Request with action parameter  :'getBatchDetails'
2016-12-14T15:57:01+00:00 [7356] INFO  : MANAGE ATTENDENCE  Get Request to get batch details.
2016-12-14T15:57:01+00:00 [7356] INFO  : MANAGE ATTENDENCE 51  C:\wamp64\www\assessment\php\manageAttendence.php  , SQL to get Batch Details List : 'SELECT * FROM `assessment`.`batch_details`'
2016-12-14T15:57:14+00:00 [7356] INFO  : DB  Get Request with action parameter  :'getBatchInfo'
2016-12-14T15:57:14+00:00 [7356] INFO  : MANAGE ATTENDENCE Get Request to get Student List.
2016-12-14T15:57:14+00:00 [7356] INFO  : MANAGE ATTENDENCE 129  C:\wamp64\www\assessment\php\manageAttendence.php  , SQL to get Batch Information : 'SELECT * FROM `assessment`.`batch_details` where batch_id='325068''
2016-12-14T15:57:23+00:00 [7356] INFO  : DB  Get Request with action parameter  :'getStudentList'
2016-12-14T15:57:23+00:00 [7356] INFO  : MANAGE ATTENDENCE Get Request to get Student List.
2016-12-14T15:57:23+00:00 [7356] INFO  : MANAGE ATTENDENCE 101  C:\wamp64\www\assessment\php\manageAttendence.php  , SQL to get Student List : 'SELECT * FROM `assessment`.`batch_students` where batch_id='325069''
2016-12-14T15:57:46+00:00 [7356] INFO  : DB Get Request with parameter :'qsntsList'
2016-12-14T15:57:46+00:00 [7356] INFO  : DB 296  C:\wamp64\www\assessment\php\manageQuestions.php Get Questions List for import Page
2016-12-14T15:57:46+00:00 [7356] INFO  : DB 169  C:\wamp64\www\assessment\php\manageQuestions.php  , SQL to get Question : 'SELECT * FROM `assessment`.`question`'
2016-12-14T15:57:48+00:00 [7356] INFO  : DB Get Request with parameter :'batchList'
2016-12-14T15:57:48+00:00 [7356] INFO  : DB 174  C:\wamp64\www\assessment\php\manageBatch.phpGet Batch List
2016-12-14T15:57:48+00:00 [7356] INFO  : DB 100  C:\wamp64\www\assessment\php\manageBatch.php  , SQL to get Batch List : 'SELECT * FROM `assessment`.`batch`'
2016-12-14T15:57:50+00:00 [7356] INFO  : DB Get Request with parameter :'questions'
2016-12-14T15:57:50+00:00 [7356] INFO  : DB Get Questions List for ssc :' and subject  : ''
		and category :'' and module : ''
2016-12-14T15:57:50+00:00 [7356] INFO  : DB 133  C:\wamp64\www\assessment\php\manageQuestions.php  , SQL to get Question List: 'SELECT * FROM `assessment`.`question`'
2016-12-14T15:57:55+00:00 [7356] INFO  : DB Get Request with parameter :'ssc'
2016-12-14T15:57:55+00:00 [7356] INFO  : DB Get SSC List from database.
2016-12-14T15:57:55+00:00 [7356] INFO  : DB SQL = 'SELECT ssc FROM `assessment`.`jobroles_excel_import`'
2016-12-14T15:57:55+00:00 [7356] INFO  : DB  Get Request with action parameter.
2016-12-14T15:57:55+00:00 [7356] INFO  : DB  Request to get question details for editing.
2016-12-14T15:57:55+00:00 [7356] INFO  : DB 204  C:\wamp64\www\assessment\php\manageQuestions.php  , SQL to get Question for editing : 'SELECT * FROM `assessment`.`question` where id='1''
2016-12-14T15:58:05+00:00 [7356] INFO  : DB Get Request with parameter :'ssc'
2016-12-14T15:58:05+00:00 [7356] INFO  : DB  Get Request with action parameter.
2016-12-14T15:58:05+00:00 [7356] INFO  : DB Get SSC List from database.
2016-12-14T15:58:05+00:00 [7356] INFO  : DB  Request to get question details for editing.
2016-12-14T15:58:05+00:00 [7356] INFO  : DB 204  C:\wamp64\www\assessment\php\manageQuestions.php  , SQL to get Question for editing : 'SELECT * FROM `assessment`.`question` where id='1''
2016-12-14T15:58:05+00:00 [7356] INFO  : DB SQL = 'SELECT ssc FROM `assessment`.`jobroles_excel_import`'
2016-12-14T15:58:11+00:00 [7356] INFO  : DB  Get Request with action parameter  :'getBatchDetails'
2016-12-14T15:58:11+00:00 [7356] INFO  : MANAGE ATTENDENCE  Get Request to get batch details.
2016-12-14T15:58:11+00:00 [7356] INFO  : MANAGE ATTENDENCE 51  C:\wamp64\www\assessment\php\manageAttendence.php  , SQL to get Batch Details List : 'SELECT * FROM `assessment`.`batch_details`'
2016-12-14T15:58:17+00:00 [7356] INFO  : DB  Get Request with action parameter  :'getStudentList'
2016-12-14T15:58:17+00:00 [7356] INFO  : MANAGE ATTENDENCE Get Request to get Student List.
2016-12-14T15:58:17+00:00 [7356] INFO  : MANAGE ATTENDENCE 101  C:\wamp64\www\assessment\php\manageAttendence.php  , SQL to get Student List : 'SELECT * FROM `assessment`.`batch_students` where batch_id='325069''
2016-12-14T15:58:27+00:00 [7356] INFO  : DB Get Request with parameter :'ssc'
2016-12-14T15:58:27+00:00 [7356] INFO  : DB Get SSC List from database.
2016-12-14T15:58:27+00:00 [7356] INFO  : DB SQL = 'SELECT ssc FROM `assessment`.`jobroles_excel_import`'
2016-12-14T15:58:27+00:00 [7356] INFO  : MANAGE TEST Get Request with parameter :'exams'
2016-12-14T15:58:27+00:00 [7356] INFO  : MANAGE TEST Get Exam List for subject  : ''
2016-12-14T15:58:27+00:00 [7356] INFO  : MANAGE TEST 308  C:\wamp64\www\assessment\php\manageExams.php  , SQL to get Exam : 'SELECT * FROM `assessment`.`exam` where status='active''
2016-12-14T15:58:29+00:00 [7356] INFO  : MANAGE TEST  Get Request in ManageExams Page.
2016-12-14T15:58:29+00:00 [7356] INFO  : MANAGE TEST Get Request to get Exam Details to edit Questions.
2016-12-14T15:58:29+00:00 [7356] INFO  : MANAGE TEST  Get Request in ManageExams Page.
2016-12-14T15:58:29+00:00 [7356] INFO  : MANAGE TEST Get Request to get Exam Questions to edit Questions.
2016-12-14T15:58:29+00:00 [7356] INFO  : MANAGE TEST 584  C:\wamp64\www\assessment\php\manageExams.php  , SQL to get Exam Details : 'SELECT * FROM `assessment`.`exam` where testname='rohit_123''
2016-12-14T15:58:29+00:00 [7356] INFO  : MANAGE TEST 343  C:\wamp64\www\assessment\php\manageExams.php  , SQL to get Exam  Id : 'SELECT id FROM `assessment`.`exam` where testname='rohit_123''
2016-12-14T15:58:29+00:00 [7356] INFO  : DB SQL = 'SELECT job_role FROM `assessment`.`jobroles_excel_import` where qp_code='AGR/Q4804''
2016-12-14T15:58:29+00:00 [7356] INFO  : MANAGE QUESTION 619  C:\wamp64\www\assessment\php\manageExams.php  , SQL to get Exam Questions List: 'SELECT qstn_id,category,module,mark FROM `assessment`.`exam_qstn` where exam_id = '3''
2016-12-14T15:58:29+00:00 [7356] INFO  : DB 239  C:\wamp64\www\assessment\php\manageQuestions.php  , SQL to get Question for editing : 'SELECT * FROM `assessment`.`question` where id='8''
2016-12-14T15:58:29+00:00 [7356] INFO  : DB SQL = 'SELECT ssc FROM `assessment`.`jobroles_excel_import` where qp_code='AGR/Q4804''
2016-12-14T15:58:29+00:00 [7356] INFO  : DB 239  C:\wamp64\www\assessment\php\manageQuestions.php  , SQL to get Question for editing : 'SELECT * FROM `assessment`.`question` where id='1''
2016-12-14T15:58:29+00:00 [7356] INFO  : DB 239  C:\wamp64\www\assessment\php\manageQuestions.php  , SQL to get Question for editing : 'SELECT * FROM `assessment`.`question` where id='48''
2016-12-14T15:58:29+00:00 [7356] INFO  : DB 239  C:\wamp64\www\assessment\php\manageQuestions.php  , SQL to get Question for editing : 'SELECT * FROM `assessment`.`question` where id='4''
2016-12-14T15:58:37+00:00 [7356] INFO  : MANAGE TEST 343  C:\wamp64\www\assessment\php\manageExams.php  , SQL to get Exam  Id : 'SELECT id FROM `assessment`.`exam` where testname='rohit_1234''
2016-12-14T15:58:37+00:00 [7356] INFO  : MANAGE TEST 156  C:\wamp64\www\assessment\php\manageExams.php  , SQL to get all Questions of Exam with name : 'SELECT qstn_id FROM `assessment`.`exam_qstn` where exam_id='4''
2016-12-14T15:58:37+00:00 [7356] INFO  : MANAGE TEST 183  C:\wamp64\www\assessment\php\manageExams.php  , SQL to get Question Detail : 'SELECT * FROM `assessment`.`question` where id='22''
2016-12-14T15:58:37+00:00 [7356] INFO  : MANAGE TEST 228  C:\wamp64\www\assessment\php\manageExams.php  , Qstn Div = ' <div class="form-group"><div id="oddQstn"><div id="22" class="col-xs-14">
				<p id="qstn_p">1. qstn1</p>
				<div><br></div>
				<div id="optiona"><p id="qstn_p"><input id="qstn_checkbox" type="checkbox">
				a</p></div>
				<div><br></div>
				<div id="optionb"><p id="qstn_p"> <input id="qstn_checkbox" type="checkbox">
				b</p>
				</div>
				<div><br></div>
				<div id="optionc"><p id="qstn_p"> <input id="qstn_checkbox" type="checkbox">
				c</p>
				</div>
				<div><br></div>
				<div id="optiond"><p id="qstn_p"><input id="qstn_checkbox" type="checkbox">
				d</p>
				</div>
				<div><br></div>
			 </div></div>
			<div class="col-xs-14"><hr></div></div>'
2016-12-14T15:58:37+00:00 [7356] INFO  : MANAGE TEST 183  C:\wamp64\www\assessment\php\manageExams.php  , SQL to get Question Detail : 'SELECT * FROM `assessment`.`question` where id='46''
2016-12-14T15:58:37+00:00 [7356] INFO  : MANAGE TEST 228  C:\wamp64\www\assessment\php\manageExams.php  , Qstn Div = ' <div class="form-group"><div id="evenQstn"><div id="46" class="col-xs-14">
				<p id="qstn_p">2. qstn1</p>
				<div><br></div>
				<div id="optiona"><p id="qstn_p"><input id="qstn_checkbox" type="checkbox">
				a</p></div>
				<div><br></div>
				<div id="optionb"><p id="qstn_p"> <input id="qstn_checkbox" type="checkbox">
				b</p>
				</div>
				<div><br></div>
				<div id="optionc"><p id="qstn_p"> <input id="qstn_checkbox" type="checkbox">
				c</p>
				</div>
				<div><br></div>
				<div id="optiond"><p id="qstn_p"><input id="qstn_checkbox" type="checkbox">
				d</p>
				</div>
				<div><br></div>
			 </div></div>
			<div class="col-xs-14"><hr></div></div>'
2016-12-14T15:58:37+00:00 [7356] INFO  : MANAGE TEST 183  C:\wamp64\www\assessment\php\manageExams.php  , SQL to get Question Detail : 'SELECT * FROM `assessment`.`question` where id='48''
2016-12-14T15:58:37+00:00 [7356] INFO  : MANAGE TEST 228  C:\wamp64\www\assessment\php\manageExams.php  , Qstn Div = ' <div class="form-group"><div id="oddQstn"><div id="48" class="col-xs-14">
				<p id="qstn_p">3. qstn1</p>
				<div><br></div>
				<div id="optiona"><p id="qstn_p"><input id="qstn_checkbox" type="checkbox">
				a</p></div>
				<div><br></div>
				<div id="optionb"><p id="qstn_p"> <input id="qstn_checkbox" type="checkbox">
				b</p>
				</div>
				<div><br></div>
				<div id="optionc"><p id="qstn_p"> <input id="qstn_checkbox" type="checkbox">
				c</p>
				</div>
				<div><br></div>
				<div id="optiond"><p id="qstn_p"><input id="qstn_checkbox" type="checkbox">
				d</p>
				</div>
				<div><br></div>
			 </div></div>
			<div class="col-xs-14"><hr></div></div>'
2016-12-14T15:58:37+00:00 [7356] INFO  : MANAGE TEST 183  C:\wamp64\www\assessment\php\manageExams.php  , SQL to get Question Detail : 'SELECT * FROM `assessment`.`question` where id='34''
2016-12-14T15:58:37+00:00 [7356] INFO  : MANAGE TEST 228  C:\wamp64\www\assessment\php\manageExams.php  , Qstn Div = ' <div class="form-group"><div id="evenQstn"><div id="34" class="col-xs-14">
				<p id="qstn_p">4. qstn1</p>
				<div><br></div>
				<div id="optiona"><p id="qstn_p"><input id="qstn_checkbox" type="checkbox">
				a</p></div>
				<div><br></div>
				<div id="optionb"><p id="qstn_p"> <input id="qstn_checkbox" type="checkbox">
				b</p>
				</div>
				<div><br></div>
				<div id="optionc"><p id="qstn_p"> <input id="qstn_checkbox" type="checkbox">
				c</p>
				</div>
				<div><br></div>
				<div id="optiond"><p id="qstn_p"><input id="qstn_checkbox" type="checkbox">
				d</p>
				</div>
				<div><br></div>
			 </div></div>
			<div class="col-xs-14"><hr></div></div>'
2016-12-14T15:58:37+00:00 [7356] INFO  : MANAGE TEST 174  C:\wamp64\www\assessment\php\manageExams.php  ,Complete Qstn Div = ' <div class="form-group"><div id="oddQstn"><div id="22" class="col-xs-14">
				<p id="qstn_p">1. qstn1</p>
				<div><br></div>
				<div id="optiona"><p id="qstn_p"><input id="qstn_checkbox" type="checkbox">
				a</p></div>
				<div><br></div>
				<div id="optionb"><p id="qstn_p"> <input id="qstn_checkbox" type="checkbox">
				b</p>
				</div>
				<div><br></div>
				<div id="optionc"><p id="qstn_p"> <input id="qstn_checkbox" type="checkbox">
				c</p>
				</div>
				<div><br></div>
				<div id="optiond"><p id="qstn_p"><input id="qstn_checkbox" type="checkbox">
				d</p>
				</div>
				<div><br></div>
			 </div></div>
			<div class="col-xs-14"><hr></div></div> <div class="form-group"><div id="evenQstn"><div id="46" class="col-xs-14">
				<p id="qstn_p">2. qstn1</p>
				<div><br></div>
				<div id="optiona"><p id="qstn_p"><input id="qstn_checkbox" type="checkbox">
				a</p></div>
				<div><br></div>
				<div id="optionb"><p id="qstn_p"> <input id="qstn_checkbox" type="checkbox">
				b</p>
				</div>
				<div><br></div>
				<div id="optionc"><p id="qstn_p"> <input id="qstn_checkbox" type="checkbox">
				c</p>
				</div>
				<div><br></div>
				<div id="optiond"><p id="qstn_p"><input id="qstn_checkbox" type="checkbox">
				d</p>
				</div>
				<div><br></div>
			 </div></div>
			<div class="col-xs-14"><hr></div></div> <div class="form-group"><div id="oddQstn"><div id="48" class="col-xs-14">
				<p id="qstn_p">3. qstn1</p>
				<div><br></div>
				<div id="optiona"><p id="qstn_p"><input id="qstn_checkbox" type="checkbox">
				a</p></div>
				<div><br></div>
				<div id="optionb"><p id="qstn_p"> <input id="qstn_checkbox" type="checkbox">
				b</p>
				</div>
				<div><br></div>
				<div id="optionc"><p id="qstn_p"> <input id="qstn_checkbox" type="checkbox">
				c</p>
				</div>
				<div><br></div>
				<div id="optiond"><p id="qstn_p"><input id="qstn_checkbox" type="checkbox">
				d</p>
				</div>
				<div><br></div>
			 </div></div>
			<div class="col-xs-14"><hr></div></div> <div class="form-group"><div id="evenQstn"><div id="34" class="col-xs-14">
				<p id="qstn_p">4. qstn1</p>
				<div><br></div>
				<div id="optiona"><p id="qstn_p"><input id="qstn_checkbox" type="checkbox">
				a</p></div>
				<div><br></div>
				<div id="optionb"><p id="qstn_p"> <input id="qstn_checkbox" type="checkbox">
				b</p>
				</div>
				<div><br></div>
				<div id="optionc"><p id="qstn_p"> <input id="qstn_checkbox" type="checkbox">
				c</p>
				</div>
				<div><br></div>
				<div id="optiond"><p id="qstn_p"><input id="qstn_checkbox" type="checkbox">
				d</p>
				</div>
				<div><br></div>
			 </div></div>
			<div class="col-xs-14"><hr></div></div>'
2016-12-14T16:00:33+00:00 [7356] INFO  : DB Get Request with parameter :'ssc'
2016-12-14T16:00:33+00:00 [7356] INFO  : DB Get SSC List from database.
2016-12-14T16:00:34+00:00 [7356] INFO  : DB SQL = 'SELECT ssc FROM `assessment`.`jobroles_excel_import`'
2016-12-14T16:00:34+00:00 [7356] INFO  : MANAGE TEST Get Request with parameter :'exams'
2016-12-14T16:00:34+00:00 [7356] INFO  : MANAGE TEST Get Exam List for subject  : ''
2016-12-14T16:00:34+00:00 [7356] INFO  : MANAGE TEST 308  C:\wamp64\www\assessment\php\manageExams.php  , SQL to get Exam : 'SELECT * FROM `assessment`.`exam` where status='active''
2016-12-14T16:00:39+00:00 [7356] INFO  : DB Get Request with parameter :'ssc'
2016-12-14T16:00:39+00:00 [7356] INFO  : DB Get SSC List from database.
2016-12-14T16:00:39+00:00 [7356] INFO  : DB SQL = 'SELECT ssc FROM `assessment`.`jobroles_excel_import`'
2016-12-14T16:00:40+00:00 [7356] INFO  : MANAGE TEST Get Request with parameter :'exams'
2016-12-14T16:00:40+00:00 [7356] INFO  : MANAGE TEST Get Exam List for subject  : ''
2016-12-14T16:00:40+00:00 [7356] INFO  : MANAGE TEST 308  C:\wamp64\www\assessment\php\manageExams.php  , SQL to get Exam : 'SELECT * FROM `assessment`.`exam` where status='active''
2016-12-14T16:01:39+00:00 [7356] INFO  : DB Get Request with parameter :'ssc'
2016-12-14T16:01:39+00:00 [7356] INFO  : DB Get SSC List from database.
2016-12-14T16:01:39+00:00 [7356] INFO  : DB SQL = 'SELECT ssc FROM `assessment`.`jobroles_excel_import`'
2016-12-14T16:01:39+00:00 [7356] INFO  : MANAGE TEST Get Request with parameter :'exams'
2016-12-14T16:01:39+00:00 [7356] INFO  : MANAGE TEST Get Exam List for subject  : ''
2016-12-14T16:01:40+00:00 [7356] INFO  : MANAGE TEST 308  C:\wamp64\www\assessment\php\manageExams.php  , SQL to get Exam : 'SELECT * FROM `assessment`.`exam` where status='active''
2016-12-14T16:02:04+00:00 [7356] INFO  : DB Get Request with parameter :'questions'
2016-12-14T16:02:04+00:00 [7356] INFO  : DB Get Questions List for ssc :' and subject  : ''
		and category :'' and module : ''
2016-12-14T16:02:04+00:00 [7356] INFO  : DB 133  C:\wamp64\www\assessment\php\manageQuestions.php  , SQL to get Question List: 'SELECT * FROM `assessment`.`question`'
2016-12-14T16:02:05+00:00 [7356] INFO  : DB Get Request with parameter :'ssc'
2016-12-14T16:02:05+00:00 [7356] INFO  : DB Get SSC List from database.
2016-12-14T16:02:05+00:00 [7356] INFO  : DB SQL = 'SELECT ssc FROM `assessment`.`jobroles_excel_import`'
2016-12-14T16:02:06+00:00 [7356] INFO  : DB Get Request with parameter :'questions'
2016-12-14T16:02:06+00:00 [7356] INFO  : DB Get Questions List for ssc :Agriculture' and subject  : ''
		and category :'' and module : ''
2016-12-14T16:02:06+00:00 [7356] INFO  : DB 133  C:\wamp64\www\assessment\php\manageQuestions.php  , SQL to get Question List: 'SELECT * FROM `assessment`.`question` where ssc='Agriculture''
2016-12-14T16:02:06+00:00 [7356] INFO  : DB Get Request with parameter :'jobroleWithQPCode'
2016-12-14T16:02:06+00:00 [7356] INFO  : DB Get Job Roles List with parameter :'jobroleWithQPCode' for SSC :'Agriculture'
2016-12-14T16:02:06+00:00 [7356] INFO  : DB SQL = 'SELECT job_role,qp_code FROM `assessment`.`jobroles_excel_import` where ssc='Agriculture''
2016-12-14T16:02:09+00:00 [7356] INFO  : DB Get Request with parameter :'categories'
2016-12-14T16:02:09+00:00 [7356] INFO  : DB Get Request with parameter : 'categories'
2016-12-14T16:02:09+00:00 [7356] INFO  : DB Get Categories List for subject  : 'AGR/Q4804'
2016-12-14T16:02:09+00:00 [7356] INFO  : DB 103  C:\wamp64\www\assessment\php\manageCategory.php  , SQL to get Categories : 'SELECT category FROM `assessment`.`question_category` where subId='AGR/Q4804''
2016-12-14T16:02:10+00:00 [7356] INFO  : DB Get Request with parameter :'questions'
2016-12-14T16:02:10+00:00 [7356] INFO  : DB Get Questions List for ssc :Agriculture' and subject  : 'AGR/Q4804'
		and category :'' and module : ''
2016-12-14T16:02:10+00:00 [7356] INFO  : DB 133  C:\wamp64\www\assessment\php\manageQuestions.php  , SQL to get Question List: 'SELECT * FROM `assessment`.`question` where ssc='Agriculture' and qp_code='AGR/Q4804''
