2016-11-29T08:44:52+00:00 [8124] INFO  : DB 49  C:\wamp64\www\assessment\php\manageExams.php  , SQL to get all Questions of Exam with name : 'SELECT qstn_id FROM `assessment`.`exam_qstn` where exam_id='''
2016-11-29T08:44:52+00:00 [8124] INFO  : DB 67  C:\wamp64\www\assessment\php\manageExams.php  ,Complete Qstn Div = ''
2016-11-29T08:50:21+00:00 [8124] INFO  : DB 236  C:\wamp64\www\assessment\php\manageExams.php  , SQL to get Exam  Id : 'SELECT id FROM `assessment`.`exam` where testname='rohit_1234''
2016-11-29T08:50:21+00:00 [8124] INFO  : DB 49  C:\wamp64\www\assessment\php\manageExams.php  , SQL to get all Questions of Exam with name : 'SELECT qstn_id FROM `assessment`.`exam_qstn` where exam_id='4''
2016-11-29T08:50:21+00:00 [8124] INFO  : DB 76  C:\wamp64\www\assessment\php\manageExams.php  , SQL to get Question Detail : 'SELECT * FROM `assessment`.`question` where id='22''
2016-11-29T08:50:21+00:00 [8124] INFO  : DB 120  C:\wamp64\www\assessment\php\manageExams.php  , Qstn Div = ' <div class="form-group"><div id="oddQstn"><div id="22" class="col-xs-14">
				<p id="qstn_p">1. qstn1</p>
				<div><br></div>
				<div id="optiona"><p id="qstn_p"><input id="qstn_checkbox" type="checkbox">
				a</p></div>
				<div><br></div>
				<div id="optionb"><p id="qstn_p"> <input id="qstn_checkbox" type="checkbox">
				b</p>
				</div>
				<div><br></div>
				<div id="optionc"><p id="qstn_p"> <input id="qstn_checkbox" type="checkbox">
				c</p>
				</div>
				<div><br></div>
				<div id="optiond"><p id="qstn_p"><input id="qstn_checkbox" type="checkbox">
				d</p>
				</div>
				<div><br></div>
			 </div></div>
			<div class="col-xs-14"><hr></div></div>'
2016-11-29T08:50:21+00:00 [8124] INFO  : DB 76  C:\wamp64\www\assessment\php\manageExams.php  , SQL to get Question Detail : 'SELECT * FROM `assessment`.`question` where id='46''
2016-11-29T08:50:21+00:00 [8124] INFO  : DB 120  C:\wamp64\www\assessment\php\manageExams.php  , Qstn Div = ' <div class="form-group"><div id="evenQstn"><div id="46" class="col-xs-14">
				<p id="qstn_p">2. qstn1</p>
				<div><br></div>
				<div id="optiona"><p id="qstn_p"><input id="qstn_checkbox" type="checkbox">
				a</p></div>
				<div><br></div>
				<div id="optionb"><p id="qstn_p"> <input id="qstn_checkbox" type="checkbox">
				b</p>
				</div>
				<div><br></div>
				<div id="optionc"><p id="qstn_p"> <input id="qstn_checkbox" type="checkbox">
				c</p>
				</div>
				<div><br></div>
				<div id="optiond"><p id="qstn_p"><input id="qstn_checkbox" type="checkbox">
				d</p>
				</div>
				<div><br></div>
			 </div></div>
			<div class="col-xs-14"><hr></div></div>'
2016-11-29T08:50:21+00:00 [8124] INFO  : DB 76  C:\wamp64\www\assessment\php\manageExams.php  , SQL to get Question Detail : 'SELECT * FROM `assessment`.`question` where id='48''
2016-11-29T08:50:21+00:00 [8124] INFO  : DB 120  C:\wamp64\www\assessment\php\manageExams.php  , Qstn Div = ' <div class="form-group"><div id="oddQstn"><div id="48" class="col-xs-14">
				<p id="qstn_p">3. qstn1</p>
				<div><br></div>
				<div id="optiona"><p id="qstn_p"><input id="qstn_checkbox" type="checkbox">
				a</p></div>
				<div><br></div>
				<div id="optionb"><p id="qstn_p"> <input id="qstn_checkbox" type="checkbox">
				b</p>
				</div>
				<div><br></div>
				<div id="optionc"><p id="qstn_p"> <input id="qstn_checkbox" type="checkbox">
				c</p>
				</div>
				<div><br></div>
				<div id="optiond"><p id="qstn_p"><input id="qstn_checkbox" type="checkbox">
				d</p>
				</div>
				<div><br></div>
			 </div></div>
			<div class="col-xs-14"><hr></div></div>'
2016-11-29T08:50:21+00:00 [8124] INFO  : DB 76  C:\wamp64\www\assessment\php\manageExams.php  , SQL to get Question Detail : 'SELECT * FROM `assessment`.`question` where id='34''
2016-11-29T08:50:21+00:00 [8124] INFO  : DB 120  C:\wamp64\www\assessment\php\manageExams.php  , Qstn Div = ' <div class="form-group"><div id="evenQstn"><div id="34" class="col-xs-14">
				<p id="qstn_p">4. qstn1</p>
				<div><br></div>
				<div id="optiona"><p id="qstn_p"><input id="qstn_checkbox" type="checkbox">
				a</p></div>
				<div><br></div>
				<div id="optionb"><p id="qstn_p"> <input id="qstn_checkbox" type="checkbox">
				b</p>
				</div>
				<div><br></div>
				<div id="optionc"><p id="qstn_p"> <input id="qstn_checkbox" type="checkbox">
				c</p>
				</div>
				<div><br></div>
				<div id="optiond"><p id="qstn_p"><input id="qstn_checkbox" type="checkbox">
				d</p>
				</div>
				<div><br></div>
			 </div></div>
			<div class="col-xs-14"><hr></div></div>'
2016-11-29T08:50:21+00:00 [8124] INFO  : DB 67  C:\wamp64\www\assessment\php\manageExams.php  ,Complete Qstn Div = ' <div class="form-group"><div id="oddQstn"><div id="22" class="col-xs-14">
				<p id="qstn_p">1. qstn1</p>
				<div><br></div>
				<div id="optiona"><p id="qstn_p"><input id="qstn_checkbox" type="checkbox">
				a</p></div>
				<div><br></div>
				<div id="optionb"><p id="qstn_p"> <input id="qstn_checkbox" type="checkbox">
				b</p>
				</div>
				<div><br></div>
				<div id="optionc"><p id="qstn_p"> <input id="qstn_checkbox" type="checkbox">
				c</p>
				</div>
				<div><br></div>
				<div id="optiond"><p id="qstn_p"><input id="qstn_checkbox" type="checkbox">
				d</p>
				</div>
				<div><br></div>
			 </div></div>
			<div class="col-xs-14"><hr></div></div> <div class="form-group"><div id="evenQstn"><div id="46" class="col-xs-14">
				<p id="qstn_p">2. qstn1</p>
				<div><br></div>
				<div id="optiona"><p id="qstn_p"><input id="qstn_checkbox" type="checkbox">
				a</p></div>
				<div><br></div>
				<div id="optionb"><p id="qstn_p"> <input id="qstn_checkbox" type="checkbox">
				b</p>
				</div>
				<div><br></div>
				<div id="optionc"><p id="qstn_p"> <input id="qstn_checkbox" type="checkbox">
				c</p>
				</div>
				<div><br></div>
				<div id="optiond"><p id="qstn_p"><input id="qstn_checkbox" type="checkbox">
				d</p>
				</div>
				<div><br></div>
			 </div></div>
			<div class="col-xs-14"><hr></div></div> <div class="form-group"><div id="oddQstn"><div id="48" class="col-xs-14">
				<p id="qstn_p">3. qstn1</p>
				<div><br></div>
				<div id="optiona"><p id="qstn_p"><input id="qstn_checkbox" type="checkbox">
				a</p></div>
				<div><br></div>
				<div id="optionb"><p id="qstn_p"> <input id="qstn_checkbox" type="checkbox">
				b</p>
				</div>
				<div><br></div>
				<div id="optionc"><p id="qstn_p"> <input id="qstn_checkbox" type="checkbox">
				c</p>
				</div>
				<div><br></div>
				<div id="optiond"><p id="qstn_p"><input id="qstn_checkbox" type="checkbox">
				d</p>
				</div>
				<div><br></div>
			 </div></div>
			<div class="col-xs-14"><hr></div></div> <div class="form-group"><div id="evenQstn"><div id="34" class="col-xs-14">
				<p id="qstn_p">4. qstn1</p>
				<div><br></div>
				<div id="optiona"><p id="qstn_p"><input id="qstn_checkbox" type="checkbox">
				a</p></div>
				<div><br></div>
				<div id="optionb"><p id="qstn_p"> <input id="qstn_checkbox" type="checkbox">
				b</p>
				</div>
				<div><br></div>
				<div id="optionc"><p id="qstn_p"> <input id="qstn_checkbox" type="checkbox">
				c</p>
				</div>
				<div><br></div>
				<div id="optiond"><p id="qstn_p"><input id="qstn_checkbox" type="checkbox">
				d</p>
				</div>
				<div><br></div>
			 </div></div>
			<div class="col-xs-14"><hr></div></div>'
2016-11-29T08:52:32+00:00 [8124] INFO  : DB 236  C:\wamp64\www\assessment\php\manageExams.php  , SQL to get Exam  Id : 'SELECT id FROM `assessment`.`exam` where testname='rohit_1234''
2016-11-29T08:52:32+00:00 [8124] INFO  : DB 49  C:\wamp64\www\assessment\php\manageExams.php  , SQL to get all Questions of Exam with name : 'SELECT qstn_id FROM `assessment`.`exam_qstn` where exam_id='4''
2016-11-29T08:52:32+00:00 [8124] INFO  : DB 76  C:\wamp64\www\assessment\php\manageExams.php  , SQL to get Question Detail : 'SELECT * FROM `assessment`.`question` where id='22''
2016-11-29T08:52:32+00:00 [8124] INFO  : DB 120  C:\wamp64\www\assessment\php\manageExams.php  , Qstn Div = ' <div class="form-group"><div id="oddQstn"><div id="22" class="col-xs-14">
				<p id="qstn_p">1. qstn1</p>
				<div><br></div>
				<div id="optiona"><p id="qstn_p"><input id="qstn_checkbox" type="checkbox">
				a</p></div>
				<div><br></div>
				<div id="optionb"><p id="qstn_p"> <input id="qstn_checkbox" type="checkbox">
				b</p>
				</div>
				<div><br></div>
				<div id="optionc"><p id="qstn_p"> <input id="qstn_checkbox" type="checkbox">
				c</p>
				</div>
				<div><br></div>
				<div id="optiond"><p id="qstn_p"><input id="qstn_checkbox" type="checkbox">
				d</p>
				</div>
				<div><br></div>
			 </div></div>
			<div class="col-xs-14"><hr></div></div>'
2016-11-29T08:52:32+00:00 [8124] INFO  : DB 76  C:\wamp64\www\assessment\php\manageExams.php  , SQL to get Question Detail : 'SELECT * FROM `assessment`.`question` where id='46''
2016-11-29T08:52:32+00:00 [8124] INFO  : DB 120  C:\wamp64\www\assessment\php\manageExams.php  , Qstn Div = ' <div class="form-group"><div id="evenQstn"><div id="46" class="col-xs-14">
				<p id="qstn_p">2. qstn1</p>
				<div><br></div>
				<div id="optiona"><p id="qstn_p"><input id="qstn_checkbox" type="checkbox">
				a</p></div>
				<div><br></div>
				<div id="optionb"><p id="qstn_p"> <input id="qstn_checkbox" type="checkbox">
				b</p>
				</div>
				<div><br></div>
				<div id="optionc"><p id="qstn_p"> <input id="qstn_checkbox" type="checkbox">
				c</p>
				</div>
				<div><br></div>
				<div id="optiond"><p id="qstn_p"><input id="qstn_checkbox" type="checkbox">
				d</p>
				</div>
				<div><br></div>
			 </div></div>
			<div class="col-xs-14"><hr></div></div>'
2016-11-29T08:52:32+00:00 [8124] INFO  : DB 76  C:\wamp64\www\assessment\php\manageExams.php  , SQL to get Question Detail : 'SELECT * FROM `assessment`.`question` where id='48''
2016-11-29T08:52:32+00:00 [8124] INFO  : DB 120  C:\wamp64\www\assessment\php\manageExams.php  , Qstn Div = ' <div class="form-group"><div id="oddQstn"><div id="48" class="col-xs-14">
				<p id="qstn_p">3. qstn1</p>
				<div><br></div>
				<div id="optiona"><p id="qstn_p"><input id="qstn_checkbox" type="checkbox">
				a</p></div>
				<div><br></div>
				<div id="optionb"><p id="qstn_p"> <input id="qstn_checkbox" type="checkbox">
				b</p>
				</div>
				<div><br></div>
				<div id="optionc"><p id="qstn_p"> <input id="qstn_checkbox" type="checkbox">
				c</p>
				</div>
				<div><br></div>
				<div id="optiond"><p id="qstn_p"><input id="qstn_checkbox" type="checkbox">
				d</p>
				</div>
				<div><br></div>
			 </div></div>
			<div class="col-xs-14"><hr></div></div>'
2016-11-29T08:52:32+00:00 [8124] INFO  : DB 76  C:\wamp64\www\assessment\php\manageExams.php  , SQL to get Question Detail : 'SELECT * FROM `assessment`.`question` where id='34''
2016-11-29T08:52:32+00:00 [8124] INFO  : DB 120  C:\wamp64\www\assessment\php\manageExams.php  , Qstn Div = ' <div class="form-group"><div id="evenQstn"><div id="34" class="col-xs-14">
				<p id="qstn_p">4. qstn1</p>
				<div><br></div>
				<div id="optiona"><p id="qstn_p"><input id="qstn_checkbox" type="checkbox">
				a</p></div>
				<div><br></div>
				<div id="optionb"><p id="qstn_p"> <input id="qstn_checkbox" type="checkbox">
				b</p>
				</div>
				<div><br></div>
				<div id="optionc"><p id="qstn_p"> <input id="qstn_checkbox" type="checkbox">
				c</p>
				</div>
				<div><br></div>
				<div id="optiond"><p id="qstn_p"><input id="qstn_checkbox" type="checkbox">
				d</p>
				</div>
				<div><br></div>
			 </div></div>
			<div class="col-xs-14"><hr></div></div>'
2016-11-29T08:52:32+00:00 [8124] INFO  : DB 67  C:\wamp64\www\assessment\php\manageExams.php  ,Complete Qstn Div = ' <div class="form-group"><div id="oddQstn"><div id="22" class="col-xs-14">
				<p id="qstn_p">1. qstn1</p>
				<div><br></div>
				<div id="optiona"><p id="qstn_p"><input id="qstn_checkbox" type="checkbox">
				a</p></div>
				<div><br></div>
				<div id="optionb"><p id="qstn_p"> <input id="qstn_checkbox" type="checkbox">
				b</p>
				</div>
				<div><br></div>
				<div id="optionc"><p id="qstn_p"> <input id="qstn_checkbox" type="checkbox">
				c</p>
				</div>
				<div><br></div>
				<div id="optiond"><p id="qstn_p"><input id="qstn_checkbox" type="checkbox">
				d</p>
				</div>
				<div><br></div>
			 </div></div>
			<div class="col-xs-14"><hr></div></div> <div class="form-group"><div id="evenQstn"><div id="46" class="col-xs-14">
				<p id="qstn_p">2. qstn1</p>
				<div><br></div>
				<div id="optiona"><p id="qstn_p"><input id="qstn_checkbox" type="checkbox">
				a</p></div>
				<div><br></div>
				<div id="optionb"><p id="qstn_p"> <input id="qstn_checkbox" type="checkbox">
				b</p>
				</div>
				<div><br></div>
				<div id="optionc"><p id="qstn_p"> <input id="qstn_checkbox" type="checkbox">
				c</p>
				</div>
				<div><br></div>
				<div id="optiond"><p id="qstn_p"><input id="qstn_checkbox" type="checkbox">
				d</p>
				</div>
				<div><br></div>
			 </div></div>
			<div class="col-xs-14"><hr></div></div> <div class="form-group"><div id="oddQstn"><div id="48" class="col-xs-14">
				<p id="qstn_p">3. qstn1</p>
				<div><br></div>
				<div id="optiona"><p id="qstn_p"><input id="qstn_checkbox" type="checkbox">
				a</p></div>
				<div><br></div>
				<div id="optionb"><p id="qstn_p"> <input id="qstn_checkbox" type="checkbox">
				b</p>
				</div>
				<div><br></div>
				<div id="optionc"><p id="qstn_p"> <input id="qstn_checkbox" type="checkbox">
				c</p>
				</div>
				<div><br></div>
				<div id="optiond"><p id="qstn_p"><input id="qstn_checkbox" type="checkbox">
				d</p>
				</div>
				<div><br></div>
			 </div></div>
			<div class="col-xs-14"><hr></div></div> <div class="form-group"><div id="evenQstn"><div id="34" class="col-xs-14">
				<p id="qstn_p">4. qstn1</p>
				<div><br></div>
				<div id="optiona"><p id="qstn_p"><input id="qstn_checkbox" type="checkbox">
				a</p></div>
				<div><br></div>
				<div id="optionb"><p id="qstn_p"> <input id="qstn_checkbox" type="checkbox">
				b</p>
				</div>
				<div><br></div>
				<div id="optionc"><p id="qstn_p"> <input id="qstn_checkbox" type="checkbox">
				c</p>
				</div>
				<div><br></div>
				<div id="optiond"><p id="qstn_p"><input id="qstn_checkbox" type="checkbox">
				d</p>
				</div>
				<div><br></div>
			 </div></div>
			<div class="col-xs-14"><hr></div></div>'
2016-11-29T08:54:16+00:00 [8124] INFO  : DB 236  C:\wamp64\www\assessment\php\manageExams.php  , SQL to get Exam  Id : 'SELECT id FROM `assessment`.`exam` where testname='rohit_1234''
2016-11-29T08:54:16+00:00 [8124] INFO  : DB 49  C:\wamp64\www\assessment\php\manageExams.php  , SQL to get all Questions of Exam with name : 'SELECT qstn_id FROM `assessment`.`exam_qstn` where exam_id='4''
2016-11-29T08:54:16+00:00 [8124] INFO  : DB 76  C:\wamp64\www\assessment\php\manageExams.php  , SQL to get Question Detail : 'SELECT * FROM `assessment`.`question` where id='22''
2016-11-29T08:54:16+00:00 [8124] INFO  : DB 120  C:\wamp64\www\assessment\php\manageExams.php  , Qstn Div = ' <div class="form-group"><div id="oddQstn"><div id="22" class="col-xs-14">
				<p id="qstn_p">1. qstn1</p>
				<div><br></div>
				<div id="optiona"><p id="qstn_p"><input id="qstn_checkbox" type="checkbox">
				a</p></div>
				<div><br></div>
				<div id="optionb"><p id="qstn_p"> <input id="qstn_checkbox" type="checkbox">
				b</p>
				</div>
				<div><br></div>
				<div id="optionc"><p id="qstn_p"> <input id="qstn_checkbox" type="checkbox">
				c</p>
				</div>
				<div><br></div>
				<div id="optiond"><p id="qstn_p"><input id="qstn_checkbox" type="checkbox">
				d</p>
				</div>
				<div><br></div>
			 </div></div>
			<div class="col-xs-14"><hr></div></div>'
2016-11-29T08:54:16+00:00 [8124] INFO  : DB 76  C:\wamp64\www\assessment\php\manageExams.php  , SQL to get Question Detail : 'SELECT * FROM `assessment`.`question` where id='46''
2016-11-29T08:54:16+00:00 [8124] INFO  : DB 120  C:\wamp64\www\assessment\php\manageExams.php  , Qstn Div = ' <div class="form-group"><div id="evenQstn"><div id="46" class="col-xs-14">
				<p id="qstn_p">2. qstn1</p>
				<div><br></div>
				<div id="optiona"><p id="qstn_p"><input id="qstn_checkbox" type="checkbox">
				a</p></div>
				<div><br></div>
				<div id="optionb"><p id="qstn_p"> <input id="qstn_checkbox" type="checkbox">
				b</p>
				</div>
				<div><br></div>
				<div id="optionc"><p id="qstn_p"> <input id="qstn_checkbox" type="checkbox">
				c</p>
				</div>
				<div><br></div>
				<div id="optiond"><p id="qstn_p"><input id="qstn_checkbox" type="checkbox">
				d</p>
				</div>
				<div><br></div>
			 </div></div>
			<div class="col-xs-14"><hr></div></div>'
2016-11-29T08:54:16+00:00 [8124] INFO  : DB 76  C:\wamp64\www\assessment\php\manageExams.php  , SQL to get Question Detail : 'SELECT * FROM `assessment`.`question` where id='48''
2016-11-29T08:54:16+00:00 [8124] INFO  : DB 120  C:\wamp64\www\assessment\php\manageExams.php  , Qstn Div = ' <div class="form-group"><div id="oddQstn"><div id="48" class="col-xs-14">
				<p id="qstn_p">3. qstn1</p>
				<div><br></div>
				<div id="optiona"><p id="qstn_p"><input id="qstn_checkbox" type="checkbox">
				a</p></div>
				<div><br></div>
				<div id="optionb"><p id="qstn_p"> <input id="qstn_checkbox" type="checkbox">
				b</p>
				</div>
				<div><br></div>
				<div id="optionc"><p id="qstn_p"> <input id="qstn_checkbox" type="checkbox">
				c</p>
				</div>
				<div><br></div>
				<div id="optiond"><p id="qstn_p"><input id="qstn_checkbox" type="checkbox">
				d</p>
				</div>
				<div><br></div>
			 </div></div>
			<div class="col-xs-14"><hr></div></div>'
2016-11-29T08:54:16+00:00 [8124] INFO  : DB 76  C:\wamp64\www\assessment\php\manageExams.php  , SQL to get Question Detail : 'SELECT * FROM `assessment`.`question` where id='34''
2016-11-29T08:54:16+00:00 [8124] INFO  : DB 120  C:\wamp64\www\assessment\php\manageExams.php  , Qstn Div = ' <div class="form-group"><div id="evenQstn"><div id="34" class="col-xs-14">
				<p id="qstn_p">4. qstn1</p>
				<div><br></div>
				<div id="optiona"><p id="qstn_p"><input id="qstn_checkbox" type="checkbox">
				a</p></div>
				<div><br></div>
				<div id="optionb"><p id="qstn_p"> <input id="qstn_checkbox" type="checkbox">
				b</p>
				</div>
				<div><br></div>
				<div id="optionc"><p id="qstn_p"> <input id="qstn_checkbox" type="checkbox">
				c</p>
				</div>
				<div><br></div>
				<div id="optiond"><p id="qstn_p"><input id="qstn_checkbox" type="checkbox">
				d</p>
				</div>
				<div><br></div>
			 </div></div>
			<div class="col-xs-14"><hr></div></div>'
2016-11-29T08:54:16+00:00 [8124] INFO  : DB 67  C:\wamp64\www\assessment\php\manageExams.php  ,Complete Qstn Div = ' <div class="form-group"><div id="oddQstn"><div id="22" class="col-xs-14">
				<p id="qstn_p">1. qstn1</p>
				<div><br></div>
				<div id="optiona"><p id="qstn_p"><input id="qstn_checkbox" type="checkbox">
				a</p></div>
				<div><br></div>
				<div id="optionb"><p id="qstn_p"> <input id="qstn_checkbox" type="checkbox">
				b</p>
				</div>
				<div><br></div>
				<div id="optionc"><p id="qstn_p"> <input id="qstn_checkbox" type="checkbox">
				c</p>
				</div>
				<div><br></div>
				<div id="optiond"><p id="qstn_p"><input id="qstn_checkbox" type="checkbox">
				d</p>
				</div>
				<div><br></div>
			 </div></div>
			<div class="col-xs-14"><hr></div></div> <div class="form-group"><div id="evenQstn"><div id="46" class="col-xs-14">
				<p id="qstn_p">2. qstn1</p>
				<div><br></div>
				<div id="optiona"><p id="qstn_p"><input id="qstn_checkbox" type="checkbox">
				a</p></div>
				<div><br></div>
				<div id="optionb"><p id="qstn_p"> <input id="qstn_checkbox" type="checkbox">
				b</p>
				</div>
				<div><br></div>
				<div id="optionc"><p id="qstn_p"> <input id="qstn_checkbox" type="checkbox">
				c</p>
				</div>
				<div><br></div>
				<div id="optiond"><p id="qstn_p"><input id="qstn_checkbox" type="checkbox">
				d</p>
				</div>
				<div><br></div>
			 </div></div>
			<div class="col-xs-14"><hr></div></div> <div class="form-group"><div id="oddQstn"><div id="48" class="col-xs-14">
				<p id="qstn_p">3. qstn1</p>
				<div><br></div>
				<div id="optiona"><p id="qstn_p"><input id="qstn_checkbox" type="checkbox">
				a</p></div>
				<div><br></div>
				<div id="optionb"><p id="qstn_p"> <input id="qstn_checkbox" type="checkbox">
				b</p>
				</div>
				<div><br></div>
				<div id="optionc"><p id="qstn_p"> <input id="qstn_checkbox" type="checkbox">
				c</p>
				</div>
				<div><br></div>
				<div id="optiond"><p id="qstn_p"><input id="qstn_checkbox" type="checkbox">
				d</p>
				</div>
				<div><br></div>
			 </div></div>
			<div class="col-xs-14"><hr></div></div> <div class="form-group"><div id="evenQstn"><div id="34" class="col-xs-14">
				<p id="qstn_p">4. qstn1</p>
				<div><br></div>
				<div id="optiona"><p id="qstn_p"><input id="qstn_checkbox" type="checkbox">
				a</p></div>
				<div><br></div>
				<div id="optionb"><p id="qstn_p"> <input id="qstn_checkbox" type="checkbox">
				b</p>
				</div>
				<div><br></div>
				<div id="optionc"><p id="qstn_p"> <input id="qstn_checkbox" type="checkbox">
				c</p>
				</div>
				<div><br></div>
				<div id="optiond"><p id="qstn_p"><input id="qstn_checkbox" type="checkbox">
				d</p>
				</div>
				<div><br></div>
			 </div></div>
			<div class="col-xs-14"><hr></div></div>'
2016-11-29T10:45:10+00:00 [4948] INFO  : DB 265  C:\wamp64\www\assessment\php\manageExams.php  , SQL to get Exam  Id : 'SELECT id FROM `assessment`.`exam` where testname='rohit_123''
2016-11-29T10:45:10+00:00 [4948] INFO  : DB 17  C:\wamp64\www\assessment\php\manageExams.php  , SQL to get all Questions of Exam with name : 'rohit_123'
2016-11-29T10:47:51+00:00 [9504] INFO  : DB 265  C:\wamp64\www\assessment\php\manageExams.php  , SQL to get Exam  Id : 'SELECT id FROM `assessment`.`exam` where testname='rohit_123''
2016-11-29T10:47:51+00:00 [9504] INFO  : DB 17  C:\wamp64\www\assessment\php\manageExams.php  , SQL to get all Questions of Exam with name : 'SELECT qstn_id FROM `assessment`.`exam_qstn` where id=''3''
2016-11-29T10:48:37+00:00 [10084] INFO  : DB 265  C:\wamp64\www\assessment\php\manageExams.php  , SQL to get Exam  Id : 'SELECT id FROM `assessment`.`exam` where testname='rohit_123''
2016-11-29T10:48:37+00:00 [10084] INFO  : DB 17  C:\wamp64\www\assessment\php\manageExams.php  , SQL to get all Questions of Exam with name : 'SELECT qstn_id FROM `assessment`.`exam_qstn` where id='3''
2016-11-29T10:48:37+00:00 [10084] INFO  : DB 45  C:\wamp64\www\assessment\php\manageExams.php  , SQL to get Question Detail : 'SELECT * FROM `assessment`.`question` where id='48''
2016-11-29T15:39:08+00:00 [8124] INFO  : DB Get Request with parameter :'ssc'
2016-11-29T15:39:08+00:00 [8124] INFO  : DB Get SSC List from database.
2016-11-29T15:39:08+00:00 [8124] INFO  : DB SQL = 'SELECT ssc FROM `assessment`.`jobroles_excel_import`'
2016-11-29T15:39:08+00:00 [8124] INFO  : DB 265  C:\wamp64\www\assessment\php\manageExams.php  , SQL to get Exam  Id : 'SELECT id FROM `assessment`.`exam` where testname='rohit_123''
2016-11-29T15:39:08+00:00 [8124] INFO  : DB 17  C:\wamp64\www\assessment\php\manageExams.php  , SQL to get all Questions of Exam with name : 'SELECT qstn_id FROM `assessment`.`exam_qstn` where id='3''
2016-11-29T15:39:08+00:00 [8124] INFO  : DB 45  C:\wamp64\www\assessment\php\manageExams.php  , SQL to get Question Detail : 'SELECT * FROM `assessment`.`question` where id='48''
2016-11-29T15:39:08+00:00 [8124] INFO  : DB Get Request with parameter :'exams'
2016-11-29T15:39:08+00:00 [8124] INFO  : DB Get Exam List for subject  : ''
2016-11-29T15:39:08+00:00 [8124] INFO  : DB 229  C:\wamp64\www\assessment\php\manageExams.php  , SQL to get Exam : 'SELECT * FROM `assessment`.`exam`'
2016-11-29T15:40:07+00:00 [8124] INFO  : DB 265  C:\wamp64\www\assessment\php\manageExams.php  , SQL to get Exam  Id : 'SELECT id FROM `assessment`.`exam` where testname='rohit_123''
2016-11-29T15:40:07+00:00 [8124] INFO  : DB 17  C:\wamp64\www\assessment\php\manageExams.php  , SQL to get all Questions of Exam with name : 'SELECT qstn_id FROM `assessment`.`exam_qstn` where id='3''
2016-11-29T15:40:07+00:00 [8124] INFO  : DB 45  C:\wamp64\www\assessment\php\manageExams.php  , SQL to get Question Detail : 'SELECT * FROM `assessment`.`question` where id='48''
2016-11-29T15:40:07+00:00 [8124] INFO  : DB 265  C:\wamp64\www\assessment\php\manageExams.php  , SQL to get Exam  Id : 'SELECT id FROM `assessment`.`exam` where testname='rohit_1234''
2016-11-29T15:40:07+00:00 [8124] INFO  : DB 77  C:\wamp64\www\assessment\php\manageExams.php  , SQL to get all Questions of Exam with name : 'SELECT qstn_id FROM `assessment`.`exam_qstn` where exam_id='4''
2016-11-29T15:40:07+00:00 [8124] INFO  : DB 104  C:\wamp64\www\assessment\php\manageExams.php  , SQL to get Question Detail : 'SELECT * FROM `assessment`.`question` where id='22''
2016-11-29T15:40:07+00:00 [8124] INFO  : DB 149  C:\wamp64\www\assessment\php\manageExams.php  , Qstn Div = ' <div class="form-group"><div id="oddQstn"><div id="22" class="col-xs-14">
				<p id="qstn_p">1. qstn1</p>
				<div><br></div>
				<div id="optiona"><p id="qstn_p"><input id="qstn_checkbox" type="checkbox">
				a</p></div>
				<div><br></div>
				<div id="optionb"><p id="qstn_p"> <input id="qstn_checkbox" type="checkbox">
				b</p>
				</div>
				<div><br></div>
				<div id="optionc"><p id="qstn_p"> <input id="qstn_checkbox" type="checkbox">
				c</p>
				</div>
				<div><br></div>
				<div id="optiond"><p id="qstn_p"><input id="qstn_checkbox" type="checkbox">
				d</p>
				</div>
				<div><br></div>
			 </div></div>
			<div class="col-xs-14"><hr></div></div>'
2016-11-29T15:40:07+00:00 [8124] INFO  : DB 104  C:\wamp64\www\assessment\php\manageExams.php  , SQL to get Question Detail : 'SELECT * FROM `assessment`.`question` where id='46''
2016-11-29T15:40:07+00:00 [8124] INFO  : DB 149  C:\wamp64\www\assessment\php\manageExams.php  , Qstn Div = ' <div class="form-group"><div id="evenQstn"><div id="46" class="col-xs-14">
				<p id="qstn_p">2. qstn1</p>
				<div><br></div>
				<div id="optiona"><p id="qstn_p"><input id="qstn_checkbox" type="checkbox">
				a</p></div>
				<div><br></div>
				<div id="optionb"><p id="qstn_p"> <input id="qstn_checkbox" type="checkbox">
				b</p>
				</div>
				<div><br></div>
				<div id="optionc"><p id="qstn_p"> <input id="qstn_checkbox" type="checkbox">
				c</p>
				</div>
				<div><br></div>
				<div id="optiond"><p id="qstn_p"><input id="qstn_checkbox" type="checkbox">
				d</p>
				</div>
				<div><br></div>
			 </div></div>
			<div class="col-xs-14"><hr></div></div>'
2016-11-29T15:40:07+00:00 [8124] INFO  : DB 104  C:\wamp64\www\assessment\php\manageExams.php  , SQL to get Question Detail : 'SELECT * FROM `assessment`.`question` where id='48''
2016-11-29T15:40:07+00:00 [8124] INFO  : DB 149  C:\wamp64\www\assessment\php\manageExams.php  , Qstn Div = ' <div class="form-group"><div id="oddQstn"><div id="48" class="col-xs-14">
				<p id="qstn_p">3. qstn1</p>
				<div><br></div>
				<div id="optiona"><p id="qstn_p"><input id="qstn_checkbox" type="checkbox">
				a</p></div>
				<div><br></div>
				<div id="optionb"><p id="qstn_p"> <input id="qstn_checkbox" type="checkbox">
				b</p>
				</div>
				<div><br></div>
				<div id="optionc"><p id="qstn_p"> <input id="qstn_checkbox" type="checkbox">
				c</p>
				</div>
				<div><br></div>
				<div id="optiond"><p id="qstn_p"><input id="qstn_checkbox" type="checkbox">
				d</p>
				</div>
				<div><br></div>
			 </div></div>
			<div class="col-xs-14"><hr></div></div>'
2016-11-29T15:40:07+00:00 [8124] INFO  : DB 104  C:\wamp64\www\assessment\php\manageExams.php  , SQL to get Question Detail : 'SELECT * FROM `assessment`.`question` where id='34''
2016-11-29T15:40:07+00:00 [8124] INFO  : DB 149  C:\wamp64\www\assessment\php\manageExams.php  , Qstn Div = ' <div class="form-group"><div id="evenQstn"><div id="34" class="col-xs-14">
				<p id="qstn_p">4. qstn1</p>
				<div><br></div>
				<div id="optiona"><p id="qstn_p"><input id="qstn_checkbox" type="checkbox">
				a</p></div>
				<div><br></div>
				<div id="optionb"><p id="qstn_p"> <input id="qstn_checkbox" type="checkbox">
				b</p>
				</div>
				<div><br></div>
				<div id="optionc"><p id="qstn_p"> <input id="qstn_checkbox" type="checkbox">
				c</p>
				</div>
				<div><br></div>
				<div id="optiond"><p id="qstn_p"><input id="qstn_checkbox" type="checkbox">
				d</p>
				</div>
				<div><br></div>
			 </div></div>
			<div class="col-xs-14"><hr></div></div>'
2016-11-29T15:40:07+00:00 [8124] INFO  : DB 95  C:\wamp64\www\assessment\php\manageExams.php  ,Complete Qstn Div = ' <div class="form-group"><div id="oddQstn"><div id="22" class="col-xs-14">
				<p id="qstn_p">1. qstn1</p>
				<div><br></div>
				<div id="optiona"><p id="qstn_p"><input id="qstn_checkbox" type="checkbox">
				a</p></div>
				<div><br></div>
				<div id="optionb"><p id="qstn_p"> <input id="qstn_checkbox" type="checkbox">
				b</p>
				</div>
				<div><br></div>
				<div id="optionc"><p id="qstn_p"> <input id="qstn_checkbox" type="checkbox">
				c</p>
				</div>
				<div><br></div>
				<div id="optiond"><p id="qstn_p"><input id="qstn_checkbox" type="checkbox">
				d</p>
				</div>
				<div><br></div>
			 </div></div>
			<div class="col-xs-14"><hr></div></div> <div class="form-group"><div id="evenQstn"><div id="46" class="col-xs-14">
				<p id="qstn_p">2. qstn1</p>
				<div><br></div>
				<div id="optiona"><p id="qstn_p"><input id="qstn_checkbox" type="checkbox">
				a</p></div>
				<div><br></div>
				<div id="optionb"><p id="qstn_p"> <input id="qstn_checkbox" type="checkbox">
				b</p>
				</div>
				<div><br></div>
				<div id="optionc"><p id="qstn_p"> <input id="qstn_checkbox" type="checkbox">
				c</p>
				</div>
				<div><br></div>
				<div id="optiond"><p id="qstn_p"><input id="qstn_checkbox" type="checkbox">
				d</p>
				</div>
				<div><br></div>
			 </div></div>
			<div class="col-xs-14"><hr></div></div> <div class="form-group"><div id="oddQstn"><div id="48" class="col-xs-14">
				<p id="qstn_p">3. qstn1</p>
				<div><br></div>
				<div id="optiona"><p id="qstn_p"><input id="qstn_checkbox" type="checkbox">
				a</p></div>
				<div><br></div>
				<div id="optionb"><p id="qstn_p"> <input id="qstn_checkbox" type="checkbox">
				b</p>
				</div>
				<div><br></div>
				<div id="optionc"><p id="qstn_p"> <input id="qstn_checkbox" type="checkbox">
				c</p>
				</div>
				<div><br></div>
				<div id="optiond"><p id="qstn_p"><input id="qstn_checkbox" type="checkbox">
				d</p>
				</div>
				<div><br></div>
			 </div></div>
			<div class="col-xs-14"><hr></div></div> <div class="form-group"><div id="evenQstn"><div id="34" class="col-xs-14">
				<p id="qstn_p">4. qstn1</p>
				<div><br></div>
				<div id="optiona"><p id="qstn_p"><input id="qstn_checkbox" type="checkbox">
				a</p></div>
				<div><br></div>
				<div id="optionb"><p id="qstn_p"> <input id="qstn_checkbox" type="checkbox">
				b</p>
				</div>
				<div><br></div>
				<div id="optionc"><p id="qstn_p"> <input id="qstn_checkbox" type="checkbox">
				c</p>
				</div>
				<div><br></div>
				<div id="optiond"><p id="qstn_p"><input id="qstn_checkbox" type="checkbox">
				d</p>
				</div>
				<div><br></div>
			 </div></div>
			<div class="col-xs-14"><hr></div></div>'
2016-11-29T15:43:50+00:00 [11044] INFO  : DB 265  C:\wamp64\www\assessment\php\manageExams.php  , SQL to get Exam  Id : 'SELECT id FROM `assessment`.`exam` where testname='rohit_123''
2016-11-29T15:43:50+00:00 [11044] INFO  : DB 17  C:\wamp64\www\assessment\php\manageExams.php  , SQL to get all Questions of Exam with name : 'SELECT qstn_id FROM `assessment`.`exam_qstn` where id='3''
2016-11-29T15:43:50+00:00 [11044] INFO  : DB 45  C:\wamp64\www\assessment\php\manageExams.php  , SQL to get Question Detail : 'SELECT * FROM `assessment`.`question` where id='48''
2016-11-29T15:44:44+00:00 [8324] INFO  : DB 266  C:\wamp64\www\assessment\php\manageExams.php  , SQL to get Exam  Id : 'SELECT id FROM `assessment`.`exam` where testname='rohit_123''
2016-11-29T15:44:44+00:00 [8324] INFO  : DB 17  C:\wamp64\www\assessment\php\manageExams.php  , SQL to get all Questions of Exam with name : 'SELECT qstn_id FROM `assessment`.`exam_qstn` where id='3''
2016-11-29T15:44:44+00:00 [8324] INFO  : DB 46  C:\wamp64\www\assessment\php\manageExams.php  , SQL to get Question Detail : 'SELECT * FROM `assessment`.`question` where id='48''
2016-11-29T15:46:10+00:00 [4784] INFO  : DB 266  C:\wamp64\www\assessment\php\manageExams.php  , SQL to get Exam  Id : 'SELECT id FROM `assessment`.`exam` where testname='rohit_123''
2016-11-29T15:46:10+00:00 [4784] INFO  : DB 17  C:\wamp64\www\assessment\php\manageExams.php  , SQL to get all Questions of Exam with name : 'SELECT qstn_id FROM `assessment`.`exam_qstn` where id='3''
2016-11-29T15:46:10+00:00 [4784] INFO  : DB 46  C:\wamp64\www\assessment\php\manageExams.php  , SQL to get Question Detail : 'SELECT * FROM `assessment`.`question` where id='48''
2016-11-29T15:47:10+00:00 [10520] INFO  : DB 267  C:\wamp64\www\assessment\php\manageExams.php  , SQL to get Exam  Id : 'SELECT id FROM `assessment`.`exam` where testname='rohit_123''
2016-11-29T15:47:10+00:00 [10520] INFO  : DB 17  C:\wamp64\www\assessment\php\manageExams.php  , SQL to get all Questions of Exam with name : 'SELECT qstn_id FROM `assessment`.`exam_qstn` where id='3''
2016-11-29T15:47:10+00:00 [10520] INFO  : DB 47  C:\wamp64\www\assessment\php\manageExams.php  , SQL to get Question Detail : 'SELECT * FROM `assessment`.`question` where id='48''
2016-11-29T15:48:31+00:00 [8928] INFO  : DB 267  C:\wamp64\www\assessment\php\manageExams.php  , SQL to get Exam  Id : 'SELECT id FROM `assessment`.`exam` where testname='rohit_123''
2016-11-29T15:48:31+00:00 [8928] INFO  : DB 17  C:\wamp64\www\assessment\php\manageExams.php  , SQL to get all Questions of Exam with name : 'SELECT qstn_id FROM `assessment`.`exam_qstn` where exam_id='3''
2016-11-29T15:48:31+00:00 [8928] INFO  : DB 47  C:\wamp64\www\assessment\php\manageExams.php  , SQL to get Question Detail : 'SELECT * FROM `assessment`.`question` where id='8''
2016-11-29T15:48:31+00:00 [8928] INFO  : DB 47  C:\wamp64\www\assessment\php\manageExams.php  , SQL to get Question Detail : 'SELECT * FROM `assessment`.`question` where id='1''
2016-11-29T15:48:31+00:00 [8928] INFO  : DB 47  C:\wamp64\www\assessment\php\manageExams.php  , SQL to get Question Detail : 'SELECT * FROM `assessment`.`question` where id='48''
2016-11-29T15:48:31+00:00 [8928] INFO  : DB 47  C:\wamp64\www\assessment\php\manageExams.php  , SQL to get Question Detail : 'SELECT * FROM `assessment`.`question` where id='4''
2016-11-29T15:48:44+00:00 [3620] INFO  : DB 266  C:\wamp64\www\assessment\php\manageExams.php  , SQL to get Exam  Id : 'SELECT id FROM `assessment`.`exam` where testname='rohit_123''
2016-11-29T15:48:44+00:00 [3620] INFO  : DB 17  C:\wamp64\www\assessment\php\manageExams.php  , SQL to get all Questions of Exam with name : 'SELECT qstn_id FROM `assessment`.`exam_qstn` where exam_id='3''
2016-11-29T15:48:44+00:00 [3620] INFO  : DB 46  C:\wamp64\www\assessment\php\manageExams.php  , SQL to get Question Detail : 'SELECT * FROM `assessment`.`question` where id='8''
2016-11-29T15:48:44+00:00 [3620] INFO  : DB 46  C:\wamp64\www\assessment\php\manageExams.php  , SQL to get Question Detail : 'SELECT * FROM `assessment`.`question` where id='1''
2016-11-29T15:48:44+00:00 [3620] INFO  : DB 46  C:\wamp64\www\assessment\php\manageExams.php  , SQL to get Question Detail : 'SELECT * FROM `assessment`.`question` where id='48''
2016-11-29T15:48:44+00:00 [3620] INFO  : DB 46  C:\wamp64\www\assessment\php\manageExams.php  , SQL to get Question Detail : 'SELECT * FROM `assessment`.`question` where id='4''
2016-11-29T15:51:44+00:00 [7532] INFO  : DB 266  C:\wamp64\www\assessment\php\manageExams.php  , SQL to get Exam  Id : 'SELECT id FROM `assessment`.`exam` where testname='rohit_123''
2016-11-29T15:51:44+00:00 [7532] INFO  : DB 17  C:\wamp64\www\assessment\php\manageExams.php  , SQL to get all Questions of Exam with name : 'SELECT qstn_id FROM `assessment`.`exam_qstn` where exam_id='3''
2016-11-29T15:51:44+00:00 [7532] INFO  : DB 46  C:\wamp64\www\assessment\php\manageExams.php  , SQL to get Question Detail : 'SELECT * FROM `assessment`.`question` where id='8''
2016-11-29T15:51:44+00:00 [7532] INFO  : DB 46  C:\wamp64\www\assessment\php\manageExams.php  , SQL to get Question Detail : 'SELECT * FROM `assessment`.`question` where id='1''
2016-11-29T15:51:44+00:00 [7532] INFO  : DB 46  C:\wamp64\www\assessment\php\manageExams.php  , SQL to get Question Detail : 'SELECT * FROM `assessment`.`question` where id='48''
2016-11-29T15:51:44+00:00 [7532] INFO  : DB 46  C:\wamp64\www\assessment\php\manageExams.php  , SQL to get Question Detail : 'SELECT * FROM `assessment`.`question` where id='4''
2016-11-29T16:26:28+00:00 [11056] INFO  : DB 267  C:\wamp64\www\assessment\php\manageExams.php  , SQL to get Exam  Id : 'SELECT id FROM `assessment`.`exam` where testname='rohit_123''
2016-11-29T16:26:28+00:00 [11056] INFO  : DB 17  C:\wamp64\www\assessment\php\manageExams.php  , SQL to get all Questions of Exam with name : 'SELECT qstn_id FROM `assessment`.`exam_qstn` where exam_id='3''
2016-11-29T16:26:28+00:00 [11056] INFO  : DB 47  C:\wamp64\www\assessment\php\manageExams.php  , SQL to get Question Detail : 'SELECT * FROM `assessment`.`question` where id='8''
2016-11-29T16:26:28+00:00 [11056] INFO  : DB 47  C:\wamp64\www\assessment\php\manageExams.php  , SQL to get Question Detail : 'SELECT * FROM `assessment`.`question` where id='1''
2016-11-29T16:26:28+00:00 [11056] INFO  : DB 47  C:\wamp64\www\assessment\php\manageExams.php  , SQL to get Question Detail : 'SELECT * FROM `assessment`.`question` where id='48''
2016-11-29T16:26:28+00:00 [11056] INFO  : DB 47  C:\wamp64\www\assessment\php\manageExams.php  , SQL to get Question Detail : 'SELECT * FROM `assessment`.`question` where id='4''
2016-11-29T16:28:22+00:00 [11052] INFO  : DB 267  C:\wamp64\www\assessment\php\manageExams.php  , SQL to get Exam  Id : 'SELECT id FROM `assessment`.`exam` where testname='rohit_123''
2016-11-29T16:28:22+00:00 [11052] INFO  : DB 17  C:\wamp64\www\assessment\php\manageExams.php  , SQL to get all Questions of Exam with name : 'SELECT qstn_id FROM `assessment`.`exam_qstn` where exam_id='3''
2016-11-29T16:28:22+00:00 [11052] INFO  : DB 47  C:\wamp64\www\assessment\php\manageExams.php  , SQL to get Question Detail : 'SELECT * FROM `assessment`.`question` where id='8''
2016-11-29T16:28:22+00:00 [11052] INFO  : DB 47  C:\wamp64\www\assessment\php\manageExams.php  , SQL to get Question Detail : 'SELECT * FROM `assessment`.`question` where id='1''
2016-11-29T16:28:22+00:00 [11052] INFO  : DB 47  C:\wamp64\www\assessment\php\manageExams.php  , SQL to get Question Detail : 'SELECT * FROM `assessment`.`question` where id='48''
2016-11-29T16:28:22+00:00 [11052] INFO  : DB 47  C:\wamp64\www\assessment\php\manageExams.php  , SQL to get Question Detail : 'SELECT * FROM `assessment`.`question` where id='4''
2016-11-29T16:35:22+00:00 [8124] INFO  : DB Get Request with parameter :'exams'
2016-11-29T16:35:22+00:00 [8124] INFO  : DB Get Exam List for subject  : ''
2016-11-29T16:35:22+00:00 [8124] INFO  : DB Get Request with parameter :'ssc'
2016-11-29T16:35:22+00:00 [8124] INFO  : DB Get SSC List from database.
2016-11-29T16:35:22+00:00 [8124] INFO  : DB 231  C:\wamp64\www\assessment\php\manageExams.php  , SQL to get Exam : 'SELECT * FROM `assessment`.`exam`'
2016-11-29T16:35:22+00:00 [8124] INFO  : DB SQL = 'SELECT ssc FROM `assessment`.`jobroles_excel_import`'
2016-11-29T16:36:18+00:00 [3112] INFO  : DB 17  C:\wamp64\www\assessment\php\manageExams.php  , SQL to get all Questions of Exam with name : 'SELECT qstn_id FROM `assessment`.`exam_qstn` where exam_id='rohit_123''
2016-11-29T16:36:59+00:00 [8104] INFO  : DB 17  C:\wamp64\www\assessment\php\manageExams.php  , SQL to get all Questions of Exam with name : 'SELECT qstn_id FROM `assessment`.`exam_qstn` where exam_id='rohit_123''
2016-11-29T16:37:42+00:00 [11120] INFO  : DB 267  C:\wamp64\www\assessment\php\manageExams.php  , SQL to get Exam  Id : 'SELECT id FROM `assessment`.`exam` where testname='rohit_123''
2016-11-29T16:37:42+00:00 [11120] INFO  : DB 17  C:\wamp64\www\assessment\php\manageExams.php  , SQL to get all Questions of Exam with name : 'SELECT qstn_id FROM `assessment`.`exam_qstn` where exam_id='3''
2016-11-29T16:37:42+00:00 [11120] INFO  : DB 47  C:\wamp64\www\assessment\php\manageExams.php  , SQL to get Question Detail : 'SELECT * FROM `assessment`.`question` where id='8''
2016-11-29T16:37:42+00:00 [11120] INFO  : DB 47  C:\wamp64\www\assessment\php\manageExams.php  , SQL to get Question Detail : 'SELECT * FROM `assessment`.`question` where id='1''
2016-11-29T16:37:42+00:00 [11120] INFO  : DB 47  C:\wamp64\www\assessment\php\manageExams.php  , SQL to get Question Detail : 'SELECT * FROM `assessment`.`question` where id='48''
2016-11-29T16:37:42+00:00 [11120] INFO  : DB 47  C:\wamp64\www\assessment\php\manageExams.php  , SQL to get Question Detail : 'SELECT * FROM `assessment`.`question` where id='4''
2016-11-29T16:43:10+00:00 [10440] INFO  : DB 267  C:\wamp64\www\assessment\php\manageExams.php  , SQL to get Exam  Id : 'SELECT id FROM `assessment`.`exam` where testname='rohit_123''
2016-11-29T16:43:10+00:00 [10440] INFO  : DB 17  C:\wamp64\www\assessment\php\manageExams.php  , SQL to get all Questions of Exam with name : 'SELECT qstn_id FROM `assessment`.`exam_qstn` where exam_id='3''
2016-11-29T16:43:10+00:00 [10440] INFO  : DB 47  C:\wamp64\www\assessment\php\manageExams.php  , SQL to get Question Detail : 'SELECT * FROM `assessment`.`question` where id='8''
2016-11-29T16:43:10+00:00 [10440] INFO  : DB 47  C:\wamp64\www\assessment\php\manageExams.php  , SQL to get Question Detail : 'SELECT * FROM `assessment`.`question` where id='1''
2016-11-29T16:43:10+00:00 [10440] INFO  : DB 47  C:\wamp64\www\assessment\php\manageExams.php  , SQL to get Question Detail : 'SELECT * FROM `assessment`.`question` where id='48''
2016-11-29T16:43:10+00:00 [10440] INFO  : DB 47  C:\wamp64\www\assessment\php\manageExams.php  , SQL to get Question Detail : 'SELECT * FROM `assessment`.`question` where id='4''
2016-11-29T16:43:42+00:00 [6056] INFO  : DB 267  C:\wamp64\www\assessment\php\manageExams.php  , SQL to get Exam  Id : 'SELECT id FROM `assessment`.`exam` where testname='rohit_123''
2016-11-29T16:43:42+00:00 [6056] INFO  : DB 17  C:\wamp64\www\assessment\php\manageExams.php  , SQL to get all Questions of Exam with name : 'SELECT qstn_id FROM `assessment`.`exam_qstn` where exam_id='3''
2016-11-29T16:43:42+00:00 [6056] INFO  : DB 47  C:\wamp64\www\assessment\php\manageExams.php  , SQL to get Question Detail : 'SELECT * FROM `assessment`.`question` where id='8''
2016-11-29T16:43:42+00:00 [6056] INFO  : DB 47  C:\wamp64\www\assessment\php\manageExams.php  , SQL to get Question Detail : 'SELECT * FROM `assessment`.`question` where id='1''
2016-11-29T16:43:42+00:00 [6056] INFO  : DB 47  C:\wamp64\www\assessment\php\manageExams.php  , SQL to get Question Detail : 'SELECT * FROM `assessment`.`question` where id='48''
2016-11-29T16:43:42+00:00 [6056] INFO  : DB 47  C:\wamp64\www\assessment\php\manageExams.php  , SQL to get Question Detail : 'SELECT * FROM `assessment`.`question` where id='4''
2016-11-29T16:47:54+00:00 [8964] INFO  : DB 267  C:\wamp64\www\assessment\php\manageExams.php  , SQL to get Exam  Id : 'SELECT id FROM `assessment`.`exam` where testname='rohit_123''
2016-11-29T16:47:54+00:00 [8964] INFO  : DB 17  C:\wamp64\www\assessment\php\manageExams.php  , SQL to get all Questions of Exam with name : 'SELECT qstn_id FROM `assessment`.`exam_qstn` where exam_id='3''
2016-11-29T16:47:54+00:00 [8964] INFO  : DB 47  C:\wamp64\www\assessment\php\manageExams.php  , SQL to get Question Detail : 'SELECT * FROM `assessment`.`question` where id='8''
2016-11-29T16:47:54+00:00 [8964] INFO  : DB 47  C:\wamp64\www\assessment\php\manageExams.php  , SQL to get Question Detail : 'SELECT * FROM `assessment`.`question` where id='1''
2016-11-29T16:47:54+00:00 [8964] INFO  : DB 47  C:\wamp64\www\assessment\php\manageExams.php  , SQL to get Question Detail : 'SELECT * FROM `assessment`.`question` where id='48''
2016-11-29T16:47:54+00:00 [8964] INFO  : DB 47  C:\wamp64\www\assessment\php\manageExams.php  , SQL to get Question Detail : 'SELECT * FROM `assessment`.`question` where id='4''
2016-11-29T17:04:00+00:00 [4444] INFO  : DB 267  C:\wamp64\www\assessment\php\manageExams.php  , SQL to get Exam  Id : 'SELECT id FROM `assessment`.`exam` where testname='rohit_123''
2016-11-29T17:04:00+00:00 [4444] INFO  : DB 17  C:\wamp64\www\assessment\php\manageExams.php  , SQL to get all Questions of Exam with name : 'SELECT qstn_id FROM `assessment`.`exam_qstn` where exam_id='3''
2016-11-29T17:04:00+00:00 [4444] INFO  : DB 47  C:\wamp64\www\assessment\php\manageExams.php  , SQL to get Question Detail : 'SELECT * FROM `assessment`.`question` where id='8''
2016-11-29T17:04:00+00:00 [4444] INFO  : DB 47  C:\wamp64\www\assessment\php\manageExams.php  , SQL to get Question Detail : 'SELECT * FROM `assessment`.`question` where id='1''
2016-11-29T17:04:00+00:00 [4444] INFO  : DB 47  C:\wamp64\www\assessment\php\manageExams.php  , SQL to get Question Detail : 'SELECT * FROM `assessment`.`question` where id='48''
2016-11-29T17:04:00+00:00 [4444] INFO  : DB 47  C:\wamp64\www\assessment\php\manageExams.php  , SQL to get Question Detail : 'SELECT * FROM `assessment`.`question` where id='4''
2016-11-29T17:04:19+00:00 [9464] INFO  : DB 267  C:\wamp64\www\assessment\php\manageExams.php  , SQL to get Exam  Id : 'SELECT id FROM `assessment`.`exam` where testname='rohit_123''
2016-11-29T17:04:19+00:00 [9464] INFO  : DB 17  C:\wamp64\www\assessment\php\manageExams.php  , SQL to get all Questions of Exam with name : 'SELECT qstn_id FROM `assessment`.`exam_qstn` where exam_id='3''
2016-11-29T17:04:19+00:00 [9464] INFO  : DB 47  C:\wamp64\www\assessment\php\manageExams.php  , SQL to get Question Detail : 'SELECT * FROM `assessment`.`question` where id='8''
2016-11-29T17:04:19+00:00 [9464] INFO  : DB 47  C:\wamp64\www\assessment\php\manageExams.php  , SQL to get Question Detail : 'SELECT * FROM `assessment`.`question` where id='1''
2016-11-29T17:04:19+00:00 [9464] INFO  : DB 47  C:\wamp64\www\assessment\php\manageExams.php  , SQL to get Question Detail : 'SELECT * FROM `assessment`.`question` where id='48''
2016-11-29T17:04:19+00:00 [9464] INFO  : DB 47  C:\wamp64\www\assessment\php\manageExams.php  , SQL to get Question Detail : 'SELECT * FROM `assessment`.`question` where id='4''
2016-11-29T17:32:34+00:00 [8124] INFO  : DB Get Request with parameter :'qsntsList'
2016-11-29T17:32:34+00:00 [8124] INFO  : DB 250  C:\wamp64\www\assessment\php\manageQuestions.php Get Questions List for import Page
2016-11-29T17:32:34+00:00 [8124] INFO  : DB 157  C:\wamp64\www\assessment\php\manageQuestions.php  , SQL to get Question : 'SELECT * FROM `assessment`.`question`'
2016-11-29T17:32:39+00:00 [8124] INFO  : DB Get Request with parameter :'batchList'
2016-11-29T17:32:39+00:00 [8124] INFO  : DB 174  C:\wamp64\www\assessment\php\manageBatch.phpGet Batch List
2016-11-29T17:32:39+00:00 [8124] INFO  : DB 100  C:\wamp64\www\assessment\php\manageBatch.php  , SQL to get Batch List : 'SELECT * FROM `assessment`.`batch`'
2016-11-29T17:32:42+00:00 [8124] INFO  : DB Get Request with parameter :'questions'
2016-11-29T17:32:42+00:00 [8124] INFO  : DB Get Questions List for ssc :' and subject  : ''
		and category :'' and module : ''
2016-11-29T17:32:42+00:00 [8124] INFO  : DB 122  C:\wamp64\www\assessment\php\manageQuestions.php  , SQL to get Question List: 'SELECT * FROM `assessment`.`question`'
2016-11-29T17:32:48+00:00 [8124] INFO  : DB Get Request with parameter :'exams'
2016-11-29T17:32:48+00:00 [8124] INFO  : DB Get Exam List for subject  : ''
2016-11-29T17:32:48+00:00 [8124] INFO  : DB Get Request with parameter :'ssc'
2016-11-29T17:32:48+00:00 [8124] INFO  : DB Get SSC List from database.
2016-11-29T17:32:48+00:00 [8124] INFO  : DB SQL = 'SELECT ssc FROM `assessment`.`jobroles_excel_import`'
2016-11-29T17:32:48+00:00 [8124] INFO  : DB 231  C:\wamp64\www\assessment\php\manageExams.php  , SQL to get Exam : 'SELECT * FROM `assessment`.`exam`'
