2016-12-13T15:15:22+00:00 [2392] INFO  : MANAGE TEST 343  C:\wamp64\www\assessment\php\manageExams.php  , SQL to get Exam  Id : 'SELECT id FROM `assessment`.`exam` where testname='rohit_12''
2016-12-13T15:15:22+00:00 [2392] INFO  : MANAGE TEST 156  C:\wamp64\www\assessment\php\manageExams.php  , SQL to get all Questions of Exam with name : 'SELECT qstn_id FROM `assessment`.`exam_qstn` where exam_id='2''
2016-12-13T15:15:22+00:00 [2392] INFO  : MANAGE TEST 174  C:\wamp64\www\assessment\php\manageExams.php  ,Complete Qstn Div = ''
2016-12-13T15:15:45+00:00 [2392] INFO  : MANAGE TEST 343  C:\wamp64\www\assessment\php\manageExams.php  , SQL to get Exam  Id : 'SELECT id FROM `assessment`.`exam` where testname='rohit_123''
2016-12-13T15:15:45+00:00 [2392] INFO  : MANAGE TEST 156  C:\wamp64\www\assessment\php\manageExams.php  , SQL to get all Questions of Exam with name : 'SELECT qstn_id FROM `assessment`.`exam_qstn` where exam_id='3''
2016-12-13T15:15:45+00:00 [2392] INFO  : MANAGE TEST 183  C:\wamp64\www\assessment\php\manageExams.php  , SQL to get Question Detail : 'SELECT * FROM `assessment`.`question` where id='8''
2016-12-13T15:15:46+00:00 [2392] INFO  : MANAGE TEST 228  C:\wamp64\www\assessment\php\manageExams.php  , Qstn Div = ' <div class="form-group"><div id="oddQstn"><div id="8" class="col-xs-14">
				<p id="qstn_p">1. qstn1</p>
				<div><br></div>
				<div id="optiona"><p id="qstn_p"><input id="qstn_checkbox" type="checkbox">
				a</p></div>
				<div><br></div>
				<div id="optionb"><p id="qstn_p"> <input id="qstn_checkbox" type="checkbox">
				b</p>
				</div>
				<div><br></div>
				<div id="optionc"><p id="qstn_p"> <input id="qstn_checkbox" type="checkbox">
				c</p>
				</div>
				<div><br></div>
				<div id="optiond"><p id="qstn_p"><input id="qstn_checkbox" type="checkbox">
				d</p>
				</div>
				<div><br></div>
			 </div></div>
			<div class="col-xs-14"><hr></div></div>'
2016-12-13T15:15:46+00:00 [2392] INFO  : MANAGE TEST 183  C:\wamp64\www\assessment\php\manageExams.php  , SQL to get Question Detail : 'SELECT * FROM `assessment`.`question` where id='1''
2016-12-13T15:15:46+00:00 [2392] INFO  : MANAGE TEST 228  C:\wamp64\www\assessment\php\manageExams.php  , Qstn Div = ' <div class="form-group"><div id="evenQstn"><div id="1" class="col-xs-14">
				<p id="qstn_p">2. testtesttesttesttestesttesttesttesttesttesttesttesttesttesttesttestttesttesttesttesttesttesttestesttesttesttesttesttesttesttesttesttesttesttestttesttesttesttesttesttesttestesttesttesttesttesttesttesttesttesttesttesttestttestttesttesttesttesttestesttesttesttesttesttesttesttesttesttesttesttestttesttestesttesttesttesttestesttesttesttesttesttesttesttesttesttesttesttestttesttesttest</p>
				<div><br></div>
				<div id="optiona"><p id="qstn_p"><input id="qstn_checkbox" type="checkbox">
				answer a</p></div>
				<div><br></div>
				<div id="optionb"><p id="qstn_p"> <input id="qstn_checkbox" type="checkbox">
				b</p>
				</div>
				<div><br></div>
				<div id="optionc"><p id="qstn_p"> <input id="qstn_checkbox" type="checkbox">
				c</p>
				</div>
				<div><br></div>
				<div id="optiond"><p id="qstn_p"><input id="qstn_checkbox" type="checkbox">
				d</p>
				</div>
				<div><br></div>
			 </div></div>
			<div class="col-xs-14"><hr></div></div>'
2016-12-13T15:15:46+00:00 [2392] INFO  : MANAGE TEST 183  C:\wamp64\www\assessment\php\manageExams.php  , SQL to get Question Detail : 'SELECT * FROM `assessment`.`question` where id='48''
2016-12-13T15:15:46+00:00 [2392] INFO  : MANAGE TEST 228  C:\wamp64\www\assessment\php\manageExams.php  , Qstn Div = ' <div class="form-group"><div id="oddQstn"><div id="48" class="col-xs-14">
				<p id="qstn_p">3. qstn1</p>
				<div><br></div>
				<div id="optiona"><p id="qstn_p"><input id="qstn_checkbox" type="checkbox">
				a</p></div>
				<div><br></div>
				<div id="optionb"><p id="qstn_p"> <input id="qstn_checkbox" type="checkbox">
				b</p>
				</div>
				<div><br></div>
				<div id="optionc"><p id="qstn_p"> <input id="qstn_checkbox" type="checkbox">
				c</p>
				</div>
				<div><br></div>
				<div id="optiond"><p id="qstn_p"><input id="qstn_checkbox" type="checkbox">
				d</p>
				</div>
				<div><br></div>
			 </div></div>
			<div class="col-xs-14"><hr></div></div>'
2016-12-13T15:15:46+00:00 [2392] INFO  : MANAGE TEST 183  C:\wamp64\www\assessment\php\manageExams.php  , SQL to get Question Detail : 'SELECT * FROM `assessment`.`question` where id='4''
2016-12-13T15:15:46+00:00 [2392] INFO  : MANAGE TEST 228  C:\wamp64\www\assessment\php\manageExams.php  , Qstn Div = ' <div class="form-group"><div id="evenQstn"><div id="4" class="col-xs-14">
				<p id="qstn_p">4. qstn1</p>
				<div><br></div>
				<div id="optiona"><p id="qstn_p"><input id="qstn_checkbox" type="checkbox">
				a</p></div>
				<div><br></div>
				<div id="optionb"><p id="qstn_p"> <input id="qstn_checkbox" type="checkbox">
				b</p>
				</div>
				<div><br></div>
				<div id="optionc"><p id="qstn_p"> <input id="qstn_checkbox" type="checkbox">
				c</p>
				</div>
				<div><br></div>
				<div id="optiond"><p id="qstn_p"><input id="qstn_checkbox" type="checkbox">
				d</p>
				</div>
				<div><br></div>
			 </div></div>
			<div class="col-xs-14"><hr></div></div>'
2016-12-13T15:15:46+00:00 [2392] INFO  : MANAGE TEST 174  C:\wamp64\www\assessment\php\manageExams.php  ,Complete Qstn Div = ' <div class="form-group"><div id="oddQstn"><div id="8" class="col-xs-14">
				<p id="qstn_p">1. qstn1</p>
				<div><br></div>
				<div id="optiona"><p id="qstn_p"><input id="qstn_checkbox" type="checkbox">
				a</p></div>
				<div><br></div>
				<div id="optionb"><p id="qstn_p"> <input id="qstn_checkbox" type="checkbox">
				b</p>
				</div>
				<div><br></div>
				<div id="optionc"><p id="qstn_p"> <input id="qstn_checkbox" type="checkbox">
				c</p>
				</div>
				<div><br></div>
				<div id="optiond"><p id="qstn_p"><input id="qstn_checkbox" type="checkbox">
				d</p>
				</div>
				<div><br></div>
			 </div></div>
			<div class="col-xs-14"><hr></div></div> <div class="form-group"><div id="evenQstn"><div id="1" class="col-xs-14">
				<p id="qstn_p">2. testtesttesttesttestesttesttesttesttesttesttesttesttesttesttesttestttesttesttesttesttesttesttestesttesttesttesttesttesttesttesttesttesttesttestttesttesttesttesttesttesttestesttesttesttesttesttesttesttesttesttesttesttestttestttesttesttesttesttestesttesttesttesttesttesttesttesttesttesttesttestttesttestesttesttesttesttestesttesttesttesttesttesttesttesttesttesttesttestttesttesttest</p>
				<div><br></div>
				<div id="optiona"><p id="qstn_p"><input id="qstn_checkbox" type="checkbox">
				answer a</p></div>
				<div><br></div>
				<div id="optionb"><p id="qstn_p"> <input id="qstn_checkbox" type="checkbox">
				b</p>
				</div>
				<div><br></div>
				<div id="optionc"><p id="qstn_p"> <input id="qstn_checkbox" type="checkbox">
				c</p>
				</div>
				<div><br></div>
				<div id="optiond"><p id="qstn_p"><input id="qstn_checkbox" type="checkbox">
				d</p>
				</div>
				<div><br></div>
			 </div></div>
			<div class="col-xs-14"><hr></div></div> <div class="form-group"><div id="oddQstn"><div id="48" class="col-xs-14">
				<p id="qstn_p">3. qstn1</p>
				<div><br></div>
				<div id="optiona"><p id="qstn_p"><input id="qstn_checkbox" type="checkbox">
				a</p></div>
				<div><br></div>
				<div id="optionb"><p id="qstn_p"> <input id="qstn_checkbox" type="checkbox">
				b</p>
				</div>
				<div><br></div>
				<div id="optionc"><p id="qstn_p"> <input id="qstn_checkbox" type="checkbox">
				c</p>
				</div>
				<div><br></div>
				<div id="optiond"><p id="qstn_p"><input id="qstn_checkbox" type="checkbox">
				d</p>
				</div>
				<div><br></div>
			 </div></div>
			<div class="col-xs-14"><hr></div></div> <div class="form-group"><div id="evenQstn"><div id="4" class="col-xs-14">
				<p id="qstn_p">4. qstn1</p>
				<div><br></div>
				<div id="optiona"><p id="qstn_p"><input id="qstn_checkbox" type="checkbox">
				a</p></div>
				<div><br></div>
				<div id="optionb"><p id="qstn_p"> <input id="qstn_checkbox" type="checkbox">
				b</p>
				</div>
				<div><br></div>
				<div id="optionc"><p id="qstn_p"> <input id="qstn_checkbox" type="checkbox">
				c</p>
				</div>
				<div><br></div>
				<div id="optiond"><p id="qstn_p"><input id="qstn_checkbox" type="checkbox">
				d</p>
				</div>
				<div><br></div>
			 </div></div>
			<div class="col-xs-14"><hr></div></div>'
2016-12-13T15:15:50+00:00 [2392] INFO  : MANAGE TEST 343  C:\wamp64\www\assessment\php\manageExams.php  , SQL to get Exam  Id : 'SELECT id FROM `assessment`.`exam` where testname='rohit_1234''
2016-12-13T15:15:50+00:00 [2392] INFO  : MANAGE TEST 156  C:\wamp64\www\assessment\php\manageExams.php  , SQL to get all Questions of Exam with name : 'SELECT qstn_id FROM `assessment`.`exam_qstn` where exam_id='4''
2016-12-13T15:15:50+00:00 [2392] INFO  : MANAGE TEST 183  C:\wamp64\www\assessment\php\manageExams.php  , SQL to get Question Detail : 'SELECT * FROM `assessment`.`question` where id='22''
2016-12-13T15:15:50+00:00 [2392] INFO  : MANAGE TEST 228  C:\wamp64\www\assessment\php\manageExams.php  , Qstn Div = ' <div class="form-group"><div id="oddQstn"><div id="22" class="col-xs-14">
				<p id="qstn_p">1. qstn1</p>
				<div><br></div>
				<div id="optiona"><p id="qstn_p"><input id="qstn_checkbox" type="checkbox">
				a</p></div>
				<div><br></div>
				<div id="optionb"><p id="qstn_p"> <input id="qstn_checkbox" type="checkbox">
				b</p>
				</div>
				<div><br></div>
				<div id="optionc"><p id="qstn_p"> <input id="qstn_checkbox" type="checkbox">
				c</p>
				</div>
				<div><br></div>
				<div id="optiond"><p id="qstn_p"><input id="qstn_checkbox" type="checkbox">
				d</p>
				</div>
				<div><br></div>
			 </div></div>
			<div class="col-xs-14"><hr></div></div>'
2016-12-13T15:15:50+00:00 [2392] INFO  : MANAGE TEST 183  C:\wamp64\www\assessment\php\manageExams.php  , SQL to get Question Detail : 'SELECT * FROM `assessment`.`question` where id='46''
2016-12-13T15:15:50+00:00 [2392] INFO  : MANAGE TEST 228  C:\wamp64\www\assessment\php\manageExams.php  , Qstn Div = ' <div class="form-group"><div id="evenQstn"><div id="46" class="col-xs-14">
				<p id="qstn_p">2. qstn1</p>
				<div><br></div>
				<div id="optiona"><p id="qstn_p"><input id="qstn_checkbox" type="checkbox">
				a</p></div>
				<div><br></div>
				<div id="optionb"><p id="qstn_p"> <input id="qstn_checkbox" type="checkbox">
				b</p>
				</div>
				<div><br></div>
				<div id="optionc"><p id="qstn_p"> <input id="qstn_checkbox" type="checkbox">
				c</p>
				</div>
				<div><br></div>
				<div id="optiond"><p id="qstn_p"><input id="qstn_checkbox" type="checkbox">
				d</p>
				</div>
				<div><br></div>
			 </div></div>
			<div class="col-xs-14"><hr></div></div>'
2016-12-13T15:15:50+00:00 [2392] INFO  : MANAGE TEST 183  C:\wamp64\www\assessment\php\manageExams.php  , SQL to get Question Detail : 'SELECT * FROM `assessment`.`question` where id='48''
2016-12-13T15:15:50+00:00 [2392] INFO  : MANAGE TEST 228  C:\wamp64\www\assessment\php\manageExams.php  , Qstn Div = ' <div class="form-group"><div id="oddQstn"><div id="48" class="col-xs-14">
				<p id="qstn_p">3. qstn1</p>
				<div><br></div>
				<div id="optiona"><p id="qstn_p"><input id="qstn_checkbox" type="checkbox">
				a</p></div>
				<div><br></div>
				<div id="optionb"><p id="qstn_p"> <input id="qstn_checkbox" type="checkbox">
				b</p>
				</div>
				<div><br></div>
				<div id="optionc"><p id="qstn_p"> <input id="qstn_checkbox" type="checkbox">
				c</p>
				</div>
				<div><br></div>
				<div id="optiond"><p id="qstn_p"><input id="qstn_checkbox" type="checkbox">
				d</p>
				</div>
				<div><br></div>
			 </div></div>
			<div class="col-xs-14"><hr></div></div>'
2016-12-13T15:15:50+00:00 [2392] INFO  : MANAGE TEST 183  C:\wamp64\www\assessment\php\manageExams.php  , SQL to get Question Detail : 'SELECT * FROM `assessment`.`question` where id='34''
2016-12-13T15:15:50+00:00 [2392] INFO  : MANAGE TEST 228  C:\wamp64\www\assessment\php\manageExams.php  , Qstn Div = ' <div class="form-group"><div id="evenQstn"><div id="34" class="col-xs-14">
				<p id="qstn_p">4. qstn1</p>
				<div><br></div>
				<div id="optiona"><p id="qstn_p"><input id="qstn_checkbox" type="checkbox">
				a</p></div>
				<div><br></div>
				<div id="optionb"><p id="qstn_p"> <input id="qstn_checkbox" type="checkbox">
				b</p>
				</div>
				<div><br></div>
				<div id="optionc"><p id="qstn_p"> <input id="qstn_checkbox" type="checkbox">
				c</p>
				</div>
				<div><br></div>
				<div id="optiond"><p id="qstn_p"><input id="qstn_checkbox" type="checkbox">
				d</p>
				</div>
				<div><br></div>
			 </div></div>
			<div class="col-xs-14"><hr></div></div>'
2016-12-13T15:15:50+00:00 [2392] INFO  : MANAGE TEST 174  C:\wamp64\www\assessment\php\manageExams.php  ,Complete Qstn Div = ' <div class="form-group"><div id="oddQstn"><div id="22" class="col-xs-14">
				<p id="qstn_p">1. qstn1</p>
				<div><br></div>
				<div id="optiona"><p id="qstn_p"><input id="qstn_checkbox" type="checkbox">
				a</p></div>
				<div><br></div>
				<div id="optionb"><p id="qstn_p"> <input id="qstn_checkbox" type="checkbox">
				b</p>
				</div>
				<div><br></div>
				<div id="optionc"><p id="qstn_p"> <input id="qstn_checkbox" type="checkbox">
				c</p>
				</div>
				<div><br></div>
				<div id="optiond"><p id="qstn_p"><input id="qstn_checkbox" type="checkbox">
				d</p>
				</div>
				<div><br></div>
			 </div></div>
			<div class="col-xs-14"><hr></div></div> <div class="form-group"><div id="evenQstn"><div id="46" class="col-xs-14">
				<p id="qstn_p">2. qstn1</p>
				<div><br></div>
				<div id="optiona"><p id="qstn_p"><input id="qstn_checkbox" type="checkbox">
				a</p></div>
				<div><br></div>
				<div id="optionb"><p id="qstn_p"> <input id="qstn_checkbox" type="checkbox">
				b</p>
				</div>
				<div><br></div>
				<div id="optionc"><p id="qstn_p"> <input id="qstn_checkbox" type="checkbox">
				c</p>
				</div>
				<div><br></div>
				<div id="optiond"><p id="qstn_p"><input id="qstn_checkbox" type="checkbox">
				d</p>
				</div>
				<div><br></div>
			 </div></div>
			<div class="col-xs-14"><hr></div></div> <div class="form-group"><div id="oddQstn"><div id="48" class="col-xs-14">
				<p id="qstn_p">3. qstn1</p>
				<div><br></div>
				<div id="optiona"><p id="qstn_p"><input id="qstn_checkbox" type="checkbox">
				a</p></div>
				<div><br></div>
				<div id="optionb"><p id="qstn_p"> <input id="qstn_checkbox" type="checkbox">
				b</p>
				</div>
				<div><br></div>
				<div id="optionc"><p id="qstn_p"> <input id="qstn_checkbox" type="checkbox">
				c</p>
				</div>
				<div><br></div>
				<div id="optiond"><p id="qstn_p"><input id="qstn_checkbox" type="checkbox">
				d</p>
				</div>
				<div><br></div>
			 </div></div>
			<div class="col-xs-14"><hr></div></div> <div class="form-group"><div id="evenQstn"><div id="34" class="col-xs-14">
				<p id="qstn_p">4. qstn1</p>
				<div><br></div>
				<div id="optiona"><p id="qstn_p"><input id="qstn_checkbox" type="checkbox">
				a</p></div>
				<div><br></div>
				<div id="optionb"><p id="qstn_p"> <input id="qstn_checkbox" type="checkbox">
				b</p>
				</div>
				<div><br></div>
				<div id="optionc"><p id="qstn_p"> <input id="qstn_checkbox" type="checkbox">
				c</p>
				</div>
				<div><br></div>
				<div id="optiond"><p id="qstn_p"><input id="qstn_checkbox" type="checkbox">
				d</p>
				</div>
				<div><br></div>
			 </div></div>
			<div class="col-xs-14"><hr></div></div>'
2016-12-13T15:15:55+00:00 [2392] INFO  : MANAGE TEST 343  C:\wamp64\www\assessment\php\manageExams.php  , SQL to get Exam  Id : 'SELECT id FROM `assessment`.`exam` where testname='rohit_12345''
2016-12-13T15:15:55+00:00 [2392] INFO  : MANAGE TEST 156  C:\wamp64\www\assessment\php\manageExams.php  , SQL to get all Questions of Exam with name : 'SELECT qstn_id FROM `assessment`.`exam_qstn` where exam_id='5''
2016-12-13T15:15:55+00:00 [2392] INFO  : MANAGE TEST 183  C:\wamp64\www\assessment\php\manageExams.php  , SQL to get Question Detail : 'SELECT * FROM `assessment`.`question` where id='36''
2016-12-13T15:15:55+00:00 [2392] INFO  : MANAGE TEST 228  C:\wamp64\www\assessment\php\manageExams.php  , Qstn Div = ' <div class="form-group"><div id="oddQstn"><div id="36" class="col-xs-14">
				<p id="qstn_p">1. qstn1</p>
				<div><br></div>
				<div id="optiona"><p id="qstn_p"><input id="qstn_checkbox" type="checkbox">
				a</p></div>
				<div><br></div>
				<div id="optionb"><p id="qstn_p"> <input id="qstn_checkbox" type="checkbox">
				b</p>
				</div>
				<div><br></div>
				<div id="optionc"><p id="qstn_p"> <input id="qstn_checkbox" type="checkbox">
				c</p>
				</div>
				<div><br></div>
				<div id="optiond"><p id="qstn_p"><input id="qstn_checkbox" type="checkbox">
				d</p>
				</div>
				<div><br></div>
			 </div></div>
			<div class="col-xs-14"><hr></div></div>'
2016-12-13T15:15:55+00:00 [2392] INFO  : MANAGE TEST 183  C:\wamp64\www\assessment\php\manageExams.php  , SQL to get Question Detail : 'SELECT * FROM `assessment`.`question` where id='44''
2016-12-13T15:15:55+00:00 [2392] INFO  : MANAGE TEST 228  C:\wamp64\www\assessment\php\manageExams.php  , Qstn Div = ' <div class="form-group"><div id="evenQstn"><div id="44" class="col-xs-14">
				<p id="qstn_p">2. qstn1</p>
				<div><br></div>
				<div id="optiona"><p id="qstn_p"><input id="qstn_checkbox" type="checkbox">
				a</p></div>
				<div><br></div>
				<div id="optionb"><p id="qstn_p"> <input id="qstn_checkbox" type="checkbox">
				b</p>
				</div>
				<div><br></div>
				<div id="optionc"><p id="qstn_p"> <input id="qstn_checkbox" type="checkbox">
				c</p>
				</div>
				<div><br></div>
				<div id="optiond"><p id="qstn_p"><input id="qstn_checkbox" type="checkbox">
				d</p>
				</div>
				<div><br></div>
			 </div></div>
			<div class="col-xs-14"><hr></div></div>'
2016-12-13T15:15:55+00:00 [2392] INFO  : MANAGE TEST 183  C:\wamp64\www\assessment\php\manageExams.php  , SQL to get Question Detail : 'SELECT * FROM `assessment`.`question` where id='48''
2016-12-13T15:15:55+00:00 [2392] INFO  : MANAGE TEST 228  C:\wamp64\www\assessment\php\manageExams.php  , Qstn Div = ' <div class="form-group"><div id="oddQstn"><div id="48" class="col-xs-14">
				<p id="qstn_p">3. qstn1</p>
				<div><br></div>
				<div id="optiona"><p id="qstn_p"><input id="qstn_checkbox" type="checkbox">
				a</p></div>
				<div><br></div>
				<div id="optionb"><p id="qstn_p"> <input id="qstn_checkbox" type="checkbox">
				b</p>
				</div>
				<div><br></div>
				<div id="optionc"><p id="qstn_p"> <input id="qstn_checkbox" type="checkbox">
				c</p>
				</div>
				<div><br></div>
				<div id="optiond"><p id="qstn_p"><input id="qstn_checkbox" type="checkbox">
				d</p>
				</div>
				<div><br></div>
			 </div></div>
			<div class="col-xs-14"><hr></div></div>'
2016-12-13T15:15:55+00:00 [2392] INFO  : MANAGE TEST 183  C:\wamp64\www\assessment\php\manageExams.php  , SQL to get Question Detail : 'SELECT * FROM `assessment`.`question` where id='4''
2016-12-13T15:15:55+00:00 [2392] INFO  : MANAGE TEST 228  C:\wamp64\www\assessment\php\manageExams.php  , Qstn Div = ' <div class="form-group"><div id="evenQstn"><div id="4" class="col-xs-14">
				<p id="qstn_p">4. qstn1</p>
				<div><br></div>
				<div id="optiona"><p id="qstn_p"><input id="qstn_checkbox" type="checkbox">
				a</p></div>
				<div><br></div>
				<div id="optionb"><p id="qstn_p"> <input id="qstn_checkbox" type="checkbox">
				b</p>
				</div>
				<div><br></div>
				<div id="optionc"><p id="qstn_p"> <input id="qstn_checkbox" type="checkbox">
				c</p>
				</div>
				<div><br></div>
				<div id="optiond"><p id="qstn_p"><input id="qstn_checkbox" type="checkbox">
				d</p>
				</div>
				<div><br></div>
			 </div></div>
			<div class="col-xs-14"><hr></div></div>'
2016-12-13T15:15:55+00:00 [2392] INFO  : MANAGE TEST 174  C:\wamp64\www\assessment\php\manageExams.php  ,Complete Qstn Div = ' <div class="form-group"><div id="oddQstn"><div id="36" class="col-xs-14">
				<p id="qstn_p">1. qstn1</p>
				<div><br></div>
				<div id="optiona"><p id="qstn_p"><input id="qstn_checkbox" type="checkbox">
				a</p></div>
				<div><br></div>
				<div id="optionb"><p id="qstn_p"> <input id="qstn_checkbox" type="checkbox">
				b</p>
				</div>
				<div><br></div>
				<div id="optionc"><p id="qstn_p"> <input id="qstn_checkbox" type="checkbox">
				c</p>
				</div>
				<div><br></div>
				<div id="optiond"><p id="qstn_p"><input id="qstn_checkbox" type="checkbox">
				d</p>
				</div>
				<div><br></div>
			 </div></div>
			<div class="col-xs-14"><hr></div></div> <div class="form-group"><div id="evenQstn"><div id="44" class="col-xs-14">
				<p id="qstn_p">2. qstn1</p>
				<div><br></div>
				<div id="optiona"><p id="qstn_p"><input id="qstn_checkbox" type="checkbox">
				a</p></div>
				<div><br></div>
				<div id="optionb"><p id="qstn_p"> <input id="qstn_checkbox" type="checkbox">
				b</p>
				</div>
				<div><br></div>
				<div id="optionc"><p id="qstn_p"> <input id="qstn_checkbox" type="checkbox">
				c</p>
				</div>
				<div><br></div>
				<div id="optiond"><p id="qstn_p"><input id="qstn_checkbox" type="checkbox">
				d</p>
				</div>
				<div><br></div>
			 </div></div>
			<div class="col-xs-14"><hr></div></div> <div class="form-group"><div id="oddQstn"><div id="48" class="col-xs-14">
				<p id="qstn_p">3. qstn1</p>
				<div><br></div>
				<div id="optiona"><p id="qstn_p"><input id="qstn_checkbox" type="checkbox">
				a</p></div>
				<div><br></div>
				<div id="optionb"><p id="qstn_p"> <input id="qstn_checkbox" type="checkbox">
				b</p>
				</div>
				<div><br></div>
				<div id="optionc"><p id="qstn_p"> <input id="qstn_checkbox" type="checkbox">
				c</p>
				</div>
				<div><br></div>
				<div id="optiond"><p id="qstn_p"><input id="qstn_checkbox" type="checkbox">
				d</p>
				</div>
				<div><br></div>
			 </div></div>
			<div class="col-xs-14"><hr></div></div> <div class="form-group"><div id="evenQstn"><div id="4" class="col-xs-14">
				<p id="qstn_p">4. qstn1</p>
				<div><br></div>
				<div id="optiona"><p id="qstn_p"><input id="qstn_checkbox" type="checkbox">
				a</p></div>
				<div><br></div>
				<div id="optionb"><p id="qstn_p"> <input id="qstn_checkbox" type="checkbox">
				b</p>
				</div>
				<div><br></div>
				<div id="optionc"><p id="qstn_p"> <input id="qstn_checkbox" type="checkbox">
				c</p>
				</div>
				<div><br></div>
				<div id="optiond"><p id="qstn_p"><input id="qstn_checkbox" type="checkbox">
				d</p>
				</div>
				<div><br></div>
			 </div></div>
			<div class="col-xs-14"><hr></div></div>'
2016-12-13T15:32:12+00:00 [2392] INFO  : MANAGE TEST 343  C:\wamp64\www\assessment\php\manageExams.php  , SQL to get Exam  Id : 'SELECT id FROM `assessment`.`exam` where testname='rohit_12345''
2016-12-13T15:32:12+00:00 [2392] INFO  : MANAGE TEST 156  C:\wamp64\www\assessment\php\manageExams.php  , SQL to get all Questions of Exam with name : 'SELECT qstn_id FROM `assessment`.`exam_qstn` where exam_id='5''
2016-12-13T15:32:12+00:00 [2392] INFO  : MANAGE TEST 183  C:\wamp64\www\assessment\php\manageExams.php  , SQL to get Question Detail : 'SELECT * FROM `assessment`.`question` where id='36''
2016-12-13T15:32:12+00:00 [2392] INFO  : MANAGE TEST 228  C:\wamp64\www\assessment\php\manageExams.php  , Qstn Div = ' <div class="form-group"><div id="oddQstn"><div id="36" class="col-xs-14">
				<p id="qstn_p">1. qstn1</p>
				<div><br></div>
				<div id="optiona"><p id="qstn_p"><input id="qstn_checkbox" type="checkbox">
				a</p></div>
				<div><br></div>
				<div id="optionb"><p id="qstn_p"> <input id="qstn_checkbox" type="checkbox">
				b</p>
				</div>
				<div><br></div>
				<div id="optionc"><p id="qstn_p"> <input id="qstn_checkbox" type="checkbox">
				c</p>
				</div>
				<div><br></div>
				<div id="optiond"><p id="qstn_p"><input id="qstn_checkbox" type="checkbox">
				d</p>
				</div>
				<div><br></div>
			 </div></div>
			<div class="col-xs-14"><hr></div></div>'
2016-12-13T15:32:12+00:00 [2392] INFO  : MANAGE TEST 183  C:\wamp64\www\assessment\php\manageExams.php  , SQL to get Question Detail : 'SELECT * FROM `assessment`.`question` where id='44''
2016-12-13T15:32:12+00:00 [2392] INFO  : MANAGE TEST 228  C:\wamp64\www\assessment\php\manageExams.php  , Qstn Div = ' <div class="form-group"><div id="evenQstn"><div id="44" class="col-xs-14">
				<p id="qstn_p">2. qstn1</p>
				<div><br></div>
				<div id="optiona"><p id="qstn_p"><input id="qstn_checkbox" type="checkbox">
				a</p></div>
				<div><br></div>
				<div id="optionb"><p id="qstn_p"> <input id="qstn_checkbox" type="checkbox">
				b</p>
				</div>
				<div><br></div>
				<div id="optionc"><p id="qstn_p"> <input id="qstn_checkbox" type="checkbox">
				c</p>
				</div>
				<div><br></div>
				<div id="optiond"><p id="qstn_p"><input id="qstn_checkbox" type="checkbox">
				d</p>
				</div>
				<div><br></div>
			 </div></div>
			<div class="col-xs-14"><hr></div></div>'
2016-12-13T15:32:12+00:00 [2392] INFO  : MANAGE TEST 183  C:\wamp64\www\assessment\php\manageExams.php  , SQL to get Question Detail : 'SELECT * FROM `assessment`.`question` where id='48''
2016-12-13T15:32:12+00:00 [2392] INFO  : MANAGE TEST 228  C:\wamp64\www\assessment\php\manageExams.php  , Qstn Div = ' <div class="form-group"><div id="oddQstn"><div id="48" class="col-xs-14">
				<p id="qstn_p">3. qstn1</p>
				<div><br></div>
				<div id="optiona"><p id="qstn_p"><input id="qstn_checkbox" type="checkbox">
				a</p></div>
				<div><br></div>
				<div id="optionb"><p id="qstn_p"> <input id="qstn_checkbox" type="checkbox">
				b</p>
				</div>
				<div><br></div>
				<div id="optionc"><p id="qstn_p"> <input id="qstn_checkbox" type="checkbox">
				c</p>
				</div>
				<div><br></div>
				<div id="optiond"><p id="qstn_p"><input id="qstn_checkbox" type="checkbox">
				d</p>
				</div>
				<div><br></div>
			 </div></div>
			<div class="col-xs-14"><hr></div></div>'
2016-12-13T15:32:12+00:00 [2392] INFO  : MANAGE TEST 183  C:\wamp64\www\assessment\php\manageExams.php  , SQL to get Question Detail : 'SELECT * FROM `assessment`.`question` where id='4''
2016-12-13T15:32:12+00:00 [2392] INFO  : MANAGE TEST 228  C:\wamp64\www\assessment\php\manageExams.php  , Qstn Div = ' <div class="form-group"><div id="evenQstn"><div id="4" class="col-xs-14">
				<p id="qstn_p">4. qstn1</p>
				<div><br></div>
				<div id="optiona"><p id="qstn_p"><input id="qstn_checkbox" type="checkbox">
				a</p></div>
				<div><br></div>
				<div id="optionb"><p id="qstn_p"> <input id="qstn_checkbox" type="checkbox">
				b</p>
				</div>
				<div><br></div>
				<div id="optionc"><p id="qstn_p"> <input id="qstn_checkbox" type="checkbox">
				c</p>
				</div>
				<div><br></div>
				<div id="optiond"><p id="qstn_p"><input id="qstn_checkbox" type="checkbox">
				d</p>
				</div>
				<div><br></div>
			 </div></div>
			<div class="col-xs-14"><hr></div></div>'
2016-12-13T15:32:12+00:00 [2392] INFO  : MANAGE TEST 174  C:\wamp64\www\assessment\php\manageExams.php  ,Complete Qstn Div = ' <div class="form-group"><div id="oddQstn"><div id="36" class="col-xs-14">
				<p id="qstn_p">1. qstn1</p>
				<div><br></div>
				<div id="optiona"><p id="qstn_p"><input id="qstn_checkbox" type="checkbox">
				a</p></div>
				<div><br></div>
				<div id="optionb"><p id="qstn_p"> <input id="qstn_checkbox" type="checkbox">
				b</p>
				</div>
				<div><br></div>
				<div id="optionc"><p id="qstn_p"> <input id="qstn_checkbox" type="checkbox">
				c</p>
				</div>
				<div><br></div>
				<div id="optiond"><p id="qstn_p"><input id="qstn_checkbox" type="checkbox">
				d</p>
				</div>
				<div><br></div>
			 </div></div>
			<div class="col-xs-14"><hr></div></div> <div class="form-group"><div id="evenQstn"><div id="44" class="col-xs-14">
				<p id="qstn_p">2. qstn1</p>
				<div><br></div>
				<div id="optiona"><p id="qstn_p"><input id="qstn_checkbox" type="checkbox">
				a</p></div>
				<div><br></div>
				<div id="optionb"><p id="qstn_p"> <input id="qstn_checkbox" type="checkbox">
				b</p>
				</div>
				<div><br></div>
				<div id="optionc"><p id="qstn_p"> <input id="qstn_checkbox" type="checkbox">
				c</p>
				</div>
				<div><br></div>
				<div id="optiond"><p id="qstn_p"><input id="qstn_checkbox" type="checkbox">
				d</p>
				</div>
				<div><br></div>
			 </div></div>
			<div class="col-xs-14"><hr></div></div> <div class="form-group"><div id="oddQstn"><div id="48" class="col-xs-14">
				<p id="qstn_p">3. qstn1</p>
				<div><br></div>
				<div id="optiona"><p id="qstn_p"><input id="qstn_checkbox" type="checkbox">
				a</p></div>
				<div><br></div>
				<div id="optionb"><p id="qstn_p"> <input id="qstn_checkbox" type="checkbox">
				b</p>
				</div>
				<div><br></div>
				<div id="optionc"><p id="qstn_p"> <input id="qstn_checkbox" type="checkbox">
				c</p>
				</div>
				<div><br></div>
				<div id="optiond"><p id="qstn_p"><input id="qstn_checkbox" type="checkbox">
				d</p>
				</div>
				<div><br></div>
			 </div></div>
			<div class="col-xs-14"><hr></div></div> <div class="form-group"><div id="evenQstn"><div id="4" class="col-xs-14">
				<p id="qstn_p">4. qstn1</p>
				<div><br></div>
				<div id="optiona"><p id="qstn_p"><input id="qstn_checkbox" type="checkbox">
				a</p></div>
				<div><br></div>
				<div id="optionb"><p id="qstn_p"> <input id="qstn_checkbox" type="checkbox">
				b</p>
				</div>
				<div><br></div>
				<div id="optionc"><p id="qstn_p"> <input id="qstn_checkbox" type="checkbox">
				c</p>
				</div>
				<div><br></div>
				<div id="optiond"><p id="qstn_p"><input id="qstn_checkbox" type="checkbox">
				d</p>
				</div>
				<div><br></div>
			 </div></div>
			<div class="col-xs-14"><hr></div></div>'
