2016-11-28T17:35:03+00:00 [3388] INFO  : DB 46  C:\wamp64\www\assessment\php\manageExams.php  , SQL to get all Questions of Exam with name : 'SELECT qstn_id FROM `assessment`.`exam_qstn` where exam_id='5''
2016-11-28T17:35:03+00:00 [3388] INFO  : DB 73  C:\wamp64\www\assessment\php\manageExams.php  , SQL to get Question Detail : 'SELECT * FROM `assessment`.`question` where id='36''
2016-11-28T17:35:03+00:00 [3388] INFO  : DB 114  C:\wamp64\www\assessment\php\manageExams.php  , Qstn Div = '<div id="36" class="col-xs-14">
				<p id="qstn_p">1. qstn1</p>
				<div><br></div>
				<div id="optiona"><p id="qstn_p"><input id="qstn_checkbox" type="checkbox">
				a</p></div>
				<div><br></div>
				<div id="optionb"><p id="qstn_p"> <input id="qstn_checkbox" type="checkbox">
				b</p>
				</div>
				<div><br></div>
				<div id="optionc"><p id="qstn_p"> <input id="qstn_checkbox" type="checkbox">
				c</p>
				</div>
				<div><br></div>
				<div id="optiond"><p id="qstn_p"><input id="qstn_checkbox" type="checkbox">
				d</p>
				</div>
				<div><br></div>
			 </div>
			<div id="examQuestions" class="col-xs-14"><hr></div>'
2016-11-28T17:35:03+00:00 [3388] INFO  : DB 73  C:\wamp64\www\assessment\php\manageExams.php  , SQL to get Question Detail : 'SELECT * FROM `assessment`.`question` where id='44''
2016-11-28T17:35:03+00:00 [3388] INFO  : DB 114  C:\wamp64\www\assessment\php\manageExams.php  , Qstn Div = '<div id="44" class="col-xs-14">
				<p id="qstn_p">1. qstn1</p>
				<div><br></div>
				<div id="optiona"><p id="qstn_p"><input id="qstn_checkbox" type="checkbox">
				a</p></div>
				<div><br></div>
				<div id="optionb"><p id="qstn_p"> <input id="qstn_checkbox" type="checkbox">
				b</p>
				</div>
				<div><br></div>
				<div id="optionc"><p id="qstn_p"> <input id="qstn_checkbox" type="checkbox">
				c</p>
				</div>
				<div><br></div>
				<div id="optiond"><p id="qstn_p"><input id="qstn_checkbox" type="checkbox">
				d</p>
				</div>
				<div><br></div>
			 </div>
			<div id="examQuestions" class="col-xs-14"><hr></div>'
2016-11-28T17:35:03+00:00 [3388] INFO  : DB 73  C:\wamp64\www\assessment\php\manageExams.php  , SQL to get Question Detail : 'SELECT * FROM `assessment`.`question` where id='48''
2016-11-28T17:35:03+00:00 [3388] INFO  : DB 114  C:\wamp64\www\assessment\php\manageExams.php  , Qstn Div = '<div id="48" class="col-xs-14">
				<p id="qstn_p">1. qstn1</p>
				<div><br></div>
				<div id="optiona"><p id="qstn_p"><input id="qstn_checkbox" type="checkbox">
				a</p></div>
				<div><br></div>
				<div id="optionb"><p id="qstn_p"> <input id="qstn_checkbox" type="checkbox">
				b</p>
				</div>
				<div><br></div>
				<div id="optionc"><p id="qstn_p"> <input id="qstn_checkbox" type="checkbox">
				c</p>
				</div>
				<div><br></div>
				<div id="optiond"><p id="qstn_p"><input id="qstn_checkbox" type="checkbox">
				d</p>
				</div>
				<div><br></div>
			 </div>
			<div id="examQuestions" class="col-xs-14"><hr></div>'
2016-11-28T17:35:03+00:00 [3388] INFO  : DB 73  C:\wamp64\www\assessment\php\manageExams.php  , SQL to get Question Detail : 'SELECT * FROM `assessment`.`question` where id='4''
2016-11-28T17:35:03+00:00 [3388] INFO  : DB 114  C:\wamp64\www\assessment\php\manageExams.php  , Qstn Div = '<div id="4" class="col-xs-14">
				<p id="qstn_p">1. qstn1</p>
				<div><br></div>
				<div id="optiona"><p id="qstn_p"><input id="qstn_checkbox" type="checkbox">
				a</p></div>
				<div><br></div>
				<div id="optionb"><p id="qstn_p"> <input id="qstn_checkbox" type="checkbox">
				b</p>
				</div>
				<div><br></div>
				<div id="optionc"><p id="qstn_p"> <input id="qstn_checkbox" type="checkbox">
				c</p>
				</div>
				<div><br></div>
				<div id="optiond"><p id="qstn_p"><input id="qstn_checkbox" type="checkbox">
				d</p>
				</div>
				<div><br></div>
			 </div>
			<div id="examQuestions" class="col-xs-14"><hr></div>'
2016-11-28T17:35:03+00:00 [3388] INFO  : DB 64  C:\wamp64\www\assessment\php\manageExams.php  ,Complete Qstn Div = '<div id="36" class="col-xs-14">
				<p id="qstn_p">1. qstn1</p>
				<div><br></div>
				<div id="optiona"><p id="qstn_p"><input id="qstn_checkbox" type="checkbox">
				a</p></div>
				<div><br></div>
				<div id="optionb"><p id="qstn_p"> <input id="qstn_checkbox" type="checkbox">
				b</p>
				</div>
				<div><br></div>
				<div id="optionc"><p id="qstn_p"> <input id="qstn_checkbox" type="checkbox">
				c</p>
				</div>
				<div><br></div>
				<div id="optiond"><p id="qstn_p"><input id="qstn_checkbox" type="checkbox">
				d</p>
				</div>
				<div><br></div>
			 </div>
			<div id="examQuestions" class="col-xs-14"><hr></div><div id="44" class="col-xs-14">
				<p id="qstn_p">1. qstn1</p>
				<div><br></div>
				<div id="optiona"><p id="qstn_p"><input id="qstn_checkbox" type="checkbox">
				a</p></div>
				<div><br></div>
				<div id="optionb"><p id="qstn_p"> <input id="qstn_checkbox" type="checkbox">
				b</p>
				</div>
				<div><br></div>
				<div id="optionc"><p id="qstn_p"> <input id="qstn_checkbox" type="checkbox">
				c</p>
				</div>
				<div><br></div>
				<div id="optiond"><p id="qstn_p"><input id="qstn_checkbox" type="checkbox">
				d</p>
				</div>
				<div><br></div>
			 </div>
			<div id="examQuestions" class="col-xs-14"><hr></div><div id="48" class="col-xs-14">
				<p id="qstn_p">1. qstn1</p>
				<div><br></div>
				<div id="optiona"><p id="qstn_p"><input id="qstn_checkbox" type="checkbox">
				a</p></div>
				<div><br></div>
				<div id="optionb"><p id="qstn_p"> <input id="qstn_checkbox" type="checkbox">
				b</p>
				</div>
				<div><br></div>
				<div id="optionc"><p id="qstn_p"> <input id="qstn_checkbox" type="checkbox">
				c</p>
				</div>
				<div><br></div>
				<div id="optiond"><p id="qstn_p"><input id="qstn_checkbox" type="checkbox">
				d</p>
				</div>
				<div><br></div>
			 </div>
			<div id="examQuestions" class="col-xs-14"><hr></div><div id="4" class="col-xs-14">
				<p id="qstn_p">1. qstn1</p>
				<div><br></div>
				<div id="optiona"><p id="qstn_p"><input id="qstn_checkbox" type="checkbox">
				a</p></div>
				<div><br></div>
				<div id="optionb"><p id="qstn_p"> <input id="qstn_checkbox" type="checkbox">
				b</p>
				</div>
				<div><br></div>
				<div id="optionc"><p id="qstn_p"> <input id="qstn_checkbox" type="checkbox">
				c</p>
				</div>
				<div><br></div>
				<div id="optiond"><p id="qstn_p"><input id="qstn_checkbox" type="checkbox">
				d</p>
				</div>
				<div><br></div>
			 </div>
			<div id="examQuestions" class="col-xs-14"><hr></div>'
2016-11-28T17:37:25+00:00 [3388] INFO  : DB 46  C:\wamp64\www\assessment\php\manageExams.php  , SQL to get all Questions of Exam with name : 'SELECT qstn_id FROM `assessment`.`exam_qstn` where exam_id='5''
2016-11-28T17:37:25+00:00 [3388] INFO  : DB 73  C:\wamp64\www\assessment\php\manageExams.php  , SQL to get Question Detail : 'SELECT * FROM `assessment`.`question` where id='36''
2016-11-28T17:37:25+00:00 [3388] INFO  : DB 114  C:\wamp64\www\assessment\php\manageExams.php  , Qstn Div = '<div id="36" class="col-xs-14">
				<p id="qstn_p">1. qstn1</p>
				<div><br></div>
				<div id="optiona"><p id="qstn_p"><input id="qstn_checkbox" type="checkbox">
				a</p></div>
				<div><br></div>
				<div id="optionb"><p id="qstn_p"> <input id="qstn_checkbox" type="checkbox">
				b</p>
				</div>
				<div><br></div>
				<div id="optionc"><p id="qstn_p"> <input id="qstn_checkbox" type="checkbox">
				c</p>
				</div>
				<div><br></div>
				<div id="optiond"><p id="qstn_p"><input id="qstn_checkbox" type="checkbox">
				d</p>
				</div>
				<div><br></div>
			 </div>
			<div id="examQuestions" class="col-xs-14"><hr></div>'
2016-11-28T17:37:25+00:00 [3388] INFO  : DB 73  C:\wamp64\www\assessment\php\manageExams.php  , SQL to get Question Detail : 'SELECT * FROM `assessment`.`question` where id='44''
2016-11-28T17:37:25+00:00 [3388] INFO  : DB 114  C:\wamp64\www\assessment\php\manageExams.php  , Qstn Div = '<div id="44" class="col-xs-14">
				<p id="qstn_p">1. qstn1</p>
				<div><br></div>
				<div id="optiona"><p id="qstn_p"><input id="qstn_checkbox" type="checkbox">
				a</p></div>
				<div><br></div>
				<div id="optionb"><p id="qstn_p"> <input id="qstn_checkbox" type="checkbox">
				b</p>
				</div>
				<div><br></div>
				<div id="optionc"><p id="qstn_p"> <input id="qstn_checkbox" type="checkbox">
				c</p>
				</div>
				<div><br></div>
				<div id="optiond"><p id="qstn_p"><input id="qstn_checkbox" type="checkbox">
				d</p>
				</div>
				<div><br></div>
			 </div>
			<div id="examQuestions" class="col-xs-14"><hr></div>'
2016-11-28T17:37:25+00:00 [3388] INFO  : DB 73  C:\wamp64\www\assessment\php\manageExams.php  , SQL to get Question Detail : 'SELECT * FROM `assessment`.`question` where id='48''
2016-11-28T17:37:25+00:00 [3388] INFO  : DB 114  C:\wamp64\www\assessment\php\manageExams.php  , Qstn Div = '<div id="48" class="col-xs-14">
				<p id="qstn_p">1. qstn1</p>
				<div><br></div>
				<div id="optiona"><p id="qstn_p"><input id="qstn_checkbox" type="checkbox">
				a</p></div>
				<div><br></div>
				<div id="optionb"><p id="qstn_p"> <input id="qstn_checkbox" type="checkbox">
				b</p>
				</div>
				<div><br></div>
				<div id="optionc"><p id="qstn_p"> <input id="qstn_checkbox" type="checkbox">
				c</p>
				</div>
				<div><br></div>
				<div id="optiond"><p id="qstn_p"><input id="qstn_checkbox" type="checkbox">
				d</p>
				</div>
				<div><br></div>
			 </div>
			<div id="examQuestions" class="col-xs-14"><hr></div>'
2016-11-28T17:37:25+00:00 [3388] INFO  : DB 73  C:\wamp64\www\assessment\php\manageExams.php  , SQL to get Question Detail : 'SELECT * FROM `assessment`.`question` where id='4''
2016-11-28T17:37:25+00:00 [3388] INFO  : DB 114  C:\wamp64\www\assessment\php\manageExams.php  , Qstn Div = '<div id="4" class="col-xs-14">
				<p id="qstn_p">1. qstn1</p>
				<div><br></div>
				<div id="optiona"><p id="qstn_p"><input id="qstn_checkbox" type="checkbox">
				a</p></div>
				<div><br></div>
				<div id="optionb"><p id="qstn_p"> <input id="qstn_checkbox" type="checkbox">
				b</p>
				</div>
				<div><br></div>
				<div id="optionc"><p id="qstn_p"> <input id="qstn_checkbox" type="checkbox">
				c</p>
				</div>
				<div><br></div>
				<div id="optiond"><p id="qstn_p"><input id="qstn_checkbox" type="checkbox">
				d</p>
				</div>
				<div><br></div>
			 </div>
			<div id="examQuestions" class="col-xs-14"><hr></div>'
2016-11-28T17:37:25+00:00 [3388] INFO  : DB 64  C:\wamp64\www\assessment\php\manageExams.php  ,Complete Qstn Div = '<div id="36" class="col-xs-14">
				<p id="qstn_p">1. qstn1</p>
				<div><br></div>
				<div id="optiona"><p id="qstn_p"><input id="qstn_checkbox" type="checkbox">
				a</p></div>
				<div><br></div>
				<div id="optionb"><p id="qstn_p"> <input id="qstn_checkbox" type="checkbox">
				b</p>
				</div>
				<div><br></div>
				<div id="optionc"><p id="qstn_p"> <input id="qstn_checkbox" type="checkbox">
				c</p>
				</div>
				<div><br></div>
				<div id="optiond"><p id="qstn_p"><input id="qstn_checkbox" type="checkbox">
				d</p>
				</div>
				<div><br></div>
			 </div>
			<div id="examQuestions" class="col-xs-14"><hr></div><div id="44" class="col-xs-14">
				<p id="qstn_p">1. qstn1</p>
				<div><br></div>
				<div id="optiona"><p id="qstn_p"><input id="qstn_checkbox" type="checkbox">
				a</p></div>
				<div><br></div>
				<div id="optionb"><p id="qstn_p"> <input id="qstn_checkbox" type="checkbox">
				b</p>
				</div>
				<div><br></div>
				<div id="optionc"><p id="qstn_p"> <input id="qstn_checkbox" type="checkbox">
				c</p>
				</div>
				<div><br></div>
				<div id="optiond"><p id="qstn_p"><input id="qstn_checkbox" type="checkbox">
				d</p>
				</div>
				<div><br></div>
			 </div>
			<div id="examQuestions" class="col-xs-14"><hr></div><div id="48" class="col-xs-14">
				<p id="qstn_p">1. qstn1</p>
				<div><br></div>
				<div id="optiona"><p id="qstn_p"><input id="qstn_checkbox" type="checkbox">
				a</p></div>
				<div><br></div>
				<div id="optionb"><p id="qstn_p"> <input id="qstn_checkbox" type="checkbox">
				b</p>
				</div>
				<div><br></div>
				<div id="optionc"><p id="qstn_p"> <input id="qstn_checkbox" type="checkbox">
				c</p>
				</div>
				<div><br></div>
				<div id="optiond"><p id="qstn_p"><input id="qstn_checkbox" type="checkbox">
				d</p>
				</div>
				<div><br></div>
			 </div>
			<div id="examQuestions" class="col-xs-14"><hr></div><div id="4" class="col-xs-14">
				<p id="qstn_p">1. qstn1</p>
				<div><br></div>
				<div id="optiona"><p id="qstn_p"><input id="qstn_checkbox" type="checkbox">
				a</p></div>
				<div><br></div>
				<div id="optionb"><p id="qstn_p"> <input id="qstn_checkbox" type="checkbox">
				b</p>
				</div>
				<div><br></div>
				<div id="optionc"><p id="qstn_p"> <input id="qstn_checkbox" type="checkbox">
				c</p>
				</div>
				<div><br></div>
				<div id="optiond"><p id="qstn_p"><input id="qstn_checkbox" type="checkbox">
				d</p>
				</div>
				<div><br></div>
			 </div>
			<div id="examQuestions" class="col-xs-14"><hr></div>'
2016-11-28T17:37:33+00:00 [3388] INFO  : DB 46  C:\wamp64\www\assessment\php\manageExams.php  , SQL to get all Questions of Exam with name : 'SELECT qstn_id FROM `assessment`.`exam_qstn` where exam_id='5''
2016-11-28T17:37:33+00:00 [3388] INFO  : DB 73  C:\wamp64\www\assessment\php\manageExams.php  , SQL to get Question Detail : 'SELECT * FROM `assessment`.`question` where id='36''
2016-11-28T17:37:33+00:00 [3388] INFO  : DB 114  C:\wamp64\www\assessment\php\manageExams.php  , Qstn Div = '<div id="36" class="col-xs-14">
				<p id="qstn_p">1. qstn1</p>
				<div><br></div>
				<div id="optiona"><p id="qstn_p"><input id="qstn_checkbox" type="checkbox">
				a</p></div>
				<div><br></div>
				<div id="optionb"><p id="qstn_p"> <input id="qstn_checkbox" type="checkbox">
				b</p>
				</div>
				<div><br></div>
				<div id="optionc"><p id="qstn_p"> <input id="qstn_checkbox" type="checkbox">
				c</p>
				</div>
				<div><br></div>
				<div id="optiond"><p id="qstn_p"><input id="qstn_checkbox" type="checkbox">
				d</p>
				</div>
				<div><br></div>
			 </div>
			<div id="examQuestions" class="col-xs-14"><hr></div>'
2016-11-28T17:37:33+00:00 [3388] INFO  : DB 73  C:\wamp64\www\assessment\php\manageExams.php  , SQL to get Question Detail : 'SELECT * FROM `assessment`.`question` where id='44''
2016-11-28T17:37:33+00:00 [3388] INFO  : DB 114  C:\wamp64\www\assessment\php\manageExams.php  , Qstn Div = '<div id="44" class="col-xs-14">
				<p id="qstn_p">1. qstn1</p>
				<div><br></div>
				<div id="optiona"><p id="qstn_p"><input id="qstn_checkbox" type="checkbox">
				a</p></div>
				<div><br></div>
				<div id="optionb"><p id="qstn_p"> <input id="qstn_checkbox" type="checkbox">
				b</p>
				</div>
				<div><br></div>
				<div id="optionc"><p id="qstn_p"> <input id="qstn_checkbox" type="checkbox">
				c</p>
				</div>
				<div><br></div>
				<div id="optiond"><p id="qstn_p"><input id="qstn_checkbox" type="checkbox">
				d</p>
				</div>
				<div><br></div>
			 </div>
			<div id="examQuestions" class="col-xs-14"><hr></div>'
2016-11-28T17:37:33+00:00 [3388] INFO  : DB 73  C:\wamp64\www\assessment\php\manageExams.php  , SQL to get Question Detail : 'SELECT * FROM `assessment`.`question` where id='48''
2016-11-28T17:37:33+00:00 [3388] INFO  : DB 114  C:\wamp64\www\assessment\php\manageExams.php  , Qstn Div = '<div id="48" class="col-xs-14">
				<p id="qstn_p">1. qstn1</p>
				<div><br></div>
				<div id="optiona"><p id="qstn_p"><input id="qstn_checkbox" type="checkbox">
				a</p></div>
				<div><br></div>
				<div id="optionb"><p id="qstn_p"> <input id="qstn_checkbox" type="checkbox">
				b</p>
				</div>
				<div><br></div>
				<div id="optionc"><p id="qstn_p"> <input id="qstn_checkbox" type="checkbox">
				c</p>
				</div>
				<div><br></div>
				<div id="optiond"><p id="qstn_p"><input id="qstn_checkbox" type="checkbox">
				d</p>
				</div>
				<div><br></div>
			 </div>
			<div id="examQuestions" class="col-xs-14"><hr></div>'
2016-11-28T17:37:33+00:00 [3388] INFO  : DB 73  C:\wamp64\www\assessment\php\manageExams.php  , SQL to get Question Detail : 'SELECT * FROM `assessment`.`question` where id='4''
2016-11-28T17:37:33+00:00 [3388] INFO  : DB 114  C:\wamp64\www\assessment\php\manageExams.php  , Qstn Div = '<div id="4" class="col-xs-14">
				<p id="qstn_p">1. qstn1</p>
				<div><br></div>
				<div id="optiona"><p id="qstn_p"><input id="qstn_checkbox" type="checkbox">
				a</p></div>
				<div><br></div>
				<div id="optionb"><p id="qstn_p"> <input id="qstn_checkbox" type="checkbox">
				b</p>
				</div>
				<div><br></div>
				<div id="optionc"><p id="qstn_p"> <input id="qstn_checkbox" type="checkbox">
				c</p>
				</div>
				<div><br></div>
				<div id="optiond"><p id="qstn_p"><input id="qstn_checkbox" type="checkbox">
				d</p>
				</div>
				<div><br></div>
			 </div>
			<div id="examQuestions" class="col-xs-14"><hr></div>'
2016-11-28T17:37:33+00:00 [3388] INFO  : DB 64  C:\wamp64\www\assessment\php\manageExams.php  ,Complete Qstn Div = '<div id="36" class="col-xs-14">
				<p id="qstn_p">1. qstn1</p>
				<div><br></div>
				<div id="optiona"><p id="qstn_p"><input id="qstn_checkbox" type="checkbox">
				a</p></div>
				<div><br></div>
				<div id="optionb"><p id="qstn_p"> <input id="qstn_checkbox" type="checkbox">
				b</p>
				</div>
				<div><br></div>
				<div id="optionc"><p id="qstn_p"> <input id="qstn_checkbox" type="checkbox">
				c</p>
				</div>
				<div><br></div>
				<div id="optiond"><p id="qstn_p"><input id="qstn_checkbox" type="checkbox">
				d</p>
				</div>
				<div><br></div>
			 </div>
			<div id="examQuestions" class="col-xs-14"><hr></div><div id="44" class="col-xs-14">
				<p id="qstn_p">1. qstn1</p>
				<div><br></div>
				<div id="optiona"><p id="qstn_p"><input id="qstn_checkbox" type="checkbox">
				a</p></div>
				<div><br></div>
				<div id="optionb"><p id="qstn_p"> <input id="qstn_checkbox" type="checkbox">
				b</p>
				</div>
				<div><br></div>
				<div id="optionc"><p id="qstn_p"> <input id="qstn_checkbox" type="checkbox">
				c</p>
				</div>
				<div><br></div>
				<div id="optiond"><p id="qstn_p"><input id="qstn_checkbox" type="checkbox">
				d</p>
				</div>
				<div><br></div>
			 </div>
			<div id="examQuestions" class="col-xs-14"><hr></div><div id="48" class="col-xs-14">
				<p id="qstn_p">1. qstn1</p>
				<div><br></div>
				<div id="optiona"><p id="qstn_p"><input id="qstn_checkbox" type="checkbox">
				a</p></div>
				<div><br></div>
				<div id="optionb"><p id="qstn_p"> <input id="qstn_checkbox" type="checkbox">
				b</p>
				</div>
				<div><br></div>
				<div id="optionc"><p id="qstn_p"> <input id="qstn_checkbox" type="checkbox">
				c</p>
				</div>
				<div><br></div>
				<div id="optiond"><p id="qstn_p"><input id="qstn_checkbox" type="checkbox">
				d</p>
				</div>
				<div><br></div>
			 </div>
			<div id="examQuestions" class="col-xs-14"><hr></div><div id="4" class="col-xs-14">
				<p id="qstn_p">1. qstn1</p>
				<div><br></div>
				<div id="optiona"><p id="qstn_p"><input id="qstn_checkbox" type="checkbox">
				a</p></div>
				<div><br></div>
				<div id="optionb"><p id="qstn_p"> <input id="qstn_checkbox" type="checkbox">
				b</p>
				</div>
				<div><br></div>
				<div id="optionc"><p id="qstn_p"> <input id="qstn_checkbox" type="checkbox">
				c</p>
				</div>
				<div><br></div>
				<div id="optiond"><p id="qstn_p"><input id="qstn_checkbox" type="checkbox">
				d</p>
				</div>
				<div><br></div>
			 </div>
			<div id="examQuestions" class="col-xs-14"><hr></div>'
2016-11-28T17:38:05+00:00 [3388] INFO  : DB 46  C:\wamp64\www\assessment\php\manageExams.php  , SQL to get all Questions of Exam with name : 'SELECT qstn_id FROM `assessment`.`exam_qstn` where exam_id='5''
2016-11-28T17:38:05+00:00 [3388] INFO  : DB 73  C:\wamp64\www\assessment\php\manageExams.php  , SQL to get Question Detail : 'SELECT * FROM `assessment`.`question` where id='36''
2016-11-28T17:38:05+00:00 [3388] INFO  : DB 114  C:\wamp64\www\assessment\php\manageExams.php  , Qstn Div = '<div id="36" class="col-xs-14">
				<p id="qstn_p">1. qstn1</p>
				<div><br></div>
				<div id="optiona"><p id="qstn_p"><input id="qstn_checkbox" type="checkbox">
				a</p></div>
				<div><br></div>
				<div id="optionb"><p id="qstn_p"> <input id="qstn_checkbox" type="checkbox">
				b</p>
				</div>
				<div><br></div>
				<div id="optionc"><p id="qstn_p"> <input id="qstn_checkbox" type="checkbox">
				c</p>
				</div>
				<div><br></div>
				<div id="optiond"><p id="qstn_p"><input id="qstn_checkbox" type="checkbox">
				d</p>
				</div>
				<div><br></div>
			 </div>
			<div id="examQuestions" class="col-xs-14"><hr></div>'
2016-11-28T17:38:05+00:00 [3388] INFO  : DB 73  C:\wamp64\www\assessment\php\manageExams.php  , SQL to get Question Detail : 'SELECT * FROM `assessment`.`question` where id='44''
2016-11-28T17:38:05+00:00 [3388] INFO  : DB 114  C:\wamp64\www\assessment\php\manageExams.php  , Qstn Div = '<div id="44" class="col-xs-14">
				<p id="qstn_p">1. qstn1</p>
				<div><br></div>
				<div id="optiona"><p id="qstn_p"><input id="qstn_checkbox" type="checkbox">
				a</p></div>
				<div><br></div>
				<div id="optionb"><p id="qstn_p"> <input id="qstn_checkbox" type="checkbox">
				b</p>
				</div>
				<div><br></div>
				<div id="optionc"><p id="qstn_p"> <input id="qstn_checkbox" type="checkbox">
				c</p>
				</div>
				<div><br></div>
				<div id="optiond"><p id="qstn_p"><input id="qstn_checkbox" type="checkbox">
				d</p>
				</div>
				<div><br></div>
			 </div>
			<div id="examQuestions" class="col-xs-14"><hr></div>'
2016-11-28T17:38:05+00:00 [3388] INFO  : DB 73  C:\wamp64\www\assessment\php\manageExams.php  , SQL to get Question Detail : 'SELECT * FROM `assessment`.`question` where id='48''
2016-11-28T17:38:05+00:00 [3388] INFO  : DB 114  C:\wamp64\www\assessment\php\manageExams.php  , Qstn Div = '<div id="48" class="col-xs-14">
				<p id="qstn_p">1. qstn1</p>
				<div><br></div>
				<div id="optiona"><p id="qstn_p"><input id="qstn_checkbox" type="checkbox">
				a</p></div>
				<div><br></div>
				<div id="optionb"><p id="qstn_p"> <input id="qstn_checkbox" type="checkbox">
				b</p>
				</div>
				<div><br></div>
				<div id="optionc"><p id="qstn_p"> <input id="qstn_checkbox" type="checkbox">
				c</p>
				</div>
				<div><br></div>
				<div id="optiond"><p id="qstn_p"><input id="qstn_checkbox" type="checkbox">
				d</p>
				</div>
				<div><br></div>
			 </div>
			<div id="examQuestions" class="col-xs-14"><hr></div>'
2016-11-28T17:38:05+00:00 [3388] INFO  : DB 73  C:\wamp64\www\assessment\php\manageExams.php  , SQL to get Question Detail : 'SELECT * FROM `assessment`.`question` where id='4''
2016-11-28T17:38:05+00:00 [3388] INFO  : DB 114  C:\wamp64\www\assessment\php\manageExams.php  , Qstn Div = '<div id="4" class="col-xs-14">
				<p id="qstn_p">1. qstn1</p>
				<div><br></div>
				<div id="optiona"><p id="qstn_p"><input id="qstn_checkbox" type="checkbox">
				a</p></div>
				<div><br></div>
				<div id="optionb"><p id="qstn_p"> <input id="qstn_checkbox" type="checkbox">
				b</p>
				</div>
				<div><br></div>
				<div id="optionc"><p id="qstn_p"> <input id="qstn_checkbox" type="checkbox">
				c</p>
				</div>
				<div><br></div>
				<div id="optiond"><p id="qstn_p"><input id="qstn_checkbox" type="checkbox">
				d</p>
				</div>
				<div><br></div>
			 </div>
			<div id="examQuestions" class="col-xs-14"><hr></div>'
2016-11-28T17:38:05+00:00 [3388] INFO  : DB 64  C:\wamp64\www\assessment\php\manageExams.php  ,Complete Qstn Div = '<div id="36" class="col-xs-14">
				<p id="qstn_p">1. qstn1</p>
				<div><br></div>
				<div id="optiona"><p id="qstn_p"><input id="qstn_checkbox" type="checkbox">
				a</p></div>
				<div><br></div>
				<div id="optionb"><p id="qstn_p"> <input id="qstn_checkbox" type="checkbox">
				b</p>
				</div>
				<div><br></div>
				<div id="optionc"><p id="qstn_p"> <input id="qstn_checkbox" type="checkbox">
				c</p>
				</div>
				<div><br></div>
				<div id="optiond"><p id="qstn_p"><input id="qstn_checkbox" type="checkbox">
				d</p>
				</div>
				<div><br></div>
			 </div>
			<div id="examQuestions" class="col-xs-14"><hr></div><div id="44" class="col-xs-14">
				<p id="qstn_p">1. qstn1</p>
				<div><br></div>
				<div id="optiona"><p id="qstn_p"><input id="qstn_checkbox" type="checkbox">
				a</p></div>
				<div><br></div>
				<div id="optionb"><p id="qstn_p"> <input id="qstn_checkbox" type="checkbox">
				b</p>
				</div>
				<div><br></div>
				<div id="optionc"><p id="qstn_p"> <input id="qstn_checkbox" type="checkbox">
				c</p>
				</div>
				<div><br></div>
				<div id="optiond"><p id="qstn_p"><input id="qstn_checkbox" type="checkbox">
				d</p>
				</div>
				<div><br></div>
			 </div>
			<div id="examQuestions" class="col-xs-14"><hr></div><div id="48" class="col-xs-14">
				<p id="qstn_p">1. qstn1</p>
				<div><br></div>
				<div id="optiona"><p id="qstn_p"><input id="qstn_checkbox" type="checkbox">
				a</p></div>
				<div><br></div>
				<div id="optionb"><p id="qstn_p"> <input id="qstn_checkbox" type="checkbox">
				b</p>
				</div>
				<div><br></div>
				<div id="optionc"><p id="qstn_p"> <input id="qstn_checkbox" type="checkbox">
				c</p>
				</div>
				<div><br></div>
				<div id="optiond"><p id="qstn_p"><input id="qstn_checkbox" type="checkbox">
				d</p>
				</div>
				<div><br></div>
			 </div>
			<div id="examQuestions" class="col-xs-14"><hr></div><div id="4" class="col-xs-14">
				<p id="qstn_p">1. qstn1</p>
				<div><br></div>
				<div id="optiona"><p id="qstn_p"><input id="qstn_checkbox" type="checkbox">
				a</p></div>
				<div><br></div>
				<div id="optionb"><p id="qstn_p"> <input id="qstn_checkbox" type="checkbox">
				b</p>
				</div>
				<div><br></div>
				<div id="optionc"><p id="qstn_p"> <input id="qstn_checkbox" type="checkbox">
				c</p>
				</div>
				<div><br></div>
				<div id="optiond"><p id="qstn_p"><input id="qstn_checkbox" type="checkbox">
				d</p>
				</div>
				<div><br></div>
			 </div>
			<div id="examQuestions" class="col-xs-14"><hr></div>'
2016-11-28T17:40:39+00:00 [3388] INFO  : DB 46  C:\wamp64\www\assessment\php\manageExams.php  , SQL to get all Questions of Exam with name : 'SELECT qstn_id FROM `assessment`.`exam_qstn` where exam_id='5''
2016-11-28T17:40:39+00:00 [3388] INFO  : DB 73  C:\wamp64\www\assessment\php\manageExams.php  , SQL to get Question Detail : 'SELECT * FROM `assessment`.`question` where id='36''
2016-11-28T17:40:39+00:00 [3388] INFO  : DB 114  C:\wamp64\www\assessment\php\manageExams.php  , Qstn Div = '<div id="36" class="col-xs-14">
				<p id="qstn_p">1. qstn1</p>
				<div><br></div>
				<div id="optiona"><p id="qstn_p"><input id="qstn_checkbox" type="checkbox">
				a</p></div>
				<div><br></div>
				<div id="optionb"><p id="qstn_p"> <input id="qstn_checkbox" type="checkbox">
				b</p>
				</div>
				<div><br></div>
				<div id="optionc"><p id="qstn_p"> <input id="qstn_checkbox" type="checkbox">
				c</p>
				</div>
				<div><br></div>
				<div id="optiond"><p id="qstn_p"><input id="qstn_checkbox" type="checkbox">
				d</p>
				</div>
				<div><br></div>
			 </div>
			<div id="examQuestions" class="col-xs-14"><hr></div>'
2016-11-28T17:40:39+00:00 [3388] INFO  : DB 73  C:\wamp64\www\assessment\php\manageExams.php  , SQL to get Question Detail : 'SELECT * FROM `assessment`.`question` where id='44''
2016-11-28T17:40:39+00:00 [3388] INFO  : DB 114  C:\wamp64\www\assessment\php\manageExams.php  , Qstn Div = '<div id="44" class="col-xs-14">
				<p id="qstn_p">1. qstn1</p>
				<div><br></div>
				<div id="optiona"><p id="qstn_p"><input id="qstn_checkbox" type="checkbox">
				a</p></div>
				<div><br></div>
				<div id="optionb"><p id="qstn_p"> <input id="qstn_checkbox" type="checkbox">
				b</p>
				</div>
				<div><br></div>
				<div id="optionc"><p id="qstn_p"> <input id="qstn_checkbox" type="checkbox">
				c</p>
				</div>
				<div><br></div>
				<div id="optiond"><p id="qstn_p"><input id="qstn_checkbox" type="checkbox">
				d</p>
				</div>
				<div><br></div>
			 </div>
			<div id="examQuestions" class="col-xs-14"><hr></div>'
2016-11-28T17:40:39+00:00 [3388] INFO  : DB 73  C:\wamp64\www\assessment\php\manageExams.php  , SQL to get Question Detail : 'SELECT * FROM `assessment`.`question` where id='48''
2016-11-28T17:40:39+00:00 [3388] INFO  : DB 114  C:\wamp64\www\assessment\php\manageExams.php  , Qstn Div = '<div id="48" class="col-xs-14">
				<p id="qstn_p">1. qstn1</p>
				<div><br></div>
				<div id="optiona"><p id="qstn_p"><input id="qstn_checkbox" type="checkbox">
				a</p></div>
				<div><br></div>
				<div id="optionb"><p id="qstn_p"> <input id="qstn_checkbox" type="checkbox">
				b</p>
				</div>
				<div><br></div>
				<div id="optionc"><p id="qstn_p"> <input id="qstn_checkbox" type="checkbox">
				c</p>
				</div>
				<div><br></div>
				<div id="optiond"><p id="qstn_p"><input id="qstn_checkbox" type="checkbox">
				d</p>
				</div>
				<div><br></div>
			 </div>
			<div id="examQuestions" class="col-xs-14"><hr></div>'
2016-11-28T17:40:39+00:00 [3388] INFO  : DB 73  C:\wamp64\www\assessment\php\manageExams.php  , SQL to get Question Detail : 'SELECT * FROM `assessment`.`question` where id='4''
2016-11-28T17:40:39+00:00 [3388] INFO  : DB 114  C:\wamp64\www\assessment\php\manageExams.php  , Qstn Div = '<div id="4" class="col-xs-14">
				<p id="qstn_p">1. qstn1</p>
				<div><br></div>
				<div id="optiona"><p id="qstn_p"><input id="qstn_checkbox" type="checkbox">
				a</p></div>
				<div><br></div>
				<div id="optionb"><p id="qstn_p"> <input id="qstn_checkbox" type="checkbox">
				b</p>
				</div>
				<div><br></div>
				<div id="optionc"><p id="qstn_p"> <input id="qstn_checkbox" type="checkbox">
				c</p>
				</div>
				<div><br></div>
				<div id="optiond"><p id="qstn_p"><input id="qstn_checkbox" type="checkbox">
				d</p>
				</div>
				<div><br></div>
			 </div>
			<div id="examQuestions" class="col-xs-14"><hr></div>'
2016-11-28T17:40:39+00:00 [3388] INFO  : DB 64  C:\wamp64\www\assessment\php\manageExams.php  ,Complete Qstn Div = '<div id="36" class="col-xs-14">
				<p id="qstn_p">1. qstn1</p>
				<div><br></div>
				<div id="optiona"><p id="qstn_p"><input id="qstn_checkbox" type="checkbox">
				a</p></div>
				<div><br></div>
				<div id="optionb"><p id="qstn_p"> <input id="qstn_checkbox" type="checkbox">
				b</p>
				</div>
				<div><br></div>
				<div id="optionc"><p id="qstn_p"> <input id="qstn_checkbox" type="checkbox">
				c</p>
				</div>
				<div><br></div>
				<div id="optiond"><p id="qstn_p"><input id="qstn_checkbox" type="checkbox">
				d</p>
				</div>
				<div><br></div>
			 </div>
			<div id="examQuestions" class="col-xs-14"><hr></div><div id="44" class="col-xs-14">
				<p id="qstn_p">1. qstn1</p>
				<div><br></div>
				<div id="optiona"><p id="qstn_p"><input id="qstn_checkbox" type="checkbox">
				a</p></div>
				<div><br></div>
				<div id="optionb"><p id="qstn_p"> <input id="qstn_checkbox" type="checkbox">
				b</p>
				</div>
				<div><br></div>
				<div id="optionc"><p id="qstn_p"> <input id="qstn_checkbox" type="checkbox">
				c</p>
				</div>
				<div><br></div>
				<div id="optiond"><p id="qstn_p"><input id="qstn_checkbox" type="checkbox">
				d</p>
				</div>
				<div><br></div>
			 </div>
			<div id="examQuestions" class="col-xs-14"><hr></div><div id="48" class="col-xs-14">
				<p id="qstn_p">1. qstn1</p>
				<div><br></div>
				<div id="optiona"><p id="qstn_p"><input id="qstn_checkbox" type="checkbox">
				a</p></div>
				<div><br></div>
				<div id="optionb"><p id="qstn_p"> <input id="qstn_checkbox" type="checkbox">
				b</p>
				</div>
				<div><br></div>
				<div id="optionc"><p id="qstn_p"> <input id="qstn_checkbox" type="checkbox">
				c</p>
				</div>
				<div><br></div>
				<div id="optiond"><p id="qstn_p"><input id="qstn_checkbox" type="checkbox">
				d</p>
				</div>
				<div><br></div>
			 </div>
			<div id="examQuestions" class="col-xs-14"><hr></div><div id="4" class="col-xs-14">
				<p id="qstn_p">1. qstn1</p>
				<div><br></div>
				<div id="optiona"><p id="qstn_p"><input id="qstn_checkbox" type="checkbox">
				a</p></div>
				<div><br></div>
				<div id="optionb"><p id="qstn_p"> <input id="qstn_checkbox" type="checkbox">
				b</p>
				</div>
				<div><br></div>
				<div id="optionc"><p id="qstn_p"> <input id="qstn_checkbox" type="checkbox">
				c</p>
				</div>
				<div><br></div>
				<div id="optiond"><p id="qstn_p"><input id="qstn_checkbox" type="checkbox">
				d</p>
				</div>
				<div><br></div>
			 </div>
			<div id="examQuestions" class="col-xs-14"><hr></div>'
