2016-12-14T15:16:54+00:00 [7356] INFO  : MANAGE TEST 343  C:\wamp64\www\assessment\php\manageExams.php  , SQL to get Exam  Id : 'SELECT id FROM `assessment`.`exam` where testname='rohit_123''
2016-12-14T15:16:54+00:00 [7356] INFO  : MANAGE TEST 156  C:\wamp64\www\assessment\php\manageExams.php  , SQL to get all Questions of Exam with name : 'SELECT qstn_id FROM `assessment`.`exam_qstn` where exam_id='3''
2016-12-14T15:16:54+00:00 [7356] INFO  : MANAGE TEST 183  C:\wamp64\www\assessment\php\manageExams.php  , SQL to get Question Detail : 'SELECT * FROM `assessment`.`question` where id='8''
2016-12-14T15:16:54+00:00 [7356] INFO  : MANAGE TEST 228  C:\wamp64\www\assessment\php\manageExams.php  , Qstn Div = ' <div class="form-group"><div id="oddQstn"><div id="8" class="col-xs-14">
				<p id="qstn_p">1. qstn1</p>
				<div><br></div>
				<div id="optiona"><p id="qstn_p"><input id="qstn_checkbox" type="checkbox">
				a</p></div>
				<div><br></div>
				<div id="optionb"><p id="qstn_p"> <input id="qstn_checkbox" type="checkbox">
				b</p>
				</div>
				<div><br></div>
				<div id="optionc"><p id="qstn_p"> <input id="qstn_checkbox" type="checkbox">
				c</p>
				</div>
				<div><br></div>
				<div id="optiond"><p id="qstn_p"><input id="qstn_checkbox" type="checkbox">
				d</p>
				</div>
				<div><br></div>
			 </div></div>
			<div class="col-xs-14"><hr></div></div>'
2016-12-14T15:16:54+00:00 [7356] INFO  : MANAGE TEST 183  C:\wamp64\www\assessment\php\manageExams.php  , SQL to get Question Detail : 'SELECT * FROM `assessment`.`question` where id='1''
2016-12-14T15:16:54+00:00 [7356] INFO  : MANAGE TEST 228  C:\wamp64\www\assessment\php\manageExams.php  , Qstn Div = ' <div class="form-group"><div id="evenQstn"><div id="1" class="col-xs-14">
				<p id="qstn_p">2. test Question A</p>
				<div><br></div>
				<div id="optiona"><p id="qstn_p"><input id="qstn_checkbox" type="checkbox">
				answer a</p></div>
				<div><br></div>
				<div id="optionb"><p id="qstn_p"> <input id="qstn_checkbox" type="checkbox">
				b</p>
				</div>
				<div><br></div>
				<div id="optionc"><p id="qstn_p"> <input id="qstn_checkbox" type="checkbox">
				c</p>
				</div>
				<div><br></div>
				<div id="optiond"><p id="qstn_p"><input id="qstn_checkbox" type="checkbox">
				d</p>
				</div>
				<div><br></div>
			 </div></div>
			<div class="col-xs-14"><hr></div></div>'
2016-12-14T15:16:54+00:00 [7356] INFO  : MANAGE TEST 183  C:\wamp64\www\assessment\php\manageExams.php  , SQL to get Question Detail : 'SELECT * FROM `assessment`.`question` where id='48''
2016-12-14T15:16:54+00:00 [7356] INFO  : MANAGE TEST 228  C:\wamp64\www\assessment\php\manageExams.php  , Qstn Div = ' <div class="form-group"><div id="oddQstn"><div id="48" class="col-xs-14">
				<p id="qstn_p">3. qstn1</p>
				<div><br></div>
				<div id="optiona"><p id="qstn_p"><input id="qstn_checkbox" type="checkbox">
				a</p></div>
				<div><br></div>
				<div id="optionb"><p id="qstn_p"> <input id="qstn_checkbox" type="checkbox">
				b</p>
				</div>
				<div><br></div>
				<div id="optionc"><p id="qstn_p"> <input id="qstn_checkbox" type="checkbox">
				c</p>
				</div>
				<div><br></div>
				<div id="optiond"><p id="qstn_p"><input id="qstn_checkbox" type="checkbox">
				d</p>
				</div>
				<div><br></div>
			 </div></div>
			<div class="col-xs-14"><hr></div></div>'
2016-12-14T15:16:54+00:00 [7356] INFO  : MANAGE TEST 183  C:\wamp64\www\assessment\php\manageExams.php  , SQL to get Question Detail : 'SELECT * FROM `assessment`.`question` where id='4''
2016-12-14T15:16:54+00:00 [7356] INFO  : MANAGE TEST 228  C:\wamp64\www\assessment\php\manageExams.php  , Qstn Div = ' <div class="form-group"><div id="evenQstn"><div id="4" class="col-xs-14">
				<p id="qstn_p">4. qstn1</p>
				<div><br></div>
				<div id="optiona"><p id="qstn_p"><input id="qstn_checkbox" type="checkbox">
				a</p></div>
				<div><br></div>
				<div id="optionb"><p id="qstn_p"> <input id="qstn_checkbox" type="checkbox">
				b</p>
				</div>
				<div><br></div>
				<div id="optionc"><p id="qstn_p"> <input id="qstn_checkbox" type="checkbox">
				c</p>
				</div>
				<div><br></div>
				<div id="optiond"><p id="qstn_p"><input id="qstn_checkbox" type="checkbox">
				d</p>
				</div>
				<div><br></div>
			 </div></div>
			<div class="col-xs-14"><hr></div></div>'
2016-12-14T15:16:54+00:00 [7356] INFO  : MANAGE TEST 174  C:\wamp64\www\assessment\php\manageExams.php  ,Complete Qstn Div = ' <div class="form-group"><div id="oddQstn"><div id="8" class="col-xs-14">
				<p id="qstn_p">1. qstn1</p>
				<div><br></div>
				<div id="optiona"><p id="qstn_p"><input id="qstn_checkbox" type="checkbox">
				a</p></div>
				<div><br></div>
				<div id="optionb"><p id="qstn_p"> <input id="qstn_checkbox" type="checkbox">
				b</p>
				</div>
				<div><br></div>
				<div id="optionc"><p id="qstn_p"> <input id="qstn_checkbox" type="checkbox">
				c</p>
				</div>
				<div><br></div>
				<div id="optiond"><p id="qstn_p"><input id="qstn_checkbox" type="checkbox">
				d</p>
				</div>
				<div><br></div>
			 </div></div>
			<div class="col-xs-14"><hr></div></div> <div class="form-group"><div id="evenQstn"><div id="1" class="col-xs-14">
				<p id="qstn_p">2. test Question A</p>
				<div><br></div>
				<div id="optiona"><p id="qstn_p"><input id="qstn_checkbox" type="checkbox">
				answer a</p></div>
				<div><br></div>
				<div id="optionb"><p id="qstn_p"> <input id="qstn_checkbox" type="checkbox">
				b</p>
				</div>
				<div><br></div>
				<div id="optionc"><p id="qstn_p"> <input id="qstn_checkbox" type="checkbox">
				c</p>
				</div>
				<div><br></div>
				<div id="optiond"><p id="qstn_p"><input id="qstn_checkbox" type="checkbox">
				d</p>
				</div>
				<div><br></div>
			 </div></div>
			<div class="col-xs-14"><hr></div></div> <div class="form-group"><div id="oddQstn"><div id="48" class="col-xs-14">
				<p id="qstn_p">3. qstn1</p>
				<div><br></div>
				<div id="optiona"><p id="qstn_p"><input id="qstn_checkbox" type="checkbox">
				a</p></div>
				<div><br></div>
				<div id="optionb"><p id="qstn_p"> <input id="qstn_checkbox" type="checkbox">
				b</p>
				</div>
				<div><br></div>
				<div id="optionc"><p id="qstn_p"> <input id="qstn_checkbox" type="checkbox">
				c</p>
				</div>
				<div><br></div>
				<div id="optiond"><p id="qstn_p"><input id="qstn_checkbox" type="checkbox">
				d</p>
				</div>
				<div><br></div>
			 </div></div>
			<div class="col-xs-14"><hr></div></div> <div class="form-group"><div id="evenQstn"><div id="4" class="col-xs-14">
				<p id="qstn_p">4. qstn1</p>
				<div><br></div>
				<div id="optiona"><p id="qstn_p"><input id="qstn_checkbox" type="checkbox">
				a</p></div>
				<div><br></div>
				<div id="optionb"><p id="qstn_p"> <input id="qstn_checkbox" type="checkbox">
				b</p>
				</div>
				<div><br></div>
				<div id="optionc"><p id="qstn_p"> <input id="qstn_checkbox" type="checkbox">
				c</p>
				</div>
				<div><br></div>
				<div id="optiond"><p id="qstn_p"><input id="qstn_checkbox" type="checkbox">
				d</p>
				</div>
				<div><br></div>
			 </div></div>
			<div class="col-xs-14"><hr></div></div>'
2016-12-14T15:58:34+00:00 [7356] INFO  : MANAGE TEST 343  C:\wamp64\www\assessment\php\manageExams.php  , SQL to get Exam  Id : 'SELECT id FROM `assessment`.`exam` where testname='rohit_123''
2016-12-14T15:58:35+00:00 [7356] INFO  : MANAGE TEST 156  C:\wamp64\www\assessment\php\manageExams.php  , SQL to get all Questions of Exam with name : 'SELECT qstn_id FROM `assessment`.`exam_qstn` where exam_id='3''
2016-12-14T15:58:35+00:00 [7356] INFO  : MANAGE TEST 183  C:\wamp64\www\assessment\php\manageExams.php  , SQL to get Question Detail : 'SELECT * FROM `assessment`.`question` where id='8''
2016-12-14T15:58:35+00:00 [7356] INFO  : MANAGE TEST 228  C:\wamp64\www\assessment\php\manageExams.php  , Qstn Div = ' <div class="form-group"><div id="oddQstn"><div id="8" class="col-xs-14">
				<p id="qstn_p">1. qstn1</p>
				<div><br></div>
				<div id="optiona"><p id="qstn_p"><input id="qstn_checkbox" type="checkbox">
				a</p></div>
				<div><br></div>
				<div id="optionb"><p id="qstn_p"> <input id="qstn_checkbox" type="checkbox">
				b</p>
				</div>
				<div><br></div>
				<div id="optionc"><p id="qstn_p"> <input id="qstn_checkbox" type="checkbox">
				c</p>
				</div>
				<div><br></div>
				<div id="optiond"><p id="qstn_p"><input id="qstn_checkbox" type="checkbox">
				d</p>
				</div>
				<div><br></div>
			 </div></div>
			<div class="col-xs-14"><hr></div></div>'
2016-12-14T15:58:35+00:00 [7356] INFO  : MANAGE TEST 183  C:\wamp64\www\assessment\php\manageExams.php  , SQL to get Question Detail : 'SELECT * FROM `assessment`.`question` where id='1''
2016-12-14T15:58:35+00:00 [7356] INFO  : MANAGE TEST 228  C:\wamp64\www\assessment\php\manageExams.php  , Qstn Div = ' <div class="form-group"><div id="evenQstn"><div id="1" class="col-xs-14">
				<p id="qstn_p">2. test Question A</p>
				<div><br></div>
				<div id="optiona"><p id="qstn_p"><input id="qstn_checkbox" type="checkbox">
				answer a</p></div>
				<div><br></div>
				<div id="optionb"><p id="qstn_p"> <input id="qstn_checkbox" type="checkbox">
				b</p>
				</div>
				<div><br></div>
				<div id="optionc"><p id="qstn_p"> <input id="qstn_checkbox" type="checkbox">
				c</p>
				</div>
				<div><br></div>
				<div id="optiond"><p id="qstn_p"><input id="qstn_checkbox" type="checkbox">
				d</p>
				</div>
				<div><br></div>
			 </div></div>
			<div class="col-xs-14"><hr></div></div>'
2016-12-14T15:58:35+00:00 [7356] INFO  : MANAGE TEST 183  C:\wamp64\www\assessment\php\manageExams.php  , SQL to get Question Detail : 'SELECT * FROM `assessment`.`question` where id='48''
2016-12-14T15:58:35+00:00 [7356] INFO  : MANAGE TEST 228  C:\wamp64\www\assessment\php\manageExams.php  , Qstn Div = ' <div class="form-group"><div id="oddQstn"><div id="48" class="col-xs-14">
				<p id="qstn_p">3. qstn1</p>
				<div><br></div>
				<div id="optiona"><p id="qstn_p"><input id="qstn_checkbox" type="checkbox">
				a</p></div>
				<div><br></div>
				<div id="optionb"><p id="qstn_p"> <input id="qstn_checkbox" type="checkbox">
				b</p>
				</div>
				<div><br></div>
				<div id="optionc"><p id="qstn_p"> <input id="qstn_checkbox" type="checkbox">
				c</p>
				</div>
				<div><br></div>
				<div id="optiond"><p id="qstn_p"><input id="qstn_checkbox" type="checkbox">
				d</p>
				</div>
				<div><br></div>
			 </div></div>
			<div class="col-xs-14"><hr></div></div>'
2016-12-14T15:58:35+00:00 [7356] INFO  : MANAGE TEST 183  C:\wamp64\www\assessment\php\manageExams.php  , SQL to get Question Detail : 'SELECT * FROM `assessment`.`question` where id='4''
2016-12-14T15:58:35+00:00 [7356] INFO  : MANAGE TEST 228  C:\wamp64\www\assessment\php\manageExams.php  , Qstn Div = ' <div class="form-group"><div id="evenQstn"><div id="4" class="col-xs-14">
				<p id="qstn_p">4. qstn1</p>
				<div><br></div>
				<div id="optiona"><p id="qstn_p"><input id="qstn_checkbox" type="checkbox">
				a</p></div>
				<div><br></div>
				<div id="optionb"><p id="qstn_p"> <input id="qstn_checkbox" type="checkbox">
				b</p>
				</div>
				<div><br></div>
				<div id="optionc"><p id="qstn_p"> <input id="qstn_checkbox" type="checkbox">
				c</p>
				</div>
				<div><br></div>
				<div id="optiond"><p id="qstn_p"><input id="qstn_checkbox" type="checkbox">
				d</p>
				</div>
				<div><br></div>
			 </div></div>
			<div class="col-xs-14"><hr></div></div>'
2016-12-14T15:58:35+00:00 [7356] INFO  : MANAGE TEST 174  C:\wamp64\www\assessment\php\manageExams.php  ,Complete Qstn Div = ' <div class="form-group"><div id="oddQstn"><div id="8" class="col-xs-14">
				<p id="qstn_p">1. qstn1</p>
				<div><br></div>
				<div id="optiona"><p id="qstn_p"><input id="qstn_checkbox" type="checkbox">
				a</p></div>
				<div><br></div>
				<div id="optionb"><p id="qstn_p"> <input id="qstn_checkbox" type="checkbox">
				b</p>
				</div>
				<div><br></div>
				<div id="optionc"><p id="qstn_p"> <input id="qstn_checkbox" type="checkbox">
				c</p>
				</div>
				<div><br></div>
				<div id="optiond"><p id="qstn_p"><input id="qstn_checkbox" type="checkbox">
				d</p>
				</div>
				<div><br></div>
			 </div></div>
			<div class="col-xs-14"><hr></div></div> <div class="form-group"><div id="evenQstn"><div id="1" class="col-xs-14">
				<p id="qstn_p">2. test Question A</p>
				<div><br></div>
				<div id="optiona"><p id="qstn_p"><input id="qstn_checkbox" type="checkbox">
				answer a</p></div>
				<div><br></div>
				<div id="optionb"><p id="qstn_p"> <input id="qstn_checkbox" type="checkbox">
				b</p>
				</div>
				<div><br></div>
				<div id="optionc"><p id="qstn_p"> <input id="qstn_checkbox" type="checkbox">
				c</p>
				</div>
				<div><br></div>
				<div id="optiond"><p id="qstn_p"><input id="qstn_checkbox" type="checkbox">
				d</p>
				</div>
				<div><br></div>
			 </div></div>
			<div class="col-xs-14"><hr></div></div> <div class="form-group"><div id="oddQstn"><div id="48" class="col-xs-14">
				<p id="qstn_p">3. qstn1</p>
				<div><br></div>
				<div id="optiona"><p id="qstn_p"><input id="qstn_checkbox" type="checkbox">
				a</p></div>
				<div><br></div>
				<div id="optionb"><p id="qstn_p"> <input id="qstn_checkbox" type="checkbox">
				b</p>
				</div>
				<div><br></div>
				<div id="optionc"><p id="qstn_p"> <input id="qstn_checkbox" type="checkbox">
				c</p>
				</div>
				<div><br></div>
				<div id="optiond"><p id="qstn_p"><input id="qstn_checkbox" type="checkbox">
				d</p>
				</div>
				<div><br></div>
			 </div></div>
			<div class="col-xs-14"><hr></div></div> <div class="form-group"><div id="evenQstn"><div id="4" class="col-xs-14">
				<p id="qstn_p">4. qstn1</p>
				<div><br></div>
				<div id="optiona"><p id="qstn_p"><input id="qstn_checkbox" type="checkbox">
				a</p></div>
				<div><br></div>
				<div id="optionb"><p id="qstn_p"> <input id="qstn_checkbox" type="checkbox">
				b</p>
				</div>
				<div><br></div>
				<div id="optionc"><p id="qstn_p"> <input id="qstn_checkbox" type="checkbox">
				c</p>
				</div>
				<div><br></div>
				<div id="optiond"><p id="qstn_p"><input id="qstn_checkbox" type="checkbox">
				d</p>
				</div>
				<div><br></div>
			 </div></div>
			<div class="col-xs-14"><hr></div></div>'
2016-12-14T15:58:59+00:00 [7356] INFO  : MANAGE TEST 343  C:\wamp64\www\assessment\php\manageExams.php  , SQL to get Exam  Id : 'SELECT id FROM `assessment`.`exam` where testname='rohit_123''
2016-12-14T15:58:59+00:00 [7356] INFO  : MANAGE TEST 156  C:\wamp64\www\assessment\php\manageExams.php  , SQL to get all Questions of Exam with name : 'SELECT qstn_id FROM `assessment`.`exam_qstn` where exam_id='3''
2016-12-14T15:58:59+00:00 [7356] INFO  : MANAGE TEST 183  C:\wamp64\www\assessment\php\manageExams.php  , SQL to get Question Detail : 'SELECT * FROM `assessment`.`question` where id='8''
2016-12-14T15:58:59+00:00 [7356] INFO  : MANAGE TEST 228  C:\wamp64\www\assessment\php\manageExams.php  , Qstn Div = ' <div class="form-group"><div id="oddQstn"><div id="8" class="col-xs-14">
				<p id="qstn_p">1. qstn1</p>
				<div><br></div>
				<div id="optiona"><p id="qstn_p"><input id="qstn_checkbox" type="checkbox">
				a</p></div>
				<div><br></div>
				<div id="optionb"><p id="qstn_p"> <input id="qstn_checkbox" type="checkbox">
				b</p>
				</div>
				<div><br></div>
				<div id="optionc"><p id="qstn_p"> <input id="qstn_checkbox" type="checkbox">
				c</p>
				</div>
				<div><br></div>
				<div id="optiond"><p id="qstn_p"><input id="qstn_checkbox" type="checkbox">
				d</p>
				</div>
				<div><br></div>
			 </div></div>
			<div class="col-xs-14"><hr></div></div>'
2016-12-14T15:58:59+00:00 [7356] INFO  : MANAGE TEST 183  C:\wamp64\www\assessment\php\manageExams.php  , SQL to get Question Detail : 'SELECT * FROM `assessment`.`question` where id='1''
2016-12-14T15:58:59+00:00 [7356] INFO  : MANAGE TEST 228  C:\wamp64\www\assessment\php\manageExams.php  , Qstn Div = ' <div class="form-group"><div id="evenQstn"><div id="1" class="col-xs-14">
				<p id="qstn_p">2. test Question A</p>
				<div><br></div>
				<div id="optiona"><p id="qstn_p"><input id="qstn_checkbox" type="checkbox">
				answer a</p></div>
				<div><br></div>
				<div id="optionb"><p id="qstn_p"> <input id="qstn_checkbox" type="checkbox">
				b</p>
				</div>
				<div><br></div>
				<div id="optionc"><p id="qstn_p"> <input id="qstn_checkbox" type="checkbox">
				c</p>
				</div>
				<div><br></div>
				<div id="optiond"><p id="qstn_p"><input id="qstn_checkbox" type="checkbox">
				d</p>
				</div>
				<div><br></div>
			 </div></div>
			<div class="col-xs-14"><hr></div></div>'
2016-12-14T15:58:59+00:00 [7356] INFO  : MANAGE TEST 183  C:\wamp64\www\assessment\php\manageExams.php  , SQL to get Question Detail : 'SELECT * FROM `assessment`.`question` where id='48''
2016-12-14T15:58:59+00:00 [7356] INFO  : MANAGE TEST 228  C:\wamp64\www\assessment\php\manageExams.php  , Qstn Div = ' <div class="form-group"><div id="oddQstn"><div id="48" class="col-xs-14">
				<p id="qstn_p">3. qstn1</p>
				<div><br></div>
				<div id="optiona"><p id="qstn_p"><input id="qstn_checkbox" type="checkbox">
				a</p></div>
				<div><br></div>
				<div id="optionb"><p id="qstn_p"> <input id="qstn_checkbox" type="checkbox">
				b</p>
				</div>
				<div><br></div>
				<div id="optionc"><p id="qstn_p"> <input id="qstn_checkbox" type="checkbox">
				c</p>
				</div>
				<div><br></div>
				<div id="optiond"><p id="qstn_p"><input id="qstn_checkbox" type="checkbox">
				d</p>
				</div>
				<div><br></div>
			 </div></div>
			<div class="col-xs-14"><hr></div></div>'
2016-12-14T15:58:59+00:00 [7356] INFO  : MANAGE TEST 183  C:\wamp64\www\assessment\php\manageExams.php  , SQL to get Question Detail : 'SELECT * FROM `assessment`.`question` where id='4''
2016-12-14T15:58:59+00:00 [7356] INFO  : MANAGE TEST 228  C:\wamp64\www\assessment\php\manageExams.php  , Qstn Div = ' <div class="form-group"><div id="evenQstn"><div id="4" class="col-xs-14">
				<p id="qstn_p">4. qstn1</p>
				<div><br></div>
				<div id="optiona"><p id="qstn_p"><input id="qstn_checkbox" type="checkbox">
				a</p></div>
				<div><br></div>
				<div id="optionb"><p id="qstn_p"> <input id="qstn_checkbox" type="checkbox">
				b</p>
				</div>
				<div><br></div>
				<div id="optionc"><p id="qstn_p"> <input id="qstn_checkbox" type="checkbox">
				c</p>
				</div>
				<div><br></div>
				<div id="optiond"><p id="qstn_p"><input id="qstn_checkbox" type="checkbox">
				d</p>
				</div>
				<div><br></div>
			 </div></div>
			<div class="col-xs-14"><hr></div></div>'
2016-12-14T15:58:59+00:00 [7356] INFO  : MANAGE TEST 174  C:\wamp64\www\assessment\php\manageExams.php  ,Complete Qstn Div = ' <div class="form-group"><div id="oddQstn"><div id="8" class="col-xs-14">
				<p id="qstn_p">1. qstn1</p>
				<div><br></div>
				<div id="optiona"><p id="qstn_p"><input id="qstn_checkbox" type="checkbox">
				a</p></div>
				<div><br></div>
				<div id="optionb"><p id="qstn_p"> <input id="qstn_checkbox" type="checkbox">
				b</p>
				</div>
				<div><br></div>
				<div id="optionc"><p id="qstn_p"> <input id="qstn_checkbox" type="checkbox">
				c</p>
				</div>
				<div><br></div>
				<div id="optiond"><p id="qstn_p"><input id="qstn_checkbox" type="checkbox">
				d</p>
				</div>
				<div><br></div>
			 </div></div>
			<div class="col-xs-14"><hr></div></div> <div class="form-group"><div id="evenQstn"><div id="1" class="col-xs-14">
				<p id="qstn_p">2. test Question A</p>
				<div><br></div>
				<div id="optiona"><p id="qstn_p"><input id="qstn_checkbox" type="checkbox">
				answer a</p></div>
				<div><br></div>
				<div id="optionb"><p id="qstn_p"> <input id="qstn_checkbox" type="checkbox">
				b</p>
				</div>
				<div><br></div>
				<div id="optionc"><p id="qstn_p"> <input id="qstn_checkbox" type="checkbox">
				c</p>
				</div>
				<div><br></div>
				<div id="optiond"><p id="qstn_p"><input id="qstn_checkbox" type="checkbox">
				d</p>
				</div>
				<div><br></div>
			 </div></div>
			<div class="col-xs-14"><hr></div></div> <div class="form-group"><div id="oddQstn"><div id="48" class="col-xs-14">
				<p id="qstn_p">3. qstn1</p>
				<div><br></div>
				<div id="optiona"><p id="qstn_p"><input id="qstn_checkbox" type="checkbox">
				a</p></div>
				<div><br></div>
				<div id="optionb"><p id="qstn_p"> <input id="qstn_checkbox" type="checkbox">
				b</p>
				</div>
				<div><br></div>
				<div id="optionc"><p id="qstn_p"> <input id="qstn_checkbox" type="checkbox">
				c</p>
				</div>
				<div><br></div>
				<div id="optiond"><p id="qstn_p"><input id="qstn_checkbox" type="checkbox">
				d</p>
				</div>
				<div><br></div>
			 </div></div>
			<div class="col-xs-14"><hr></div></div> <div class="form-group"><div id="evenQstn"><div id="4" class="col-xs-14">
				<p id="qstn_p">4. qstn1</p>
				<div><br></div>
				<div id="optiona"><p id="qstn_p"><input id="qstn_checkbox" type="checkbox">
				a</p></div>
				<div><br></div>
				<div id="optionb"><p id="qstn_p"> <input id="qstn_checkbox" type="checkbox">
				b</p>
				</div>
				<div><br></div>
				<div id="optionc"><p id="qstn_p"> <input id="qstn_checkbox" type="checkbox">
				c</p>
				</div>
				<div><br></div>
				<div id="optiond"><p id="qstn_p"><input id="qstn_checkbox" type="checkbox">
				d</p>
				</div>
				<div><br></div>
			 </div></div>
			<div class="col-xs-14"><hr></div></div>'
2016-12-14T15:59:00+00:00 [7356] INFO  : MANAGE TEST 343  C:\wamp64\www\assessment\php\manageExams.php  , SQL to get Exam  Id : 'SELECT id FROM `assessment`.`exam` where testname='rohit_123''
2016-12-14T15:59:00+00:00 [7356] INFO  : MANAGE TEST 156  C:\wamp64\www\assessment\php\manageExams.php  , SQL to get all Questions of Exam with name : 'SELECT qstn_id FROM `assessment`.`exam_qstn` where exam_id='3''
2016-12-14T15:59:00+00:00 [7356] INFO  : MANAGE TEST 183  C:\wamp64\www\assessment\php\manageExams.php  , SQL to get Question Detail : 'SELECT * FROM `assessment`.`question` where id='8''
2016-12-14T15:59:00+00:00 [7356] INFO  : MANAGE TEST 228  C:\wamp64\www\assessment\php\manageExams.php  , Qstn Div = ' <div class="form-group"><div id="oddQstn"><div id="8" class="col-xs-14">
				<p id="qstn_p">1. qstn1</p>
				<div><br></div>
				<div id="optiona"><p id="qstn_p"><input id="qstn_checkbox" type="checkbox">
				a</p></div>
				<div><br></div>
				<div id="optionb"><p id="qstn_p"> <input id="qstn_checkbox" type="checkbox">
				b</p>
				</div>
				<div><br></div>
				<div id="optionc"><p id="qstn_p"> <input id="qstn_checkbox" type="checkbox">
				c</p>
				</div>
				<div><br></div>
				<div id="optiond"><p id="qstn_p"><input id="qstn_checkbox" type="checkbox">
				d</p>
				</div>
				<div><br></div>
			 </div></div>
			<div class="col-xs-14"><hr></div></div>'
2016-12-14T15:59:00+00:00 [7356] INFO  : MANAGE TEST 183  C:\wamp64\www\assessment\php\manageExams.php  , SQL to get Question Detail : 'SELECT * FROM `assessment`.`question` where id='1''
2016-12-14T15:59:00+00:00 [7356] INFO  : MANAGE TEST 228  C:\wamp64\www\assessment\php\manageExams.php  , Qstn Div = ' <div class="form-group"><div id="evenQstn"><div id="1" class="col-xs-14">
				<p id="qstn_p">2. test Question A</p>
				<div><br></div>
				<div id="optiona"><p id="qstn_p"><input id="qstn_checkbox" type="checkbox">
				answer a</p></div>
				<div><br></div>
				<div id="optionb"><p id="qstn_p"> <input id="qstn_checkbox" type="checkbox">
				b</p>
				</div>
				<div><br></div>
				<div id="optionc"><p id="qstn_p"> <input id="qstn_checkbox" type="checkbox">
				c</p>
				</div>
				<div><br></div>
				<div id="optiond"><p id="qstn_p"><input id="qstn_checkbox" type="checkbox">
				d</p>
				</div>
				<div><br></div>
			 </div></div>
			<div class="col-xs-14"><hr></div></div>'
2016-12-14T15:59:00+00:00 [7356] INFO  : MANAGE TEST 183  C:\wamp64\www\assessment\php\manageExams.php  , SQL to get Question Detail : 'SELECT * FROM `assessment`.`question` where id='48''
2016-12-14T15:59:00+00:00 [7356] INFO  : MANAGE TEST 228  C:\wamp64\www\assessment\php\manageExams.php  , Qstn Div = ' <div class="form-group"><div id="oddQstn"><div id="48" class="col-xs-14">
				<p id="qstn_p">3. qstn1</p>
				<div><br></div>
				<div id="optiona"><p id="qstn_p"><input id="qstn_checkbox" type="checkbox">
				a</p></div>
				<div><br></div>
				<div id="optionb"><p id="qstn_p"> <input id="qstn_checkbox" type="checkbox">
				b</p>
				</div>
				<div><br></div>
				<div id="optionc"><p id="qstn_p"> <input id="qstn_checkbox" type="checkbox">
				c</p>
				</div>
				<div><br></div>
				<div id="optiond"><p id="qstn_p"><input id="qstn_checkbox" type="checkbox">
				d</p>
				</div>
				<div><br></div>
			 </div></div>
			<div class="col-xs-14"><hr></div></div>'
2016-12-14T15:59:00+00:00 [7356] INFO  : MANAGE TEST 183  C:\wamp64\www\assessment\php\manageExams.php  , SQL to get Question Detail : 'SELECT * FROM `assessment`.`question` where id='4''
2016-12-14T15:59:00+00:00 [7356] INFO  : MANAGE TEST 228  C:\wamp64\www\assessment\php\manageExams.php  , Qstn Div = ' <div class="form-group"><div id="evenQstn"><div id="4" class="col-xs-14">
				<p id="qstn_p">4. qstn1</p>
				<div><br></div>
				<div id="optiona"><p id="qstn_p"><input id="qstn_checkbox" type="checkbox">
				a</p></div>
				<div><br></div>
				<div id="optionb"><p id="qstn_p"> <input id="qstn_checkbox" type="checkbox">
				b</p>
				</div>
				<div><br></div>
				<div id="optionc"><p id="qstn_p"> <input id="qstn_checkbox" type="checkbox">
				c</p>
				</div>
				<div><br></div>
				<div id="optiond"><p id="qstn_p"><input id="qstn_checkbox" type="checkbox">
				d</p>
				</div>
				<div><br></div>
			 </div></div>
			<div class="col-xs-14"><hr></div></div>'
2016-12-14T15:59:00+00:00 [7356] INFO  : MANAGE TEST 174  C:\wamp64\www\assessment\php\manageExams.php  ,Complete Qstn Div = ' <div class="form-group"><div id="oddQstn"><div id="8" class="col-xs-14">
				<p id="qstn_p">1. qstn1</p>
				<div><br></div>
				<div id="optiona"><p id="qstn_p"><input id="qstn_checkbox" type="checkbox">
				a</p></div>
				<div><br></div>
				<div id="optionb"><p id="qstn_p"> <input id="qstn_checkbox" type="checkbox">
				b</p>
				</div>
				<div><br></div>
				<div id="optionc"><p id="qstn_p"> <input id="qstn_checkbox" type="checkbox">
				c</p>
				</div>
				<div><br></div>
				<div id="optiond"><p id="qstn_p"><input id="qstn_checkbox" type="checkbox">
				d</p>
				</div>
				<div><br></div>
			 </div></div>
			<div class="col-xs-14"><hr></div></div> <div class="form-group"><div id="evenQstn"><div id="1" class="col-xs-14">
				<p id="qstn_p">2. test Question A</p>
				<div><br></div>
				<div id="optiona"><p id="qstn_p"><input id="qstn_checkbox" type="checkbox">
				answer a</p></div>
				<div><br></div>
				<div id="optionb"><p id="qstn_p"> <input id="qstn_checkbox" type="checkbox">
				b</p>
				</div>
				<div><br></div>
				<div id="optionc"><p id="qstn_p"> <input id="qstn_checkbox" type="checkbox">
				c</p>
				</div>
				<div><br></div>
				<div id="optiond"><p id="qstn_p"><input id="qstn_checkbox" type="checkbox">
				d</p>
				</div>
				<div><br></div>
			 </div></div>
			<div class="col-xs-14"><hr></div></div> <div class="form-group"><div id="oddQstn"><div id="48" class="col-xs-14">
				<p id="qstn_p">3. qstn1</p>
				<div><br></div>
				<div id="optiona"><p id="qstn_p"><input id="qstn_checkbox" type="checkbox">
				a</p></div>
				<div><br></div>
				<div id="optionb"><p id="qstn_p"> <input id="qstn_checkbox" type="checkbox">
				b</p>
				</div>
				<div><br></div>
				<div id="optionc"><p id="qstn_p"> <input id="qstn_checkbox" type="checkbox">
				c</p>
				</div>
				<div><br></div>
				<div id="optiond"><p id="qstn_p"><input id="qstn_checkbox" type="checkbox">
				d</p>
				</div>
				<div><br></div>
			 </div></div>
			<div class="col-xs-14"><hr></div></div> <div class="form-group"><div id="evenQstn"><div id="4" class="col-xs-14">
				<p id="qstn_p">4. qstn1</p>
				<div><br></div>
				<div id="optiona"><p id="qstn_p"><input id="qstn_checkbox" type="checkbox">
				a</p></div>
				<div><br></div>
				<div id="optionb"><p id="qstn_p"> <input id="qstn_checkbox" type="checkbox">
				b</p>
				</div>
				<div><br></div>
				<div id="optionc"><p id="qstn_p"> <input id="qstn_checkbox" type="checkbox">
				c</p>
				</div>
				<div><br></div>
				<div id="optiond"><p id="qstn_p"><input id="qstn_checkbox" type="checkbox">
				d</p>
				</div>
				<div><br></div>
			 </div></div>
			<div class="col-xs-14"><hr></div></div>'
