2016-12-05T15:39:37+00:00 [5944] INFO  : MANAGE TEST 307  C:\wamp64\www\assessment\php\manageExams.php  , SQL to get Exam  Id : 'SELECT id FROM `assessment`.`exam` where testname='rohit_1''
2016-12-05T15:39:37+00:00 [5944] INFO  : MANAGE TEST 120  C:\wamp64\www\assessment\php\manageExams.php  , SQL to get all Questions of Exam with name : 'SELECT qstn_id FROM `assessment`.`exam_qstn` where exam_id='1''
2016-12-05T15:39:37+00:00 [5944] INFO  : MANAGE TEST 138  C:\wamp64\www\assessment\php\manageExams.php  ,Complete Qstn Div = ''
2016-12-05T15:39:50+00:00 [5944] INFO  : MANAGE TEST 307  C:\wamp64\www\assessment\php\manageExams.php  , SQL to get Exam  Id : 'SELECT id FROM `assessment`.`exam` where testname='rohit_1234''
2016-12-05T15:39:50+00:00 [5944] INFO  : MANAGE TEST 120  C:\wamp64\www\assessment\php\manageExams.php  , SQL to get all Questions of Exam with name : 'SELECT qstn_id FROM `assessment`.`exam_qstn` where exam_id='4''
2016-12-05T15:39:50+00:00 [5944] INFO  : MANAGE TEST 147  C:\wamp64\www\assessment\php\manageExams.php  , SQL to get Question Detail : 'SELECT * FROM `assessment`.`question` where id='22''
2016-12-05T15:39:50+00:00 [5944] INFO  : MANAGE TEST 192  C:\wamp64\www\assessment\php\manageExams.php  , Qstn Div = ' <div class="form-group"><div id="oddQstn"><div id="22" class="col-xs-14">
				<p id="qstn_p">1. qstn1</p>
				<div><br></div>
				<div id="optiona"><p id="qstn_p"><input id="qstn_checkbox" type="checkbox">
				a</p></div>
				<div><br></div>
				<div id="optionb"><p id="qstn_p"> <input id="qstn_checkbox" type="checkbox">
				b</p>
				</div>
				<div><br></div>
				<div id="optionc"><p id="qstn_p"> <input id="qstn_checkbox" type="checkbox">
				c</p>
				</div>
				<div><br></div>
				<div id="optiond"><p id="qstn_p"><input id="qstn_checkbox" type="checkbox">
				d</p>
				</div>
				<div><br></div>
			 </div></div>
			<div class="col-xs-14"><hr></div></div>'
2016-12-05T15:39:50+00:00 [5944] INFO  : MANAGE TEST 147  C:\wamp64\www\assessment\php\manageExams.php  , SQL to get Question Detail : 'SELECT * FROM `assessment`.`question` where id='46''
2016-12-05T15:39:50+00:00 [5944] INFO  : MANAGE TEST 192  C:\wamp64\www\assessment\php\manageExams.php  , Qstn Div = ' <div class="form-group"><div id="evenQstn"><div id="46" class="col-xs-14">
				<p id="qstn_p">2. qstn1</p>
				<div><br></div>
				<div id="optiona"><p id="qstn_p"><input id="qstn_checkbox" type="checkbox">
				a</p></div>
				<div><br></div>
				<div id="optionb"><p id="qstn_p"> <input id="qstn_checkbox" type="checkbox">
				b</p>
				</div>
				<div><br></div>
				<div id="optionc"><p id="qstn_p"> <input id="qstn_checkbox" type="checkbox">
				c</p>
				</div>
				<div><br></div>
				<div id="optiond"><p id="qstn_p"><input id="qstn_checkbox" type="checkbox">
				d</p>
				</div>
				<div><br></div>
			 </div></div>
			<div class="col-xs-14"><hr></div></div>'
2016-12-05T15:39:50+00:00 [5944] INFO  : MANAGE TEST 147  C:\wamp64\www\assessment\php\manageExams.php  , SQL to get Question Detail : 'SELECT * FROM `assessment`.`question` where id='48''
2016-12-05T15:39:50+00:00 [5944] INFO  : MANAGE TEST 192  C:\wamp64\www\assessment\php\manageExams.php  , Qstn Div = ' <div class="form-group"><div id="oddQstn"><div id="48" class="col-xs-14">
				<p id="qstn_p">3. qstn1</p>
				<div><br></div>
				<div id="optiona"><p id="qstn_p"><input id="qstn_checkbox" type="checkbox">
				a</p></div>
				<div><br></div>
				<div id="optionb"><p id="qstn_p"> <input id="qstn_checkbox" type="checkbox">
				b</p>
				</div>
				<div><br></div>
				<div id="optionc"><p id="qstn_p"> <input id="qstn_checkbox" type="checkbox">
				c</p>
				</div>
				<div><br></div>
				<div id="optiond"><p id="qstn_p"><input id="qstn_checkbox" type="checkbox">
				d</p>
				</div>
				<div><br></div>
			 </div></div>
			<div class="col-xs-14"><hr></div></div>'
2016-12-05T15:39:50+00:00 [5944] INFO  : MANAGE TEST 147  C:\wamp64\www\assessment\php\manageExams.php  , SQL to get Question Detail : 'SELECT * FROM `assessment`.`question` where id='34''
2016-12-05T15:39:50+00:00 [5944] INFO  : MANAGE TEST 192  C:\wamp64\www\assessment\php\manageExams.php  , Qstn Div = ' <div class="form-group"><div id="evenQstn"><div id="34" class="col-xs-14">
				<p id="qstn_p">4. qstn1</p>
				<div><br></div>
				<div id="optiona"><p id="qstn_p"><input id="qstn_checkbox" type="checkbox">
				a</p></div>
				<div><br></div>
				<div id="optionb"><p id="qstn_p"> <input id="qstn_checkbox" type="checkbox">
				b</p>
				</div>
				<div><br></div>
				<div id="optionc"><p id="qstn_p"> <input id="qstn_checkbox" type="checkbox">
				c</p>
				</div>
				<div><br></div>
				<div id="optiond"><p id="qstn_p"><input id="qstn_checkbox" type="checkbox">
				d</p>
				</div>
				<div><br></div>
			 </div></div>
			<div class="col-xs-14"><hr></div></div>'
2016-12-05T15:39:50+00:00 [5944] INFO  : MANAGE TEST 138  C:\wamp64\www\assessment\php\manageExams.php  ,Complete Qstn Div = ' <div class="form-group"><div id="oddQstn"><div id="22" class="col-xs-14">
				<p id="qstn_p">1. qstn1</p>
				<div><br></div>
				<div id="optiona"><p id="qstn_p"><input id="qstn_checkbox" type="checkbox">
				a</p></div>
				<div><br></div>
				<div id="optionb"><p id="qstn_p"> <input id="qstn_checkbox" type="checkbox">
				b</p>
				</div>
				<div><br></div>
				<div id="optionc"><p id="qstn_p"> <input id="qstn_checkbox" type="checkbox">
				c</p>
				</div>
				<div><br></div>
				<div id="optiond"><p id="qstn_p"><input id="qstn_checkbox" type="checkbox">
				d</p>
				</div>
				<div><br></div>
			 </div></div>
			<div class="col-xs-14"><hr></div></div> <div class="form-group"><div id="evenQstn"><div id="46" class="col-xs-14">
				<p id="qstn_p">2. qstn1</p>
				<div><br></div>
				<div id="optiona"><p id="qstn_p"><input id="qstn_checkbox" type="checkbox">
				a</p></div>
				<div><br></div>
				<div id="optionb"><p id="qstn_p"> <input id="qstn_checkbox" type="checkbox">
				b</p>
				</div>
				<div><br></div>
				<div id="optionc"><p id="qstn_p"> <input id="qstn_checkbox" type="checkbox">
				c</p>
				</div>
				<div><br></div>
				<div id="optiond"><p id="qstn_p"><input id="qstn_checkbox" type="checkbox">
				d</p>
				</div>
				<div><br></div>
			 </div></div>
			<div class="col-xs-14"><hr></div></div> <div class="form-group"><div id="oddQstn"><div id="48" class="col-xs-14">
				<p id="qstn_p">3. qstn1</p>
				<div><br></div>
				<div id="optiona"><p id="qstn_p"><input id="qstn_checkbox" type="checkbox">
				a</p></div>
				<div><br></div>
				<div id="optionb"><p id="qstn_p"> <input id="qstn_checkbox" type="checkbox">
				b</p>
				</div>
				<div><br></div>
				<div id="optionc"><p id="qstn_p"> <input id="qstn_checkbox" type="checkbox">
				c</p>
				</div>
				<div><br></div>
				<div id="optiond"><p id="qstn_p"><input id="qstn_checkbox" type="checkbox">
				d</p>
				</div>
				<div><br></div>
			 </div></div>
			<div class="col-xs-14"><hr></div></div> <div class="form-group"><div id="evenQstn"><div id="34" class="col-xs-14">
				<p id="qstn_p">4. qstn1</p>
				<div><br></div>
				<div id="optiona"><p id="qstn_p"><input id="qstn_checkbox" type="checkbox">
				a</p></div>
				<div><br></div>
				<div id="optionb"><p id="qstn_p"> <input id="qstn_checkbox" type="checkbox">
				b</p>
				</div>
				<div><br></div>
				<div id="optionc"><p id="qstn_p"> <input id="qstn_checkbox" type="checkbox">
				c</p>
				</div>
				<div><br></div>
				<div id="optiond"><p id="qstn_p"><input id="qstn_checkbox" type="checkbox">
				d</p>
				</div>
				<div><br></div>
			 </div></div>
			<div class="col-xs-14"><hr></div></div>'
2016-12-05T15:39:55+00:00 [5944] INFO  : MANAGE TEST 307  C:\wamp64\www\assessment\php\manageExams.php  , SQL to get Exam  Id : 'SELECT id FROM `assessment`.`exam` where testname='rohit_1234''
2016-12-05T15:39:55+00:00 [5944] INFO  : MANAGE TEST 120  C:\wamp64\www\assessment\php\manageExams.php  , SQL to get all Questions of Exam with name : 'SELECT qstn_id FROM `assessment`.`exam_qstn` where exam_id='4''
2016-12-05T15:39:55+00:00 [5944] INFO  : MANAGE TEST 147  C:\wamp64\www\assessment\php\manageExams.php  , SQL to get Question Detail : 'SELECT * FROM `assessment`.`question` where id='22''
2016-12-05T15:39:55+00:00 [5944] INFO  : MANAGE TEST 192  C:\wamp64\www\assessment\php\manageExams.php  , Qstn Div = ' <div class="form-group"><div id="oddQstn"><div id="22" class="col-xs-14">
				<p id="qstn_p">1. qstn1</p>
				<div><br></div>
				<div id="optiona"><p id="qstn_p"><input id="qstn_checkbox" type="checkbox">
				a</p></div>
				<div><br></div>
				<div id="optionb"><p id="qstn_p"> <input id="qstn_checkbox" type="checkbox">
				b</p>
				</div>
				<div><br></div>
				<div id="optionc"><p id="qstn_p"> <input id="qstn_checkbox" type="checkbox">
				c</p>
				</div>
				<div><br></div>
				<div id="optiond"><p id="qstn_p"><input id="qstn_checkbox" type="checkbox">
				d</p>
				</div>
				<div><br></div>
			 </div></div>
			<div class="col-xs-14"><hr></div></div>'
2016-12-05T15:39:55+00:00 [5944] INFO  : MANAGE TEST 147  C:\wamp64\www\assessment\php\manageExams.php  , SQL to get Question Detail : 'SELECT * FROM `assessment`.`question` where id='46''
2016-12-05T15:39:55+00:00 [5944] INFO  : MANAGE TEST 192  C:\wamp64\www\assessment\php\manageExams.php  , Qstn Div = ' <div class="form-group"><div id="evenQstn"><div id="46" class="col-xs-14">
				<p id="qstn_p">2. qstn1</p>
				<div><br></div>
				<div id="optiona"><p id="qstn_p"><input id="qstn_checkbox" type="checkbox">
				a</p></div>
				<div><br></div>
				<div id="optionb"><p id="qstn_p"> <input id="qstn_checkbox" type="checkbox">
				b</p>
				</div>
				<div><br></div>
				<div id="optionc"><p id="qstn_p"> <input id="qstn_checkbox" type="checkbox">
				c</p>
				</div>
				<div><br></div>
				<div id="optiond"><p id="qstn_p"><input id="qstn_checkbox" type="checkbox">
				d</p>
				</div>
				<div><br></div>
			 </div></div>
			<div class="col-xs-14"><hr></div></div>'
2016-12-05T15:39:55+00:00 [5944] INFO  : MANAGE TEST 147  C:\wamp64\www\assessment\php\manageExams.php  , SQL to get Question Detail : 'SELECT * FROM `assessment`.`question` where id='48''
2016-12-05T15:39:55+00:00 [5944] INFO  : MANAGE TEST 192  C:\wamp64\www\assessment\php\manageExams.php  , Qstn Div = ' <div class="form-group"><div id="oddQstn"><div id="48" class="col-xs-14">
				<p id="qstn_p">3. qstn1</p>
				<div><br></div>
				<div id="optiona"><p id="qstn_p"><input id="qstn_checkbox" type="checkbox">
				a</p></div>
				<div><br></div>
				<div id="optionb"><p id="qstn_p"> <input id="qstn_checkbox" type="checkbox">
				b</p>
				</div>
				<div><br></div>
				<div id="optionc"><p id="qstn_p"> <input id="qstn_checkbox" type="checkbox">
				c</p>
				</div>
				<div><br></div>
				<div id="optiond"><p id="qstn_p"><input id="qstn_checkbox" type="checkbox">
				d</p>
				</div>
				<div><br></div>
			 </div></div>
			<div class="col-xs-14"><hr></div></div>'
2016-12-05T15:39:55+00:00 [5944] INFO  : MANAGE TEST 147  C:\wamp64\www\assessment\php\manageExams.php  , SQL to get Question Detail : 'SELECT * FROM `assessment`.`question` where id='34''
2016-12-05T15:39:55+00:00 [5944] INFO  : MANAGE TEST 192  C:\wamp64\www\assessment\php\manageExams.php  , Qstn Div = ' <div class="form-group"><div id="evenQstn"><div id="34" class="col-xs-14">
				<p id="qstn_p">4. qstn1</p>
				<div><br></div>
				<div id="optiona"><p id="qstn_p"><input id="qstn_checkbox" type="checkbox">
				a</p></div>
				<div><br></div>
				<div id="optionb"><p id="qstn_p"> <input id="qstn_checkbox" type="checkbox">
				b</p>
				</div>
				<div><br></div>
				<div id="optionc"><p id="qstn_p"> <input id="qstn_checkbox" type="checkbox">
				c</p>
				</div>
				<div><br></div>
				<div id="optiond"><p id="qstn_p"><input id="qstn_checkbox" type="checkbox">
				d</p>
				</div>
				<div><br></div>
			 </div></div>
			<div class="col-xs-14"><hr></div></div>'
2016-12-05T15:39:55+00:00 [5944] INFO  : MANAGE TEST 138  C:\wamp64\www\assessment\php\manageExams.php  ,Complete Qstn Div = ' <div class="form-group"><div id="oddQstn"><div id="22" class="col-xs-14">
				<p id="qstn_p">1. qstn1</p>
				<div><br></div>
				<div id="optiona"><p id="qstn_p"><input id="qstn_checkbox" type="checkbox">
				a</p></div>
				<div><br></div>
				<div id="optionb"><p id="qstn_p"> <input id="qstn_checkbox" type="checkbox">
				b</p>
				</div>
				<div><br></div>
				<div id="optionc"><p id="qstn_p"> <input id="qstn_checkbox" type="checkbox">
				c</p>
				</div>
				<div><br></div>
				<div id="optiond"><p id="qstn_p"><input id="qstn_checkbox" type="checkbox">
				d</p>
				</div>
				<div><br></div>
			 </div></div>
			<div class="col-xs-14"><hr></div></div> <div class="form-group"><div id="evenQstn"><div id="46" class="col-xs-14">
				<p id="qstn_p">2. qstn1</p>
				<div><br></div>
				<div id="optiona"><p id="qstn_p"><input id="qstn_checkbox" type="checkbox">
				a</p></div>
				<div><br></div>
				<div id="optionb"><p id="qstn_p"> <input id="qstn_checkbox" type="checkbox">
				b</p>
				</div>
				<div><br></div>
				<div id="optionc"><p id="qstn_p"> <input id="qstn_checkbox" type="checkbox">
				c</p>
				</div>
				<div><br></div>
				<div id="optiond"><p id="qstn_p"><input id="qstn_checkbox" type="checkbox">
				d</p>
				</div>
				<div><br></div>
			 </div></div>
			<div class="col-xs-14"><hr></div></div> <div class="form-group"><div id="oddQstn"><div id="48" class="col-xs-14">
				<p id="qstn_p">3. qstn1</p>
				<div><br></div>
				<div id="optiona"><p id="qstn_p"><input id="qstn_checkbox" type="checkbox">
				a</p></div>
				<div><br></div>
				<div id="optionb"><p id="qstn_p"> <input id="qstn_checkbox" type="checkbox">
				b</p>
				</div>
				<div><br></div>
				<div id="optionc"><p id="qstn_p"> <input id="qstn_checkbox" type="checkbox">
				c</p>
				</div>
				<div><br></div>
				<div id="optiond"><p id="qstn_p"><input id="qstn_checkbox" type="checkbox">
				d</p>
				</div>
				<div><br></div>
			 </div></div>
			<div class="col-xs-14"><hr></div></div> <div class="form-group"><div id="evenQstn"><div id="34" class="col-xs-14">
				<p id="qstn_p">4. qstn1</p>
				<div><br></div>
				<div id="optiona"><p id="qstn_p"><input id="qstn_checkbox" type="checkbox">
				a</p></div>
				<div><br></div>
				<div id="optionb"><p id="qstn_p"> <input id="qstn_checkbox" type="checkbox">
				b</p>
				</div>
				<div><br></div>
				<div id="optionc"><p id="qstn_p"> <input id="qstn_checkbox" type="checkbox">
				c</p>
				</div>
				<div><br></div>
				<div id="optiond"><p id="qstn_p"><input id="qstn_checkbox" type="checkbox">
				d</p>
				</div>
				<div><br></div>
			 </div></div>
			<div class="col-xs-14"><hr></div></div>'
2016-12-05T15:48:17+00:00 [5944] INFO  : MANAGE TEST 307  C:\wamp64\www\assessment\php\manageExams.php  , SQL to get Exam  Id : 'SELECT id FROM `assessment`.`exam` where testname='rohit_123''
2016-12-05T15:48:17+00:00 [5944] INFO  : MANAGE TEST 120  C:\wamp64\www\assessment\php\manageExams.php  , SQL to get all Questions of Exam with name : 'SELECT qstn_id FROM `assessment`.`exam_qstn` where exam_id='3''
2016-12-05T15:48:17+00:00 [5944] INFO  : MANAGE TEST 147  C:\wamp64\www\assessment\php\manageExams.php  , SQL to get Question Detail : 'SELECT * FROM `assessment`.`question` where id='8''
2016-12-05T15:48:17+00:00 [5944] INFO  : MANAGE TEST 192  C:\wamp64\www\assessment\php\manageExams.php  , Qstn Div = ' <div class="form-group"><div id="oddQstn"><div id="8" class="col-xs-14">
				<p id="qstn_p">1. qstn1</p>
				<div><br></div>
				<div id="optiona"><p id="qstn_p"><input id="qstn_checkbox" type="checkbox">
				a</p></div>
				<div><br></div>
				<div id="optionb"><p id="qstn_p"> <input id="qstn_checkbox" type="checkbox">
				b</p>
				</div>
				<div><br></div>
				<div id="optionc"><p id="qstn_p"> <input id="qstn_checkbox" type="checkbox">
				c</p>
				</div>
				<div><br></div>
				<div id="optiond"><p id="qstn_p"><input id="qstn_checkbox" type="checkbox">
				d</p>
				</div>
				<div><br></div>
			 </div></div>
			<div class="col-xs-14"><hr></div></div>'
2016-12-05T15:48:17+00:00 [5944] INFO  : MANAGE TEST 147  C:\wamp64\www\assessment\php\manageExams.php  , SQL to get Question Detail : 'SELECT * FROM `assessment`.`question` where id='1''
2016-12-05T15:48:17+00:00 [5944] INFO  : MANAGE TEST 192  C:\wamp64\www\assessment\php\manageExams.php  , Qstn Div = ' <div class="form-group"><div id="evenQstn"><div id="1" class="col-xs-14">
				<p id="qstn_p">2. testtesttesttesttestesttesttesttesttesttesttesttesttesttesttesttestttesttesttesttesttesttesttestesttesttesttesttesttesttesttesttesttesttesttestttesttesttesttesttesttesttestesttesttesttesttesttesttesttesttesttesttesttestttestttesttesttesttesttestesttesttesttesttesttesttesttesttesttesttesttestttesttestesttesttesttesttestesttesttesttesttesttesttesttesttesttesttesttestttesttesttest</p>
				<div><br></div>
				<div id="optiona"><p id="qstn_p"><input id="qstn_checkbox" type="checkbox">
				a</p></div>
				<div><br></div>
				<div id="optionb"><p id="qstn_p"> <input id="qstn_checkbox" type="checkbox">
				b</p>
				</div>
				<div><br></div>
				<div id="optionc"><p id="qstn_p"> <input id="qstn_checkbox" type="checkbox">
				c</p>
				</div>
				<div><br></div>
				<div id="optiond"><p id="qstn_p"><input id="qstn_checkbox" type="checkbox">
				d</p>
				</div>
				<div><br></div>
			 </div></div>
			<div class="col-xs-14"><hr></div></div>'
2016-12-05T15:48:17+00:00 [5944] INFO  : MANAGE TEST 147  C:\wamp64\www\assessment\php\manageExams.php  , SQL to get Question Detail : 'SELECT * FROM `assessment`.`question` where id='48''
2016-12-05T15:48:17+00:00 [5944] INFO  : MANAGE TEST 192  C:\wamp64\www\assessment\php\manageExams.php  , Qstn Div = ' <div class="form-group"><div id="oddQstn"><div id="48" class="col-xs-14">
				<p id="qstn_p">3. qstn1</p>
				<div><br></div>
				<div id="optiona"><p id="qstn_p"><input id="qstn_checkbox" type="checkbox">
				a</p></div>
				<div><br></div>
				<div id="optionb"><p id="qstn_p"> <input id="qstn_checkbox" type="checkbox">
				b</p>
				</div>
				<div><br></div>
				<div id="optionc"><p id="qstn_p"> <input id="qstn_checkbox" type="checkbox">
				c</p>
				</div>
				<div><br></div>
				<div id="optiond"><p id="qstn_p"><input id="qstn_checkbox" type="checkbox">
				d</p>
				</div>
				<div><br></div>
			 </div></div>
			<div class="col-xs-14"><hr></div></div>'
2016-12-05T15:48:17+00:00 [5944] INFO  : MANAGE TEST 147  C:\wamp64\www\assessment\php\manageExams.php  , SQL to get Question Detail : 'SELECT * FROM `assessment`.`question` where id='4''
2016-12-05T15:48:17+00:00 [5944] INFO  : MANAGE TEST 192  C:\wamp64\www\assessment\php\manageExams.php  , Qstn Div = ' <div class="form-group"><div id="evenQstn"><div id="4" class="col-xs-14">
				<p id="qstn_p">4. qstn1</p>
				<div><br></div>
				<div id="optiona"><p id="qstn_p"><input id="qstn_checkbox" type="checkbox">
				a</p></div>
				<div><br></div>
				<div id="optionb"><p id="qstn_p"> <input id="qstn_checkbox" type="checkbox">
				b</p>
				</div>
				<div><br></div>
				<div id="optionc"><p id="qstn_p"> <input id="qstn_checkbox" type="checkbox">
				c</p>
				</div>
				<div><br></div>
				<div id="optiond"><p id="qstn_p"><input id="qstn_checkbox" type="checkbox">
				d</p>
				</div>
				<div><br></div>
			 </div></div>
			<div class="col-xs-14"><hr></div></div>'
2016-12-05T15:48:17+00:00 [5944] INFO  : MANAGE TEST 138  C:\wamp64\www\assessment\php\manageExams.php  ,Complete Qstn Div = ' <div class="form-group"><div id="oddQstn"><div id="8" class="col-xs-14">
				<p id="qstn_p">1. qstn1</p>
				<div><br></div>
				<div id="optiona"><p id="qstn_p"><input id="qstn_checkbox" type="checkbox">
				a</p></div>
				<div><br></div>
				<div id="optionb"><p id="qstn_p"> <input id="qstn_checkbox" type="checkbox">
				b</p>
				</div>
				<div><br></div>
				<div id="optionc"><p id="qstn_p"> <input id="qstn_checkbox" type="checkbox">
				c</p>
				</div>
				<div><br></div>
				<div id="optiond"><p id="qstn_p"><input id="qstn_checkbox" type="checkbox">
				d</p>
				</div>
				<div><br></div>
			 </div></div>
			<div class="col-xs-14"><hr></div></div> <div class="form-group"><div id="evenQstn"><div id="1" class="col-xs-14">
				<p id="qstn_p">2. testtesttesttesttestesttesttesttesttesttesttesttesttesttesttesttestttesttesttesttesttesttesttestesttesttesttesttesttesttesttesttesttesttesttestttesttesttesttesttesttesttestesttesttesttesttesttesttesttesttesttesttesttestttestttesttesttesttesttestesttesttesttesttesttesttesttesttesttesttesttestttesttestesttesttesttesttestesttesttesttesttesttesttesttesttesttesttesttestttesttesttest</p>
				<div><br></div>
				<div id="optiona"><p id="qstn_p"><input id="qstn_checkbox" type="checkbox">
				a</p></div>
				<div><br></div>
				<div id="optionb"><p id="qstn_p"> <input id="qstn_checkbox" type="checkbox">
				b</p>
				</div>
				<div><br></div>
				<div id="optionc"><p id="qstn_p"> <input id="qstn_checkbox" type="checkbox">
				c</p>
				</div>
				<div><br></div>
				<div id="optiond"><p id="qstn_p"><input id="qstn_checkbox" type="checkbox">
				d</p>
				</div>
				<div><br></div>
			 </div></div>
			<div class="col-xs-14"><hr></div></div> <div class="form-group"><div id="oddQstn"><div id="48" class="col-xs-14">
				<p id="qstn_p">3. qstn1</p>
				<div><br></div>
				<div id="optiona"><p id="qstn_p"><input id="qstn_checkbox" type="checkbox">
				a</p></div>
				<div><br></div>
				<div id="optionb"><p id="qstn_p"> <input id="qstn_checkbox" type="checkbox">
				b</p>
				</div>
				<div><br></div>
				<div id="optionc"><p id="qstn_p"> <input id="qstn_checkbox" type="checkbox">
				c</p>
				</div>
				<div><br></div>
				<div id="optiond"><p id="qstn_p"><input id="qstn_checkbox" type="checkbox">
				d</p>
				</div>
				<div><br></div>
			 </div></div>
			<div class="col-xs-14"><hr></div></div> <div class="form-group"><div id="evenQstn"><div id="4" class="col-xs-14">
				<p id="qstn_p">4. qstn1</p>
				<div><br></div>
				<div id="optiona"><p id="qstn_p"><input id="qstn_checkbox" type="checkbox">
				a</p></div>
				<div><br></div>
				<div id="optionb"><p id="qstn_p"> <input id="qstn_checkbox" type="checkbox">
				b</p>
				</div>
				<div><br></div>
				<div id="optionc"><p id="qstn_p"> <input id="qstn_checkbox" type="checkbox">
				c</p>
				</div>
				<div><br></div>
				<div id="optiond"><p id="qstn_p"><input id="qstn_checkbox" type="checkbox">
				d</p>
				</div>
				<div><br></div>
			 </div></div>
			<div class="col-xs-14"><hr></div></div>'
2016-12-05T16:20:58+00:00 [5944] INFO  : MANAGE TEST 307  C:\wamp64\www\assessment\php\manageExams.php  , SQL to get Exam  Id : 'SELECT id FROM `assessment`.`exam` where testname='rohit_1''
2016-12-05T16:20:58+00:00 [5944] INFO  : MANAGE TEST 120  C:\wamp64\www\assessment\php\manageExams.php  , SQL to get all Questions of Exam with name : 'SELECT qstn_id FROM `assessment`.`exam_qstn` where exam_id='1''
2016-12-05T16:20:58+00:00 [5944] INFO  : MANAGE TEST 138  C:\wamp64\www\assessment\php\manageExams.php  ,Complete Qstn Div = ''
2016-12-05T16:21:02+00:00 [5944] INFO  : MANAGE TEST 307  C:\wamp64\www\assessment\php\manageExams.php  , SQL to get Exam  Id : 'SELECT id FROM `assessment`.`exam` where testname='rohit_123''
2016-12-05T16:21:02+00:00 [5944] INFO  : MANAGE TEST 120  C:\wamp64\www\assessment\php\manageExams.php  , SQL to get all Questions of Exam with name : 'SELECT qstn_id FROM `assessment`.`exam_qstn` where exam_id='3''
2016-12-05T16:21:02+00:00 [5944] INFO  : MANAGE TEST 147  C:\wamp64\www\assessment\php\manageExams.php  , SQL to get Question Detail : 'SELECT * FROM `assessment`.`question` where id='8''
2016-12-05T16:21:02+00:00 [5944] INFO  : MANAGE TEST 192  C:\wamp64\www\assessment\php\manageExams.php  , Qstn Div = ' <div class="form-group"><div id="oddQstn"><div id="8" class="col-xs-14">
				<p id="qstn_p">1. qstn1</p>
				<div><br></div>
				<div id="optiona"><p id="qstn_p"><input id="qstn_checkbox" type="checkbox">
				a</p></div>
				<div><br></div>
				<div id="optionb"><p id="qstn_p"> <input id="qstn_checkbox" type="checkbox">
				b</p>
				</div>
				<div><br></div>
				<div id="optionc"><p id="qstn_p"> <input id="qstn_checkbox" type="checkbox">
				c</p>
				</div>
				<div><br></div>
				<div id="optiond"><p id="qstn_p"><input id="qstn_checkbox" type="checkbox">
				d</p>
				</div>
				<div><br></div>
			 </div></div>
			<div class="col-xs-14"><hr></div></div>'
2016-12-05T16:21:02+00:00 [5944] INFO  : MANAGE TEST 147  C:\wamp64\www\assessment\php\manageExams.php  , SQL to get Question Detail : 'SELECT * FROM `assessment`.`question` where id='1''
2016-12-05T16:21:02+00:00 [5944] INFO  : MANAGE TEST 192  C:\wamp64\www\assessment\php\manageExams.php  , Qstn Div = ' <div class="form-group"><div id="evenQstn"><div id="1" class="col-xs-14">
				<p id="qstn_p">2. testtesttesttesttestesttesttesttesttesttesttesttesttesttesttesttestttesttesttesttesttesttesttestesttesttesttesttesttesttesttesttesttesttesttestttesttesttesttesttesttesttestesttesttesttesttesttesttesttesttesttesttesttestttestttesttesttesttesttestesttesttesttesttesttesttesttesttesttesttesttestttesttestesttesttesttesttestesttesttesttesttesttesttesttesttesttesttesttestttesttesttest</p>
				<div><br></div>
				<div id="optiona"><p id="qstn_p"><input id="qstn_checkbox" type="checkbox">
				a</p></div>
				<div><br></div>
				<div id="optionb"><p id="qstn_p"> <input id="qstn_checkbox" type="checkbox">
				b</p>
				</div>
				<div><br></div>
				<div id="optionc"><p id="qstn_p"> <input id="qstn_checkbox" type="checkbox">
				c</p>
				</div>
				<div><br></div>
				<div id="optiond"><p id="qstn_p"><input id="qstn_checkbox" type="checkbox">
				d</p>
				</div>
				<div><br></div>
			 </div></div>
			<div class="col-xs-14"><hr></div></div>'
2016-12-05T16:21:02+00:00 [5944] INFO  : MANAGE TEST 147  C:\wamp64\www\assessment\php\manageExams.php  , SQL to get Question Detail : 'SELECT * FROM `assessment`.`question` where id='48''
2016-12-05T16:21:02+00:00 [5944] INFO  : MANAGE TEST 192  C:\wamp64\www\assessment\php\manageExams.php  , Qstn Div = ' <div class="form-group"><div id="oddQstn"><div id="48" class="col-xs-14">
				<p id="qstn_p">3. qstn1</p>
				<div><br></div>
				<div id="optiona"><p id="qstn_p"><input id="qstn_checkbox" type="checkbox">
				a</p></div>
				<div><br></div>
				<div id="optionb"><p id="qstn_p"> <input id="qstn_checkbox" type="checkbox">
				b</p>
				</div>
				<div><br></div>
				<div id="optionc"><p id="qstn_p"> <input id="qstn_checkbox" type="checkbox">
				c</p>
				</div>
				<div><br></div>
				<div id="optiond"><p id="qstn_p"><input id="qstn_checkbox" type="checkbox">
				d</p>
				</div>
				<div><br></div>
			 </div></div>
			<div class="col-xs-14"><hr></div></div>'
2016-12-05T16:21:02+00:00 [5944] INFO  : MANAGE TEST 147  C:\wamp64\www\assessment\php\manageExams.php  , SQL to get Question Detail : 'SELECT * FROM `assessment`.`question` where id='4''
2016-12-05T16:21:02+00:00 [5944] INFO  : MANAGE TEST 192  C:\wamp64\www\assessment\php\manageExams.php  , Qstn Div = ' <div class="form-group"><div id="evenQstn"><div id="4" class="col-xs-14">
				<p id="qstn_p">4. qstn1</p>
				<div><br></div>
				<div id="optiona"><p id="qstn_p"><input id="qstn_checkbox" type="checkbox">
				a</p></div>
				<div><br></div>
				<div id="optionb"><p id="qstn_p"> <input id="qstn_checkbox" type="checkbox">
				b</p>
				</div>
				<div><br></div>
				<div id="optionc"><p id="qstn_p"> <input id="qstn_checkbox" type="checkbox">
				c</p>
				</div>
				<div><br></div>
				<div id="optiond"><p id="qstn_p"><input id="qstn_checkbox" type="checkbox">
				d</p>
				</div>
				<div><br></div>
			 </div></div>
			<div class="col-xs-14"><hr></div></div>'
2016-12-05T16:21:02+00:00 [5944] INFO  : MANAGE TEST 138  C:\wamp64\www\assessment\php\manageExams.php  ,Complete Qstn Div = ' <div class="form-group"><div id="oddQstn"><div id="8" class="col-xs-14">
				<p id="qstn_p">1. qstn1</p>
				<div><br></div>
				<div id="optiona"><p id="qstn_p"><input id="qstn_checkbox" type="checkbox">
				a</p></div>
				<div><br></div>
				<div id="optionb"><p id="qstn_p"> <input id="qstn_checkbox" type="checkbox">
				b</p>
				</div>
				<div><br></div>
				<div id="optionc"><p id="qstn_p"> <input id="qstn_checkbox" type="checkbox">
				c</p>
				</div>
				<div><br></div>
				<div id="optiond"><p id="qstn_p"><input id="qstn_checkbox" type="checkbox">
				d</p>
				</div>
				<div><br></div>
			 </div></div>
			<div class="col-xs-14"><hr></div></div> <div class="form-group"><div id="evenQstn"><div id="1" class="col-xs-14">
				<p id="qstn_p">2. testtesttesttesttestesttesttesttesttesttesttesttesttesttesttesttestttesttesttesttesttesttesttestesttesttesttesttesttesttesttesttesttesttesttestttesttesttesttesttesttesttestesttesttesttesttesttesttesttesttesttesttesttestttestttesttesttesttesttestesttesttesttesttesttesttesttesttesttesttesttestttesttestesttesttesttesttestesttesttesttesttesttesttesttesttesttesttesttestttesttesttest</p>
				<div><br></div>
				<div id="optiona"><p id="qstn_p"><input id="qstn_checkbox" type="checkbox">
				a</p></div>
				<div><br></div>
				<div id="optionb"><p id="qstn_p"> <input id="qstn_checkbox" type="checkbox">
				b</p>
				</div>
				<div><br></div>
				<div id="optionc"><p id="qstn_p"> <input id="qstn_checkbox" type="checkbox">
				c</p>
				</div>
				<div><br></div>
				<div id="optiond"><p id="qstn_p"><input id="qstn_checkbox" type="checkbox">
				d</p>
				</div>
				<div><br></div>
			 </div></div>
			<div class="col-xs-14"><hr></div></div> <div class="form-group"><div id="oddQstn"><div id="48" class="col-xs-14">
				<p id="qstn_p">3. qstn1</p>
				<div><br></div>
				<div id="optiona"><p id="qstn_p"><input id="qstn_checkbox" type="checkbox">
				a</p></div>
				<div><br></div>
				<div id="optionb"><p id="qstn_p"> <input id="qstn_checkbox" type="checkbox">
				b</p>
				</div>
				<div><br></div>
				<div id="optionc"><p id="qstn_p"> <input id="qstn_checkbox" type="checkbox">
				c</p>
				</div>
				<div><br></div>
				<div id="optiond"><p id="qstn_p"><input id="qstn_checkbox" type="checkbox">
				d</p>
				</div>
				<div><br></div>
			 </div></div>
			<div class="col-xs-14"><hr></div></div> <div class="form-group"><div id="evenQstn"><div id="4" class="col-xs-14">
				<p id="qstn_p">4. qstn1</p>
				<div><br></div>
				<div id="optiona"><p id="qstn_p"><input id="qstn_checkbox" type="checkbox">
				a</p></div>
				<div><br></div>
				<div id="optionb"><p id="qstn_p"> <input id="qstn_checkbox" type="checkbox">
				b</p>
				</div>
				<div><br></div>
				<div id="optionc"><p id="qstn_p"> <input id="qstn_checkbox" type="checkbox">
				c</p>
				</div>
				<div><br></div>
				<div id="optiond"><p id="qstn_p"><input id="qstn_checkbox" type="checkbox">
				d</p>
				</div>
				<div><br></div>
			 </div></div>
			<div class="col-xs-14"><hr></div></div>'
2016-12-05T16:22:10+00:00 [5944] INFO  : MANAGE TEST 307  C:\wamp64\www\assessment\php\manageExams.php  , SQL to get Exam  Id : 'SELECT id FROM `assessment`.`exam` where testname='rohit_1''
2016-12-05T16:22:10+00:00 [5944] INFO  : MANAGE TEST 120  C:\wamp64\www\assessment\php\manageExams.php  , SQL to get all Questions of Exam with name : 'SELECT qstn_id FROM `assessment`.`exam_qstn` where exam_id='1''
2016-12-05T16:22:10+00:00 [5944] INFO  : MANAGE TEST 138  C:\wamp64\www\assessment\php\manageExams.php  ,Complete Qstn Div = ''
2016-12-05T16:42:19+00:00 [5944] INFO  : MANAGE TEST 341  C:\wamp64\www\assessment\php\manageExams.php  , SQL to get Exam  Id : 'SELECT id FROM `assessment`.`exam` where testname='rohit_1''
2016-12-05T16:42:19+00:00 [5944] INFO  : MANAGE TEST 154  C:\wamp64\www\assessment\php\manageExams.php  , SQL to get all Questions of Exam with name : 'SELECT qstn_id FROM `assessment`.`exam_qstn` where exam_id='1''
2016-12-05T16:42:19+00:00 [5944] INFO  : MANAGE TEST 172  C:\wamp64\www\assessment\php\manageExams.php  ,Complete Qstn Div = ''
